[0.039s] Invoking command in '/home/charvi/comp0250_s26_labs/build/cw1_team_30': CMAKE_PREFIX_PATH=/home/charvi/comp0250_s26_labs/install/cw1_world_spawner:/home/charvi/comp0250_s26_labs/install/rpl_panda_with_rs:/home/charvi/comp0250_s26_labs/install/realsense_gazebo_plugin:/home/charvi/comp0250_s26_labs/install/panda_moveit_config:/home/charvi/comp0250_s26_labs/install/panda_description:/home/charvi/comp0250_s26_labs/install/cw1_team_x:/home/charvi/comp0250_s26_labs/install/cw1_team_30:/opt/ros/humble LD_LIBRARY_PATH=/home/charvi/comp0250_s26_labs/install/cw1_world_spawner/lib:/home/charvi/comp0250_s26_labs/install/realsense_gazebo_plugin/lib:/home/charvi/comp0250_s26_labs/install/cw1_team_x/lib:/home/charvi/comp0250_s26_labs/install/cw1_team_30/lib:/usr/lib/x86_64-linux-gnu/gazebo-11/plugins:/opt/ros/humble/opt/rviz_ogre_vendor/lib:/opt/ros/humble/lib/x86_64-linux-gnu:/opt/ros/humble/lib /usr/bin/cmake --build /home/charvi/comp0250_s26_labs/build/cw1_team_30 -- -j12 -l12
[0.276s] [  8%] Built target cw1_team_30__rosidl_generator_c
[0.278s] [ 11%] Built target cw1_team_30__cpp
[0.309s] [ 11%] Built target ament_cmake_python_copy_cw1_team_30
[0.373s] [ 20%] Built target cw1_team_30__rosidl_typesupport_introspection_c
[0.376s] [ 28%] Built target cw1_team_30__rosidl_typesupport_c
[0.377s] [ 37%] Built target cw1_team_30__rosidl_typesupport_fastrtps_c
[0.378s] [ 45%] Built target cw1_team_30__rosidl_typesupport_fastrtps_cpp
[0.393s] [ 54%] Built target cw1_team_30__rosidl_typesupport_introspection_cpp
[0.406s] [ 62%] Built target cw1_team_30__rosidl_typesupport_cpp
[0.489s] [ 62%] Built target cw1_team_30
[0.491s] [35m[1mConsolidate compiler generated dependencies of target cw1_team_30_cw1_class_lib[0m
[0.538s] [ 65%] Built target cw1_team_30__py
[0.555s] [ 68%] [32mBuilding CXX object CMakeFiles/cw1_team_30_cw1_class_lib.dir/src/cw1_class.cpp.o[0m
[0.564s] [ 74%] Built target cw1_team_30__rosidl_generator_py
[0.587s] [ 85%] Built target cw1_team_30__rosidl_typesupport_introspection_c__pyext
[0.587s] [ 85%] Built target cw1_team_30__rosidl_typesupport_fastrtps_c__pyext
[0.587s] [ 91%] Built target cw1_team_30__rosidl_typesupport_c__pyext
[0.720s] running egg_info
[0.741s] writing cw1_team_30.egg-info/PKG-INFO
[0.742s] writing dependency_links to cw1_team_30.egg-info/dependency_links.txt
[0.742s] writing top-level names to cw1_team_30.egg-info/top_level.txt
[0.804s] reading manifest file 'cw1_team_30.egg-info/SOURCES.txt'
[0.805s] writing manifest file 'cw1_team_30.egg-info/SOURCES.txt'
[0.828s] [ 91%] Built target ament_cmake_python_build_cw1_team_30_egg
[7.167s] In file included from [01m[K/home/charvi/comp0250_s26_labs/courseworks/cw1_team_30/src/cw1_class.cpp:6[m[K:
[7.167s] [01m[K/home/charvi/comp0250_s26_labs/courseworks/cw1_team_30/include/cw1_class.h:151:118:[m[K [01;31m[Kerror: [m[Kexpected ‘[01m[K;[m[K’ at end of member declaration
[7.167s]   151 |   std::vector<cw1::AllObjectsInScene> detectObjectsInCloud(const pcl::PointCloud<pcl::PointXYZRGB>::Ptr & input_cloud[01;31m[K)[m[K
[7.167s]       |                                                                                                                      [01;31m[K^[m[K
[7.167s]       |                                                                                                                       [32m[K;[m[K
[14.063s] gmake[2]: *** [CMakeFiles/cw1_team_30_cw1_class_lib.dir/build.make:76: CMakeFiles/cw1_team_30_cw1_class_lib.dir/src/cw1_class.cpp.o] Error 1
[14.063s] gmake[1]: *** [CMakeFiles/Makefile2:595: CMakeFiles/cw1_team_30_cw1_class_lib.dir/all] Error 2
[14.063s] gmake: *** [Makefile:146: all] Error 2
[14.066s] Invoked command in '/home/charvi/comp0250_s26_labs/build/cw1_team_30' returned '2': CMAKE_PREFIX_PATH=/home/charvi/comp0250_s26_labs/install/cw1_world_spawner:/home/charvi/comp0250_s26_labs/install/rpl_panda_with_rs:/home/charvi/comp0250_s26_labs/install/realsense_gazebo_plugin:/home/charvi/comp0250_s26_labs/install/panda_moveit_config:/home/charvi/comp0250_s26_labs/install/panda_description:/home/charvi/comp0250_s26_labs/install/cw1_team_x:/home/charvi/comp0250_s26_labs/install/cw1_team_30:/opt/ros/humble LD_LIBRARY_PATH=/home/charvi/comp0250_s26_labs/install/cw1_world_spawner/lib:/home/charvi/comp0250_s26_labs/install/realsense_gazebo_plugin/lib:/home/charvi/comp0250_s26_labs/install/cw1_team_x/lib:/home/charvi/comp0250_s26_labs/install/cw1_team_30/lib:/usr/lib/x86_64-linux-gnu/gazebo-11/plugins:/opt/ros/humble/opt/rviz_ogre_vendor/lib:/opt/ros/humble/lib/x86_64-linux-gnu:/opt/ros/humble/lib /usr/bin/cmake --build /home/charvi/comp0250_s26_labs/build/cw1_team_30 -- -j12 -l12
