[0.043s] Invoking command in '/home/charvi/comp0250_s26_labs/build/cw1_team_30': CMAKE_PREFIX_PATH=/home/charvi/comp0250_s26_labs/install/cw1_world_spawner:/home/charvi/comp0250_s26_labs/install/rpl_panda_with_rs:/home/charvi/comp0250_s26_labs/install/realsense_gazebo_plugin:/home/charvi/comp0250_s26_labs/install/panda_moveit_config:/home/charvi/comp0250_s26_labs/install/panda_description:/home/charvi/comp0250_s26_labs/install/cw1_team_x:/home/charvi/comp0250_s26_labs/install/cw1_team_30:/opt/ros/humble LD_LIBRARY_PATH=/home/charvi/comp0250_s26_labs/install/cw1_world_spawner/lib:/home/charvi/comp0250_s26_labs/install/realsense_gazebo_plugin/lib:/home/charvi/comp0250_s26_labs/install/cw1_team_x/lib:/home/charvi/comp0250_s26_labs/install/cw1_team_30/lib:/usr/lib/x86_64-linux-gnu/gazebo-11/plugins:/opt/ros/humble/opt/rviz_ogre_vendor/lib:/opt/ros/humble/lib/x86_64-linux-gnu:/opt/ros/humble/lib /usr/bin/cmake --build /home/charvi/comp0250_s26_labs/build/cw1_team_30 -- -j12 -l12
[0.291s] [  2%] Built target cw1_team_30__cpp
[0.294s] [ 11%] Built target cw1_team_30__rosidl_generator_c
[0.342s] [ 11%] Built target ament_cmake_python_copy_cw1_team_30
[0.459s] [ 20%] Built target cw1_team_30__rosidl_typesupport_fastrtps_cpp
[0.462s] [ 28%] Built target cw1_team_30__rosidl_typesupport_cpp
[0.465s] [ 37%] Built target cw1_team_30__rosidl_typesupport_introspection_cpp
[0.473s] [ 45%] Built target cw1_team_30__rosidl_typesupport_introspection_c
[0.473s] [ 54%] Built target cw1_team_30__rosidl_typesupport_fastrtps_c
[0.478s] [ 62%] Built target cw1_team_30__rosidl_typesupport_c
[0.502s] [35m[1mConsolidate compiler generated dependencies of target cw1_team_30_cw1_class_lib[0m
[0.511s] [ 62%] Built target cw1_team_30
[0.536s] [ 65%] Built target cw1_team_30__py
[0.538s] [ 68%] [32mBuilding CXX object CMakeFiles/cw1_team_30_cw1_class_lib.dir/src/cw1_class.cpp.o[0m
[0.560s] [ 74%] Built target cw1_team_30__rosidl_generator_py
[0.585s] [ 80%] Built target cw1_team_30__rosidl_typesupport_introspection_c__pyext
[0.587s] [ 91%] Built target cw1_team_30__rosidl_typesupport_fastrtps_c__pyext
[0.587s] [ 91%] Built target cw1_team_30__rosidl_typesupport_c__pyext
[0.766s] running egg_info
[0.787s] writing cw1_team_30.egg-info/PKG-INFO
[0.788s] writing dependency_links to cw1_team_30.egg-info/dependency_links.txt
[0.788s] writing top-level names to cw1_team_30.egg-info/top_level.txt
[0.851s] reading manifest file 'cw1_team_30.egg-info/SOURCES.txt'
[0.852s] writing manifest file 'cw1_team_30.egg-info/SOURCES.txt'
[0.878s] [ 91%] Built target ament_cmake_python_build_cw1_team_30_egg
[8.291s] [01m[K/home/charvi/comp0250_s26_labs/courseworks/cw1_team_30/src/cw1_class.cpp:828:13:[m[K [01;31m[Kerror: [m[K‘[01m[KAllObjectsInScene[m[K’ was not declared in this scope
[8.291s]   828 | std::vector<[01;31m[KAllObjectsInScene[m[K> cw1::detectObjectsInOneScan()
[8.291s]       |             [01;31m[K^~~~~~~~~~~~~~~~~[m[K
[8.291s] [01m[K/home/charvi/comp0250_s26_labs/courseworks/cw1_team_30/src/cw1_class.cpp:828:30:[m[K [01;31m[Kerror: [m[Ktemplate argument 1 is invalid
[8.291s]   828 | std::vector<AllObjectsInScene[01;31m[K>[m[K cw1::detectObjectsInOneScan()
[8.291s]       |                              [01;31m[K^[m[K
[8.291s] [01m[K/home/charvi/comp0250_s26_labs/courseworks/cw1_team_30/src/cw1_class.cpp:828:30:[m[K [01;31m[Kerror: [m[Ktemplate argument 2 is invalid
[8.291s] [01m[K/home/charvi/comp0250_s26_labs/courseworks/cw1_team_30/src/cw1_class.cpp:828:32:[m[K [01;31m[Kerror: [m[Kno declaration matches ‘[01m[Kint cw1::detectObjectsInOneScan()[m[K’
[8.291s]   828 | std::vector<AllObjectsInScene> [01;31m[Kcw1[m[K::detectObjectsInOneScan()
[8.291s]       |                                [01;31m[K^~~[m[K
[8.291s] In file included from [01m[K/home/charvi/comp0250_s26_labs/courseworks/cw1_team_30/src/cw1_class.cpp:6[m[K:
[8.291s] [01m[K/home/charvi/comp0250_s26_labs/courseworks/cw1_team_30/include/cw1_class.h:151:34:[m[K [01;36m[Knote: [m[Kcandidate is: ‘[01m[Kstd::vector<cw1::AllObjectsInScene> cw1::detectObjectsInOneScan()[m[K’
[8.291s]   151 |   std::vector<AllObjectsInScene> [01;36m[KdetectObjectsInOneScan[m[K();
[8.292s]       |                                  [01;36m[K^~~~~~~~~~~~~~~~~~~~~~[m[K
[8.292s] In file included from [01m[K/home/charvi/comp0250_s26_labs/courseworks/cw1_team_30/src/cw1_class.cpp:6[m[K:
[8.292s] [01m[K/home/charvi/comp0250_s26_labs/courseworks/cw1_team_30/include/cw1_class.h:43:7:[m[K [01;36m[Knote: [m[K‘[01m[Kclass cw1[m[K’ defined here
[8.292s]    43 | class [01;36m[Kcw1[m[K
[8.292s]       |       [01;36m[K^~~[m[K
[8.312s] [01m[K/home/charvi/comp0250_s26_labs/courseworks/cw1_team_30/src/cw1_class.cpp:865:13:[m[K [01;31m[Kerror: [m[K‘[01m[KAllObjectsInScene[m[K’ was not declared in this scope
[8.313s]   865 | std::vector<[01;31m[KAllObjectsInScene[m[K> cw1::mergeDetectionsAcrossScans(const std::vector<AllObjectsInScene> &all_detections)
[8.313s]       |             [01;31m[K^~~~~~~~~~~~~~~~~[m[K
[8.313s] [01m[K/home/charvi/comp0250_s26_labs/courseworks/cw1_team_30/src/cw1_class.cpp:865:30:[m[K [01;31m[Kerror: [m[Ktemplate argument 1 is invalid
[8.313s]   865 | std::vector<AllObjectsInScene[01;31m[K>[m[K cw1::mergeDetectionsAcrossScans(const std::vector<AllObjectsInScene> &all_detections)
[8.313s]       |                              [01;31m[K^[m[K
[8.313s] [01m[K/home/charvi/comp0250_s26_labs/courseworks/cw1_team_30/src/cw1_class.cpp:865:30:[m[K [01;31m[Kerror: [m[Ktemplate argument 2 is invalid
[8.313s] [01m[K/home/charvi/comp0250_s26_labs/courseworks/cw1_team_30/src/cw1_class.cpp:865:32:[m[K [01;31m[Kerror: [m[Kno declaration matches ‘[01m[Kint cw1::mergeDetectionsAcrossScans(const std::vector<cw1::AllObjectsInScene>&)[m[K’
[8.313s]   865 | std::vector<AllObjectsInScene> [01;31m[Kcw1[m[K::mergeDetectionsAcrossScans(const std::vector<AllObjectsInScene> &all_detections)
[8.313s]       |                                [01;31m[K^~~[m[K
[8.313s] In file included from [01m[K/home/charvi/comp0250_s26_labs/courseworks/cw1_team_30/src/cw1_class.cpp:6[m[K:
[8.313s] [01m[K/home/charvi/comp0250_s26_labs/courseworks/cw1_team_30/include/cw1_class.h:153:34:[m[K [01;36m[Knote: [m[Kcandidate is: ‘[01m[Kstd::vector<cw1::AllObjectsInScene> cw1::mergeDetectionsAcrossScans(const std::vector<cw1::AllObjectsInScene>&)[m[K’
[8.313s]   153 |   std::vector<AllObjectsInScene> [01;36m[KmergeDetectionsAcrossScans[m[K(const std::vector<AllObjectsInScene> &all_detections);
[8.313s]       |                                  [01;36m[K^~~~~~~~~~~~~~~~~~~~~~~~~~[m[K
[8.313s] In file included from [01m[K/home/charvi/comp0250_s26_labs/courseworks/cw1_team_30/src/cw1_class.cpp:6[m[K:
[8.313s] [01m[K/home/charvi/comp0250_s26_labs/courseworks/cw1_team_30/include/cw1_class.h:43:7:[m[K [01;36m[Knote: [m[K‘[01m[Kclass cw1[m[K’ defined here
[8.313s]    43 | class [01;36m[Kcw1[m[K
[8.313s]       |       [01;36m[K^~~[m[K
[8.327s] [01m[K/home/charvi/comp0250_s26_labs/courseworks/cw1_team_30/src/cw1_class.cpp:[m[K In member function ‘[01m[Kvoid cw1::t3_callback(std::shared_ptr<cw1_world_spawner::srv::Task3Service_Request_<std::allocator<void> > >, std::shared_ptr<cw1_world_spawner::srv::Task3Service_Response_<std::allocator<void> > >)[m[K’:
[8.327s] [01m[K/home/charvi/comp0250_s26_labs/courseworks/cw1_team_30/src/cw1_class.cpp:918:19:[m[K [01;35m[Kwarning: [m[Kloop variable ‘[01m[Kscan_pos[m[K’ creates a copy from type ‘[01m[Kconst std::pair<double, double>[m[K’ [[01;35m[K]8;;https://gcc.gnu.org/onlinedocs/gcc/Warning-Options.html#index-Wrange-loop-construct-Wrange-loop-construct]8;;[m[K]
[8.327s]   918 |   for (const auto [01;35m[Kscan_pos[m[K : scan_positions) {
[8.327s]       |                   [01;35m[K^~~~~~~~[m[K
[8.327s] [01m[K/home/charvi/comp0250_s26_labs/courseworks/cw1_team_30/src/cw1_class.cpp:918:19:[m[K [01;36m[Knote: [m[Kuse reference type to prevent copying
[8.327s]   918 |   for (const auto [01;36m[Kscan_pos[m[K : scan_positions) {
[8.327s]       |                   [01;36m[K^~~~~~~~[m[K
[8.327s]       |                   [32m[K&[m[K
[8.327s] [01m[K/home/charvi/comp0250_s26_labs/courseworks/cw1_team_30/src/cw1_class.cpp:925:14:[m[K [01;31m[Kerror: [m[K‘[01m[Kconst struct std::pair<double, double>[m[K’ has no member named ‘[01m[Kposition[m[K’
[8.328s]   925 |     scan_pos.[01;31m[Kposition[m[K.x = scan_pos.first;
[8.328s]       |              [01;31m[K^~~~~~~~[m[K
[8.328s] [01m[K/home/charvi/comp0250_s26_labs/courseworks/cw1_team_30/src/cw1_class.cpp:926:14:[m[K [01;31m[Kerror: [m[K‘[01m[Kconst struct std::pair<double, double>[m[K’ has no member named ‘[01m[Kposition[m[K’
[8.328s]   926 |     scan_pos.[01;31m[Kposition[m[K.y = scan_pos.second;
[8.328s]       |              [01;31m[K^~~~~~~~[m[K
[8.328s] [01m[K/home/charvi/comp0250_s26_labs/courseworks/cw1_team_30/src/cw1_class.cpp:927:14:[m[K [01;31m[Kerror: [m[K‘[01m[Kconst struct std::pair<double, double>[m[K’ has no member named ‘[01m[Kposition[m[K’
[8.328s]   927 |     scan_pos.[01;31m[Kposition[m[K.z = 0.60;
[8.328s]       |              [01;31m[K^~~~~~~~[m[K
[8.328s] [01m[K/home/charvi/comp0250_s26_labs/courseworks/cw1_team_30/src/cw1_class.cpp:929:16:[m[K [01;31m[Kerror: [m[Kcannot convert ‘[01m[Kconst std::pair<double, double>[m[K’ to ‘[01m[Kgeometry_msgs::msg::Pose[m[K’ {aka ‘[01m[Kgeometry_msgs::msg::Pose_<std::allocator<void> >[m[K’}
[8.328s]   929 |     moveToPose([01;31m[Kscan_pos[m[K);
[8.328s]       |                [01;31m[K^~~~~~~~[m[K
[8.328s]       |                [01;31m[K|[m[K
[8.328s]       |                [01;31m[Kconst std::pair<double, double>[m[K
[8.328s] [01m[K/home/charvi/comp0250_s26_labs/courseworks/cw1_team_30/src/cw1_class.cpp:234:53:[m[K [01;36m[Knote: [m[K  initializing argument 1 of ‘[01m[Kbool cw1::moveToPose(geometry_msgs::msg::Pose)[m[K’
[8.328s]   234 | moveToPose([01;36m[Kconst geometry_msgs::msg::Pose target_pose[m[K)
[8.328s]       |            [01;36m[K~~~~~~~~~~~~~~~~~~~~~~~~~~~~~~~^~~~~~~~~~~[m[K
[8.328s] 
[15.311s] gmake[2]: *** [CMakeFiles/cw1_team_30_cw1_class_lib.dir/build.make:76: CMakeFiles/cw1_team_30_cw1_class_lib.dir/src/cw1_class.cpp.o] Error 1
[15.311s] gmake[1]: *** [CMakeFiles/Makefile2:595: CMakeFiles/cw1_team_30_cw1_class_lib.dir/all] Error 2
[15.311s] gmake: *** [Makefile:146: all] Error 2
[15.314s] Invoked command in '/home/charvi/comp0250_s26_labs/build/cw1_team_30' returned '2': CMAKE_PREFIX_PATH=/home/charvi/comp0250_s26_labs/install/cw1_world_spawner:/home/charvi/comp0250_s26_labs/install/rpl_panda_with_rs:/home/charvi/comp0250_s26_labs/install/realsense_gazebo_plugin:/home/charvi/comp0250_s26_labs/install/panda_moveit_config:/home/charvi/comp0250_s26_labs/install/panda_description:/home/charvi/comp0250_s26_labs/install/cw1_team_x:/home/charvi/comp0250_s26_labs/install/cw1_team_30:/opt/ros/humble LD_LIBRARY_PATH=/home/charvi/comp0250_s26_labs/install/cw1_world_spawner/lib:/home/charvi/comp0250_s26_labs/install/realsense_gazebo_plugin/lib:/home/charvi/comp0250_s26_labs/install/cw1_team_x/lib:/home/charvi/comp0250_s26_labs/install/cw1_team_30/lib:/usr/lib/x86_64-linux-gnu/gazebo-11/plugins:/opt/ros/humble/opt/rviz_ogre_vendor/lib:/opt/ros/humble/lib/x86_64-linux-gnu:/opt/ros/humble/lib /usr/bin/cmake --build /home/charvi/comp0250_s26_labs/build/cw1_team_30 -- -j12 -l12
