[0.096s] Invoking command in '/home/charvi/comp0250_s26_labs/build/panda_description': CMAKE_PREFIX_PATH=${CMAKE_PREFIX_PATH}:/opt/ros/humble /usr/bin/cmake --build /home/charvi/comp0250_s26_labs/build/panda_description -- -j12 -l12
[0.335s] Invoked command in '/home/charvi/comp0250_s26_labs/build/panda_description' returned '0': CMAKE_PREFIX_PATH=${CMAKE_PREFIX_PATH}:/opt/ros/humble /usr/bin/cmake --build /home/charvi/comp0250_s26_labs/build/panda_description -- -j12 -l12
[0.341s] Invoking command in '/home/charvi/comp0250_s26_labs/build/panda_description': CMAKE_PREFIX_PATH=${CMAKE_PREFIX_PATH}:/opt/ros/humble /usr/bin/cmake --install /home/charvi/comp0250_s26_labs/build/panda_description
[0.375s] -- Install configuration: "Release"
[0.376s] -- Up-to-date: /home/charvi/comp0250_s26_labs/install/panda_description/share/panda_description/config
[0.376s] -- Up-to-date: /home/charvi/comp0250_s26_labs/install/panda_description/share/panda_description/config/panda_control.yaml
[0.376s] -- Up-to-date: /home/charvi/comp0250_s26_labs/install/panda_description/share/panda_description/meshes
[0.376s] -- Up-to-date: /home/charvi/comp0250_s26_labs/install/panda_description/share/panda_description/meshes/collision
[0.376s] -- Up-to-date: /home/charvi/comp0250_s26_labs/install/panda_description/share/panda_description/meshes/collision/link4.stl
[0.376s] -- Up-to-date: /home/charvi/comp0250_s26_labs/install/panda_description/share/panda_description/meshes/collision/hand.stl
[0.376s] -- Up-to-date: /home/charvi/comp0250_s26_labs/install/panda_description/share/panda_description/meshes/collision/link5.stl
[0.377s] -- Up-to-date: /home/charvi/comp0250_s26_labs/install/panda_description/share/panda_description/meshes/collision/link3.stl
[0.377s] -- Up-to-date: /home/charvi/comp0250_s26_labs/install/panda_description/share/panda_description/meshes/collision/link0.stl
[0.377s] -- Up-to-date: /home/charvi/comp0250_s26_labs/install/panda_description/share/panda_description/meshes/collision/finger.stl
[0.377s] -- Up-to-date: /home/charvi/comp0250_s26_labs/install/panda_description/share/panda_description/meshes/collision/link2.stl
[0.377s] -- Up-to-date: /home/charvi/comp0250_s26_labs/install/panda_description/share/panda_description/meshes/collision/link1.stl
[0.377s] -- Up-to-date: /home/charvi/comp0250_s26_labs/install/panda_description/share/panda_description/meshes/collision/link6.stl
[0.378s] -- Up-to-date: /home/charvi/comp0250_s26_labs/install/panda_description/share/panda_description/meshes/collision/link7.stl
[0.378s] -- Up-to-date: /home/charvi/comp0250_s26_labs/install/panda_description/share/panda_description/meshes/visual
[0.379s] -- Up-to-date: /home/charvi/comp0250_s26_labs/install/panda_description/share/panda_description/meshes/visual/link1.dae
[0.380s] -- Up-to-date: /home/charvi/comp0250_s26_labs/install/panda_description/share/panda_description/meshes/visual/hand.dae
[0.380s] -- Up-to-date: /home/charvi/comp0250_s26_labs/install/panda_description/share/panda_description/meshes/visual/link5.dae
[0.380s] -- Up-to-date: /home/charvi/comp0250_s26_labs/install/panda_description/share/panda_description/meshes/visual/link0.dae
[0.380s] -- Up-to-date: /home/charvi/comp0250_s26_labs/install/panda_description/share/panda_description/meshes/visual/link4.dae
[0.380s] -- Up-to-date: /home/charvi/comp0250_s26_labs/install/panda_description/share/panda_description/meshes/visual/link2.dae
[0.380s] -- Up-to-date: /home/charvi/comp0250_s26_labs/install/panda_description/share/panda_description/meshes/visual/link3.dae
[0.380s] -- Up-to-date: /home/charvi/comp0250_s26_labs/install/panda_description/share/panda_description/meshes/visual/finger.dae
[0.380s] -- Up-to-date: /home/charvi/comp0250_s26_labs/install/panda_description/share/panda_description/meshes/visual/link7.dae
[0.381s] -- Up-to-date: /home/charvi/comp0250_s26_labs/install/panda_description/share/panda_description/meshes/visual/link6.dae
[0.381s] -- Up-to-date: /home/charvi/comp0250_s26_labs/install/panda_description/share/panda_description/rviz
[0.381s] -- Up-to-date: /home/charvi/comp0250_s26_labs/install/panda_description/share/panda_description/rviz/urdf.rviz
[0.381s] -- Up-to-date: /home/charvi/comp0250_s26_labs/install/panda_description/share/panda_description/sdf
[0.381s] -- Up-to-date: /home/charvi/comp0250_s26_labs/install/panda_description/share/panda_description/sdf/empty_panda.world
[0.381s] -- Up-to-date: /home/charvi/comp0250_s26_labs/install/panda_description/share/panda_description/sdf/empty_panda_noShadow.world
[0.381s] -- Up-to-date: /home/charvi/comp0250_s26_labs/install/panda_description/share/panda_description/srdf
[0.381s] -- Up-to-date: /home/charvi/comp0250_s26_labs/install/panda_description/share/panda_description/srdf/panda_with_rs.srdf.xacro
[0.381s] -- Up-to-date: /home/charvi/comp0250_s26_labs/install/panda_description/share/panda_description/urdf
[0.382s] -- Up-to-date: /home/charvi/comp0250_s26_labs/install/panda_description/share/panda_description/urdf/panda_arm_hand.urdf.xacro
[0.382s] -- Up-to-date: /home/charvi/comp0250_s26_labs/install/panda_description/share/panda_description/urdf/panda_with_rs.urdf.xacro
[0.382s] -- Up-to-date: /home/charvi/comp0250_s26_labs/install/panda_description/share/panda_description/xacro
[0.382s] -- Up-to-date: /home/charvi/comp0250_s26_labs/install/panda_description/share/panda_description/xacro/panda.transmission.xacro
[0.382s] -- Up-to-date: /home/charvi/comp0250_s26_labs/install/panda_description/share/panda_description/xacro/hand.xacro
[0.382s] -- Up-to-date: /home/charvi/comp0250_s26_labs/install/panda_description/share/panda_description/xacro/panda_arm.xacro
[0.382s] -- Up-to-date: /home/charvi/comp0250_s26_labs/install/panda_description/share/panda_description/xacro/panda.gazebo.xacro
[0.382s] -- Up-to-date: /home/charvi/comp0250_s26_labs/install/panda_description/share/panda_description/xacro/panda.control.xacro
[0.382s] -- Up-to-date: /home/charvi/comp0250_s26_labs/install/panda_description/share/panda_description/launch
[0.383s] -- Up-to-date: /home/charvi/comp0250_s26_labs/install/panda_description/share/panda_description/launch/description.launch.py
[0.383s] -- Up-to-date: /home/charvi/comp0250_s26_labs/install/panda_description/share/ament_index/resource_index/package_run_dependencies/panda_description
[0.383s] -- Up-to-date: /home/charvi/comp0250_s26_labs/install/panda_description/share/ament_index/resource_index/parent_prefix_path/panda_description
[0.383s] -- Up-to-date: /home/charvi/comp0250_s26_labs/install/panda_description/share/panda_description/environment/ament_prefix_path.sh
[0.383s] -- Up-to-date: /home/charvi/comp0250_s26_labs/install/panda_description/share/panda_description/environment/ament_prefix_path.dsv
[0.383s] -- Up-to-date: /home/charvi/comp0250_s26_labs/install/panda_description/share/panda_description/environment/path.sh
[0.384s] -- Up-to-date: /home/charvi/comp0250_s26_labs/install/panda_description/share/panda_description/environment/path.dsv
[0.384s] -- Up-to-date: /home/charvi/comp0250_s26_labs/install/panda_description/share/panda_description/local_setup.bash
[0.384s] -- Up-to-date: /home/charvi/comp0250_s26_labs/install/panda_description/share/panda_description/local_setup.sh
[0.384s] -- Up-to-date: /home/charvi/comp0250_s26_labs/install/panda_description/share/panda_description/local_setup.zsh
[0.384s] -- Up-to-date: /home/charvi/comp0250_s26_labs/install/panda_description/share/panda_description/local_setup.dsv
[0.384s] -- Installing: /home/charvi/comp0250_s26_labs/install/panda_description/share/panda_description/package.dsv
[0.385s] -- Up-to-date: /home/charvi/comp0250_s26_labs/install/panda_description/share/ament_index/resource_index/packages/panda_description
[0.385s] -- Up-to-date: /home/charvi/comp0250_s26_labs/install/panda_description/share/panda_description/cmake/panda_descriptionConfig.cmake
[0.385s] -- Up-to-date: /home/charvi/comp0250_s26_labs/install/panda_description/share/panda_description/cmake/panda_descriptionConfig-version.cmake
[0.385s] -- Up-to-date: /home/charvi/comp0250_s26_labs/install/panda_description/share/panda_description/package.xml
[0.416s] Invoked command in '/home/charvi/comp0250_s26_labs/build/panda_description' returned '0': CMAKE_PREFIX_PATH=${CMAKE_PREFIX_PATH}:/opt/ros/humble /usr/bin/cmake --install /home/charvi/comp0250_s26_labs/build/panda_description
