[0.020s] Invoking command in '/home/charvi/comp0250_s26_labs/build/panda_description': CMAKE_PREFIX_PATH=${CMAKE_PREFIX_PATH}:/opt/ros/humble /usr/bin/cmake --build /home/charvi/comp0250_s26_labs/build/panda_description -- -j12 -l12
[0.072s] Invoked command in '/home/charvi/comp0250_s26_labs/build/panda_description' returned '0': CMAKE_PREFIX_PATH=${CMAKE_PREFIX_PATH}:/opt/ros/humble /usr/bin/cmake --build /home/charvi/comp0250_s26_labs/build/panda_description -- -j12 -l12
[0.076s] Invoking command in '/home/charvi/comp0250_s26_labs/build/panda_description': CMAKE_PREFIX_PATH=${CMAKE_PREFIX_PATH}:/opt/ros/humble /usr/bin/cmake --install /home/charvi/comp0250_s26_labs/build/panda_description
[0.162s] -- Install configuration: "Release"
[0.163s] -- Up-to-date: /home/charvi/comp0250_s26_labs/install/panda_description/share/panda_description/config
[0.163s] -- Up-to-date: /home/charvi/comp0250_s26_labs/install/panda_description/share/panda_description/config/panda_control.yaml
[0.163s] -- Up-to-date: /home/charvi/comp0250_s26_labs/install/panda_description/share/panda_description/meshes
[0.164s] -- Up-to-date: /home/charvi/comp0250_s26_labs/install/panda_description/share/panda_description/meshes/collision
[0.164s] -- Up-to-date: /home/charvi/comp0250_s26_labs/install/panda_description/share/panda_description/meshes/collision/link4.stl
[0.174s] -- Up-to-date: /home/charvi/comp0250_s26_labs/install/panda_description/share/panda_description/meshes/collision/hand.stl
[0.174s] -- Up-to-date: /home/charvi/comp0250_s26_labs/install/panda_description/share/panda_description/meshes/collision/link5.stl
[0.175s] -- Up-to-date: /home/charvi/comp0250_s26_labs/install/panda_description/share/panda_description/meshes/collision/link3.stl
[0.175s] -- Up-to-date: /home/charvi/comp0250_s26_labs/install/panda_description/share/panda_description/meshes/collision/link0.stl
[0.175s] -- Up-to-date: /home/charvi/comp0250_s26_labs/install/panda_description/share/panda_description/meshes/collision/finger.stl
[0.175s] -- Up-to-date: /home/charvi/comp0250_s26_labs/install/panda_description/share/panda_description/meshes/collision/link2.stl
[0.176s] -- Up-to-date: /home/charvi/comp0250_s26_labs/install/panda_description/share/panda_description/meshes/collision/link1.stl
[0.176s] -- Up-to-date: /home/charvi/comp0250_s26_labs/install/panda_description/share/panda_description/meshes/collision/link6.stl
[0.176s] -- Up-to-date: /home/charvi/comp0250_s26_labs/install/panda_description/share/panda_description/meshes/collision/link7.stl
[0.177s] -- Up-to-date: /home/charvi/comp0250_s26_labs/install/panda_description/share/panda_description/meshes/visual
[0.177s] -- Up-to-date: /home/charvi/comp0250_s26_labs/install/panda_description/share/panda_description/meshes/visual/link1.dae
[0.177s] -- Up-to-date: /home/charvi/comp0250_s26_labs/install/panda_description/share/panda_description/meshes/visual/hand.dae
[0.178s] -- Up-to-date: /home/charvi/comp0250_s26_labs/install/panda_description/share/panda_description/meshes/visual/link5.dae
[0.183s] -- Up-to-date: /home/charvi/comp0250_s26_labs/install/panda_description/share/panda_description/meshes/visual/link0.dae
[0.185s] -- Up-to-date: /home/charvi/comp0250_s26_labs/install/panda_description/share/panda_description/meshes/visual/link4.dae
[0.185s] -- Up-to-date: /home/charvi/comp0250_s26_labs/install/panda_description/share/panda_description/meshes/visual/link2.dae
[0.186s] -- Up-to-date: /home/charvi/comp0250_s26_labs/install/panda_description/share/panda_description/meshes/visual/link3.dae
[0.186s] -- Up-to-date: /home/charvi/comp0250_s26_labs/install/panda_description/share/panda_description/meshes/visual/finger.dae
[0.192s] -- Up-to-date: /home/charvi/comp0250_s26_labs/install/panda_description/share/panda_description/meshes/visual/link7.dae
[0.194s] -- Up-to-date: /home/charvi/comp0250_s26_labs/install/panda_description/share/panda_description/meshes/visual/link6.dae
[0.194s] -- Up-to-date: /home/charvi/comp0250_s26_labs/install/panda_description/share/panda_description/rviz
[0.195s] -- Up-to-date: /home/charvi/comp0250_s26_labs/install/panda_description/share/panda_description/rviz/urdf.rviz
[0.195s] -- Up-to-date: /home/charvi/comp0250_s26_labs/install/panda_description/share/panda_description/sdf
[0.199s] -- Up-to-date: /home/charvi/comp0250_s26_labs/install/panda_description/share/panda_description/sdf/empty_panda.world
[0.200s] -- Up-to-date: /home/charvi/comp0250_s26_labs/install/panda_description/share/panda_description/sdf/empty_panda_noShadow.world
[0.200s] -- Up-to-date: /home/charvi/comp0250_s26_labs/install/panda_description/share/panda_description/srdf
[0.202s] -- Up-to-date: /home/charvi/comp0250_s26_labs/install/panda_description/share/panda_description/srdf/panda_with_rs.srdf.xacro
[0.203s] -- Up-to-date: /home/charvi/comp0250_s26_labs/install/panda_description/share/panda_description/urdf
[0.204s] -- Up-to-date: /home/charvi/comp0250_s26_labs/install/panda_description/share/panda_description/urdf/panda_arm_hand.urdf.xacro
[0.206s] -- Up-to-date: /home/charvi/comp0250_s26_labs/install/panda_description/share/panda_description/urdf/panda_with_rs.urdf.xacro
[0.207s] -- Up-to-date: /home/charvi/comp0250_s26_labs/install/panda_description/share/panda_description/xacro
[0.207s] -- Up-to-date: /home/charvi/comp0250_s26_labs/install/panda_description/share/panda_description/xacro/panda.transmission.xacro
[0.208s] -- Up-to-date: /home/charvi/comp0250_s26_labs/install/panda_description/share/panda_description/xacro/hand.xacro
[0.208s] -- Up-to-date: /home/charvi/comp0250_s26_labs/install/panda_description/share/panda_description/xacro/panda_arm.xacro
[0.209s] -- Up-to-date: /home/charvi/comp0250_s26_labs/install/panda_description/share/panda_description/xacro/panda.gazebo.xacro
[0.209s] -- Up-to-date: /home/charvi/comp0250_s26_labs/install/panda_description/share/panda_description/xacro/panda.control.xacro
[0.210s] -- Up-to-date: /home/charvi/comp0250_s26_labs/install/panda_description/share/panda_description/launch
[0.210s] -- Up-to-date: /home/charvi/comp0250_s26_labs/install/panda_description/share/panda_description/launch/description.launch.py
[0.214s] -- Up-to-date: /home/charvi/comp0250_s26_labs/install/panda_description/share/ament_index/resource_index/package_run_dependencies/panda_description
[0.215s] -- Up-to-date: /home/charvi/comp0250_s26_labs/install/panda_description/share/ament_index/resource_index/parent_prefix_path/panda_description
[0.215s] -- Up-to-date: /home/charvi/comp0250_s26_labs/install/panda_description/share/panda_description/environment/ament_prefix_path.sh
[0.216s] -- Up-to-date: /home/charvi/comp0250_s26_labs/install/panda_description/share/panda_description/environment/ament_prefix_path.dsv
[0.217s] -- Up-to-date: /home/charvi/comp0250_s26_labs/install/panda_description/share/panda_description/environment/path.sh
[0.217s] -- Up-to-date: /home/charvi/comp0250_s26_labs/install/panda_description/share/panda_description/environment/path.dsv
[0.218s] -- Up-to-date: /home/charvi/comp0250_s26_labs/install/panda_description/share/panda_description/local_setup.bash
[0.219s] -- Up-to-date: /home/charvi/comp0250_s26_labs/install/panda_description/share/panda_description/local_setup.sh
[0.219s] -- Up-to-date: /home/charvi/comp0250_s26_labs/install/panda_description/share/panda_description/local_setup.zsh
[0.220s] -- Up-to-date: /home/charvi/comp0250_s26_labs/install/panda_description/share/panda_description/local_setup.dsv
[0.220s] -- Installing: /home/charvi/comp0250_s26_labs/install/panda_description/share/panda_description/package.dsv
[0.221s] -- Up-to-date: /home/charvi/comp0250_s26_labs/install/panda_description/share/ament_index/resource_index/packages/panda_description
[0.221s] -- Up-to-date: /home/charvi/comp0250_s26_labs/install/panda_description/share/panda_description/cmake/panda_descriptionConfig.cmake
[0.222s] -- Up-to-date: /home/charvi/comp0250_s26_labs/install/panda_description/share/panda_description/cmake/panda_descriptionConfig-version.cmake
[0.222s] -- Up-to-date: /home/charvi/comp0250_s26_labs/install/panda_description/share/panda_description/package.xml
[0.227s] Invoked command in '/home/charvi/comp0250_s26_labs/build/panda_description' returned '0': CMAKE_PREFIX_PATH=${CMAKE_PREFIX_PATH}:/opt/ros/humble /usr/bin/cmake --install /home/charvi/comp0250_s26_labs/build/panda_description
