[0.010s] Invoking command in '/home/charvi/comp0250_s26_labs/build/cw1_team_30': AMENT_PREFIX_PATH=/home/charvi/comp0250_s26_labs/install/cw1_world_spawner:${AMENT_PREFIX_PATH} CMAKE_PREFIX_PATH=/home/charvi/comp0250_s26_labs/install/cw1_world_spawner:/opt/ros/humble LD_LIBRARY_PATH=/home/charvi/comp0250_s26_labs/install/cw1_world_spawner/lib:${LD_LIBRARY_PATH} PYTHONPATH=/home/charvi/comp0250_s26_labs/install/cw1_world_spawner/local/lib/python3.10/dist-packages:${PYTHONPATH} /usr/bin/cmake --build /home/charvi/comp0250_s26_labs/build/cw1_team_30 -- -j12 -l12
[0.091s] [  2%] Built target cw1_team_30__cpp
[0.094s] [ 11%] Built target cw1_team_30__rosidl_generator_c
[0.136s] [ 11%] Built target ament_cmake_python_copy_cw1_team_30
[0.193s] [ 28%] Built target cw1_team_30__rosidl_typesupport_introspection_c
[0.193s] [ 28%] Built target cw1_team_30__rosidl_typesupport_cpp
[0.198s] [ 40%] Built target cw1_team_30__rosidl_typesupport_fastrtps_c
[0.198s] [ 45%] Built target cw1_team_30__rosidl_typesupport_c
[0.206s] [ 54%] Built target cw1_team_30__rosidl_typesupport_introspection_cpp
[0.211s] [ 62%] Built target cw1_team_30__rosidl_typesupport_fastrtps_cpp
[0.289s] [ 62%] Built target cw1_team_30
[0.303s] [35m[1mConsolidate compiler generated dependencies of target cw1_team_30_cw1_class_lib[0m
[0.357s] [ 65%] Built target cw1_team_30__py
[0.382s] [ 68%] [32mBuilding CXX object CMakeFiles/cw1_team_30_cw1_class_lib.dir/src/cw1_class.cpp.o[0m
[0.387s] [ 74%] Built target cw1_team_30__rosidl_generator_py
[0.409s] [ 85%] Built target cw1_team_30__rosidl_typesupport_fastrtps_c__pyext
[0.409s] [ 85%] Built target cw1_team_30__rosidl_typesupport_introspection_c__pyext
[0.409s] [ 91%] Built target cw1_team_30__rosidl_typesupport_c__pyext
[0.556s] running egg_info
[0.576s] writing cw1_team_30.egg-info/PKG-INFO
[0.577s] writing dependency_links to cw1_team_30.egg-info/dependency_links.txt
[0.577s] writing top-level names to cw1_team_30.egg-info/top_level.txt
[0.638s] reading manifest file 'cw1_team_30.egg-info/SOURCES.txt'
[0.640s] writing manifest file 'cw1_team_30.egg-info/SOURCES.txt'
[0.665s] [ 91%] Built target ament_cmake_python_build_cw1_team_30_egg
[7.088s] In file included from [01m[K/home/charvi/comp0250_s26_labs/courseworks/cw1_team_30/src/cw1_class.cpp:6[m[K:
[7.088s] [01m[K/home/charvi/comp0250_s26_labs/courseworks/cw1_team_30/include/cw1_class.h:137:1:[m[K [01;31m[Kerror: [m[Kexpected initializer before ‘[01m[Kgeometry_msgs[m[K’
[7.088s]   137 | [01;31m[Kgeometry_msgs[m[K::msg::PointStamped calculateCentroidInWorldFrame(const pcl::PointCloud<pcl::PointXYZRGB>::Ptr &cluster, std::string & cloud_frame, const rclcpp::Time & cloud_timestamp)
[7.088s]       | [01;31m[K^~~~~~~~~~~~~[m[K
[7.088s] In file included from [01m[K/usr/include/c++/11/deque:69[m[K,
[7.089s]                  from [01m[K/usr/include/c++/11/queue:60[m[K,
[7.089s]                  from [01m[K/home/charvi/comp0250_s26_labs/courseworks/cw1_team_30/src/cw1_class.cpp:14[m[K:
[7.089s] [01m[K/usr/include/c++/11/bits/deque.tcc:69:10:[m[K [01;31m[Kerror: [m[Kexpected initializer before ‘[01m[K<[m[K’ token
[7.089s]    69 |     deque[01;31m[K<[m[K_Tp, _Alloc>::
[7.089s]       |          [01;31m[K^[m[K
[7.091s] [01m[K/usr/include/c++/11/bits/deque.tcc:94:5:[m[K [01;31m[Kerror: [m[K‘[01m[Kdeque[m[K’ does not name a type
[7.091s]    94 |     [01;31m[Kdeque[m[K<_Tp, _Alloc>&
[7.091s]       |     [01;31m[K^~~~~[m[K
[7.091s] [01m[K/usr/include/c++/11/bits/deque.tcc:136:16:[m[K [01;31m[Kerror: [m[Kexpected nested-name-specifier before ‘[01m[Kdeque[m[K’
[7.091s]   136 |       typename [01;31m[Kdeque[m[K<_Tp, _Alloc>::reference
[7.091s]       |                [01;31m[K^~~~~[m[K
[7.091s] [01m[K/usr/include/c++/11/bits/deque.tcc:136:16:[m[K [01;31m[Kerror: [m[Ktoo many template-parameter-lists
[7.092s] [01m[K/usr/include/c++/11/bits/deque.tcc:160:16:[m[K [01;31m[Kerror: [m[Kexpected nested-name-specifier before ‘[01m[Kdeque[m[K’
[7.092s]   160 |       typename [01;31m[Kdeque[m[K<_Tp, _Alloc>::reference
[7.092s]       |                [01;31m[K^~~~~[m[K
[7.092s] [01m[K/usr/include/c++/11/bits/deque.tcc:160:16:[m[K [01;31m[Kerror: [m[Ktoo many template-parameter-lists
[7.092s] [01m[K/usr/include/c++/11/bits/deque.tcc:186:16:[m[K [01;31m[Kerror: [m[Kexpected nested-name-specifier before ‘[01m[Kdeque[m[K’
[7.092s]   186 |       typename [01;31m[Kdeque[m[K<_Tp, _Alloc>::iterator
[7.092s]       |                [01;31m[K^~~~~[m[K
[7.092s] [01m[K/usr/include/c++/11/bits/deque.tcc:186:16:[m[K [01;31m[Kerror: [m[Ktoo many template-parameter-lists
[7.092s] [01m[K/usr/include/c++/11/bits/deque.tcc:209:14:[m[K [01;31m[Kerror: [m[Kexpected nested-name-specifier before ‘[01m[Kdeque[m[K’
[7.092s]   209 |     typename [01;31m[Kdeque[m[K<_Tp, _Alloc>::iterator
[7.092s]       |              [01;31m[K^~~~~[m[K
[7.092s] [01m[K/usr/include/c++/11/bits/deque.tcc:209:19:[m[K [01;31m[Kerror: [m[Kexpected initializer before ‘[01m[K<[m[K’ token
[7.092s]   209 |     typename deque[01;31m[K<[m[K_Tp, _Alloc>::iterator
[7.092s]       |                   [01;31m[K^[m[K
[7.092s] [01m[K/usr/include/c++/11/bits/deque.tcc:234:14:[m[K [01;31m[Kerror: [m[Kexpected nested-name-specifier before ‘[01m[Kdeque[m[K’
[7.092s]   234 |     typename [01;31m[Kdeque[m[K<_Tp, _Alloc>::iterator
[7.092s]       |              [01;31m[K^~~~~[m[K
[7.092s] [01m[K/usr/include/c++/11/bits/deque.tcc:234:19:[m[K [01;31m[Kerror: [m[Kexpected initializer before ‘[01m[K<[m[K’ token
[7.092s]   234 |     typename deque[01;31m[K<[m[K_Tp, _Alloc>::iterator
[7.092s]       |                   [01;31m[K^[m[K
[7.093s] [01m[K/usr/include/c++/11/bits/deque.tcc:257:14:[m[K [01;31m[Kerror: [m[Kexpected nested-name-specifier before ‘[01m[Kdeque[m[K’
[7.093s]   257 |     typename [01;31m[Kdeque[m[K<_Tp, _Alloc>::iterator
[7.093s]       |              [01;31m[K^~~~~[m[K
[7.093s] [01m[K/usr/include/c++/11/bits/deque.tcc:257:19:[m[K [01;31m[Kerror: [m[Kexpected initializer before ‘[01m[K<[m[K’ token
[7.093s]   257 |     typename deque[01;31m[K<[m[K_Tp, _Alloc>::iterator
[7.093s]       |                   [01;31m[K^[m[K
[7.093s] [01m[K/usr/include/c++/11/bits/deque.tcc:291:7:[m[K [01;31m[Kerror: [m[Ktoo many template-parameter-lists
[7.093s]   291 |       [01;31m[Kdeque[m[K<_Tp, _Alloc>::
[7.093s]       |       [01;31m[K^~~~~[m[K
[7.093s] [01m[K/usr/include/c++/11/bits/deque.tcc:307:10:[m[K [01;31m[Kerror: [m[Kexpected initializer before ‘[01m[K<[m[K’ token
[7.093s]   307 |     deque[01;31m[K<[m[K_Tp, _Alloc>::
[7.093s]       |          [01;31m[K^[m[K
[7.093s] [01m[K/usr/include/c++/11/bits/deque.tcc:350:10:[m[K [01;31m[Kerror: [m[Kexpected initializer before ‘[01m[K<[m[K’ token
[7.093s]   350 |     deque[01;31m[K<[m[K_Tp, _Alloc>::
[7.093s]       |          [01;31m[K^[m[K
[7.094s] [01m[K/usr/include/c++/11/bits/deque.tcc:374:10:[m[K [01;31m[Kerror: [m[Kexpected initializer before ‘[01m[K<[m[K’ token
[7.094s]   374 |     deque[01;31m[K<[m[K_Tp, _Alloc>::
[7.094s]       |          [01;31m[K^[m[K
[7.094s] [01m[K/usr/include/c++/11/bits/deque.tcc:393:10:[m[K [01;31m[Kerror: [m[Kexpected initializer before ‘[01m[K<[m[K’ token
[7.094s]   393 |     deque[01;31m[K<[m[K_Tp, _Alloc>::
[7.094s]       |          [01;31m[K^[m[K
[7.094s] [01m[K/usr/include/c++/11/bits/deque.tcc:419:7:[m[K [01;31m[Kerror: [m[Ktoo many template-parameter-lists
[7.094s]   419 |       [01;31m[Kdeque[m[K<_Tp, _Alloc>::
[7.094s]       |       [01;31m[K^~~~~[m[K
[7.094s] [01m[K/usr/include/c++/11/bits/deque.tcc:443:7:[m[K [01;31m[Kerror: [m[Ktoo many template-parameter-lists
[7.094s]   443 |       [01;31m[Kdeque[m[K<_Tp, _Alloc>::
[7.094s]       |       [01;31m[K^~~~~[m[K
[7.094s] [01m[K/usr/include/c++/11/bits/deque.tcc:484:7:[m[K [01;31m[Kerror: [m[Ktoo many template-parameter-lists
[7.094s]   484 |       [01;31m[Kdeque[m[K<_Tp, _Alloc>::
[7.094s]       |       [01;31m[K^~~~~[m[K
[7.094s] [01m[K/usr/include/c++/11/bits/deque.tcc:523:7:[m[K [01;31m[Kerror: [m[Ktoo many template-parameter-lists
[7.094s]   523 |       [01;31m[Kdeque[m[K<_Tp, _Alloc>::
[7.094s]       |       [01;31m[K^~~~~[m[K
[7.094s] [01m[K/usr/include/c++/11/bits/deque.tcc:560:15:[m[K [01;31m[Kerror: [m[Kexpected initializer before ‘[01m[K<[m[K’ token
[7.094s]   560 |     void deque[01;31m[K<[m[K_Tp, _Alloc>::
[7.095s]       |               [01;31m[K^[m[K
[7.095s] [01m[K/usr/include/c++/11/bits/deque.tcc:576:15:[m[K [01;31m[Kerror: [m[Kexpected initializer before ‘[01m[K<[m[K’ token
[7.095s]   576 |     void deque[01;31m[K<[m[K_Tp, _Alloc>::
[7.095s]       |               [01;31m[K^[m[K
[7.095s] [01m[K/usr/include/c++/11/bits/deque.tcc:589:7:[m[K [01;31m[Kerror: [m[Ktoo many template-parameter-lists
[7.095s]   589 |       [01;31m[Kdeque[m[K<_Tp, _Alloc>::
[7.095s]       |       [01;31m[K^~~~~[m[K
[7.095s] [01m[K/usr/include/c++/11/bits/deque.tcc:598:7:[m[K [01;31m[Kerror: [m[Ktoo many template-parameter-lists
[7.095s]   598 |       [01;31m[Kdeque[m[K<_Tp, _Alloc>::
[7.095s]       |       [01;31m[K^~~~~[m[K
[7.095s] [01m[K/usr/include/c++/11/bits/deque.tcc:644:16:[m[K [01;31m[Kerror: [m[Kexpected nested-name-specifier before ‘[01m[Kdeque[m[K’
[7.095s]   644 |       typename [01;31m[Kdeque[m[K<_Tp, _Alloc>::iterator
[7.095s]       |                [01;31m[K^~~~~[m[K
[7.095s] [01m[K/usr/include/c++/11/bits/deque.tcc:644:16:[m[K [01;31m[Kerror: [m[Ktoo many template-parameter-lists
[7.095s] [01m[K/usr/include/c++/11/bits/deque.tcc:685:10:[m[K [01;31m[Kerror: [m[Kexpected initializer before ‘[01m[K<[m[K’ token
[7.095s]   685 |     deque[01;31m[K<[m[K_Tp, _Alloc>::
[7.095s]       |          [01;31m[K^[m[K
[7.095s] [01m[K/usr/include/c++/11/bits/deque.tcc:771:7:[m[K [01;31m[Kerror: [m[Ktoo many template-parameter-lists
[7.095s]   771 |       [01;31m[Kdeque[m[K<_Tp, _Alloc>::
[7.095s]       |       [01;31m[K^~~~~[m[K
[7.095s] [01m[K/usr/include/c++/11/bits/deque.tcc:859:11:[m[K [01;31m[Kerror: [m[Kexpected initializer before ‘[01m[K<[m[K’ token
[7.096s]   859 |      deque[01;31m[K<[m[K_Tp, _Alloc>::
[7.096s]       |           [01;31m[K^[m[K
[7.096s] [01m[K/usr/include/c++/11/bits/deque.tcc:881:10:[m[K [01;31m[Kerror: [m[Kexpected initializer before ‘[01m[K<[m[K’ token
[7.096s]   881 |     deque[01;31m[K<[m[K_Tp, _Alloc>::
[7.096s]       |          [01;31m[K^[m[K
[7.096s] [01m[K/usr/include/c++/11/bits/deque.tcc:906:10:[m[K [01;31m[Kerror: [m[Kexpected initializer before ‘[01m[K<[m[K’ token
[7.096s]   906 |     deque[01;31m[K<[m[K_Tp, _Alloc>::
[7.096s]       |          [01;31m[K^[m[K
[7.096s] [01m[K/usr/include/c++/11/bits/deque.tcc:931:10:[m[K [01;31m[Kerror: [m[Kexpected initializer before ‘[01m[K<[m[K’ token
[7.096s]   931 |     deque[01;31m[K<[m[K_Tp, _Alloc>::
[7.096s]       |          [01;31m[K^[m[K
[7.096s] In file included from [01m[K/usr/include/c++/11/queue:60[m[K,
[7.096s]                  from [01m[K/home/charvi/comp0250_s26_labs/courseworks/cw1_team_30/src/cw1_class.cpp:14[m[K:
[7.096s] [01m[K/usr/include/c++/11/deque:83:26:[m[K [01;31m[Kerror: [m[K‘[01m[Kdeque[m[K’ in namespace ‘[01m[Kstd[m[K’ does not name a template type
[7.096s]    83 |       using deque = std::[01;31m[Kdeque[m[K<_Tp, polymorphic_allocator<_Tp>>;
[7.096s]       |                          [01;31m[K^~~~~[m[K
[7.096s] [01m[K/usr/include/c++/11/deque:70:1:[m[K [01;36m[Knote: [m[K‘[01m[Kstd::deque[m[K’ is defined in header ‘[01m[K<deque>[m[K’; did you forget to ‘[01m[K#include <deque>[m[K’?
[7.097s]    69 | #include <bits/deque.tcc>
[7.097s]   +++ |+[32m[K#include <deque>[m[K
[7.097s]    70 | 
[7.097s] In file included from [01m[K/usr/include/c++/11/queue:64[m[K,
[7.097s]                  from [01m[K/home/charvi/comp0250_s26_labs/courseworks/cw1_team_30/src/cw1_class.cpp:14[m[K:
[7.097s] [01m[K/usr/include/c++/11/bits/stl_queue.h:95:47:[m[K [01;31m[Kerror: [m[K‘[01m[Kdeque[m[K’ does not name a type
[7.097s]    95 | mplate<typename _Tp, typename _Sequence = [01;31m[Kdeque[m[K<_Tp> >
[7.097s]       |                                           [01;31m[K^~~~~[m[K
[7.097s] 
[7.097s] [01m[K/usr/include/c++/11/bits/stl_queue.h:95:52:[m[K [01;31m[Kerror: [m[Kexpected ‘[01m[K>[m[K’ before ‘[01m[K<[m[K’ token
[7.097s]    95 | plate<typename _Tp, typename _Sequence = deque[01;31m[K<[m[K_Tp> >
[7.097s]       |                                               [01;31m[K^[m[K
[7.097s] 
[7.928s] [01m[K/home/charvi/comp0250_s26_labs/courseworks/cw1_team_30/src/cw1_class.cpp:622:6:[m[K [01;31m[Kerror: [m[Kno declaration matches ‘[01m[Kbool cw1::moveToScanPose()[m[K’
[7.928s]   622 | bool [01;31m[Kcw1[m[K::moveToScanPose(){
[7.928s]       |      [01;31m[K^~~[m[K
[7.928s] [01m[K/home/charvi/comp0250_s26_labs/courseworks/cw1_team_30/src/cw1_class.cpp:622:6:[m[K [01;36m[Knote: [m[Kno functions named ‘[01m[Kbool cw1::moveToScanPose()[m[K’
[7.928s] In file included from [01m[K/home/charvi/comp0250_s26_labs/courseworks/cw1_team_30/src/cw1_class.cpp:6[m[K:
[7.928s] [01m[K/home/charvi/comp0250_s26_labs/courseworks/cw1_team_30/include/cw1_class.h:40:7:[m[K [01;36m[Knote: [m[K‘[01m[Kclass cw1[m[K’ defined here
[7.928s]    40 | class [01;36m[Kcw1[m[K
[7.928s]       |       [01;36m[K^~~[m[K
[7.928s] [01m[K/home/charvi/comp0250_s26_labs/courseworks/cw1_team_30/src/cw1_class.cpp:636:40:[m[K [01;31m[Kerror: [m[Kno declaration matches ‘[01m[Kpcl::PointCloud<pcl::PointXYZRGB>::Ptr cw1::applyVoxelFiltering(const Ptr&)[m[K’
[7.929s]   636 | pcl::PointCloud<pcl::PointXYZRGB>::Ptr [01;31m[Kcw1[m[K::applyVoxelFiltering(const pcl::PointCloud<pcl::PointXYZRGB>::Ptr &cloud)
[7.929s]       |                                        [01;31m[K^~~[m[K
[7.929s] [01m[K/home/charvi/comp0250_s26_labs/courseworks/cw1_team_30/src/cw1_class.cpp:636:40:[m[K [01;36m[Knote: [m[Kno functions named ‘[01m[Kpcl::PointCloud<pcl::PointXYZRGB>::Ptr cw1::applyVoxelFiltering(const Ptr&)[m[K’
[7.929s] In file included from [01m[K/home/charvi/comp0250_s26_labs/courseworks/cw1_team_30/src/cw1_class.cpp:6[m[K:
[7.929s] [01m[K/home/charvi/comp0250_s26_labs/courseworks/cw1_team_30/include/cw1_class.h:40:7:[m[K [01;36m[Knote: [m[K‘[01m[Kclass cw1[m[K’ defined here
[7.929s]    40 | class [01;36m[Kcw1[m[K
[7.929s]       |       [01;36m[K^~~[m[K
[7.929s] [01m[K/home/charvi/comp0250_s26_labs/courseworks/cw1_team_30/src/cw1_class.cpp:649:40:[m[K [01;31m[Kerror: [m[Kno declaration matches ‘[01m[Kpcl::PointCloud<pcl::PointXYZRGB>::Ptr cw1::applyStatisticalOutlierRemoval(const Ptr&)[m[K’
[7.929s]   649 | pcl::PointCloud<pcl::PointXYZRGB>::Ptr [01;31m[Kcw1[m[K::applyStatisticalOutlierRemoval(const pcl::PointCloud<pcl::PointXYZRGB>::Ptr &cloud)
[7.929s]       |                                        [01;31m[K^~~[m[K
[7.929s] [01m[K/home/charvi/comp0250_s26_labs/courseworks/cw1_team_30/src/cw1_class.cpp:649:40:[m[K [01;36m[Knote: [m[Kno functions named ‘[01m[Kpcl::PointCloud<pcl::PointXYZRGB>::Ptr cw1::applyStatisticalOutlierRemoval(const Ptr&)[m[K’
[7.929s] In file included from [01m[K/home/charvi/comp0250_s26_labs/courseworks/cw1_team_30/src/cw1_class.cpp:6[m[K:
[7.929s] [01m[K/home/charvi/comp0250_s26_labs/courseworks/cw1_team_30/include/cw1_class.h:40:7:[m[K [01;36m[Knote: [m[K‘[01m[Kclass cw1[m[K’ defined here
[7.929s]    40 | class [01;36m[Kcw1[m[K
[7.929s]       |       [01;36m[K^~~[m[K
[7.929s] [01m[K/home/charvi/comp0250_s26_labs/courseworks/cw1_team_30/src/cw1_class.cpp:662:40:[m[K [01;31m[Kerror: [m[Kno declaration matches ‘[01m[Kpcl::PointCloud<pcl::PointXYZRGB>::Ptr cw1::removeFloorWithRANSAC(const Ptr&)[m[K’
[7.929s]   662 | pcl::PointCloud<pcl::PointXYZRGB>::Ptr [01;31m[Kcw1[m[K::removeFloorWithRANSAC(const pcl::PointCloud<pcl::PointXYZRGB>::Ptr &sor_cloud)
[7.929s]       |                                        [01;31m[K^~~[m[K
[7.929s] [01m[K/home/charvi/comp0250_s26_labs/courseworks/cw1_team_30/src/cw1_class.cpp:662:40:[m[K [01;36m[Knote: [m[Kno functions named ‘[01m[Kpcl::PointCloud<pcl::PointXYZRGB>::Ptr cw1::removeFloorWithRANSAC(const Ptr&)[m[K’
[7.930s] In file included from [01m[K/home/charvi/comp0250_s26_labs/courseworks/cw1_team_30/src/cw1_class.cpp:6[m[K:
[7.930s] [01m[K/home/charvi/comp0250_s26_labs/courseworks/cw1_team_30/include/cw1_class.h:40:7:[m[K [01;36m[Knote: [m[K‘[01m[Kclass cw1[m[K’ defined here
[7.930s]    40 | class [01;36m[Kcw1[m[K
[7.930s]       |       [01;36m[K^~~[m[K
[7.930s] [01m[K/home/charvi/comp0250_s26_labs/courseworks/cw1_team_30/src/cw1_class.cpp:702:53:[m[K [01;31m[Kerror: [m[Kno declaration matches ‘[01m[Kstd::vector<std::shared_ptr<pcl::PointCloud<pcl::PointXYZRGB> > > cw1::clusterWithEuclidean(const Ptr&)[m[K’
[7.930s]   702 | r<pcl::PointCloud<pcl::PointXYZRGB>::Ptr> [01;31m[Kcw1[m[K::clusterWithEuclidean(const pcl::PointCloud<pcl::PointXYZRGB>::Ptr &cloud)
[7.930s]       |                                           [01;31m[K^~~[m[K
[7.930s] 
[7.930s] [01m[K/home/charvi/comp0250_s26_labs/courseworks/cw1_team_30/src/cw1_class.cpp:702:53:[m[K [01;36m[Knote: [m[Kno functions named ‘[01m[Kstd::vector<std::shared_ptr<pcl::PointCloud<pcl::PointXYZRGB> > > cw1::clusterWithEuclidean(const Ptr&)[m[K’
[7.930s] In file included from [01m[K/home/charvi/comp0250_s26_labs/courseworks/cw1_team_30/src/cw1_class.cpp:6[m[K:
[7.930s] [01m[K/home/charvi/comp0250_s26_labs/courseworks/cw1_team_30/include/cw1_class.h:40:7:[m[K [01;36m[Knote: [m[K‘[01m[Kclass cw1[m[K’ defined here
[7.930s]    40 | class [01;36m[Kcw1[m[K
[7.930s]       |       [01;36m[K^~~[m[K
[7.930s] [01m[K/home/charvi/comp0250_s26_labs/courseworks/cw1_team_30/src/cw1_class.cpp:731:34:[m[K [01;31m[Kerror: [m[Kno declaration matches ‘[01m[Kgeometry_msgs::msg::PointStamped cw1::calculateCentroidInWorldFrame(const Ptr&, std::string&, const rclcpp::Time&)[m[K’
[7.930s]   731 | geometry_msgs::msg::PointStamped [01;31m[Kcw1[m[K::calculateCentroidInWorldFrame(const pcl::PointCloud<pcl::PointXYZRGB>::Ptr &cluster, std::string & cloud_frame, const rclcpp::Time & cloud_timestamp)
[7.930s]       |                                  [01;31m[K^~~[m[K
[7.931s] [01m[K/home/charvi/comp0250_s26_labs/courseworks/cw1_team_30/src/cw1_class.cpp:731:34:[m[K [01;36m[Knote: [m[Kno functions named ‘[01m[Kgeometry_msgs::msg::PointStamped cw1::calculateCentroidInWorldFrame(const Ptr&, std::string&, const rclcpp::Time&)[m[K’
[7.931s] In file included from [01m[K/home/charvi/comp0250_s26_labs/courseworks/cw1_team_30/src/cw1_class.cpp:6[m[K:
[7.931s] [01m[K/home/charvi/comp0250_s26_labs/courseworks/cw1_team_30/include/cw1_class.h:40:7:[m[K [01;36m[Knote: [m[K‘[01m[Kclass cw1[m[K’ defined here
[7.931s]    40 | class [01;36m[Kcw1[m[K
[7.931s]       |       [01;36m[K^~~[m[K
[7.931s] [01m[K/home/charvi/comp0250_s26_labs/courseworks/cw1_team_30/src/cw1_class.cpp:755:13:[m[K [01;31m[Kerror: [m[Kno declaration matches ‘[01m[Kstd::string cw1::classifyColour(const Ptr&)[m[K’
[7.931s]   755 | std::string [01;31m[Kcw1[m[K::classifyColour(const pcl::PointCloud<pcl::PointXYZRGB>::Ptr &cluster)
[7.931s]       |             [01;31m[K^~~[m[K
[7.931s] [01m[K/home/charvi/comp0250_s26_labs/courseworks/cw1_team_30/src/cw1_class.cpp:755:13:[m[K [01;36m[Knote: [m[Kno functions named ‘[01m[Kstd::string cw1::classifyColour(const Ptr&)[m[K’
[7.931s] In file included from [01m[K/home/charvi/comp0250_s26_labs/courseworks/cw1_team_30/src/cw1_class.cpp:6[m[K:
[7.931s] [01m[K/home/charvi/comp0250_s26_labs/courseworks/cw1_team_30/include/cw1_class.h:40:7:[m[K [01;36m[Knote: [m[K‘[01m[Kclass cw1[m[K’ defined here
[7.932s]    40 | class [01;36m[Kcw1[m[K
[7.932s]       |       [01;36m[K^~~[m[K
[7.932s] [01m[K/home/charvi/comp0250_s26_labs/courseworks/cw1_team_30/src/cw1_class.cpp:808:13:[m[K [01;31m[Kerror: [m[Kno declaration matches ‘[01m[Kstd::string cw1::classifyCubeOrBasket(const Ptr&, float&, float&, float&)[m[K’
[7.932s]   808 | std::string [01;31m[Kcw1[m[K::classifyCubeOrBasket(const pcl::PointCloud<pcl::PointXYZRGB>::Ptr &cluster, float & size_x, float & size_y, float & size_z)
[7.932s]       |             [01;31m[K^~~[m[K
[7.932s] [01m[K/home/charvi/comp0250_s26_labs/courseworks/cw1_team_30/src/cw1_class.cpp:808:13:[m[K [01;36m[Knote: [m[Kno functions named ‘[01m[Kstd::string cw1::classifyCubeOrBasket(const Ptr&, float&, float&, float&)[m[K’
[7.932s] In file included from [01m[K/home/charvi/comp0250_s26_labs/courseworks/cw1_team_30/src/cw1_class.cpp:6[m[K:
[7.932s] [01m[K/home/charvi/comp0250_s26_labs/courseworks/cw1_team_30/include/cw1_class.h:40:7:[m[K [01;36m[Knote: [m[K‘[01m[Kclass cw1[m[K’ defined here
[7.932s]    40 | class [01;36m[Kcw1[m[K
[7.932s]       |       [01;36m[K^~~[m[K
[7.960s] [01m[K/home/charvi/comp0250_s26_labs/courseworks/cw1_team_30/src/cw1_class.cpp:[m[K In member function ‘[01m[Kvoid cw1::t3_callback(std::shared_ptr<cw1_world_spawner::srv::Task3Service_Request_<std::allocator<void> > >, std::shared_ptr<cw1_world_spawner::srv::Task3Service_Response_<std::allocator<void> > >)[m[K’:
[7.960s] [01m[K/home/charvi/comp0250_s26_labs/courseworks/cw1_team_30/src/cw1_class.cpp:884:19:[m[K [01;31m[Kerror: [m[K‘[01m[KclusterWithEuclidean[m[K’ was not declared in this scope
[7.960s]   884 |   auto clusters = [01;31m[KclusterWithEuclidean[m[K(cloud_without_floor);
[7.960s]       |                   [01;31m[K^~~~~~~~~~~~~~~~~~~~[m[K
[8.000s] [01m[K/home/charvi/comp0250_s26_labs/courseworks/cw1_team_30/src/cw1_class.cpp:890:26:[m[K [01;31m[Kerror: [m[K‘[01m[KcalculateCentroidInWorldFrame[m[K’ was not declared in this scope
[8.000s]   890 |     obj.location_world = [01;31m[KcalculateCentroidInWorldFrame[m[K(cluster, fresh_cloud->header.frame_id, fresh_cloud->header.stamp);
[8.000s]       |                          [01;31m[K^~~~~~~~~~~~~~~~~~~~~~~~~~~~~[m[K
[8.015s] [01m[K/home/charvi/comp0250_s26_labs/courseworks/cw1_team_30/src/cw1_class.cpp:891:18:[m[K [01;31m[Kerror: [m[K‘[01m[KclassifyColour[m[K’ was not declared in this scope
[8.015s]   891 |     obj.colour = [01;31m[KclassifyColour[m[K(cluster);
[8.015s]       |                  [01;31m[K^~~~~~~~~~~~~~[m[K
[8.040s] [01m[K/home/charvi/comp0250_s26_labs/courseworks/cw1_team_30/src/cw1_class.cpp:892:24:[m[K [01;31m[Kerror: [m[K‘[01m[KclassifyCubeOrBasket[m[K’ was not declared in this scope
[8.041s]   892 |     obj.typeOfObject = [01;31m[KclassifyCubeOrBasket[m[K(cluster, obj.size_of_object_x, obj.size_of_object_y, obj.size_of_object_z);
[8.041s]       |                        [01;31m[K^~~~~~~~~~~~~~~~~~~~[m[K
[13.038s] gmake[2]: *** [CMakeFiles/cw1_team_30_cw1_class_lib.dir/build.make:76: CMakeFiles/cw1_team_30_cw1_class_lib.dir/src/cw1_class.cpp.o] Error 1
[13.038s] gmake[1]: *** [CMakeFiles/Makefile2:595: CMakeFiles/cw1_team_30_cw1_class_lib.dir/all] Error 2
[13.038s] gmake: *** [Makefile:146: all] Error 2
[13.040s] Invoked command in '/home/charvi/comp0250_s26_labs/build/cw1_team_30' returned '2': AMENT_PREFIX_PATH=/home/charvi/comp0250_s26_labs/install/cw1_world_spawner:${AMENT_PREFIX_PATH} CMAKE_PREFIX_PATH=/home/charvi/comp0250_s26_labs/install/cw1_world_spawner:/opt/ros/humble LD_LIBRARY_PATH=/home/charvi/comp0250_s26_labs/install/cw1_world_spawner/lib:${LD_LIBRARY_PATH} PYTHONPATH=/home/charvi/comp0250_s26_labs/install/cw1_world_spawner/local/lib/python3.10/dist-packages:${PYTHONPATH} /usr/bin/cmake --build /home/charvi/comp0250_s26_labs/build/cw1_team_30 -- -j12 -l12
