[0.032s] Invoking command in '/home/charvi/comp0250_s26_labs/build/cw1_team_30': AMENT_PREFIX_PATH=/home/charvi/comp0250_s26_labs/install/cw1_world_spawner:${AMENT_PREFIX_PATH} CMAKE_PREFIX_PATH=/home/charvi/comp0250_s26_labs/install/cw1_world_spawner:/opt/ros/humble LD_LIBRARY_PATH=/home/charvi/comp0250_s26_labs/install/cw1_world_spawner/lib:${LD_LIBRARY_PATH} PYTHONPATH=/home/charvi/comp0250_s26_labs/install/cw1_world_spawner/local/lib/python3.10/dist-packages:${PYTHONPATH} /usr/bin/cmake --build /home/charvi/comp0250_s26_labs/build/cw1_team_30 -- -j12 -l12
[0.268s] [  2%] Built target cw1_team_30__cpp
[0.276s] [ 11%] Built target cw1_team_30__rosidl_generator_c
[0.303s] [ 11%] Built target ament_cmake_python_copy_cw1_team_30
[0.367s] [ 20%] Built target cw1_team_30__rosidl_typesupport_fastrtps_cpp
[0.368s] [ 28%] Built target cw1_team_30__rosidl_typesupport_introspection_cpp
[0.371s] [ 37%] Built target cw1_team_30__rosidl_typesupport_cpp
[0.379s] [ 54%] Built target cw1_team_30__rosidl_typesupport_introspection_c
[0.379s] [ 51%] Built target cw1_team_30__rosidl_typesupport_fastrtps_c
[0.384s] [ 62%] Built target cw1_team_30__rosidl_typesupport_c
[0.453s] [35m[1mConsolidate compiler generated dependencies of target cw1_team_30_cw1_class_lib[0m
[0.464s] [ 62%] Built target cw1_team_30
[0.542s] [ 65%] Built target cw1_team_30__py
[0.563s] [ 68%] [32mBuilding CXX object CMakeFiles/cw1_team_30_cw1_class_lib.dir/src/cw1_class.cpp.o[0m
[0.578s] [ 74%] Built target cw1_team_30__rosidl_generator_py
[0.600s] [ 91%] Built target cw1_team_30__rosidl_typesupport_fastrtps_c__pyext
[0.601s] [ 91%] Built target cw1_team_30__rosidl_typesupport_c__pyext
[0.601s] [ 91%] Built target cw1_team_30__rosidl_typesupport_introspection_c__pyext
[0.741s] running egg_info
[0.763s] writing cw1_team_30.egg-info/PKG-INFO
[0.764s] writing dependency_links to cw1_team_30.egg-info/dependency_links.txt
[0.764s] writing top-level names to cw1_team_30.egg-info/top_level.txt
[0.827s] reading manifest file 'cw1_team_30.egg-info/SOURCES.txt'
[0.828s] writing manifest file 'cw1_team_30.egg-info/SOURCES.txt'
[0.852s] [ 91%] Built target ament_cmake_python_build_cw1_team_30_egg
[23.786s] [ 94%] [32m[1mLinking CXX shared library libcw1_team_30_cw1_class_lib.so[0m
[25.284s] [ 94%] Built target cw1_team_30_cw1_class_lib
[25.321s] [ 97%] [32mBuilding CXX object CMakeFiles/cw1_solution_node.dir/src/cw1_node.cpp.o[0m
[34.525s] [100%] [32m[1mLinking CXX executable cw1_solution_node[0m
[35.498s] [100%] Built target cw1_solution_node
[35.511s] Invoked command in '/home/charvi/comp0250_s26_labs/build/cw1_team_30' returned '0': AMENT_PREFIX_PATH=/home/charvi/comp0250_s26_labs/install/cw1_world_spawner:${AMENT_PREFIX_PATH} CMAKE_PREFIX_PATH=/home/charvi/comp0250_s26_labs/install/cw1_world_spawner:/opt/ros/humble LD_LIBRARY_PATH=/home/charvi/comp0250_s26_labs/install/cw1_world_spawner/lib:${LD_LIBRARY_PATH} PYTHONPATH=/home/charvi/comp0250_s26_labs/install/cw1_world_spawner/local/lib/python3.10/dist-packages:${PYTHONPATH} /usr/bin/cmake --build /home/charvi/comp0250_s26_labs/build/cw1_team_30 -- -j12 -l12
[35.513s] Invoking command in '/home/charvi/comp0250_s26_labs/build/cw1_team_30': AMENT_PREFIX_PATH=/home/charvi/comp0250_s26_labs/install/cw1_world_spawner:${AMENT_PREFIX_PATH} CMAKE_PREFIX_PATH=/home/charvi/comp0250_s26_labs/install/cw1_world_spawner:/opt/ros/humble LD_LIBRARY_PATH=/home/charvi/comp0250_s26_labs/install/cw1_world_spawner/lib:${LD_LIBRARY_PATH} PYTHONPATH=/home/charvi/comp0250_s26_labs/install/cw1_world_spawner/local/lib/python3.10/dist-packages:${PYTHONPATH} /usr/bin/cmake --install /home/charvi/comp0250_s26_labs/build/cw1_team_30
[35.521s] -- Install configuration: "Release"
[35.521s] -- Up-to-date: /home/charvi/comp0250_s26_labs/install/cw1_team_30/share/ament_index/resource_index/rosidl_interfaces/cw1_team_30
[35.521s] -- Up-to-date: /home/charvi/comp0250_s26_labs/install/cw1_team_30/include/cw1_team_30/cw1_team_30
[35.521s] -- Up-to-date: /home/charvi/comp0250_s26_labs/install/cw1_team_30/include/cw1_team_30/cw1_team_30/srv
[35.522s] -- Up-to-date: /home/charvi/comp0250_s26_labs/install/cw1_team_30/include/cw1_team_30/cw1_team_30/srv/example.h
[35.522s] -- Up-to-date: /home/charvi/comp0250_s26_labs/install/cw1_team_30/include/cw1_team_30/cw1_team_30/srv/detail
[35.522s] -- Up-to-date: /home/charvi/comp0250_s26_labs/install/cw1_team_30/include/cw1_team_30/cw1_team_30/srv/detail/example__struct.h
[35.522s] -- Up-to-date: /home/charvi/comp0250_s26_labs/install/cw1_team_30/include/cw1_team_30/cw1_team_30/srv/detail/example__functions.h
[35.522s] -- Up-to-date: /home/charvi/comp0250_s26_labs/install/cw1_team_30/include/cw1_team_30/cw1_team_30/srv/detail/example__type_support.h
[35.522s] -- Up-to-date: /home/charvi/comp0250_s26_labs/install/cw1_team_30/include/cw1_team_30/cw1_team_30/srv/detail/example__functions.c
[35.522s] -- Up-to-date: /home/charvi/comp0250_s26_labs/install/cw1_team_30/include/cw1_team_30/cw1_team_30/msg
[35.522s] -- Up-to-date: /home/charvi/comp0250_s26_labs/install/cw1_team_30/include/cw1_team_30/cw1_team_30/msg/rosidl_generator_c__visibility_control.h
[35.522s] -- Up-to-date: /home/charvi/comp0250_s26_labs/install/cw1_team_30/share/cw1_team_30/environment/library_path.sh
[35.522s] -- Up-to-date: /home/charvi/comp0250_s26_labs/install/cw1_team_30/share/cw1_team_30/environment/library_path.dsv
[35.523s] -- Up-to-date: /home/charvi/comp0250_s26_labs/install/cw1_team_30/lib/libcw1_team_30__rosidl_generator_c.so
[35.523s] -- Up-to-date: /home/charvi/comp0250_s26_labs/install/cw1_team_30/include/cw1_team_30/cw1_team_30
[35.523s] -- Up-to-date: /home/charvi/comp0250_s26_labs/install/cw1_team_30/include/cw1_team_30/cw1_team_30/srv
[35.523s] -- Up-to-date: /home/charvi/comp0250_s26_labs/install/cw1_team_30/include/cw1_team_30/cw1_team_30/srv/detail
[35.523s] -- Up-to-date: /home/charvi/comp0250_s26_labs/install/cw1_team_30/include/cw1_team_30/cw1_team_30/srv/detail/example__rosidl_typesupport_fastrtps_c.h
[35.523s] -- Up-to-date: /home/charvi/comp0250_s26_labs/install/cw1_team_30/include/cw1_team_30/cw1_team_30/msg
[35.523s] -- Up-to-date: /home/charvi/comp0250_s26_labs/install/cw1_team_30/include/cw1_team_30/cw1_team_30/msg/rosidl_typesupport_fastrtps_c__visibility_control.h
[35.523s] -- Up-to-date: /home/charvi/comp0250_s26_labs/install/cw1_team_30/lib/libcw1_team_30__rosidl_typesupport_fastrtps_c.so
[35.523s] -- Up-to-date: /home/charvi/comp0250_s26_labs/install/cw1_team_30/include/cw1_team_30/cw1_team_30
[35.523s] -- Up-to-date: /home/charvi/comp0250_s26_labs/install/cw1_team_30/include/cw1_team_30/cw1_team_30/srv
[35.523s] -- Up-to-date: /home/charvi/comp0250_s26_labs/install/cw1_team_30/include/cw1_team_30/cw1_team_30/srv/detail
[35.523s] -- Up-to-date: /home/charvi/comp0250_s26_labs/install/cw1_team_30/include/cw1_team_30/cw1_team_30/srv/detail/example__type_support.c
[35.523s] -- Up-to-date: /home/charvi/comp0250_s26_labs/install/cw1_team_30/include/cw1_team_30/cw1_team_30/srv/detail/example__rosidl_typesupport_introspection_c.h
[35.523s] -- Up-to-date: /home/charvi/comp0250_s26_labs/install/cw1_team_30/include/cw1_team_30/cw1_team_30/msg
[35.524s] -- Up-to-date: /home/charvi/comp0250_s26_labs/install/cw1_team_30/include/cw1_team_30/cw1_team_30/msg/rosidl_typesupport_introspection_c__visibility_control.h
[35.524s] -- Up-to-date: /home/charvi/comp0250_s26_labs/install/cw1_team_30/lib/libcw1_team_30__rosidl_typesupport_introspection_c.so
[35.524s] -- Up-to-date: /home/charvi/comp0250_s26_labs/install/cw1_team_30/lib/libcw1_team_30__rosidl_typesupport_c.so
[35.524s] -- Up-to-date: /home/charvi/comp0250_s26_labs/install/cw1_team_30/include/cw1_team_30/cw1_team_30
[35.524s] -- Up-to-date: /home/charvi/comp0250_s26_labs/install/cw1_team_30/include/cw1_team_30/cw1_team_30/srv
[35.524s] -- Up-to-date: /home/charvi/comp0250_s26_labs/install/cw1_team_30/include/cw1_team_30/cw1_team_30/srv/example.hpp
[35.524s] -- Up-to-date: /home/charvi/comp0250_s26_labs/install/cw1_team_30/include/cw1_team_30/cw1_team_30/srv/detail
[35.524s] -- Up-to-date: /home/charvi/comp0250_s26_labs/install/cw1_team_30/include/cw1_team_30/cw1_team_30/srv/detail/example__type_support.hpp
[35.524s] -- Up-to-date: /home/charvi/comp0250_s26_labs/install/cw1_team_30/include/cw1_team_30/cw1_team_30/srv/detail/example__struct.hpp
[35.524s] -- Up-to-date: /home/charvi/comp0250_s26_labs/install/cw1_team_30/include/cw1_team_30/cw1_team_30/srv/detail/example__traits.hpp
[35.524s] -- Up-to-date: /home/charvi/comp0250_s26_labs/install/cw1_team_30/include/cw1_team_30/cw1_team_30/srv/detail/example__builder.hpp
[35.524s] -- Up-to-date: /home/charvi/comp0250_s26_labs/install/cw1_team_30/include/cw1_team_30/cw1_team_30/msg
[35.524s] -- Up-to-date: /home/charvi/comp0250_s26_labs/install/cw1_team_30/include/cw1_team_30/cw1_team_30/msg/rosidl_generator_cpp__visibility_control.hpp
[35.525s] -- Up-to-date: /home/charvi/comp0250_s26_labs/install/cw1_team_30/include/cw1_team_30/cw1_team_30
[35.525s] -- Up-to-date: /home/charvi/comp0250_s26_labs/install/cw1_team_30/include/cw1_team_30/cw1_team_30/srv
[35.525s] -- Up-to-date: /home/charvi/comp0250_s26_labs/install/cw1_team_30/include/cw1_team_30/cw1_team_30/srv/detail
[35.525s] -- Up-to-date: /home/charvi/comp0250_s26_labs/install/cw1_team_30/include/cw1_team_30/cw1_team_30/srv/detail/example__rosidl_typesupport_fastrtps_cpp.hpp
[35.525s] -- Up-to-date: /home/charvi/comp0250_s26_labs/install/cw1_team_30/include/cw1_team_30/cw1_team_30/srv/detail/dds_fastrtps
[35.525s] -- Up-to-date: /home/charvi/comp0250_s26_labs/install/cw1_team_30/include/cw1_team_30/cw1_team_30/msg
[35.525s] -- Up-to-date: /home/charvi/comp0250_s26_labs/install/cw1_team_30/include/cw1_team_30/cw1_team_30/msg/rosidl_typesupport_fastrtps_cpp__visibility_control.h
[35.525s] -- Up-to-date: /home/charvi/comp0250_s26_labs/install/cw1_team_30/lib/libcw1_team_30__rosidl_typesupport_fastrtps_cpp.so
[35.525s] -- Up-to-date: /home/charvi/comp0250_s26_labs/install/cw1_team_30/include/cw1_team_30/cw1_team_30
[35.525s] -- Up-to-date: /home/charvi/comp0250_s26_labs/install/cw1_team_30/include/cw1_team_30/cw1_team_30/srv
[35.525s] -- Up-to-date: /home/charvi/comp0250_s26_labs/install/cw1_team_30/include/cw1_team_30/cw1_team_30/srv/detail
[35.525s] -- Up-to-date: /home/charvi/comp0250_s26_labs/install/cw1_team_30/include/cw1_team_30/cw1_team_30/srv/detail/example__type_support.cpp
[35.525s] -- Up-to-date: /home/charvi/comp0250_s26_labs/install/cw1_team_30/include/cw1_team_30/cw1_team_30/srv/detail/example__rosidl_typesupport_introspection_cpp.hpp
[35.525s] -- Up-to-date: /home/charvi/comp0250_s26_labs/install/cw1_team_30/lib/libcw1_team_30__rosidl_typesupport_introspection_cpp.so
[35.525s] -- Up-to-date: /home/charvi/comp0250_s26_labs/install/cw1_team_30/lib/libcw1_team_30__rosidl_typesupport_cpp.so
[35.526s] -- Up-to-date: /home/charvi/comp0250_s26_labs/install/cw1_team_30/share/cw1_team_30/environment/pythonpath.sh
[35.526s] -- Up-to-date: /home/charvi/comp0250_s26_labs/install/cw1_team_30/share/cw1_team_30/environment/pythonpath.dsv
[35.526s] -- Up-to-date: /home/charvi/comp0250_s26_labs/install/cw1_team_30/local/lib/python3.10/dist-packages/cw1_team_30-0.1.0-py3.10.egg-info
[35.526s] -- Installing: /home/charvi/comp0250_s26_labs/install/cw1_team_30/local/lib/python3.10/dist-packages/cw1_team_30-0.1.0-py3.10.egg-info/SOURCES.txt
[35.526s] -- Installing: /home/charvi/comp0250_s26_labs/install/cw1_team_30/local/lib/python3.10/dist-packages/cw1_team_30-0.1.0-py3.10.egg-info/PKG-INFO
[35.526s] -- Installing: /home/charvi/comp0250_s26_labs/install/cw1_team_30/local/lib/python3.10/dist-packages/cw1_team_30-0.1.0-py3.10.egg-info/top_level.txt
[35.526s] -- Installing: /home/charvi/comp0250_s26_labs/install/cw1_team_30/local/lib/python3.10/dist-packages/cw1_team_30-0.1.0-py3.10.egg-info/dependency_links.txt
[35.526s] -- Up-to-date: /home/charvi/comp0250_s26_labs/install/cw1_team_30/local/lib/python3.10/dist-packages/cw1_team_30
[35.526s] -- Up-to-date: /home/charvi/comp0250_s26_labs/install/cw1_team_30/local/lib/python3.10/dist-packages/cw1_team_30/cw1_team_30_s__rosidl_typesupport_c.cpython-310-x86_64-linux-gnu.so
[35.526s] -- Up-to-date: /home/charvi/comp0250_s26_labs/install/cw1_team_30/local/lib/python3.10/dist-packages/cw1_team_30/srv
[35.526s] -- Up-to-date: /home/charvi/comp0250_s26_labs/install/cw1_team_30/local/lib/python3.10/dist-packages/cw1_team_30/srv/_example.py
[35.526s] -- Up-to-date: /home/charvi/comp0250_s26_labs/install/cw1_team_30/local/lib/python3.10/dist-packages/cw1_team_30/srv/__init__.py
[35.527s] -- Up-to-date: /home/charvi/comp0250_s26_labs/install/cw1_team_30/local/lib/python3.10/dist-packages/cw1_team_30/srv/_example_s.c
[35.527s] -- Up-to-date: /home/charvi/comp0250_s26_labs/install/cw1_team_30/local/lib/python3.10/dist-packages/cw1_team_30/_cw1_team_30_s.ep.rosidl_typesupport_fastrtps_c.c
[35.527s] -- Up-to-date: /home/charvi/comp0250_s26_labs/install/cw1_team_30/local/lib/python3.10/dist-packages/cw1_team_30/__init__.py
[35.527s] -- Up-to-date: /home/charvi/comp0250_s26_labs/install/cw1_team_30/local/lib/python3.10/dist-packages/cw1_team_30/cw1_team_30_s__rosidl_typesupport_introspection_c.cpython-310-x86_64-linux-gnu.so
[35.527s] -- Up-to-date: /home/charvi/comp0250_s26_labs/install/cw1_team_30/local/lib/python3.10/dist-packages/cw1_team_30/_cw1_team_30_s.ep.rosidl_typesupport_introspection_c.c
[35.527s] -- Up-to-date: /home/charvi/comp0250_s26_labs/install/cw1_team_30/local/lib/python3.10/dist-packages/cw1_team_30/libcw1_team_30__rosidl_generator_py.so
[35.527s] -- Up-to-date: /home/charvi/comp0250_s26_labs/install/cw1_team_30/local/lib/python3.10/dist-packages/cw1_team_30/cw1_team_30_s__rosidl_typesupport_fastrtps_c.cpython-310-x86_64-linux-gnu.so
[35.527s] -- Up-to-date: /home/charvi/comp0250_s26_labs/install/cw1_team_30/local/lib/python3.10/dist-packages/cw1_team_30/_cw1_team_30_s.ep.rosidl_typesupport_c.c
[35.565s] Listing '/home/charvi/comp0250_s26_labs/install/cw1_team_30/local/lib/python3.10/dist-packages/cw1_team_30'...
[35.565s] Listing '/home/charvi/comp0250_s26_labs/install/cw1_team_30/local/lib/python3.10/dist-packages/cw1_team_30/srv'...
[35.573s] -- Up-to-date: /home/charvi/comp0250_s26_labs/install/cw1_team_30/local/lib/python3.10/dist-packages/cw1_team_30/cw1_team_30_s__rosidl_typesupport_fastrtps_c.cpython-310-x86_64-linux-gnu.so
[35.573s] -- Up-to-date: /home/charvi/comp0250_s26_labs/install/cw1_team_30/local/lib/python3.10/dist-packages/cw1_team_30/cw1_team_30_s__rosidl_typesupport_introspection_c.cpython-310-x86_64-linux-gnu.so
[35.574s] -- Up-to-date: /home/charvi/comp0250_s26_labs/install/cw1_team_30/local/lib/python3.10/dist-packages/cw1_team_30/cw1_team_30_s__rosidl_typesupport_c.cpython-310-x86_64-linux-gnu.so
[35.574s] -- Up-to-date: /home/charvi/comp0250_s26_labs/install/cw1_team_30/lib/libcw1_team_30__rosidl_generator_py.so
[35.575s] -- Up-to-date: /home/charvi/comp0250_s26_labs/install/cw1_team_30/share/cw1_team_30/srv/Example.idl
[35.575s] -- Up-to-date: /home/charvi/comp0250_s26_labs/install/cw1_team_30/share/cw1_team_30/srv/Example.srv
[35.575s] -- Up-to-date: /home/charvi/comp0250_s26_labs/install/cw1_team_30/share/cw1_team_30/srv/Example_Request.msg
[35.575s] -- Up-to-date: /home/charvi/comp0250_s26_labs/install/cw1_team_30/share/cw1_team_30/srv/Example_Response.msg
[35.575s] -- Installing: /home/charvi/comp0250_s26_labs/install/cw1_team_30/lib/libcw1_team_30_cw1_class_lib.so
[35.580s] -- Set runtime path of "/home/charvi/comp0250_s26_labs/install/cw1_team_30/lib/libcw1_team_30_cw1_class_lib.so" to ""
[35.581s] -- Installing: /home/charvi/comp0250_s26_labs/install/cw1_team_30/lib/cw1_team_30/cw1_solution_node
[35.582s] -- Set runtime path of "/home/charvi/comp0250_s26_labs/install/cw1_team_30/lib/cw1_team_30/cw1_solution_node" to ""
[35.582s] -- Up-to-date: /home/charvi/comp0250_s26_labs/install/cw1_team_30/share/cw1_team_30/launch
[35.583s] -- Up-to-date: /home/charvi/comp0250_s26_labs/install/cw1_team_30/share/cw1_team_30/launch/run_solution.launch.py
[35.583s] -- Up-to-date: /home/charvi/comp0250_s26_labs/install/cw1_team_30/share/ament_index/resource_index/package_run_dependencies/cw1_team_30
[35.583s] -- Up-to-date: /home/charvi/comp0250_s26_labs/install/cw1_team_30/share/ament_index/resource_index/parent_prefix_path/cw1_team_30
[35.583s] -- Up-to-date: /home/charvi/comp0250_s26_labs/install/cw1_team_30/share/cw1_team_30/environment/ament_prefix_path.sh
[35.583s] -- Up-to-date: /home/charvi/comp0250_s26_labs/install/cw1_team_30/share/cw1_team_30/environment/ament_prefix_path.dsv
[35.583s] -- Up-to-date: /home/charvi/comp0250_s26_labs/install/cw1_team_30/share/cw1_team_30/environment/path.sh
[35.584s] -- Up-to-date: /home/charvi/comp0250_s26_labs/install/cw1_team_30/share/cw1_team_30/environment/path.dsv
[35.584s] -- Up-to-date: /home/charvi/comp0250_s26_labs/install/cw1_team_30/share/cw1_team_30/local_setup.bash
[35.584s] -- Up-to-date: /home/charvi/comp0250_s26_labs/install/cw1_team_30/share/cw1_team_30/local_setup.sh
[35.584s] -- Up-to-date: /home/charvi/comp0250_s26_labs/install/cw1_team_30/share/cw1_team_30/local_setup.zsh
[35.584s] -- Up-to-date: /home/charvi/comp0250_s26_labs/install/cw1_team_30/share/cw1_team_30/local_setup.dsv
[35.584s] -- Installing: /home/charvi/comp0250_s26_labs/install/cw1_team_30/share/cw1_team_30/package.dsv
[35.585s] -- Up-to-date: /home/charvi/comp0250_s26_labs/install/cw1_team_30/share/ament_index/resource_index/packages/cw1_team_30
[35.585s] -- Up-to-date: /home/charvi/comp0250_s26_labs/install/cw1_team_30/share/cw1_team_30/cmake/export_cw1_team_30__rosidl_generator_cExport.cmake
[35.586s] -- Up-to-date: /home/charvi/comp0250_s26_labs/install/cw1_team_30/share/cw1_team_30/cmake/export_cw1_team_30__rosidl_generator_cExport-release.cmake
[35.586s] -- Up-to-date: /home/charvi/comp0250_s26_labs/install/cw1_team_30/share/cw1_team_30/cmake/export_cw1_team_30__rosidl_typesupport_fastrtps_cExport.cmake
[35.586s] -- Up-to-date: /home/charvi/comp0250_s26_labs/install/cw1_team_30/share/cw1_team_30/cmake/export_cw1_team_30__rosidl_typesupport_fastrtps_cExport-release.cmake
[35.586s] -- Up-to-date: /home/charvi/comp0250_s26_labs/install/cw1_team_30/share/cw1_team_30/cmake/cw1_team_30__rosidl_typesupport_introspection_cExport.cmake
[35.586s] -- Up-to-date: /home/charvi/comp0250_s26_labs/install/cw1_team_30/share/cw1_team_30/cmake/cw1_team_30__rosidl_typesupport_introspection_cExport-release.cmake
[35.586s] -- Up-to-date: /home/charvi/comp0250_s26_labs/install/cw1_team_30/share/cw1_team_30/cmake/cw1_team_30__rosidl_typesupport_cExport.cmake
[35.587s] -- Up-to-date: /home/charvi/comp0250_s26_labs/install/cw1_team_30/share/cw1_team_30/cmake/cw1_team_30__rosidl_typesupport_cExport-release.cmake
[35.587s] -- Up-to-date: /home/charvi/comp0250_s26_labs/install/cw1_team_30/share/cw1_team_30/cmake/export_cw1_team_30__rosidl_generator_cppExport.cmake
[35.587s] -- Up-to-date: /home/charvi/comp0250_s26_labs/install/cw1_team_30/share/cw1_team_30/cmake/export_cw1_team_30__rosidl_typesupport_fastrtps_cppExport.cmake
[35.587s] -- Up-to-date: /home/charvi/comp0250_s26_labs/install/cw1_team_30/share/cw1_team_30/cmake/export_cw1_team_30__rosidl_typesupport_fastrtps_cppExport-release.cmake
[35.587s] -- Up-to-date: /home/charvi/comp0250_s26_labs/install/cw1_team_30/share/cw1_team_30/cmake/cw1_team_30__rosidl_typesupport_introspection_cppExport.cmake
[35.587s] -- Up-to-date: /home/charvi/comp0250_s26_labs/install/cw1_team_30/share/cw1_team_30/cmake/cw1_team_30__rosidl_typesupport_introspection_cppExport-release.cmake
[35.587s] -- Up-to-date: /home/charvi/comp0250_s26_labs/install/cw1_team_30/share/cw1_team_30/cmake/cw1_team_30__rosidl_typesupport_cppExport.cmake
[35.588s] -- Up-to-date: /home/charvi/comp0250_s26_labs/install/cw1_team_30/share/cw1_team_30/cmake/cw1_team_30__rosidl_typesupport_cppExport-release.cmake
[35.588s] -- Up-to-date: /home/charvi/comp0250_s26_labs/install/cw1_team_30/share/cw1_team_30/cmake/export_cw1_team_30__rosidl_generator_pyExport.cmake
[35.588s] -- Up-to-date: /home/charvi/comp0250_s26_labs/install/cw1_team_30/share/cw1_team_30/cmake/export_cw1_team_30__rosidl_generator_pyExport-release.cmake
[35.588s] -- Up-to-date: /home/charvi/comp0250_s26_labs/install/cw1_team_30/share/cw1_team_30/cmake/rosidl_cmake-extras.cmake
[35.588s] -- Up-to-date: /home/charvi/comp0250_s26_labs/install/cw1_team_30/share/cw1_team_30/cmake/ament_cmake_export_dependencies-extras.cmake
[35.588s] -- Up-to-date: /home/charvi/comp0250_s26_labs/install/cw1_team_30/share/cw1_team_30/cmake/ament_cmake_export_include_directories-extras.cmake
[35.588s] -- Up-to-date: /home/charvi/comp0250_s26_labs/install/cw1_team_30/share/cw1_team_30/cmake/ament_cmake_export_libraries-extras.cmake
[35.589s] -- Up-to-date: /home/charvi/comp0250_s26_labs/install/cw1_team_30/share/cw1_team_30/cmake/ament_cmake_export_targets-extras.cmake
[35.589s] -- Up-to-date: /home/charvi/comp0250_s26_labs/install/cw1_team_30/share/cw1_team_30/cmake/rosidl_cmake_export_typesupport_targets-extras.cmake
[35.589s] -- Up-to-date: /home/charvi/comp0250_s26_labs/install/cw1_team_30/share/cw1_team_30/cmake/rosidl_cmake_export_typesupport_libraries-extras.cmake
[35.589s] -- Up-to-date: /home/charvi/comp0250_s26_labs/install/cw1_team_30/share/cw1_team_30/cmake/cw1_team_30Config.cmake
[35.589s] -- Up-to-date: /home/charvi/comp0250_s26_labs/install/cw1_team_30/share/cw1_team_30/cmake/cw1_team_30Config-version.cmake
[35.589s] -- Up-to-date: /home/charvi/comp0250_s26_labs/install/cw1_team_30/share/cw1_team_30/package.xml
[35.593s] Invoked command in '/home/charvi/comp0250_s26_labs/build/cw1_team_30' returned '0': AMENT_PREFIX_PATH=/home/charvi/comp0250_s26_labs/install/cw1_world_spawner:${AMENT_PREFIX_PATH} CMAKE_PREFIX_PATH=/home/charvi/comp0250_s26_labs/install/cw1_world_spawner:/opt/ros/humble LD_LIBRARY_PATH=/home/charvi/comp0250_s26_labs/install/cw1_world_spawner/lib:${LD_LIBRARY_PATH} PYTHONPATH=/home/charvi/comp0250_s26_labs/install/cw1_world_spawner/local/lib/python3.10/dist-packages:${PYTHONPATH} /usr/bin/cmake --install /home/charvi/comp0250_s26_labs/build/cw1_team_30
