[35m[1mConsolidate compiler generated dependencies of target cw1_team_30__rosidl_generator_c[0m
[  2%] Built target cw1_team_30__cpp
[ 11%] Built target cw1_team_30__rosidl_generator_c
[ 11%] Built target ament_cmake_python_copy_cw1_team_30
[35m[1mConsolidate compiler generated dependencies of target cw1_team_30__rosidl_typesupport_cpp[0m
[35m[1mConsolidate compiler generated dependencies of target cw1_team_30__rosidl_typesupport_fastrtps_c[0m
[35m[1mConsolidate compiler generated dependencies of target cw1_team_30__rosidl_typesupport_c[0m
[35m[1mConsolidate compiler generated dependencies of target cw1_team_30__rosidl_typesupport_introspection_c[0m
[35m[1mConsolidate compiler generated dependencies of target cw1_team_30__rosidl_typesupport_introspection_cpp[0m
[35m[1mConsolidate compiler generated dependencies of target cw1_team_30__rosidl_typesupport_fastrtps_cpp[0m
[ 20%] Built target cw1_team_30__rosidl_typesupport_c
[ 28%] Built target cw1_team_30__rosidl_typesupport_cpp
[ 37%] Built target cw1_team_30__rosidl_typesupport_introspection_c
[ 45%] Built target cw1_team_30__rosidl_typesupport_fastrtps_cpp
[ 54%] Built target cw1_team_30__rosidl_typesupport_fastrtps_c
[ 62%] Built target cw1_team_30__rosidl_typesupport_introspection_cpp
[35m[1mConsolidate compiler generated dependencies of target cw1_team_30_cw1_class_lib[0m
[ 62%] Built target cw1_team_30
[ 65%] [32mBuilding CXX object CMakeFiles/cw1_team_30_cw1_class_lib.dir/src/cw1_class.cpp.o[0m
[ 68%] Built target cw1_team_30__py
[35m[1mConsolidate compiler generated dependencies of target cw1_team_30__rosidl_generator_py[0m
[ 74%] Built target cw1_team_30__rosidl_generator_py
[35m[1mConsolidate compiler generated dependencies of target cw1_team_30__rosidl_typesupport_c__pyext[0m
[35m[1mConsolidate compiler generated dependencies of target cw1_team_30__rosidl_typesupport_introspection_c__pyext[0m
[35m[1mConsolidate compiler generated dependencies of target cw1_team_30__rosidl_typesupport_fastrtps_c__pyext[0m
[ 91%] Built target cw1_team_30__rosidl_typesupport_c__pyext
[ 91%] Built target cw1_team_30__rosidl_typesupport_introspection_c__pyext
[ 91%] Built target cw1_team_30__rosidl_typesupport_fastrtps_c__pyext
running egg_info
writing cw1_team_30.egg-info/PKG-INFO
writing dependency_links to cw1_team_30.egg-info/dependency_links.txt
writing top-level names to cw1_team_30.egg-info/top_level.txt
reading manifest file 'cw1_team_30.egg-info/SOURCES.txt'
writing manifest file 'cw1_team_30.egg-info/SOURCES.txt'
[ 91%] Built target ament_cmake_python_build_cw1_team_30_egg
In file included from [01m[K/home/charvi/comp0250_s26_labs/courseworks/cw1_team_30/src/cw1_class.cpp:6[m[K:
[01m[K/home/charvi/comp0250_s26_labs/courseworks/cw1_team_30/include/cw1_class.h:93:51:[m[K [01;31m[Kerror: [m[K‘[01m[KSharedPtr[m[K’ in ‘[01m[Kclass moveit::planning_interface::MoveGroupInterface[m[K’ does not name a type
   93 | moveit::planning_interface::MoveGroupInterface::[01;31m[KSharedPtr[m[K arm_group;
      |                                                 [01;31m[K^~~~~~~~~[m[K

[01m[K/home/charvi/comp0250_s26_labs/courseworks/cw1_team_30/include/cw1_class.h:94:3:[m[K [01;31m[Kerror: [m[K‘[01m[Kmove_it[m[K’ does not name a type; did you mean ‘[01m[Kmode_t[m[K’?
   94 |   [01;31m[Kmove_it[m[K::planning_interface::MoveGroupInterface::SharedPtr hand_group;
      |   [01;31m[K^~~~~~~[m[K
      |   [32m[Kmode_t[m[K
[01m[K/home/charvi/comp0250_s26_labs/courseworks/cw1_team_30/include/cw1_class.h:95:55:[m[K [01;31m[Kerror: [m[K‘[01m[KSharedPtr[m[K’ in ‘[01m[Kclass moveit::planning_interface::PlanningSceneInterface[m[K’ does not name a type
   95 | it::planning_interface::PlanningSceneInterface::[01;31m[KSharedPtr[m[K planning_scene_interface_;
      |                                                 [01;31m[K^~~~~~~~~[m[K

[01m[K/home/charvi/comp0250_s26_labs/courseworks/cw1_team_30/src/cw1_class.cpp:[m[K In constructor ‘[01m[Kcw1::cw1(const SharedPtr&)[m[K’:
[01m[K/home/charvi/comp0250_s26_labs/courseworks/cw1_team_30/src/cw1_class.cpp:121:3:[m[K [01;31m[Kerror: [m[K‘[01m[Karm_group[m[K’ was not declared in this scope
  121 |   [01;31m[Karm_group[m[K = std::make_shared<moveit::planning_interface::MoveGroupInterface>(node_, "panda_arm");
      |   [01;31m[K^~~~~~~~~[m[K
[01m[K/home/charvi/comp0250_s26_labs/courseworks/cw1_team_30/src/cw1_class.cpp:122:3:[m[K [01;31m[Kerror: [m[K‘[01m[Khand_group[m[K’ was not declared in this scope
  122 |   [01;31m[Khand_group[m[K = std::make_shared<moveit::planning_interface::MoveGroupInterface>(node_, "hand");
      |   [01;31m[K^~~~~~~~~~[m[K
[01m[K/home/charvi/comp0250_s26_labs/courseworks/cw1_team_30/src/cw1_class.cpp:[m[K In member function ‘[01m[Kbool cw1::moveToPose(geometry_msgs::msg::Pose)[m[K’:
[01m[K/home/charvi/comp0250_s26_labs/courseworks/cw1_team_30/src/cw1_class.cpp:131:3:[m[K [01;31m[Kerror: [m[K‘[01m[Karm_group[m[K’ was not declared in this scope
  131 |   [01;31m[Karm_group[m[K->setPoseTarget(target_pose);
      |   [01;31m[K^~~~~~~~~[m[K
[01m[K/home/charvi/comp0250_s26_labs/courseworks/cw1_team_30/src/cw1_class.cpp:134:89:[m[K [01;35m[Kwarning: [m[K‘[01m[Kusing MoveItErrorCode = class moveit::core::MoveItErrorCode[m[K’ is deprecated: Use moveit::core::MoveItErrorCode [[01;35m[K]8;;https://gcc.gnu.org/onlinedocs/gcc/Warning-Options.html#index-Wdeprecated-declarations-Wdeprecated-declarations]8;;[m[K]
  134 | ) == moveit::planning_interface::MoveItErrorCode::[01;35m[KSUCCESS[m[K);
      |                                                   [01;35m[K^~~~~~~[m[K

In file included from [01m[K/home/charvi/comp0250_s26_labs/courseworks/cw1_team_30/include/cw1_class.h:25[m[K,
                 from [01m[K/home/charvi/comp0250_s26_labs/courseworks/cw1_team_30/src/cw1_class.cpp:6[m[K:
[01m[K/opt/ros/humble/include/moveit/move_group_interface/move_group_interface.h:71:7:[m[K [01;36m[Knote: [m[Kdeclared here
   71 | using [01;36m[KMoveItErrorCode[m[K [[deprecated("Use moveit::core::MoveItErrorCode")]] = moveit::core::MoveItErrorCode;
      |       [01;36m[K^~~~~~~~~~~~~~~[m[K
[01m[K/home/charvi/comp0250_s26_labs/courseworks/cw1_team_30/src/cw1_class.cpp:136:89:[m[K [01;35m[Kwarning: [m[K‘[01m[Kusing MoveItErrorCode = class moveit::core::MoveItErrorCode[m[K’ is deprecated: Use moveit::core::MoveItErrorCode [[01;35m[K]8;;https://gcc.gnu.org/onlinedocs/gcc/Warning-Options.html#index-Wdeprecated-declarations-Wdeprecated-declarations]8;;[m[K]
  136 | ) == moveit::planning_interface::MoveItErrorCode::[01;35m[KSUCCESS[m[K);
      |                                                   [01;35m[K^~~~~~~[m[K

In file included from [01m[K/home/charvi/comp0250_s26_labs/courseworks/cw1_team_30/include/cw1_class.h:25[m[K,
                 from [01m[K/home/charvi/comp0250_s26_labs/courseworks/cw1_team_30/src/cw1_class.cpp:6[m[K:
[01m[K/opt/ros/humble/include/moveit/move_group_interface/move_group_interface.h:71:7:[m[K [01;36m[Knote: [m[Kdeclared here
   71 | using [01;36m[KMoveItErrorCode[m[K [[deprecated("Use moveit::core::MoveItErrorCode")]] = moveit::core::MoveItErrorCode;
      |       [01;36m[K^~~~~~~~~~~~~~~[m[K
[01m[K/home/charvi/comp0250_s26_labs/courseworks/cw1_team_30/src/cw1_class.cpp:[m[K At global scope:
[01m[K/home/charvi/comp0250_s26_labs/courseworks/cw1_team_30/src/cw1_class.cpp:141:6:[m[K [01;31m[Kerror: [m[Kno declaration matches ‘[01m[Kbool cw1::setGripper(double)[m[K’
  141 | bool [01;31m[Kcw1[m[K::setGripper(double width)
      |      [01;31m[K^~~[m[K
[01m[K/home/charvi/comp0250_s26_labs/courseworks/cw1_team_30/src/cw1_class.cpp:141:6:[m[K [01;36m[Knote: [m[Kno functions named ‘[01m[Kbool cw1::setGripper(double)[m[K’
In file included from [01m[K/home/charvi/comp0250_s26_labs/courseworks/cw1_team_30/src/cw1_class.cpp:6[m[K:
[01m[K/home/charvi/comp0250_s26_labs/courseworks/cw1_team_30/include/cw1_class.h:30:7:[m[K [01;36m[Knote: [m[K‘[01m[Kclass cw1[m[K’ defined here
   30 | class [01;36m[Kcw1[m[K
      |       [01;36m[K^~~[m[K
[01m[K/home/charvi/comp0250_s26_labs/courseworks/cw1_team_30/src/cw1_class.cpp:[m[K In member function ‘[01m[Kvoid cw1::t1_callback(std::shared_ptr<cw1_world_spawner::srv::Task1Service_Request_<std::allocator<void> > >, std::shared_ptr<cw1_world_spawner::srv::Task1Service_Response_<std::allocator<void> > >)[m[K’:
[01m[K/home/charvi/comp0250_s26_labs/courseworks/cw1_team_30/src/cw1_class.cpp:171:3:[m[K [01;31m[Kerror: [m[K‘[01m[KsetGripper[m[K’ was not declared in this scope; did you mean ‘[01m[KopenGripper[m[K’?
  171 |   [01;31m[KsetGripper[m[K(0.04);
      |   [01;31m[K^~~~~~~~~~[m[K
      |   [32m[KopenGripper[m[K
gmake[2]: *** [CMakeFiles/cw1_team_30_cw1_class_lib.dir/build.make:76: CMakeFiles/cw1_team_30_cw1_class_lib.dir/src/cw1_class.cpp.o] Error 1
gmake[1]: *** [CMakeFiles/Makefile2:595: CMakeFiles/cw1_team_30_cw1_class_lib.dir/all] Error 2
gmake: *** [Makefile:146: all] Error 2
