[0.047s] Invoking command in '/home/charvi/comp0250_s26_labs/build/cw1_team_30': CMAKE_PREFIX_PATH=/home/charvi/comp0250_s26_labs/install/cw1_world_spawner:/home/charvi/comp0250_s26_labs/install/rpl_panda_with_rs:/home/charvi/comp0250_s26_labs/install/realsense_gazebo_plugin:/home/charvi/comp0250_s26_labs/install/panda_moveit_config:/home/charvi/comp0250_s26_labs/install/panda_description:/home/charvi/comp0250_s26_labs/install/cw1_team_x:/home/charvi/comp0250_s26_labs/install/cw1_team_30:/opt/ros/humble LD_LIBRARY_PATH=/home/charvi/comp0250_s26_labs/install/cw1_world_spawner/lib:/home/charvi/comp0250_s26_labs/install/realsense_gazebo_plugin/lib:/home/charvi/comp0250_s26_labs/install/cw1_team_x/lib:/home/charvi/comp0250_s26_labs/install/cw1_team_30/lib:/usr/lib/x86_64-linux-gnu/gazebo-11/plugins:/opt/ros/humble/opt/rviz_ogre_vendor/lib:/opt/ros/humble/lib/x86_64-linux-gnu:/opt/ros/humble/lib /usr/bin/cmake --build /home/charvi/comp0250_s26_labs/build/cw1_team_30 -- -j12 -l12
[0.253s] [35m[1mConsolidate compiler generated dependencies of target cw1_team_30__rosidl_generator_c[0m
[0.293s] [  2%] Built target cw1_team_30__cpp
[0.299s] [ 11%] Built target cw1_team_30__rosidl_generator_c
[0.340s] [ 11%] Built target ament_cmake_python_copy_cw1_team_30
[0.341s] [35m[1mConsolidate compiler generated dependencies of target cw1_team_30__rosidl_typesupport_cpp[0m
[0.350s] [35m[1mConsolidate compiler generated dependencies of target cw1_team_30__rosidl_typesupport_fastrtps_c[0m
[0.351s] [35m[1mConsolidate compiler generated dependencies of target cw1_team_30__rosidl_typesupport_c[0m
[0.353s] [35m[1mConsolidate compiler generated dependencies of target cw1_team_30__rosidl_typesupport_introspection_c[0m
[0.356s] [35m[1mConsolidate compiler generated dependencies of target cw1_team_30__rosidl_typesupport_introspection_cpp[0m
[0.357s] [35m[1mConsolidate compiler generated dependencies of target cw1_team_30__rosidl_typesupport_fastrtps_cpp[0m
[0.401s] [ 20%] Built target cw1_team_30__rosidl_typesupport_c
[0.404s] [ 28%] Built target cw1_team_30__rosidl_typesupport_cpp
[0.414s] [ 37%] Built target cw1_team_30__rosidl_typesupport_introspection_c
[0.420s] [ 45%] Built target cw1_team_30__rosidl_typesupport_fastrtps_cpp
[0.422s] [ 54%] Built target cw1_team_30__rosidl_typesupport_fastrtps_c
[0.427s] [ 62%] Built target cw1_team_30__rosidl_typesupport_introspection_cpp
[0.456s] [35m[1mConsolidate compiler generated dependencies of target cw1_team_30_cw1_class_lib[0m
[0.485s] [ 62%] Built target cw1_team_30
[0.494s] [ 65%] [32mBuilding CXX object CMakeFiles/cw1_team_30_cw1_class_lib.dir/src/cw1_class.cpp.o[0m
[0.515s] [ 68%] Built target cw1_team_30__py
[0.526s] [35m[1mConsolidate compiler generated dependencies of target cw1_team_30__rosidl_generator_py[0m
[0.540s] [ 74%] Built target cw1_team_30__rosidl_generator_py
[0.551s] [35m[1mConsolidate compiler generated dependencies of target cw1_team_30__rosidl_typesupport_c__pyext[0m
[0.551s] [35m[1mConsolidate compiler generated dependencies of target cw1_team_30__rosidl_typesupport_introspection_c__pyext[0m
[0.552s] [35m[1mConsolidate compiler generated dependencies of target cw1_team_30__rosidl_typesupport_fastrtps_c__pyext[0m
[0.565s] [ 91%] Built target cw1_team_30__rosidl_typesupport_c__pyext
[0.565s] [ 91%] Built target cw1_team_30__rosidl_typesupport_introspection_c__pyext
[0.565s] [ 91%] Built target cw1_team_30__rosidl_typesupport_fastrtps_c__pyext
[0.716s] running egg_info
[0.754s] writing cw1_team_30.egg-info/PKG-INFO
[0.755s] writing dependency_links to cw1_team_30.egg-info/dependency_links.txt
[0.755s] writing top-level names to cw1_team_30.egg-info/top_level.txt
[0.837s] reading manifest file 'cw1_team_30.egg-info/SOURCES.txt'
[0.838s] writing manifest file 'cw1_team_30.egg-info/SOURCES.txt'
[0.866s] [ 91%] Built target ament_cmake_python_build_cw1_team_30_egg
[5.819s] In file included from [01m[K/home/charvi/comp0250_s26_labs/courseworks/cw1_team_30/src/cw1_class.cpp:6[m[K:
[5.819s] [01m[K/home/charvi/comp0250_s26_labs/courseworks/cw1_team_30/include/cw1_class.h:93:51:[m[K [01;31m[Kerror: [m[K‘[01m[KSharedPtr[m[K’ in ‘[01m[Kclass moveit::planning_interface::MoveGroupInterface[m[K’ does not name a type
[5.819s]    93 | moveit::planning_interface::MoveGroupInterface::[01;31m[KSharedPtr[m[K arm_group;
[5.819s]       |                                                 [01;31m[K^~~~~~~~~[m[K
[5.819s] 
[5.821s] [01m[K/home/charvi/comp0250_s26_labs/courseworks/cw1_team_30/include/cw1_class.h:94:3:[m[K [01;31m[Kerror: [m[K‘[01m[Kmove_it[m[K’ does not name a type; did you mean ‘[01m[Kmode_t[m[K’?
[5.821s]    94 |   [01;31m[Kmove_it[m[K::planning_interface::MoveGroupInterface::SharedPtr hand_group;
[5.821s]       |   [01;31m[K^~~~~~~[m[K
[5.821s]       |   [32m[Kmode_t[m[K
[5.821s] [01m[K/home/charvi/comp0250_s26_labs/courseworks/cw1_team_30/include/cw1_class.h:95:55:[m[K [01;31m[Kerror: [m[K‘[01m[KSharedPtr[m[K’ in ‘[01m[Kclass moveit::planning_interface::PlanningSceneInterface[m[K’ does not name a type
[5.821s]    95 | it::planning_interface::PlanningSceneInterface::[01;31m[KSharedPtr[m[K planning_scene_interface_;
[5.821s]       |                                                 [01;31m[K^~~~~~~~~[m[K
[5.821s] 
[5.851s] [01m[K/home/charvi/comp0250_s26_labs/courseworks/cw1_team_30/src/cw1_class.cpp:[m[K In constructor ‘[01m[Kcw1::cw1(const SharedPtr&)[m[K’:
[5.852s] [01m[K/home/charvi/comp0250_s26_labs/courseworks/cw1_team_30/src/cw1_class.cpp:121:3:[m[K [01;31m[Kerror: [m[K‘[01m[Karm_group[m[K’ was not declared in this scope
[5.852s]   121 |   [01;31m[Karm_group[m[K = std::make_shared<moveit::planning_interface::MoveGroupInterface>(node_, "panda_arm");
[5.852s]       |   [01;31m[K^~~~~~~~~[m[K
[5.862s] [01m[K/home/charvi/comp0250_s26_labs/courseworks/cw1_team_30/src/cw1_class.cpp:122:3:[m[K [01;31m[Kerror: [m[K‘[01m[Khand_group[m[K’ was not declared in this scope
[5.862s]   122 |   [01;31m[Khand_group[m[K = std::make_shared<moveit::planning_interface::MoveGroupInterface>(node_, "hand");
[5.862s]       |   [01;31m[K^~~~~~~~~~[m[K
[5.871s] [01m[K/home/charvi/comp0250_s26_labs/courseworks/cw1_team_30/src/cw1_class.cpp:[m[K In member function ‘[01m[Kbool cw1::moveToPose(geometry_msgs::msg::Pose)[m[K’:
[5.871s] [01m[K/home/charvi/comp0250_s26_labs/courseworks/cw1_team_30/src/cw1_class.cpp:131:3:[m[K [01;31m[Kerror: [m[K‘[01m[Karm_group[m[K’ was not declared in this scope
[5.871s]   131 |   [01;31m[Karm_group[m[K->setPoseTarget(target_pose);
[5.871s]       |   [01;31m[K^~~~~~~~~[m[K
[5.872s] [01m[K/home/charvi/comp0250_s26_labs/courseworks/cw1_team_30/src/cw1_class.cpp:134:89:[m[K [01;35m[Kwarning: [m[K‘[01m[Kusing MoveItErrorCode = class moveit::core::MoveItErrorCode[m[K’ is deprecated: Use moveit::core::MoveItErrorCode [[01;35m[K]8;;https://gcc.gnu.org/onlinedocs/gcc/Warning-Options.html#index-Wdeprecated-declarations-Wdeprecated-declarations]8;;[m[K]
[5.872s]   134 | ) == moveit::planning_interface::MoveItErrorCode::[01;35m[KSUCCESS[m[K);
[5.872s]       |                                                   [01;35m[K^~~~~~~[m[K
[5.872s] 
[5.872s] In file included from [01m[K/home/charvi/comp0250_s26_labs/courseworks/cw1_team_30/include/cw1_class.h:25[m[K,
[5.872s]                  from [01m[K/home/charvi/comp0250_s26_labs/courseworks/cw1_team_30/src/cw1_class.cpp:6[m[K:
[5.872s] [01m[K/opt/ros/humble/include/moveit/move_group_interface/move_group_interface.h:71:7:[m[K [01;36m[Knote: [m[Kdeclared here
[5.872s]    71 | using [01;36m[KMoveItErrorCode[m[K [[deprecated("Use moveit::core::MoveItErrorCode")]] = moveit::core::MoveItErrorCode;
[5.872s]       |       [01;36m[K^~~~~~~~~~~~~~~[m[K
[5.873s] [01m[K/home/charvi/comp0250_s26_labs/courseworks/cw1_team_30/src/cw1_class.cpp:136:89:[m[K [01;35m[Kwarning: [m[K‘[01m[Kusing MoveItErrorCode = class moveit::core::MoveItErrorCode[m[K’ is deprecated: Use moveit::core::MoveItErrorCode [[01;35m[K]8;;https://gcc.gnu.org/onlinedocs/gcc/Warning-Options.html#index-Wdeprecated-declarations-Wdeprecated-declarations]8;;[m[K]
[5.873s]   136 | ) == moveit::planning_interface::MoveItErrorCode::[01;35m[KSUCCESS[m[K);
[5.873s]       |                                                   [01;35m[K^~~~~~~[m[K
[5.873s] 
[5.873s] In file included from [01m[K/home/charvi/comp0250_s26_labs/courseworks/cw1_team_30/include/cw1_class.h:25[m[K,
[5.873s]                  from [01m[K/home/charvi/comp0250_s26_labs/courseworks/cw1_team_30/src/cw1_class.cpp:6[m[K:
[5.873s] [01m[K/opt/ros/humble/include/moveit/move_group_interface/move_group_interface.h:71:7:[m[K [01;36m[Knote: [m[Kdeclared here
[5.873s]    71 | using [01;36m[KMoveItErrorCode[m[K [[deprecated("Use moveit::core::MoveItErrorCode")]] = moveit::core::MoveItErrorCode;
[5.873s]       |       [01;36m[K^~~~~~~~~~~~~~~[m[K
[5.873s] [01m[K/home/charvi/comp0250_s26_labs/courseworks/cw1_team_30/src/cw1_class.cpp:[m[K At global scope:
[5.873s] [01m[K/home/charvi/comp0250_s26_labs/courseworks/cw1_team_30/src/cw1_class.cpp:141:6:[m[K [01;31m[Kerror: [m[Kno declaration matches ‘[01m[Kbool cw1::setGripper(double)[m[K’
[5.874s]   141 | bool [01;31m[Kcw1[m[K::setGripper(double width)
[5.874s]       |      [01;31m[K^~~[m[K
[5.874s] [01m[K/home/charvi/comp0250_s26_labs/courseworks/cw1_team_30/src/cw1_class.cpp:141:6:[m[K [01;36m[Knote: [m[Kno functions named ‘[01m[Kbool cw1::setGripper(double)[m[K’
[5.874s] In file included from [01m[K/home/charvi/comp0250_s26_labs/courseworks/cw1_team_30/src/cw1_class.cpp:6[m[K:
[5.874s] [01m[K/home/charvi/comp0250_s26_labs/courseworks/cw1_team_30/include/cw1_class.h:30:7:[m[K [01;36m[Knote: [m[K‘[01m[Kclass cw1[m[K’ defined here
[5.874s]    30 | class [01;36m[Kcw1[m[K
[5.874s]       |       [01;36m[K^~~[m[K
[5.882s] [01m[K/home/charvi/comp0250_s26_labs/courseworks/cw1_team_30/src/cw1_class.cpp:[m[K In member function ‘[01m[Kvoid cw1::t1_callback(std::shared_ptr<cw1_world_spawner::srv::Task1Service_Request_<std::allocator<void> > >, std::shared_ptr<cw1_world_spawner::srv::Task1Service_Response_<std::allocator<void> > >)[m[K’:
[5.882s] [01m[K/home/charvi/comp0250_s26_labs/courseworks/cw1_team_30/src/cw1_class.cpp:171:3:[m[K [01;31m[Kerror: [m[K‘[01m[KsetGripper[m[K’ was not declared in this scope; did you mean ‘[01m[KopenGripper[m[K’?
[5.882s]   171 |   [01;31m[KsetGripper[m[K(0.04);
[5.883s]       |   [01;31m[K^~~~~~~~~~[m[K
[5.883s]       |   [32m[KopenGripper[m[K
[10.535s] gmake[2]: *** [CMakeFiles/cw1_team_30_cw1_class_lib.dir/build.make:76: CMakeFiles/cw1_team_30_cw1_class_lib.dir/src/cw1_class.cpp.o] Error 1
[10.536s] gmake[1]: *** [CMakeFiles/Makefile2:595: CMakeFiles/cw1_team_30_cw1_class_lib.dir/all] Error 2
[10.536s] gmake: *** [Makefile:146: all] Error 2
[10.538s] Invoked command in '/home/charvi/comp0250_s26_labs/build/cw1_team_30' returned '2': CMAKE_PREFIX_PATH=/home/charvi/comp0250_s26_labs/install/cw1_world_spawner:/home/charvi/comp0250_s26_labs/install/rpl_panda_with_rs:/home/charvi/comp0250_s26_labs/install/realsense_gazebo_plugin:/home/charvi/comp0250_s26_labs/install/panda_moveit_config:/home/charvi/comp0250_s26_labs/install/panda_description:/home/charvi/comp0250_s26_labs/install/cw1_team_x:/home/charvi/comp0250_s26_labs/install/cw1_team_30:/opt/ros/humble LD_LIBRARY_PATH=/home/charvi/comp0250_s26_labs/install/cw1_world_spawner/lib:/home/charvi/comp0250_s26_labs/install/realsense_gazebo_plugin/lib:/home/charvi/comp0250_s26_labs/install/cw1_team_x/lib:/home/charvi/comp0250_s26_labs/install/cw1_team_30/lib:/usr/lib/x86_64-linux-gnu/gazebo-11/plugins:/opt/ros/humble/opt/rviz_ogre_vendor/lib:/opt/ros/humble/lib/x86_64-linux-gnu:/opt/ros/humble/lib /usr/bin/cmake --build /home/charvi/comp0250_s26_labs/build/cw1_team_30 -- -j12 -l12
