[0.163s] DEBUG:colcon:Command line arguments: ['/usr/bin/colcon', 'build', '--mixin', 'release']
[0.163s] DEBUG:colcon:Parsed command line arguments: Namespace(log_base=None, log_level=None, verb_name='build', build_base='build', install_base='install', merge_install=False, symlink_install=False, test_result_base=None, continue_on_error=False, executor='parallel', parallel_workers=12, event_handlers=None, ignore_user_meta=False, metas=['./colcon.meta'], base_paths=['.'], packages_ignore=None, packages_ignore_regex=None, paths=None, packages_up_to=None, packages_up_to_regex=None, packages_above=None, packages_above_and_dependencies=None, packages_above_depth=None, packages_select_by_dep=None, packages_skip_by_dep=None, packages_skip_up_to=None, packages_select_build_failed=False, packages_skip_build_finished=False, packages_select_test_failures=False, packages_skip_test_passed=False, packages_select=None, packages_skip=None, packages_select_regex=None, packages_skip_regex=None, packages_start=None, packages_end=None, allow_overriding=[], cmake_args=['-DCMAKE_BUILD_TYPE=Release'], cmake_target=None, cmake_target_skip_unavailable=False, cmake_clean_cache=False, cmake_clean_first=False, cmake_force_configure=False, ament_cmake_args=None, catkin_cmake_args=None, catkin_skip_building_tests=False, mixin_files=None, mixin=['release'], verb_parser=<colcon_mixin.mixin.mixin_argument.MixinArgumentDecorator object at 0x736b5841d120>, verb_extension=<colcon_core.verb.build.BuildVerb object at 0x736b5841cc70>, main=<bound method BuildVerb.main of <colcon_core.verb.build.BuildVerb object at 0x736b5841cc70>>, mixin_verb=('build',))
[0.201s] Level 1:colcon.colcon_core.package_discovery:discover_packages(colcon_meta) check parameters
[0.201s] Level 1:colcon.colcon_core.package_discovery:discover_packages(recursive) check parameters
[0.201s] Level 1:colcon.colcon_core.package_discovery:discover_packages(ignore) check parameters
[0.201s] Level 1:colcon.colcon_core.package_discovery:discover_packages(path) check parameters
[0.201s] Level 1:colcon.colcon_core.package_discovery:discover_packages(colcon_meta) discover
[0.201s] Level 1:colcon.colcon_core.package_discovery:discover_packages(recursive) discover
[0.201s] INFO:colcon.colcon_core.package_discovery:Crawling recursively for packages in '/home/charvi/comp0250_s26_labs'
[0.201s] Level 1:colcon.colcon_core.package_identification:_identify(.) by extensions ['ignore', 'ignore_ament_install']
[0.201s] Level 1:colcon.colcon_core.package_identification:_identify(.) by extension 'ignore'
[0.201s] Level 1:colcon.colcon_core.package_identification:_identify(.) by extension 'ignore_ament_install'
[0.201s] Level 1:colcon.colcon_core.package_identification:_identify(.) by extensions ['colcon_pkg']
[0.201s] Level 1:colcon.colcon_core.package_identification:_identify(.) by extension 'colcon_pkg'
[0.201s] Level 1:colcon.colcon_core.package_identification:_identify(.) by extensions ['colcon_meta']
[0.201s] Level 1:colcon.colcon_core.package_identification:_identify(.) by extension 'colcon_meta'
[0.201s] Level 1:colcon.colcon_core.package_identification:_identify(.) by extensions ['ros']
[0.201s] Level 1:colcon.colcon_core.package_identification:_identify(.) by extension 'ros'
[0.217s] Level 1:colcon.colcon_core.package_identification:_identify(.) by extensions ['cmake', 'python']
[0.217s] Level 1:colcon.colcon_core.package_identification:_identify(.) by extension 'cmake'
[0.217s] Level 1:colcon.colcon_core.package_identification:_identify(.) by extension 'python'
[0.217s] Level 1:colcon.colcon_core.package_identification:_identify(.) by extensions ['python_setup_py']
[0.217s] Level 1:colcon.colcon_core.package_identification:_identify(.) by extension 'python_setup_py'
[0.217s] Level 1:colcon.colcon_core.package_identification:_identify(build) by extensions ['ignore', 'ignore_ament_install']
[0.217s] Level 1:colcon.colcon_core.package_identification:_identify(build) by extension 'ignore'
[0.217s] Level 1:colcon.colcon_core.package_identification:_identify(build) ignored
[0.217s] Level 1:colcon.colcon_core.package_identification:_identify(courseworks) by extensions ['ignore', 'ignore_ament_install']
[0.218s] Level 1:colcon.colcon_core.package_identification:_identify(courseworks) by extension 'ignore'
[0.218s] Level 1:colcon.colcon_core.package_identification:_identify(courseworks) by extension 'ignore_ament_install'
[0.218s] Level 1:colcon.colcon_core.package_identification:_identify(courseworks) by extensions ['colcon_pkg']
[0.218s] Level 1:colcon.colcon_core.package_identification:_identify(courseworks) by extension 'colcon_pkg'
[0.218s] Level 1:colcon.colcon_core.package_identification:_identify(courseworks) by extensions ['colcon_meta']
[0.218s] Level 1:colcon.colcon_core.package_identification:_identify(courseworks) by extension 'colcon_meta'
[0.218s] Level 1:colcon.colcon_core.package_identification:_identify(courseworks) by extensions ['ros']
[0.218s] Level 1:colcon.colcon_core.package_identification:_identify(courseworks) by extension 'ros'
[0.218s] Level 1:colcon.colcon_core.package_identification:_identify(courseworks) by extensions ['cmake', 'python']
[0.218s] Level 1:colcon.colcon_core.package_identification:_identify(courseworks) by extension 'cmake'
[0.218s] Level 1:colcon.colcon_core.package_identification:_identify(courseworks) by extension 'python'
[0.218s] Level 1:colcon.colcon_core.package_identification:_identify(courseworks) by extensions ['python_setup_py']
[0.218s] Level 1:colcon.colcon_core.package_identification:_identify(courseworks) by extension 'python_setup_py'
[0.218s] Level 1:colcon.colcon_core.package_identification:_identify(courseworks/cw1_team_30) by extensions ['ignore', 'ignore_ament_install']
[0.218s] Level 1:colcon.colcon_core.package_identification:_identify(courseworks/cw1_team_30) by extension 'ignore'
[0.218s] Level 1:colcon.colcon_core.package_identification:_identify(courseworks/cw1_team_30) by extension 'ignore_ament_install'
[0.218s] Level 1:colcon.colcon_core.package_identification:_identify(courseworks/cw1_team_30) by extensions ['colcon_pkg']
[0.219s] Level 1:colcon.colcon_core.package_identification:_identify(courseworks/cw1_team_30) by extension 'colcon_pkg'
[0.219s] Level 1:colcon.colcon_core.package_identification:_identify(courseworks/cw1_team_30) by extensions ['colcon_meta']
[0.219s] Level 1:colcon.colcon_core.package_identification:_identify(courseworks/cw1_team_30) by extension 'colcon_meta'
[0.219s] Level 1:colcon.colcon_core.package_identification:_identify(courseworks/cw1_team_30) by extensions ['ros']
[0.219s] Level 1:colcon.colcon_core.package_identification:_identify(courseworks/cw1_team_30) by extension 'ros'
[0.222s] DEBUG:colcon.colcon_core.package_identification:Package 'courseworks/cw1_team_30' with type 'ros.ament_cmake' and name 'cw1_team_30'
[0.222s] Level 1:colcon.colcon_core.package_identification:_identify(courseworks/cw1_world_spawner) by extensions ['ignore', 'ignore_ament_install']
[0.222s] Level 1:colcon.colcon_core.package_identification:_identify(courseworks/cw1_world_spawner) by extension 'ignore'
[0.222s] Level 1:colcon.colcon_core.package_identification:_identify(courseworks/cw1_world_spawner) by extension 'ignore_ament_install'
[0.222s] Level 1:colcon.colcon_core.package_identification:_identify(courseworks/cw1_world_spawner) by extensions ['colcon_pkg']
[0.222s] Level 1:colcon.colcon_core.package_identification:_identify(courseworks/cw1_world_spawner) by extension 'colcon_pkg'
[0.222s] Level 1:colcon.colcon_core.package_identification:_identify(courseworks/cw1_world_spawner) by extensions ['colcon_meta']
[0.222s] Level 1:colcon.colcon_core.package_identification:_identify(courseworks/cw1_world_spawner) by extension 'colcon_meta'
[0.222s] Level 1:colcon.colcon_core.package_identification:_identify(courseworks/cw1_world_spawner) by extensions ['ros']
[0.222s] Level 1:colcon.colcon_core.package_identification:_identify(courseworks/cw1_world_spawner) by extension 'ros'
[0.223s] DEBUG:colcon.colcon_core.package_identification:Package 'courseworks/cw1_world_spawner' with type 'ros.ament_cmake' and name 'cw1_world_spawner'
[0.223s] Level 1:colcon.colcon_core.package_identification:_identify(courseworks/panda_description) by extensions ['ignore', 'ignore_ament_install']
[0.223s] Level 1:colcon.colcon_core.package_identification:_identify(courseworks/panda_description) by extension 'ignore'
[0.223s] Level 1:colcon.colcon_core.package_identification:_identify(courseworks/panda_description) by extension 'ignore_ament_install'
[0.223s] Level 1:colcon.colcon_core.package_identification:_identify(courseworks/panda_description) by extensions ['colcon_pkg']
[0.223s] Level 1:colcon.colcon_core.package_identification:_identify(courseworks/panda_description) by extension 'colcon_pkg'
[0.223s] Level 1:colcon.colcon_core.package_identification:_identify(courseworks/panda_description) by extensions ['colcon_meta']
[0.223s] Level 1:colcon.colcon_core.package_identification:_identify(courseworks/panda_description) by extension 'colcon_meta'
[0.223s] Level 1:colcon.colcon_core.package_identification:_identify(courseworks/panda_description) by extensions ['ros']
[0.223s] Level 1:colcon.colcon_core.package_identification:_identify(courseworks/panda_description) by extension 'ros'
[0.224s] DEBUG:colcon.colcon_core.package_identification:Package 'courseworks/panda_description' with type 'ros.ament_cmake' and name 'panda_description'
[0.224s] Level 1:colcon.colcon_core.package_identification:_identify(courseworks/panda_moveit_config) by extensions ['ignore', 'ignore_ament_install']
[0.224s] Level 1:colcon.colcon_core.package_identification:_identify(courseworks/panda_moveit_config) by extension 'ignore'
[0.224s] Level 1:colcon.colcon_core.package_identification:_identify(courseworks/panda_moveit_config) by extension 'ignore_ament_install'
[0.224s] Level 1:colcon.colcon_core.package_identification:_identify(courseworks/panda_moveit_config) by extensions ['colcon_pkg']
[0.224s] Level 1:colcon.colcon_core.package_identification:_identify(courseworks/panda_moveit_config) by extension 'colcon_pkg'
[0.224s] Level 1:colcon.colcon_core.package_identification:_identify(courseworks/panda_moveit_config) by extensions ['colcon_meta']
[0.224s] Level 1:colcon.colcon_core.package_identification:_identify(courseworks/panda_moveit_config) by extension 'colcon_meta'
[0.224s] Level 1:colcon.colcon_core.package_identification:_identify(courseworks/panda_moveit_config) by extensions ['ros']
[0.224s] Level 1:colcon.colcon_core.package_identification:_identify(courseworks/panda_moveit_config) by extension 'ros'
[0.226s] DEBUG:colcon.colcon_core.package_identification:Package 'courseworks/panda_moveit_config' with type 'ros.ament_cmake' and name 'panda_moveit_config'
[0.226s] Level 1:colcon.colcon_core.package_identification:_identify(courseworks/realsense_gazebo_plugin) by extensions ['ignore', 'ignore_ament_install']
[0.226s] Level 1:colcon.colcon_core.package_identification:_identify(courseworks/realsense_gazebo_plugin) by extension 'ignore'
[0.226s] Level 1:colcon.colcon_core.package_identification:_identify(courseworks/realsense_gazebo_plugin) by extension 'ignore_ament_install'
[0.226s] Level 1:colcon.colcon_core.package_identification:_identify(courseworks/realsense_gazebo_plugin) by extensions ['colcon_pkg']
[0.226s] Level 1:colcon.colcon_core.package_identification:_identify(courseworks/realsense_gazebo_plugin) by extension 'colcon_pkg'
[0.226s] Level 1:colcon.colcon_core.package_identification:_identify(courseworks/realsense_gazebo_plugin) by extensions ['colcon_meta']
[0.226s] Level 1:colcon.colcon_core.package_identification:_identify(courseworks/realsense_gazebo_plugin) by extension 'colcon_meta'
[0.226s] Level 1:colcon.colcon_core.package_identification:_identify(courseworks/realsense_gazebo_plugin) by extensions ['ros']
[0.226s] Level 1:colcon.colcon_core.package_identification:_identify(courseworks/realsense_gazebo_plugin) by extension 'ros'
[0.227s] DEBUG:colcon.colcon_core.package_identification:Package 'courseworks/realsense_gazebo_plugin' with type 'ros.ament_cmake' and name 'realsense_gazebo_plugin'
[0.227s] Level 1:colcon.colcon_core.package_identification:_identify(courseworks/rpl_panda_with_rs) by extensions ['ignore', 'ignore_ament_install']
[0.227s] Level 1:colcon.colcon_core.package_identification:_identify(courseworks/rpl_panda_with_rs) by extension 'ignore'
[0.227s] Level 1:colcon.colcon_core.package_identification:_identify(courseworks/rpl_panda_with_rs) by extension 'ignore_ament_install'
[0.227s] Level 1:colcon.colcon_core.package_identification:_identify(courseworks/rpl_panda_with_rs) by extensions ['colcon_pkg']
[0.228s] Level 1:colcon.colcon_core.package_identification:_identify(courseworks/rpl_panda_with_rs) by extension 'colcon_pkg'
[0.228s] Level 1:colcon.colcon_core.package_identification:_identify(courseworks/rpl_panda_with_rs) by extensions ['colcon_meta']
[0.228s] Level 1:colcon.colcon_core.package_identification:_identify(courseworks/rpl_panda_with_rs) by extension 'colcon_meta'
[0.228s] Level 1:colcon.colcon_core.package_identification:_identify(courseworks/rpl_panda_with_rs) by extensions ['ros']
[0.228s] Level 1:colcon.colcon_core.package_identification:_identify(courseworks/rpl_panda_with_rs) by extension 'ros'
[0.228s] DEBUG:colcon.colcon_core.package_identification:Package 'courseworks/rpl_panda_with_rs' with type 'ros.ament_cmake' and name 'rpl_panda_with_rs'
[0.228s] Level 1:colcon.colcon_core.package_identification:_identify(install) by extensions ['ignore', 'ignore_ament_install']
[0.228s] Level 1:colcon.colcon_core.package_identification:_identify(install) by extension 'ignore'
[0.229s] Level 1:colcon.colcon_core.package_identification:_identify(install) ignored
[0.229s] Level 1:colcon.colcon_core.package_identification:_identify(log) by extensions ['ignore', 'ignore_ament_install']
[0.229s] Level 1:colcon.colcon_core.package_identification:_identify(log) by extension 'ignore'
[0.229s] Level 1:colcon.colcon_core.package_identification:_identify(log) ignored
[0.229s] Level 1:colcon.colcon_core.package_identification:_identify(scripts) by extensions ['ignore', 'ignore_ament_install']
[0.229s] Level 1:colcon.colcon_core.package_identification:_identify(scripts) by extension 'ignore'
[0.229s] Level 1:colcon.colcon_core.package_identification:_identify(scripts) by extension 'ignore_ament_install'
[0.229s] Level 1:colcon.colcon_core.package_identification:_identify(scripts) by extensions ['colcon_pkg']
[0.229s] Level 1:colcon.colcon_core.package_identification:_identify(scripts) by extension 'colcon_pkg'
[0.229s] Level 1:colcon.colcon_core.package_identification:_identify(scripts) by extensions ['colcon_meta']
[0.229s] Level 1:colcon.colcon_core.package_identification:_identify(scripts) by extension 'colcon_meta'
[0.229s] Level 1:colcon.colcon_core.package_identification:_identify(scripts) by extensions ['ros']
[0.229s] Level 1:colcon.colcon_core.package_identification:_identify(scripts) by extension 'ros'
[0.229s] Level 1:colcon.colcon_core.package_identification:_identify(scripts) by extensions ['cmake', 'python']
[0.229s] Level 1:colcon.colcon_core.package_identification:_identify(scripts) by extension 'cmake'
[0.229s] Level 1:colcon.colcon_core.package_identification:_identify(scripts) by extension 'python'
[0.230s] Level 1:colcon.colcon_core.package_identification:_identify(scripts) by extensions ['python_setup_py']
[0.230s] Level 1:colcon.colcon_core.package_identification:_identify(scripts) by extension 'python_setup_py'
[0.230s] Level 1:colcon.colcon_core.package_discovery:discover_packages(recursive) using defaults
[0.230s] Level 1:colcon.colcon_core.package_discovery:discover_packages(ignore) discover
[0.230s] Level 1:colcon.colcon_core.package_discovery:discover_packages(ignore) using defaults
[0.230s] Level 1:colcon.colcon_core.package_discovery:discover_packages(path) discover
[0.230s] Level 1:colcon.colcon_core.package_discovery:discover_packages(path) using defaults
[0.252s] Level 1:colcon.colcon_core.package_discovery:discover_packages(prefix_path) check parameters
[0.252s] Level 1:colcon.colcon_core.package_discovery:discover_packages(prefix_path) discover
[0.254s] DEBUG:colcon.colcon_installed_package_information.package_discovery:Found 405 installed packages in /opt/ros/humble
[0.256s] Level 1:colcon.colcon_core.package_discovery:discover_packages(prefix_path) using defaults
[0.304s] Level 5:colcon.colcon_core.verb:set package 'cw1_world_spawner' build argument 'cmake_args' from command line to '['-DCMAKE_BUILD_TYPE=Release']'
[0.305s] Level 5:colcon.colcon_core.verb:set package 'cw1_world_spawner' build argument 'cmake_target' from command line to 'None'
[0.305s] Level 5:colcon.colcon_core.verb:set package 'cw1_world_spawner' build argument 'cmake_target_skip_unavailable' from command line to 'False'
[0.305s] Level 5:colcon.colcon_core.verb:set package 'cw1_world_spawner' build argument 'cmake_clean_cache' from command line to 'False'
[0.305s] Level 5:colcon.colcon_core.verb:set package 'cw1_world_spawner' build argument 'cmake_clean_first' from command line to 'False'
[0.305s] Level 5:colcon.colcon_core.verb:set package 'cw1_world_spawner' build argument 'cmake_force_configure' from command line to 'False'
[0.305s] Level 5:colcon.colcon_core.verb:set package 'cw1_world_spawner' build argument 'ament_cmake_args' from command line to 'None'
[0.305s] Level 5:colcon.colcon_core.verb:set package 'cw1_world_spawner' build argument 'catkin_cmake_args' from command line to 'None'
[0.305s] Level 5:colcon.colcon_core.verb:set package 'cw1_world_spawner' build argument 'catkin_skip_building_tests' from command line to 'False'
[0.305s] DEBUG:colcon.colcon_core.verb:Building package 'cw1_world_spawner' with the following arguments: {'ament_cmake_args': None, 'build_base': '/home/charvi/comp0250_s26_labs/build/cw1_world_spawner', 'catkin_cmake_args': None, 'catkin_skip_building_tests': False, 'cmake_args': ['-DCMAKE_BUILD_TYPE=Release'], 'cmake_clean_cache': False, 'cmake_clean_first': False, 'cmake_force_configure': False, 'cmake_target': None, 'cmake_target_skip_unavailable': False, 'install_base': '/home/charvi/comp0250_s26_labs/install/cw1_world_spawner', 'merge_install': False, 'path': '/home/charvi/comp0250_s26_labs/courseworks/cw1_world_spawner', 'symlink_install': False, 'test_result_base': None}
[0.305s] Level 5:colcon.colcon_core.verb:set package 'panda_description' build argument 'cmake_args' from command line to '['-DCMAKE_BUILD_TYPE=Release']'
[0.305s] Level 5:colcon.colcon_core.verb:set package 'panda_description' build argument 'cmake_target' from command line to 'None'
[0.305s] Level 5:colcon.colcon_core.verb:set package 'panda_description' build argument 'cmake_target_skip_unavailable' from command line to 'False'
[0.305s] Level 5:colcon.colcon_core.verb:set package 'panda_description' build argument 'cmake_clean_cache' from command line to 'False'
[0.305s] Level 5:colcon.colcon_core.verb:set package 'panda_description' build argument 'cmake_clean_first' from command line to 'False'
[0.305s] Level 5:colcon.colcon_core.verb:set package 'panda_description' build argument 'cmake_force_configure' from command line to 'False'
[0.305s] Level 5:colcon.colcon_core.verb:set package 'panda_description' build argument 'ament_cmake_args' from command line to 'None'
[0.305s] Level 5:colcon.colcon_core.verb:set package 'panda_description' build argument 'catkin_cmake_args' from command line to 'None'
[0.305s] Level 5:colcon.colcon_core.verb:set package 'panda_description' build argument 'catkin_skip_building_tests' from command line to 'False'
[0.305s] DEBUG:colcon.colcon_core.verb:Building package 'panda_description' with the following arguments: {'ament_cmake_args': None, 'build_base': '/home/charvi/comp0250_s26_labs/build/panda_description', 'catkin_cmake_args': None, 'catkin_skip_building_tests': False, 'cmake_args': ['-DCMAKE_BUILD_TYPE=Release'], 'cmake_clean_cache': False, 'cmake_clean_first': False, 'cmake_force_configure': False, 'cmake_target': None, 'cmake_target_skip_unavailable': False, 'install_base': '/home/charvi/comp0250_s26_labs/install/panda_description', 'merge_install': False, 'path': '/home/charvi/comp0250_s26_labs/courseworks/panda_description', 'symlink_install': False, 'test_result_base': None}
[0.306s] Level 5:colcon.colcon_core.verb:set package 'panda_moveit_config' build argument 'cmake_args' from command line to '['-DCMAKE_BUILD_TYPE=Release']'
[0.306s] Level 5:colcon.colcon_core.verb:set package 'panda_moveit_config' build argument 'cmake_target' from command line to 'None'
[0.306s] Level 5:colcon.colcon_core.verb:set package 'panda_moveit_config' build argument 'cmake_target_skip_unavailable' from command line to 'False'
[0.306s] Level 5:colcon.colcon_core.verb:set package 'panda_moveit_config' build argument 'cmake_clean_cache' from command line to 'False'
[0.306s] Level 5:colcon.colcon_core.verb:set package 'panda_moveit_config' build argument 'cmake_clean_first' from command line to 'False'
[0.306s] Level 5:colcon.colcon_core.verb:set package 'panda_moveit_config' build argument 'cmake_force_configure' from command line to 'False'
[0.306s] Level 5:colcon.colcon_core.verb:set package 'panda_moveit_config' build argument 'ament_cmake_args' from command line to 'None'
[0.306s] Level 5:colcon.colcon_core.verb:set package 'panda_moveit_config' build argument 'catkin_cmake_args' from command line to 'None'
[0.306s] Level 5:colcon.colcon_core.verb:set package 'panda_moveit_config' build argument 'catkin_skip_building_tests' from command line to 'False'
[0.306s] DEBUG:colcon.colcon_core.verb:Building package 'panda_moveit_config' with the following arguments: {'ament_cmake_args': None, 'build_base': '/home/charvi/comp0250_s26_labs/build/panda_moveit_config', 'catkin_cmake_args': None, 'catkin_skip_building_tests': False, 'cmake_args': ['-DCMAKE_BUILD_TYPE=Release'], 'cmake_clean_cache': False, 'cmake_clean_first': False, 'cmake_force_configure': False, 'cmake_target': None, 'cmake_target_skip_unavailable': False, 'install_base': '/home/charvi/comp0250_s26_labs/install/panda_moveit_config', 'merge_install': False, 'path': '/home/charvi/comp0250_s26_labs/courseworks/panda_moveit_config', 'symlink_install': False, 'test_result_base': None}
[0.306s] Level 5:colcon.colcon_core.verb:set package 'realsense_gazebo_plugin' build argument 'cmake_args' from command line to '['-DCMAKE_BUILD_TYPE=Release']'
[0.306s] Level 5:colcon.colcon_core.verb:set package 'realsense_gazebo_plugin' build argument 'cmake_target' from command line to 'None'
[0.306s] Level 5:colcon.colcon_core.verb:set package 'realsense_gazebo_plugin' build argument 'cmake_target_skip_unavailable' from command line to 'False'
[0.306s] Level 5:colcon.colcon_core.verb:set package 'realsense_gazebo_plugin' build argument 'cmake_clean_cache' from command line to 'False'
[0.306s] Level 5:colcon.colcon_core.verb:set package 'realsense_gazebo_plugin' build argument 'cmake_clean_first' from command line to 'False'
[0.306s] Level 5:colcon.colcon_core.verb:set package 'realsense_gazebo_plugin' build argument 'cmake_force_configure' from command line to 'False'
[0.306s] Level 5:colcon.colcon_core.verb:set package 'realsense_gazebo_plugin' build argument 'ament_cmake_args' from command line to 'None'
[0.306s] Level 5:colcon.colcon_core.verb:set package 'realsense_gazebo_plugin' build argument 'catkin_cmake_args' from command line to 'None'
[0.306s] Level 5:colcon.colcon_core.verb:set package 'realsense_gazebo_plugin' build argument 'catkin_skip_building_tests' from command line to 'False'
[0.306s] DEBUG:colcon.colcon_core.verb:Building package 'realsense_gazebo_plugin' with the following arguments: {'ament_cmake_args': None, 'build_base': '/home/charvi/comp0250_s26_labs/build/realsense_gazebo_plugin', 'catkin_cmake_args': None, 'catkin_skip_building_tests': False, 'cmake_args': ['-DCMAKE_BUILD_TYPE=Release'], 'cmake_clean_cache': False, 'cmake_clean_first': False, 'cmake_force_configure': False, 'cmake_target': None, 'cmake_target_skip_unavailable': False, 'install_base': '/home/charvi/comp0250_s26_labs/install/realsense_gazebo_plugin', 'merge_install': False, 'path': '/home/charvi/comp0250_s26_labs/courseworks/realsense_gazebo_plugin', 'symlink_install': False, 'test_result_base': None}
[0.307s] Level 5:colcon.colcon_core.verb:set package 'cw1_team_30' build argument 'cmake_args' from command line to '['-DCMAKE_BUILD_TYPE=Release']'
[0.307s] Level 5:colcon.colcon_core.verb:set package 'cw1_team_30' build argument 'cmake_target' from command line to 'None'
[0.307s] Level 5:colcon.colcon_core.verb:set package 'cw1_team_30' build argument 'cmake_target_skip_unavailable' from command line to 'False'
[0.307s] Level 5:colcon.colcon_core.verb:set package 'cw1_team_30' build argument 'cmake_clean_cache' from command line to 'False'
[0.307s] Level 5:colcon.colcon_core.verb:set package 'cw1_team_30' build argument 'cmake_clean_first' from command line to 'False'
[0.307s] Level 5:colcon.colcon_core.verb:set package 'cw1_team_30' build argument 'cmake_force_configure' from command line to 'False'
[0.307s] Level 5:colcon.colcon_core.verb:set package 'cw1_team_30' build argument 'ament_cmake_args' from command line to 'None'
[0.307s] Level 5:colcon.colcon_core.verb:set package 'cw1_team_30' build argument 'catkin_cmake_args' from command line to 'None'
[0.307s] Level 5:colcon.colcon_core.verb:set package 'cw1_team_30' build argument 'catkin_skip_building_tests' from command line to 'False'
[0.307s] DEBUG:colcon.colcon_core.verb:Building package 'cw1_team_30' with the following arguments: {'ament_cmake_args': None, 'build_base': '/home/charvi/comp0250_s26_labs/build/cw1_team_30', 'catkin_cmake_args': None, 'catkin_skip_building_tests': False, 'cmake_args': ['-DCMAKE_BUILD_TYPE=Release'], 'cmake_clean_cache': False, 'cmake_clean_first': False, 'cmake_force_configure': False, 'cmake_target': None, 'cmake_target_skip_unavailable': False, 'install_base': '/home/charvi/comp0250_s26_labs/install/cw1_team_30', 'merge_install': False, 'path': '/home/charvi/comp0250_s26_labs/courseworks/cw1_team_30', 'symlink_install': False, 'test_result_base': None}
[0.307s] Level 5:colcon.colcon_core.verb:set package 'rpl_panda_with_rs' build argument 'cmake_args' from command line to '['-DCMAKE_BUILD_TYPE=Release']'
[0.307s] Level 5:colcon.colcon_core.verb:set package 'rpl_panda_with_rs' build argument 'cmake_target' from command line to 'None'
[0.307s] Level 5:colcon.colcon_core.verb:set package 'rpl_panda_with_rs' build argument 'cmake_target_skip_unavailable' from command line to 'False'
[0.307s] Level 5:colcon.colcon_core.verb:set package 'rpl_panda_with_rs' build argument 'cmake_clean_cache' from command line to 'False'
[0.307s] Level 5:colcon.colcon_core.verb:set package 'rpl_panda_with_rs' build argument 'cmake_clean_first' from command line to 'False'
[0.307s] Level 5:colcon.colcon_core.verb:set package 'rpl_panda_with_rs' build argument 'cmake_force_configure' from command line to 'False'
[0.307s] Level 5:colcon.colcon_core.verb:set package 'rpl_panda_with_rs' build argument 'ament_cmake_args' from command line to 'None'
[0.307s] Level 5:colcon.colcon_core.verb:set package 'rpl_panda_with_rs' build argument 'catkin_cmake_args' from command line to 'None'
[0.307s] Level 5:colcon.colcon_core.verb:set package 'rpl_panda_with_rs' build argument 'catkin_skip_building_tests' from command line to 'False'
[0.307s] DEBUG:colcon.colcon_core.verb:Building package 'rpl_panda_with_rs' with the following arguments: {'ament_cmake_args': None, 'build_base': '/home/charvi/comp0250_s26_labs/build/rpl_panda_with_rs', 'catkin_cmake_args': None, 'catkin_skip_building_tests': False, 'cmake_args': ['-DCMAKE_BUILD_TYPE=Release'], 'cmake_clean_cache': False, 'cmake_clean_first': False, 'cmake_force_configure': False, 'cmake_target': None, 'cmake_target_skip_unavailable': False, 'install_base': '/home/charvi/comp0250_s26_labs/install/rpl_panda_with_rs', 'merge_install': False, 'path': '/home/charvi/comp0250_s26_labs/courseworks/rpl_panda_with_rs', 'symlink_install': False, 'test_result_base': None}
[0.308s] INFO:colcon.colcon_core.executor:Executing jobs using 'parallel' executor
[0.308s] DEBUG:colcon.colcon_parallel_executor.executor.parallel:run_until_complete
[0.309s] INFO:colcon.colcon_ros.task.ament_cmake.build:Building ROS package in '/home/charvi/comp0250_s26_labs/courseworks/cw1_world_spawner' with build type 'ament_cmake'
[0.309s] INFO:colcon.colcon_cmake.task.cmake.build:Building CMake package in '/home/charvi/comp0250_s26_labs/courseworks/cw1_world_spawner'
[0.311s] INFO:colcon.colcon_core.plugin_system:Skipping extension 'colcon_core.shell.bat': Not used on non-Windows systems
[0.311s] INFO:colcon.colcon_core.shell:Skip shell extension 'powershell' for command environment: Not usable outside of PowerShell
[0.311s] DEBUG:colcon.colcon_core.shell:Skip shell extension 'dsv' for command environment
[0.314s] INFO:colcon.colcon_ros.task.ament_cmake.build:Building ROS package in '/home/charvi/comp0250_s26_labs/courseworks/panda_moveit_config' with build type 'ament_cmake'
[0.314s] INFO:colcon.colcon_cmake.task.cmake.build:Building CMake package in '/home/charvi/comp0250_s26_labs/courseworks/panda_moveit_config'
[0.315s] INFO:colcon.colcon_core.shell:Skip shell extension 'powershell' for command environment: Not usable outside of PowerShell
[0.315s] DEBUG:colcon.colcon_core.shell:Skip shell extension 'dsv' for command environment
[0.317s] INFO:colcon.colcon_ros.task.ament_cmake.build:Building ROS package in '/home/charvi/comp0250_s26_labs/courseworks/realsense_gazebo_plugin' with build type 'ament_cmake'
[0.317s] INFO:colcon.colcon_cmake.task.cmake.build:Building CMake package in '/home/charvi/comp0250_s26_labs/courseworks/realsense_gazebo_plugin'
[0.318s] INFO:colcon.colcon_core.shell:Skip shell extension 'powershell' for command environment: Not usable outside of PowerShell
[0.318s] DEBUG:colcon.colcon_core.shell:Skip shell extension 'dsv' for command environment
[0.320s] INFO:colcon.colcon_ros.task.ament_cmake.build:Building ROS package in '/home/charvi/comp0250_s26_labs/courseworks/panda_description' with build type 'ament_cmake'
[0.320s] INFO:colcon.colcon_cmake.task.cmake.build:Building CMake package in '/home/charvi/comp0250_s26_labs/courseworks/panda_description'
[0.320s] INFO:colcon.colcon_core.shell:Skip shell extension 'powershell' for command environment: Not usable outside of PowerShell
[0.321s] DEBUG:colcon.colcon_core.shell:Skip shell extension 'dsv' for command environment
[0.339s] DEBUG:colcon.colcon_core.event_handler.log_command:Invoking command in '/home/charvi/comp0250_s26_labs/build/cw1_world_spawner': CMAKE_PREFIX_PATH=/opt/ros/humble /usr/bin/cmake --build /home/charvi/comp0250_s26_labs/build/cw1_world_spawner -- -j12 -l12
[0.342s] DEBUG:colcon.colcon_core.event_handler.log_command:Invoking command in '/home/charvi/comp0250_s26_labs/build/panda_moveit_config': CMAKE_PREFIX_PATH=/opt/ros/humble /usr/bin/cmake --build /home/charvi/comp0250_s26_labs/build/panda_moveit_config -- -j12 -l12
[0.346s] DEBUG:colcon.colcon_core.event_handler.log_command:Invoking command in '/home/charvi/comp0250_s26_labs/build/realsense_gazebo_plugin': CMAKE_PREFIX_PATH=/opt/ros/humble /usr/bin/cmake --build /home/charvi/comp0250_s26_labs/build/realsense_gazebo_plugin -- -j12 -l12
[0.350s] DEBUG:colcon.colcon_core.event_handler.log_command:Invoking command in '/home/charvi/comp0250_s26_labs/build/panda_description': CMAKE_PREFIX_PATH=/opt/ros/humble /usr/bin/cmake --build /home/charvi/comp0250_s26_labs/build/panda_description -- -j12 -l12
[0.379s] DEBUG:colcon.colcon_core.event_handler.log_command:Invoked command in '/home/charvi/comp0250_s26_labs/build/panda_moveit_config' returned '0': CMAKE_PREFIX_PATH=/opt/ros/humble /usr/bin/cmake --build /home/charvi/comp0250_s26_labs/build/panda_moveit_config -- -j12 -l12
[0.391s] DEBUG:colcon.colcon_core.event_handler.log_command:Invoking command in '/home/charvi/comp0250_s26_labs/build/panda_moveit_config': CMAKE_PREFIX_PATH=/opt/ros/humble /usr/bin/cmake --install /home/charvi/comp0250_s26_labs/build/panda_moveit_config
[0.393s] DEBUG:colcon.colcon_core.event_handler.log_command:Invoked command in '/home/charvi/comp0250_s26_labs/build/panda_description' returned '0': CMAKE_PREFIX_PATH=/opt/ros/humble /usr/bin/cmake --build /home/charvi/comp0250_s26_labs/build/panda_description -- -j12 -l12
[0.399s] DEBUG:colcon.colcon_core.event_handler.log_command:Invoking command in '/home/charvi/comp0250_s26_labs/build/panda_description': CMAKE_PREFIX_PATH=/opt/ros/humble /usr/bin/cmake --install /home/charvi/comp0250_s26_labs/build/panda_description
[0.413s] Level 1:colcon.colcon_core.environment:create_environment_scripts_only(panda_moveit_config)
[0.421s] Level 1:colcon.colcon_core.environment:checking '/home/charvi/comp0250_s26_labs/install/panda_moveit_config' for CMake module files
[0.428s] Level 1:colcon.colcon_core.environment:checking '/home/charvi/comp0250_s26_labs/install/panda_moveit_config' for CMake config files
[0.429s] Level 1:colcon.colcon_core.shell:create_environment_hook('panda_moveit_config', 'cmake_prefix_path')
[0.429s] INFO:colcon.colcon_core.shell:Creating environment hook '/home/charvi/comp0250_s26_labs/install/panda_moveit_config/share/panda_moveit_config/hook/cmake_prefix_path.ps1'
[0.433s] INFO:colcon.colcon_core.shell:Creating environment descriptor '/home/charvi/comp0250_s26_labs/install/panda_moveit_config/share/panda_moveit_config/hook/cmake_prefix_path.dsv'
[0.434s] INFO:colcon.colcon_core.shell:Creating environment hook '/home/charvi/comp0250_s26_labs/install/panda_moveit_config/share/panda_moveit_config/hook/cmake_prefix_path.sh'
[0.437s] Level 1:colcon.colcon_core.environment:checking '/home/charvi/comp0250_s26_labs/install/panda_moveit_config/bin'
[0.437s] Level 1:colcon.colcon_core.environment:checking '/home/charvi/comp0250_s26_labs/install/panda_moveit_config/lib/pkgconfig/panda_moveit_config.pc'
[0.438s] Level 1:colcon.colcon_core.environment:checking '/home/charvi/comp0250_s26_labs/install/panda_moveit_config/lib/python3.10/site-packages'
[0.439s] Level 1:colcon.colcon_core.environment:checking '/home/charvi/comp0250_s26_labs/install/panda_moveit_config/bin'
[0.439s] INFO:colcon.colcon_core.shell:Creating package script '/home/charvi/comp0250_s26_labs/install/panda_moveit_config/share/panda_moveit_config/package.ps1'
[0.441s] INFO:colcon.colcon_core.shell:Creating package descriptor '/home/charvi/comp0250_s26_labs/install/panda_moveit_config/share/panda_moveit_config/package.dsv'
[0.445s] INFO:colcon.colcon_core.shell:Creating package script '/home/charvi/comp0250_s26_labs/install/panda_moveit_config/share/panda_moveit_config/package.sh'
[0.448s] INFO:colcon.colcon_core.shell:Creating package script '/home/charvi/comp0250_s26_labs/install/panda_moveit_config/share/panda_moveit_config/package.bash'
[0.451s] INFO:colcon.colcon_core.shell:Creating package script '/home/charvi/comp0250_s26_labs/install/panda_moveit_config/share/panda_moveit_config/package.zsh'
[0.453s] Level 1:colcon.colcon_core.environment:create_file_with_runtime_dependencies(/home/charvi/comp0250_s26_labs/install/panda_moveit_config/share/colcon-core/packages/panda_moveit_config)
[0.455s] Level 1:colcon.colcon_core.environment:create_environment_scripts_only(panda_moveit_config)
[0.455s] Level 1:colcon.colcon_core.environment:checking '/home/charvi/comp0250_s26_labs/install/panda_moveit_config' for CMake module files
[0.456s] DEBUG:colcon.colcon_core.event_handler.log_command:Invoked command in '/home/charvi/comp0250_s26_labs/build/panda_moveit_config' returned '0': CMAKE_PREFIX_PATH=/opt/ros/humble /usr/bin/cmake --install /home/charvi/comp0250_s26_labs/build/panda_moveit_config
[0.458s] Level 1:colcon.colcon_core.environment:checking '/home/charvi/comp0250_s26_labs/install/panda_moveit_config' for CMake config files
[0.458s] Level 1:colcon.colcon_core.shell:create_environment_hook('panda_moveit_config', 'cmake_prefix_path')
[0.458s] INFO:colcon.colcon_core.shell:Creating environment hook '/home/charvi/comp0250_s26_labs/install/panda_moveit_config/share/panda_moveit_config/hook/cmake_prefix_path.ps1'
[0.459s] INFO:colcon.colcon_core.shell:Creating environment descriptor '/home/charvi/comp0250_s26_labs/install/panda_moveit_config/share/panda_moveit_config/hook/cmake_prefix_path.dsv'
[0.460s] INFO:colcon.colcon_core.shell:Creating environment hook '/home/charvi/comp0250_s26_labs/install/panda_moveit_config/share/panda_moveit_config/hook/cmake_prefix_path.sh'
[0.461s] Level 1:colcon.colcon_core.environment:checking '/home/charvi/comp0250_s26_labs/install/panda_moveit_config/bin'
[0.461s] Level 1:colcon.colcon_core.environment:checking '/home/charvi/comp0250_s26_labs/install/panda_moveit_config/lib/pkgconfig/panda_moveit_config.pc'
[0.461s] Level 1:colcon.colcon_core.environment:checking '/home/charvi/comp0250_s26_labs/install/panda_moveit_config/lib/python3.10/site-packages'
[0.462s] Level 1:colcon.colcon_core.environment:checking '/home/charvi/comp0250_s26_labs/install/panda_moveit_config/bin'
[0.463s] INFO:colcon.colcon_core.shell:Creating package script '/home/charvi/comp0250_s26_labs/install/panda_moveit_config/share/panda_moveit_config/package.ps1'
[0.464s] INFO:colcon.colcon_core.shell:Creating package descriptor '/home/charvi/comp0250_s26_labs/install/panda_moveit_config/share/panda_moveit_config/package.dsv'
[0.464s] INFO:colcon.colcon_core.shell:Creating package script '/home/charvi/comp0250_s26_labs/install/panda_moveit_config/share/panda_moveit_config/package.sh'
[0.465s] INFO:colcon.colcon_core.shell:Creating package script '/home/charvi/comp0250_s26_labs/install/panda_moveit_config/share/panda_moveit_config/package.bash'
[0.466s] INFO:colcon.colcon_core.shell:Creating package script '/home/charvi/comp0250_s26_labs/install/panda_moveit_config/share/panda_moveit_config/package.zsh'
[0.467s] Level 1:colcon.colcon_core.environment:create_file_with_runtime_dependencies(/home/charvi/comp0250_s26_labs/install/panda_moveit_config/share/colcon-core/packages/panda_moveit_config)
[0.468s] Level 1:colcon.colcon_core.environment:create_environment_scripts_only(panda_description)
[0.468s] Level 1:colcon.colcon_core.environment:checking '/home/charvi/comp0250_s26_labs/install/panda_description' for CMake module files
[0.469s] DEBUG:colcon.colcon_core.event_handler.log_command:Invoked command in '/home/charvi/comp0250_s26_labs/build/panda_description' returned '0': CMAKE_PREFIX_PATH=/opt/ros/humble /usr/bin/cmake --install /home/charvi/comp0250_s26_labs/build/panda_description
[0.470s] Level 1:colcon.colcon_core.environment:checking '/home/charvi/comp0250_s26_labs/install/panda_description' for CMake config files
[0.470s] Level 1:colcon.colcon_core.shell:create_environment_hook('panda_description', 'cmake_prefix_path')
[0.471s] INFO:colcon.colcon_core.shell:Creating environment hook '/home/charvi/comp0250_s26_labs/install/panda_description/share/panda_description/hook/cmake_prefix_path.ps1'
[0.472s] INFO:colcon.colcon_core.shell:Creating environment descriptor '/home/charvi/comp0250_s26_labs/install/panda_description/share/panda_description/hook/cmake_prefix_path.dsv'
[0.472s] INFO:colcon.colcon_core.shell:Creating environment hook '/home/charvi/comp0250_s26_labs/install/panda_description/share/panda_description/hook/cmake_prefix_path.sh'
[0.473s] Level 1:colcon.colcon_core.environment:checking '/home/charvi/comp0250_s26_labs/install/panda_description/bin'
[0.473s] Level 1:colcon.colcon_core.environment:checking '/home/charvi/comp0250_s26_labs/install/panda_description/lib/pkgconfig/panda_description.pc'
[0.473s] Level 1:colcon.colcon_core.environment:checking '/home/charvi/comp0250_s26_labs/install/panda_description/lib/python3.10/site-packages'
[0.474s] Level 1:colcon.colcon_core.environment:checking '/home/charvi/comp0250_s26_labs/install/panda_description/bin'
[0.475s] INFO:colcon.colcon_core.shell:Creating package script '/home/charvi/comp0250_s26_labs/install/panda_description/share/panda_description/package.ps1'
[0.476s] INFO:colcon.colcon_core.shell:Creating package descriptor '/home/charvi/comp0250_s26_labs/install/panda_description/share/panda_description/package.dsv'
[0.476s] INFO:colcon.colcon_core.shell:Creating package script '/home/charvi/comp0250_s26_labs/install/panda_description/share/panda_description/package.sh'
[0.477s] INFO:colcon.colcon_core.shell:Creating package script '/home/charvi/comp0250_s26_labs/install/panda_description/share/panda_description/package.bash'
[0.478s] INFO:colcon.colcon_core.shell:Creating package script '/home/charvi/comp0250_s26_labs/install/panda_description/share/panda_description/package.zsh'
[0.478s] Level 1:colcon.colcon_core.environment:create_file_with_runtime_dependencies(/home/charvi/comp0250_s26_labs/install/panda_description/share/colcon-core/packages/panda_description)
[0.479s] Level 1:colcon.colcon_core.environment:create_environment_scripts_only(panda_description)
[0.480s] Level 1:colcon.colcon_core.environment:checking '/home/charvi/comp0250_s26_labs/install/panda_description' for CMake module files
[0.480s] Level 1:colcon.colcon_core.environment:checking '/home/charvi/comp0250_s26_labs/install/panda_description' for CMake config files
[0.481s] Level 1:colcon.colcon_core.shell:create_environment_hook('panda_description', 'cmake_prefix_path')
[0.481s] INFO:colcon.colcon_core.shell:Creating environment hook '/home/charvi/comp0250_s26_labs/install/panda_description/share/panda_description/hook/cmake_prefix_path.ps1'
[0.481s] INFO:colcon.colcon_core.shell:Creating environment descriptor '/home/charvi/comp0250_s26_labs/install/panda_description/share/panda_description/hook/cmake_prefix_path.dsv'
[0.482s] INFO:colcon.colcon_core.shell:Creating environment hook '/home/charvi/comp0250_s26_labs/install/panda_description/share/panda_description/hook/cmake_prefix_path.sh'
[0.482s] Level 1:colcon.colcon_core.environment:checking '/home/charvi/comp0250_s26_labs/install/panda_description/bin'
[0.482s] Level 1:colcon.colcon_core.environment:checking '/home/charvi/comp0250_s26_labs/install/panda_description/lib/pkgconfig/panda_description.pc'
[0.483s] Level 1:colcon.colcon_core.environment:checking '/home/charvi/comp0250_s26_labs/install/panda_description/lib/python3.10/site-packages'
[0.483s] Level 1:colcon.colcon_core.environment:checking '/home/charvi/comp0250_s26_labs/install/panda_description/bin'
[0.484s] INFO:colcon.colcon_core.shell:Creating package script '/home/charvi/comp0250_s26_labs/install/panda_description/share/panda_description/package.ps1'
[0.484s] INFO:colcon.colcon_core.shell:Creating package descriptor '/home/charvi/comp0250_s26_labs/install/panda_description/share/panda_description/package.dsv'
[0.485s] INFO:colcon.colcon_core.shell:Creating package script '/home/charvi/comp0250_s26_labs/install/panda_description/share/panda_description/package.sh'
[0.485s] INFO:colcon.colcon_core.shell:Creating package script '/home/charvi/comp0250_s26_labs/install/panda_description/share/panda_description/package.bash'
[0.486s] INFO:colcon.colcon_core.shell:Creating package script '/home/charvi/comp0250_s26_labs/install/panda_description/share/panda_description/package.zsh'
[0.486s] Level 1:colcon.colcon_core.environment:create_file_with_runtime_dependencies(/home/charvi/comp0250_s26_labs/install/panda_description/share/colcon-core/packages/panda_description)
[0.488s] DEBUG:colcon.colcon_core.event_handler.log_command:Invoked command in '/home/charvi/comp0250_s26_labs/build/realsense_gazebo_plugin' returned '0': CMAKE_PREFIX_PATH=/opt/ros/humble /usr/bin/cmake --build /home/charvi/comp0250_s26_labs/build/realsense_gazebo_plugin -- -j12 -l12
[0.491s] DEBUG:colcon.colcon_core.event_handler.log_command:Invoking command in '/home/charvi/comp0250_s26_labs/build/realsense_gazebo_plugin': CMAKE_PREFIX_PATH=/opt/ros/humble /usr/bin/cmake --install /home/charvi/comp0250_s26_labs/build/realsense_gazebo_plugin
[0.506s] Level 1:colcon.colcon_core.environment:create_environment_scripts_only(realsense_gazebo_plugin)
[0.507s] Level 1:colcon.colcon_core.environment:checking '/home/charvi/comp0250_s26_labs/install/realsense_gazebo_plugin' for CMake module files
[0.508s] Level 1:colcon.colcon_core.environment:checking '/home/charvi/comp0250_s26_labs/install/realsense_gazebo_plugin' for CMake config files
[0.509s] DEBUG:colcon.colcon_core.event_handler.log_command:Invoked command in '/home/charvi/comp0250_s26_labs/build/realsense_gazebo_plugin' returned '0': CMAKE_PREFIX_PATH=/opt/ros/humble /usr/bin/cmake --install /home/charvi/comp0250_s26_labs/build/realsense_gazebo_plugin
[0.509s] Level 1:colcon.colcon_core.shell:create_environment_hook('realsense_gazebo_plugin', 'cmake_prefix_path')
[0.510s] INFO:colcon.colcon_core.shell:Creating environment hook '/home/charvi/comp0250_s26_labs/install/realsense_gazebo_plugin/share/realsense_gazebo_plugin/hook/cmake_prefix_path.ps1'
[0.510s] INFO:colcon.colcon_core.shell:Creating environment descriptor '/home/charvi/comp0250_s26_labs/install/realsense_gazebo_plugin/share/realsense_gazebo_plugin/hook/cmake_prefix_path.dsv'
[0.511s] INFO:colcon.colcon_core.shell:Creating environment hook '/home/charvi/comp0250_s26_labs/install/realsense_gazebo_plugin/share/realsense_gazebo_plugin/hook/cmake_prefix_path.sh'
[0.512s] Level 1:colcon.colcon_core.environment:checking '/home/charvi/comp0250_s26_labs/install/realsense_gazebo_plugin/lib'
[0.512s] Level 1:colcon.colcon_core.shell:create_environment_hook('realsense_gazebo_plugin', 'ld_library_path_lib')
[0.513s] INFO:colcon.colcon_core.shell:Creating environment hook '/home/charvi/comp0250_s26_labs/install/realsense_gazebo_plugin/share/realsense_gazebo_plugin/hook/ld_library_path_lib.ps1'
[0.513s] INFO:colcon.colcon_core.shell:Creating environment descriptor '/home/charvi/comp0250_s26_labs/install/realsense_gazebo_plugin/share/realsense_gazebo_plugin/hook/ld_library_path_lib.dsv'
[0.514s] INFO:colcon.colcon_core.shell:Creating environment hook '/home/charvi/comp0250_s26_labs/install/realsense_gazebo_plugin/share/realsense_gazebo_plugin/hook/ld_library_path_lib.sh'
[0.514s] Level 1:colcon.colcon_core.environment:checking '/home/charvi/comp0250_s26_labs/install/realsense_gazebo_plugin/bin'
[0.514s] Level 1:colcon.colcon_core.environment:checking '/home/charvi/comp0250_s26_labs/install/realsense_gazebo_plugin/lib/pkgconfig/realsense_gazebo_plugin.pc'
[0.515s] Level 1:colcon.colcon_core.environment:checking '/home/charvi/comp0250_s26_labs/install/realsense_gazebo_plugin/lib/python3.10/site-packages'
[0.516s] Level 1:colcon.colcon_core.environment:checking '/home/charvi/comp0250_s26_labs/install/realsense_gazebo_plugin/bin'
[0.516s] INFO:colcon.colcon_core.shell:Creating package script '/home/charvi/comp0250_s26_labs/install/realsense_gazebo_plugin/share/realsense_gazebo_plugin/package.ps1'
[0.517s] INFO:colcon.colcon_core.shell:Creating package descriptor '/home/charvi/comp0250_s26_labs/install/realsense_gazebo_plugin/share/realsense_gazebo_plugin/package.dsv'
[0.517s] INFO:colcon.colcon_core.shell:Creating package script '/home/charvi/comp0250_s26_labs/install/realsense_gazebo_plugin/share/realsense_gazebo_plugin/package.sh'
[0.518s] INFO:colcon.colcon_core.shell:Creating package script '/home/charvi/comp0250_s26_labs/install/realsense_gazebo_plugin/share/realsense_gazebo_plugin/package.bash'
[0.518s] INFO:colcon.colcon_core.shell:Creating package script '/home/charvi/comp0250_s26_labs/install/realsense_gazebo_plugin/share/realsense_gazebo_plugin/package.zsh'
[0.518s] Level 1:colcon.colcon_core.environment:create_file_with_runtime_dependencies(/home/charvi/comp0250_s26_labs/install/realsense_gazebo_plugin/share/colcon-core/packages/realsense_gazebo_plugin)
[0.519s] Level 1:colcon.colcon_core.environment:create_environment_scripts_only(realsense_gazebo_plugin)
[0.519s] Level 1:colcon.colcon_core.environment:checking '/home/charvi/comp0250_s26_labs/install/realsense_gazebo_plugin' for CMake module files
[0.520s] Level 1:colcon.colcon_core.environment:checking '/home/charvi/comp0250_s26_labs/install/realsense_gazebo_plugin' for CMake config files
[0.520s] Level 1:colcon.colcon_core.shell:create_environment_hook('realsense_gazebo_plugin', 'cmake_prefix_path')
[0.520s] INFO:colcon.colcon_core.shell:Creating environment hook '/home/charvi/comp0250_s26_labs/install/realsense_gazebo_plugin/share/realsense_gazebo_plugin/hook/cmake_prefix_path.ps1'
[0.521s] INFO:colcon.colcon_core.shell:Creating environment descriptor '/home/charvi/comp0250_s26_labs/install/realsense_gazebo_plugin/share/realsense_gazebo_plugin/hook/cmake_prefix_path.dsv'
[0.521s] INFO:colcon.colcon_core.shell:Creating environment hook '/home/charvi/comp0250_s26_labs/install/realsense_gazebo_plugin/share/realsense_gazebo_plugin/hook/cmake_prefix_path.sh'
[0.522s] Level 1:colcon.colcon_core.environment:checking '/home/charvi/comp0250_s26_labs/install/realsense_gazebo_plugin/lib'
[0.522s] Level 1:colcon.colcon_core.shell:create_environment_hook('realsense_gazebo_plugin', 'ld_library_path_lib')
[0.523s] INFO:colcon.colcon_core.shell:Creating environment hook '/home/charvi/comp0250_s26_labs/install/realsense_gazebo_plugin/share/realsense_gazebo_plugin/hook/ld_library_path_lib.ps1'
[0.523s] INFO:colcon.colcon_core.shell:Creating environment descriptor '/home/charvi/comp0250_s26_labs/install/realsense_gazebo_plugin/share/realsense_gazebo_plugin/hook/ld_library_path_lib.dsv'
[0.524s] INFO:colcon.colcon_core.shell:Creating environment hook '/home/charvi/comp0250_s26_labs/install/realsense_gazebo_plugin/share/realsense_gazebo_plugin/hook/ld_library_path_lib.sh'
[0.525s] Level 1:colcon.colcon_core.environment:checking '/home/charvi/comp0250_s26_labs/install/realsense_gazebo_plugin/bin'
[0.525s] Level 1:colcon.colcon_core.environment:checking '/home/charvi/comp0250_s26_labs/install/realsense_gazebo_plugin/lib/pkgconfig/realsense_gazebo_plugin.pc'
[0.526s] Level 1:colcon.colcon_core.environment:checking '/home/charvi/comp0250_s26_labs/install/realsense_gazebo_plugin/lib/python3.10/site-packages'
[0.526s] Level 1:colcon.colcon_core.environment:checking '/home/charvi/comp0250_s26_labs/install/realsense_gazebo_plugin/bin'
[0.526s] INFO:colcon.colcon_core.shell:Creating package script '/home/charvi/comp0250_s26_labs/install/realsense_gazebo_plugin/share/realsense_gazebo_plugin/package.ps1'
[0.527s] INFO:colcon.colcon_core.shell:Creating package descriptor '/home/charvi/comp0250_s26_labs/install/realsense_gazebo_plugin/share/realsense_gazebo_plugin/package.dsv'
[0.528s] INFO:colcon.colcon_core.shell:Creating package script '/home/charvi/comp0250_s26_labs/install/realsense_gazebo_plugin/share/realsense_gazebo_plugin/package.sh'
[0.529s] INFO:colcon.colcon_core.shell:Creating package script '/home/charvi/comp0250_s26_labs/install/realsense_gazebo_plugin/share/realsense_gazebo_plugin/package.bash'
[0.529s] INFO:colcon.colcon_core.shell:Creating package script '/home/charvi/comp0250_s26_labs/install/realsense_gazebo_plugin/share/realsense_gazebo_plugin/package.zsh'
[0.530s] Level 1:colcon.colcon_core.environment:create_file_with_runtime_dependencies(/home/charvi/comp0250_s26_labs/install/realsense_gazebo_plugin/share/colcon-core/packages/realsense_gazebo_plugin)
[0.530s] INFO:colcon.colcon_ros.task.ament_cmake.build:Building ROS package in '/home/charvi/comp0250_s26_labs/courseworks/rpl_panda_with_rs' with build type 'ament_cmake'
[0.530s] INFO:colcon.colcon_cmake.task.cmake.build:Building CMake package in '/home/charvi/comp0250_s26_labs/courseworks/rpl_panda_with_rs'
[0.531s] INFO:colcon.colcon_core.shell:Skip shell extension 'powershell' for command environment: Not usable outside of PowerShell
[0.531s] DEBUG:colcon.colcon_core.shell:Skip shell extension 'dsv' for command environment
[0.546s] DEBUG:colcon.colcon_core.event_handler.log_command:Invoking command in '/home/charvi/comp0250_s26_labs/build/rpl_panda_with_rs': AMENT_PREFIX_PATH=/home/charvi/comp0250_s26_labs/install/realsense_gazebo_plugin:/home/charvi/comp0250_s26_labs/install/panda_moveit_config:${AMENT_PREFIX_PATH} CMAKE_PREFIX_PATH=/home/charvi/comp0250_s26_labs/install/realsense_gazebo_plugin:/home/charvi/comp0250_s26_labs/install/panda_moveit_config:/opt/ros/humble LD_LIBRARY_PATH=/home/charvi/comp0250_s26_labs/install/realsense_gazebo_plugin/lib:${LD_LIBRARY_PATH} /usr/bin/cmake --build /home/charvi/comp0250_s26_labs/build/rpl_panda_with_rs -- -j12 -l12
[0.598s] DEBUG:colcon.colcon_core.event_handler.log_command:Invoked command in '/home/charvi/comp0250_s26_labs/build/rpl_panda_with_rs' returned '0': AMENT_PREFIX_PATH=/home/charvi/comp0250_s26_labs/install/realsense_gazebo_plugin:/home/charvi/comp0250_s26_labs/install/panda_moveit_config:${AMENT_PREFIX_PATH} CMAKE_PREFIX_PATH=/home/charvi/comp0250_s26_labs/install/realsense_gazebo_plugin:/home/charvi/comp0250_s26_labs/install/panda_moveit_config:/opt/ros/humble LD_LIBRARY_PATH=/home/charvi/comp0250_s26_labs/install/realsense_gazebo_plugin/lib:${LD_LIBRARY_PATH} /usr/bin/cmake --build /home/charvi/comp0250_s26_labs/build/rpl_panda_with_rs -- -j12 -l12
[0.600s] DEBUG:colcon.colcon_core.event_handler.log_command:Invoking command in '/home/charvi/comp0250_s26_labs/build/rpl_panda_with_rs': AMENT_PREFIX_PATH=/home/charvi/comp0250_s26_labs/install/realsense_gazebo_plugin:/home/charvi/comp0250_s26_labs/install/panda_moveit_config:${AMENT_PREFIX_PATH} CMAKE_PREFIX_PATH=/home/charvi/comp0250_s26_labs/install/realsense_gazebo_plugin:/home/charvi/comp0250_s26_labs/install/panda_moveit_config:/opt/ros/humble LD_LIBRARY_PATH=/home/charvi/comp0250_s26_labs/install/realsense_gazebo_plugin/lib:${LD_LIBRARY_PATH} /usr/bin/cmake --install /home/charvi/comp0250_s26_labs/build/rpl_panda_with_rs
[0.613s] Level 1:colcon.colcon_core.environment:create_environment_scripts_only(rpl_panda_with_rs)
[0.613s] Level 1:colcon.colcon_core.environment:checking '/home/charvi/comp0250_s26_labs/install/rpl_panda_with_rs' for CMake module files
[0.614s] DEBUG:colcon.colcon_core.event_handler.log_command:Invoked command in '/home/charvi/comp0250_s26_labs/build/rpl_panda_with_rs' returned '0': AMENT_PREFIX_PATH=/home/charvi/comp0250_s26_labs/install/realsense_gazebo_plugin:/home/charvi/comp0250_s26_labs/install/panda_moveit_config:${AMENT_PREFIX_PATH} CMAKE_PREFIX_PATH=/home/charvi/comp0250_s26_labs/install/realsense_gazebo_plugin:/home/charvi/comp0250_s26_labs/install/panda_moveit_config:/opt/ros/humble LD_LIBRARY_PATH=/home/charvi/comp0250_s26_labs/install/realsense_gazebo_plugin/lib:${LD_LIBRARY_PATH} /usr/bin/cmake --install /home/charvi/comp0250_s26_labs/build/rpl_panda_with_rs
[0.615s] Level 1:colcon.colcon_core.environment:checking '/home/charvi/comp0250_s26_labs/install/rpl_panda_with_rs' for CMake config files
[0.615s] Level 1:colcon.colcon_core.shell:create_environment_hook('rpl_panda_with_rs', 'cmake_prefix_path')
[0.615s] INFO:colcon.colcon_core.shell:Creating environment hook '/home/charvi/comp0250_s26_labs/install/rpl_panda_with_rs/share/rpl_panda_with_rs/hook/cmake_prefix_path.ps1'
[0.616s] INFO:colcon.colcon_core.shell:Creating environment descriptor '/home/charvi/comp0250_s26_labs/install/rpl_panda_with_rs/share/rpl_panda_with_rs/hook/cmake_prefix_path.dsv'
[0.616s] INFO:colcon.colcon_core.shell:Creating environment hook '/home/charvi/comp0250_s26_labs/install/rpl_panda_with_rs/share/rpl_panda_with_rs/hook/cmake_prefix_path.sh'
[0.617s] Level 1:colcon.colcon_core.environment:checking '/home/charvi/comp0250_s26_labs/install/rpl_panda_with_rs/lib'
[0.617s] Level 1:colcon.colcon_core.environment:checking '/home/charvi/comp0250_s26_labs/install/rpl_panda_with_rs/bin'
[0.617s] Level 1:colcon.colcon_core.environment:checking '/home/charvi/comp0250_s26_labs/install/rpl_panda_with_rs/lib/pkgconfig/rpl_panda_with_rs.pc'
[0.618s] Level 1:colcon.colcon_core.environment:checking '/home/charvi/comp0250_s26_labs/install/rpl_panda_with_rs/lib/python3.10/site-packages'
[0.618s] Level 1:colcon.colcon_core.environment:checking '/home/charvi/comp0250_s26_labs/install/rpl_panda_with_rs/bin'
[0.619s] INFO:colcon.colcon_core.shell:Creating package script '/home/charvi/comp0250_s26_labs/install/rpl_panda_with_rs/share/rpl_panda_with_rs/package.ps1'
[0.620s] INFO:colcon.colcon_core.shell:Creating package descriptor '/home/charvi/comp0250_s26_labs/install/rpl_panda_with_rs/share/rpl_panda_with_rs/package.dsv'
[0.621s] INFO:colcon.colcon_core.shell:Creating package script '/home/charvi/comp0250_s26_labs/install/rpl_panda_with_rs/share/rpl_panda_with_rs/package.sh'
[0.622s] INFO:colcon.colcon_core.shell:Creating package script '/home/charvi/comp0250_s26_labs/install/rpl_panda_with_rs/share/rpl_panda_with_rs/package.bash'
[0.623s] INFO:colcon.colcon_core.shell:Creating package script '/home/charvi/comp0250_s26_labs/install/rpl_panda_with_rs/share/rpl_panda_with_rs/package.zsh'
[0.623s] Level 1:colcon.colcon_core.environment:create_file_with_runtime_dependencies(/home/charvi/comp0250_s26_labs/install/rpl_panda_with_rs/share/colcon-core/packages/rpl_panda_with_rs)
[0.624s] Level 1:colcon.colcon_core.environment:create_environment_scripts_only(rpl_panda_with_rs)
[0.624s] Level 1:colcon.colcon_core.environment:checking '/home/charvi/comp0250_s26_labs/install/rpl_panda_with_rs' for CMake module files
[0.625s] Level 1:colcon.colcon_core.environment:checking '/home/charvi/comp0250_s26_labs/install/rpl_panda_with_rs' for CMake config files
[0.625s] Level 1:colcon.colcon_core.shell:create_environment_hook('rpl_panda_with_rs', 'cmake_prefix_path')
[0.626s] INFO:colcon.colcon_core.shell:Creating environment hook '/home/charvi/comp0250_s26_labs/install/rpl_panda_with_rs/share/rpl_panda_with_rs/hook/cmake_prefix_path.ps1'
[0.626s] INFO:colcon.colcon_core.shell:Creating environment descriptor '/home/charvi/comp0250_s26_labs/install/rpl_panda_with_rs/share/rpl_panda_with_rs/hook/cmake_prefix_path.dsv'
[0.627s] INFO:colcon.colcon_core.shell:Creating environment hook '/home/charvi/comp0250_s26_labs/install/rpl_panda_with_rs/share/rpl_panda_with_rs/hook/cmake_prefix_path.sh'
[0.628s] Level 1:colcon.colcon_core.environment:checking '/home/charvi/comp0250_s26_labs/install/rpl_panda_with_rs/lib'
[0.628s] Level 1:colcon.colcon_core.environment:checking '/home/charvi/comp0250_s26_labs/install/rpl_panda_with_rs/bin'
[0.628s] Level 1:colcon.colcon_core.environment:checking '/home/charvi/comp0250_s26_labs/install/rpl_panda_with_rs/lib/pkgconfig/rpl_panda_with_rs.pc'
[0.628s] Level 1:colcon.colcon_core.environment:checking '/home/charvi/comp0250_s26_labs/install/rpl_panda_with_rs/lib/python3.10/site-packages'
[0.629s] Level 1:colcon.colcon_core.environment:checking '/home/charvi/comp0250_s26_labs/install/rpl_panda_with_rs/bin'
[0.629s] INFO:colcon.colcon_core.shell:Creating package script '/home/charvi/comp0250_s26_labs/install/rpl_panda_with_rs/share/rpl_panda_with_rs/package.ps1'
[0.630s] INFO:colcon.colcon_core.shell:Creating package descriptor '/home/charvi/comp0250_s26_labs/install/rpl_panda_with_rs/share/rpl_panda_with_rs/package.dsv'
[0.631s] INFO:colcon.colcon_core.shell:Creating package script '/home/charvi/comp0250_s26_labs/install/rpl_panda_with_rs/share/rpl_panda_with_rs/package.sh'
[0.631s] INFO:colcon.colcon_core.shell:Creating package script '/home/charvi/comp0250_s26_labs/install/rpl_panda_with_rs/share/rpl_panda_with_rs/package.bash'
[0.632s] INFO:colcon.colcon_core.shell:Creating package script '/home/charvi/comp0250_s26_labs/install/rpl_panda_with_rs/share/rpl_panda_with_rs/package.zsh'
[0.632s] Level 1:colcon.colcon_core.environment:create_file_with_runtime_dependencies(/home/charvi/comp0250_s26_labs/install/rpl_panda_with_rs/share/colcon-core/packages/rpl_panda_with_rs)
[0.944s] DEBUG:colcon.colcon_core.event_handler.log_command:Invoked command in '/home/charvi/comp0250_s26_labs/build/cw1_world_spawner' returned '0': CMAKE_PREFIX_PATH=/opt/ros/humble /usr/bin/cmake --build /home/charvi/comp0250_s26_labs/build/cw1_world_spawner -- -j12 -l12
[0.946s] DEBUG:colcon.colcon_core.event_handler.log_command:Invoking command in '/home/charvi/comp0250_s26_labs/build/cw1_world_spawner': CMAKE_PREFIX_PATH=/opt/ros/humble /usr/bin/cmake --install /home/charvi/comp0250_s26_labs/build/cw1_world_spawner
[1.285s] Level 1:colcon.colcon_core.environment:create_environment_scripts_only(cw1_world_spawner)
[1.287s] Level 1:colcon.colcon_core.environment:checking '/home/charvi/comp0250_s26_labs/install/cw1_world_spawner' for CMake module files
[1.300s] Level 1:colcon.colcon_core.environment:checking '/home/charvi/comp0250_s26_labs/install/cw1_world_spawner' for CMake config files
[1.306s] DEBUG:colcon.colcon_core.event_handler.log_command:Invoked command in '/home/charvi/comp0250_s26_labs/build/cw1_world_spawner' returned '0': CMAKE_PREFIX_PATH=/opt/ros/humble /usr/bin/cmake --install /home/charvi/comp0250_s26_labs/build/cw1_world_spawner
[1.308s] Level 1:colcon.colcon_core.shell:create_environment_hook('cw1_world_spawner', 'cmake_prefix_path')
[1.310s] INFO:colcon.colcon_core.shell:Creating environment hook '/home/charvi/comp0250_s26_labs/install/cw1_world_spawner/share/cw1_world_spawner/hook/cmake_prefix_path.ps1'
[1.312s] INFO:colcon.colcon_core.shell:Creating environment descriptor '/home/charvi/comp0250_s26_labs/install/cw1_world_spawner/share/cw1_world_spawner/hook/cmake_prefix_path.dsv'
[1.313s] INFO:colcon.colcon_core.shell:Creating environment hook '/home/charvi/comp0250_s26_labs/install/cw1_world_spawner/share/cw1_world_spawner/hook/cmake_prefix_path.sh'
[1.315s] Level 1:colcon.colcon_core.environment:checking '/home/charvi/comp0250_s26_labs/install/cw1_world_spawner/lib'
[1.316s] Level 1:colcon.colcon_core.shell:create_environment_hook('cw1_world_spawner', 'ld_library_path_lib')
[1.317s] INFO:colcon.colcon_core.shell:Creating environment hook '/home/charvi/comp0250_s26_labs/install/cw1_world_spawner/share/cw1_world_spawner/hook/ld_library_path_lib.ps1'
[1.318s] INFO:colcon.colcon_core.shell:Creating environment descriptor '/home/charvi/comp0250_s26_labs/install/cw1_world_spawner/share/cw1_world_spawner/hook/ld_library_path_lib.dsv'
[1.319s] INFO:colcon.colcon_core.shell:Creating environment hook '/home/charvi/comp0250_s26_labs/install/cw1_world_spawner/share/cw1_world_spawner/hook/ld_library_path_lib.sh'
[1.320s] Level 1:colcon.colcon_core.environment:checking '/home/charvi/comp0250_s26_labs/install/cw1_world_spawner/bin'
[1.320s] Level 1:colcon.colcon_core.environment:checking '/home/charvi/comp0250_s26_labs/install/cw1_world_spawner/lib/pkgconfig/cw1_world_spawner.pc'
[1.321s] Level 1:colcon.colcon_core.environment:checking '/home/charvi/comp0250_s26_labs/install/cw1_world_spawner/lib/python3.10/site-packages'
[1.322s] Level 1:colcon.colcon_core.environment:checking '/home/charvi/comp0250_s26_labs/install/cw1_world_spawner/bin'
[1.323s] INFO:colcon.colcon_core.shell:Creating package script '/home/charvi/comp0250_s26_labs/install/cw1_world_spawner/share/cw1_world_spawner/package.ps1'
[1.325s] INFO:colcon.colcon_core.shell:Creating package descriptor '/home/charvi/comp0250_s26_labs/install/cw1_world_spawner/share/cw1_world_spawner/package.dsv'
[1.326s] INFO:colcon.colcon_core.shell:Creating package script '/home/charvi/comp0250_s26_labs/install/cw1_world_spawner/share/cw1_world_spawner/package.sh'
[1.328s] INFO:colcon.colcon_core.shell:Creating package script '/home/charvi/comp0250_s26_labs/install/cw1_world_spawner/share/cw1_world_spawner/package.bash'
[1.329s] INFO:colcon.colcon_core.shell:Creating package script '/home/charvi/comp0250_s26_labs/install/cw1_world_spawner/share/cw1_world_spawner/package.zsh'
[1.330s] Level 1:colcon.colcon_core.environment:create_file_with_runtime_dependencies(/home/charvi/comp0250_s26_labs/install/cw1_world_spawner/share/colcon-core/packages/cw1_world_spawner)
[1.331s] Level 1:colcon.colcon_core.environment:create_environment_scripts_only(cw1_world_spawner)
[1.332s] Level 1:colcon.colcon_core.environment:checking '/home/charvi/comp0250_s26_labs/install/cw1_world_spawner' for CMake module files
[1.333s] Level 1:colcon.colcon_core.environment:checking '/home/charvi/comp0250_s26_labs/install/cw1_world_spawner' for CMake config files
[1.334s] Level 1:colcon.colcon_core.shell:create_environment_hook('cw1_world_spawner', 'cmake_prefix_path')
[1.335s] INFO:colcon.colcon_core.shell:Creating environment hook '/home/charvi/comp0250_s26_labs/install/cw1_world_spawner/share/cw1_world_spawner/hook/cmake_prefix_path.ps1'
[1.337s] INFO:colcon.colcon_core.shell:Creating environment descriptor '/home/charvi/comp0250_s26_labs/install/cw1_world_spawner/share/cw1_world_spawner/hook/cmake_prefix_path.dsv'
[1.337s] INFO:colcon.colcon_core.shell:Creating environment hook '/home/charvi/comp0250_s26_labs/install/cw1_world_spawner/share/cw1_world_spawner/hook/cmake_prefix_path.sh'
[1.338s] Level 1:colcon.colcon_core.environment:checking '/home/charvi/comp0250_s26_labs/install/cw1_world_spawner/lib'
[1.338s] Level 1:colcon.colcon_core.shell:create_environment_hook('cw1_world_spawner', 'ld_library_path_lib')
[1.339s] INFO:colcon.colcon_core.shell:Creating environment hook '/home/charvi/comp0250_s26_labs/install/cw1_world_spawner/share/cw1_world_spawner/hook/ld_library_path_lib.ps1'
[1.340s] INFO:colcon.colcon_core.shell:Creating environment descriptor '/home/charvi/comp0250_s26_labs/install/cw1_world_spawner/share/cw1_world_spawner/hook/ld_library_path_lib.dsv'
[1.341s] INFO:colcon.colcon_core.shell:Creating environment hook '/home/charvi/comp0250_s26_labs/install/cw1_world_spawner/share/cw1_world_spawner/hook/ld_library_path_lib.sh'
[1.341s] Level 1:colcon.colcon_core.environment:checking '/home/charvi/comp0250_s26_labs/install/cw1_world_spawner/bin'
[1.342s] Level 1:colcon.colcon_core.environment:checking '/home/charvi/comp0250_s26_labs/install/cw1_world_spawner/lib/pkgconfig/cw1_world_spawner.pc'
[1.342s] Level 1:colcon.colcon_core.environment:checking '/home/charvi/comp0250_s26_labs/install/cw1_world_spawner/lib/python3.10/site-packages'
[1.343s] Level 1:colcon.colcon_core.environment:checking '/home/charvi/comp0250_s26_labs/install/cw1_world_spawner/bin'
[1.344s] INFO:colcon.colcon_core.shell:Creating package script '/home/charvi/comp0250_s26_labs/install/cw1_world_spawner/share/cw1_world_spawner/package.ps1'
[1.345s] INFO:colcon.colcon_core.shell:Creating package descriptor '/home/charvi/comp0250_s26_labs/install/cw1_world_spawner/share/cw1_world_spawner/package.dsv'
[1.346s] INFO:colcon.colcon_core.shell:Creating package script '/home/charvi/comp0250_s26_labs/install/cw1_world_spawner/share/cw1_world_spawner/package.sh'
[1.347s] INFO:colcon.colcon_core.shell:Creating package script '/home/charvi/comp0250_s26_labs/install/cw1_world_spawner/share/cw1_world_spawner/package.bash'
[1.347s] INFO:colcon.colcon_core.shell:Creating package script '/home/charvi/comp0250_s26_labs/install/cw1_world_spawner/share/cw1_world_spawner/package.zsh'
[1.348s] Level 1:colcon.colcon_core.environment:create_file_with_runtime_dependencies(/home/charvi/comp0250_s26_labs/install/cw1_world_spawner/share/colcon-core/packages/cw1_world_spawner)
[1.348s] INFO:colcon.colcon_ros.task.ament_cmake.build:Building ROS package in '/home/charvi/comp0250_s26_labs/courseworks/cw1_team_30' with build type 'ament_cmake'
[1.349s] INFO:colcon.colcon_cmake.task.cmake.build:Building CMake package in '/home/charvi/comp0250_s26_labs/courseworks/cw1_team_30'
[1.349s] INFO:colcon.colcon_core.shell:Skip shell extension 'powershell' for command environment: Not usable outside of PowerShell
[1.349s] DEBUG:colcon.colcon_core.shell:Skip shell extension 'dsv' for command environment
[1.365s] DEBUG:colcon.colcon_core.event_handler.log_command:Invoking command in '/home/charvi/comp0250_s26_labs/build/cw1_team_30': AMENT_PREFIX_PATH=/home/charvi/comp0250_s26_labs/install/cw1_world_spawner:${AMENT_PREFIX_PATH} CMAKE_PREFIX_PATH=/home/charvi/comp0250_s26_labs/install/cw1_world_spawner:/opt/ros/humble LD_LIBRARY_PATH=/home/charvi/comp0250_s26_labs/install/cw1_world_spawner/lib:${LD_LIBRARY_PATH} PYTHONPATH=/home/charvi/comp0250_s26_labs/install/cw1_world_spawner/local/lib/python3.10/dist-packages:${PYTHONPATH} /usr/bin/cmake --build /home/charvi/comp0250_s26_labs/build/cw1_team_30 -- -j12 -l12
[16.102s] DEBUG:colcon.colcon_core.event_handler.log_command:Invoked command in '/home/charvi/comp0250_s26_labs/build/cw1_team_30' returned '2': AMENT_PREFIX_PATH=/home/charvi/comp0250_s26_labs/install/cw1_world_spawner:${AMENT_PREFIX_PATH} CMAKE_PREFIX_PATH=/home/charvi/comp0250_s26_labs/install/cw1_world_spawner:/opt/ros/humble LD_LIBRARY_PATH=/home/charvi/comp0250_s26_labs/install/cw1_world_spawner/lib:${LD_LIBRARY_PATH} PYTHONPATH=/home/charvi/comp0250_s26_labs/install/cw1_world_spawner/local/lib/python3.10/dist-packages:${PYTHONPATH} /usr/bin/cmake --build /home/charvi/comp0250_s26_labs/build/cw1_team_30 -- -j12 -l12
[16.102s] Level 1:colcon.colcon_core.environment:create_environment_scripts_only(cw1_team_30)
[16.103s] Level 1:colcon.colcon_core.environment:checking '/home/charvi/comp0250_s26_labs/install/cw1_team_30' for CMake module files
[16.103s] Level 1:colcon.colcon_core.environment:checking '/home/charvi/comp0250_s26_labs/install/cw1_team_30' for CMake config files
[16.103s] Level 1:colcon.colcon_core.shell:create_environment_hook('cw1_team_30', 'cmake_prefix_path')
[16.104s] INFO:colcon.colcon_core.shell:Creating environment hook '/home/charvi/comp0250_s26_labs/install/cw1_team_30/share/cw1_team_30/hook/cmake_prefix_path.ps1'
[16.104s] INFO:colcon.colcon_core.shell:Creating environment descriptor '/home/charvi/comp0250_s26_labs/install/cw1_team_30/share/cw1_team_30/hook/cmake_prefix_path.dsv'
[16.104s] INFO:colcon.colcon_core.shell:Creating environment hook '/home/charvi/comp0250_s26_labs/install/cw1_team_30/share/cw1_team_30/hook/cmake_prefix_path.sh'
[16.105s] Level 1:colcon.colcon_core.environment:checking '/home/charvi/comp0250_s26_labs/install/cw1_team_30/lib'
[16.105s] Level 1:colcon.colcon_core.shell:create_environment_hook('cw1_team_30', 'ld_library_path_lib')
[16.105s] INFO:colcon.colcon_core.shell:Creating environment hook '/home/charvi/comp0250_s26_labs/install/cw1_team_30/share/cw1_team_30/hook/ld_library_path_lib.ps1'
[16.105s] INFO:colcon.colcon_core.shell:Creating environment descriptor '/home/charvi/comp0250_s26_labs/install/cw1_team_30/share/cw1_team_30/hook/ld_library_path_lib.dsv'
[16.106s] INFO:colcon.colcon_core.shell:Creating environment hook '/home/charvi/comp0250_s26_labs/install/cw1_team_30/share/cw1_team_30/hook/ld_library_path_lib.sh'
[16.106s] Level 1:colcon.colcon_core.environment:checking '/home/charvi/comp0250_s26_labs/install/cw1_team_30/bin'
[16.106s] Level 1:colcon.colcon_core.environment:checking '/home/charvi/comp0250_s26_labs/install/cw1_team_30/lib/pkgconfig/cw1_team_30.pc'
[16.106s] Level 1:colcon.colcon_core.environment:checking '/home/charvi/comp0250_s26_labs/install/cw1_team_30/lib/python3.10/site-packages'
[16.106s] Level 1:colcon.colcon_core.environment:checking '/home/charvi/comp0250_s26_labs/install/cw1_team_30/bin'
[16.107s] INFO:colcon.colcon_core.shell:Creating package script '/home/charvi/comp0250_s26_labs/install/cw1_team_30/share/cw1_team_30/package.ps1'
[16.107s] INFO:colcon.colcon_core.shell:Creating package descriptor '/home/charvi/comp0250_s26_labs/install/cw1_team_30/share/cw1_team_30/package.dsv'
[16.108s] INFO:colcon.colcon_core.shell:Creating package script '/home/charvi/comp0250_s26_labs/install/cw1_team_30/share/cw1_team_30/package.sh'
[16.108s] INFO:colcon.colcon_core.shell:Creating package script '/home/charvi/comp0250_s26_labs/install/cw1_team_30/share/cw1_team_30/package.bash'
[16.108s] INFO:colcon.colcon_core.shell:Creating package script '/home/charvi/comp0250_s26_labs/install/cw1_team_30/share/cw1_team_30/package.zsh'
[16.109s] Level 1:colcon.colcon_core.environment:create_file_with_runtime_dependencies(/home/charvi/comp0250_s26_labs/install/cw1_team_30/share/colcon-core/packages/cw1_team_30)
[16.119s] DEBUG:colcon.colcon_parallel_executor.executor.parallel:closing loop
[16.119s] DEBUG:colcon.colcon_parallel_executor.executor.parallel:loop closed
[16.119s] DEBUG:colcon.colcon_parallel_executor.executor.parallel:run_until_complete finished with '2'
[16.119s] DEBUG:colcon.colcon_core.event_reactor:joining thread
[16.124s] INFO:colcon.colcon_core.plugin_system:Skipping extension 'colcon_notification.desktop_notification.terminal_notifier': Not used on non-Darwin systems
[16.124s] INFO:colcon.colcon_core.plugin_system:Skipping extension 'colcon_notification.desktop_notification.win32': Not used on non-Windows systems
[16.124s] INFO:colcon.colcon_notification.desktop_notification:Sending desktop notification using 'notify2'
[16.135s] DEBUG:colcon.colcon_core.event_reactor:joined thread
[16.135s] INFO:colcon.colcon_core.shell:Creating prefix script '/home/charvi/comp0250_s26_labs/install/local_setup.ps1'
[16.136s] INFO:colcon.colcon_core.shell:Creating prefix util module '/home/charvi/comp0250_s26_labs/install/_local_setup_util_ps1.py'
[16.138s] INFO:colcon.colcon_core.shell:Creating prefix chain script '/home/charvi/comp0250_s26_labs/install/setup.ps1'
[16.139s] INFO:colcon.colcon_core.shell:Creating prefix script '/home/charvi/comp0250_s26_labs/install/local_setup.sh'
[16.139s] INFO:colcon.colcon_core.shell:Creating prefix util module '/home/charvi/comp0250_s26_labs/install/_local_setup_util_sh.py'
[16.140s] INFO:colcon.colcon_core.shell:Creating prefix chain script '/home/charvi/comp0250_s26_labs/install/setup.sh'
[16.141s] INFO:colcon.colcon_core.shell:Creating prefix script '/home/charvi/comp0250_s26_labs/install/local_setup.bash'
[16.142s] INFO:colcon.colcon_core.shell:Creating prefix chain script '/home/charvi/comp0250_s26_labs/install/setup.bash'
[16.144s] INFO:colcon.colcon_core.shell:Creating prefix script '/home/charvi/comp0250_s26_labs/install/local_setup.zsh'
[16.145s] INFO:colcon.colcon_core.shell:Creating prefix chain script '/home/charvi/comp0250_s26_labs/install/setup.zsh'
