-- The C compiler identification is GNU 11.4.0
-- The CXX compiler identification is GNU 11.4.0
-- Detecting C compiler ABI info
-- Detecting C compiler ABI info - done
-- Check for working C compiler: /usr/bin/cc - skipped
-- Detecting C compile features
-- Detecting C compile features - done
-- Detecting CXX compiler ABI info
-- Detecting CXX compiler ABI info - done
-- Check for working CXX compiler: /usr/bin/c++ - skipped
-- Detecting CXX compile features
-- Detecting CXX compile features - done
-- Found ament_cmake: 1.3.12 (/opt/ros/humble/share/ament_cmake/cmake)
-- Found Python3: /usr/bin/python3 (found version "3.10.12") found components: Interpreter 
-- Found rosidl_default_generators: 1.2.0 (/opt/ros/humble/share/rosidl_default_generators/cmake)
-- Using all available rosidl_typesupport_c: rosidl_typesupport_fastrtps_c;rosidl_typesupport_introspection_c
-- Found rosidl_adapter: 3.1.8 (/opt/ros/humble/share/rosidl_adapter/cmake)
-- Using all available rosidl_typesupport_cpp: rosidl_typesupport_fastrtps_cpp;rosidl_typesupport_introspection_cpp
-- Found rclcpp: 16.0.17 (/opt/ros/humble/share/rclcpp/cmake)
-- Found rmw_implementation_cmake: 6.1.2 (/opt/ros/humble/share/rmw_implementation_cmake/cmake)
-- Found rmw_fastrtps_cpp: 6.2.9 (/opt/ros/humble/share/rmw_fastrtps_cpp/cmake)
-- Found OpenSSL: /usr/lib/x86_64-linux-gnu/libcrypto.so (found version "3.0.2")  
-- Found FastRTPS: /opt/ros/humble/include  
-- Using RMW implementation 'rmw_fastrtps_cpp' as default
-- Looking for pthread.h
-- Looking for pthread.h - found
-- Performing Test CMAKE_HAVE_LIBC_PTHREAD
-- Performing Test CMAKE_HAVE_LIBC_PTHREAD - Success
-- Found Threads: TRUE  
-- Found geometry_msgs: 4.9.0 (/opt/ros/humble/share/geometry_msgs/cmake)
-- Found sensor_msgs: 4.9.0 (/opt/ros/humble/share/sensor_msgs/cmake)
-- Found moveit_core: 2.5.9 (/opt/ros/humble/share/moveit_core/cmake)
-- Found Boost: /usr/lib/x86_64-linux-gnu/cmake/Boost-1.74.0/BoostConfig.cmake (found version "1.74.0") found components: chrono date_time filesystem iostreams program_options regex serialization system thread 
-- Found parameter_traits: 0.6.0 (/opt/ros/humble/share/parameter_traits/cmake)
-- Found rclcpp_lifecycle: 16.0.17 (/opt/ros/humble/share/rclcpp_lifecycle/cmake)
-- Found Boost: /usr/lib/x86_64-linux-gnu/cmake/Boost-1.74.0/BoostConfig.cmake (found version "1.74.0") found components: filesystem 
-- library: /usr/lib/x86_64-linux-gnu/libcurl.so
-- Found Eigen3: TRUE (found version "3.4.0") 
-- Ensuring Eigen3 include directory is part of orocos-kdl CMake target
-- Found moveit_ros_planning_interface: 2.5.9 (/opt/ros/humble/share/moveit_ros_planning_interface/cmake)
-- Found Boost: /usr/lib/x86_64-linux-gnu/cmake/Boost-1.74.0/BoostConfig.cmake (found version "1.74.0") found components: date_time filesystem program_options system thread 
-- Found Boost: /usr/lib/x86_64-linux-gnu/cmake/Boost-1.74.0/BoostConfig.cmake (found version "1.74.0") found components: system filesystem date_time program_options thread chrono 
-- Found Boost: /usr/lib/x86_64-linux-gnu/cmake/Boost-1.74.0/BoostConfig.cmake (found version "1.74.0") found components: thread system filesystem regex date_time program_options 
-- Found Boost: /usr/lib/x86_64-linux-gnu/cmake/Boost-1.74.0/BoostConfig.cmake (found version "1.74.0") found components: system filesystem date_time program_options thread 
-- Found pcl_ros: 2.4.5 (/opt/ros/humble/share/pcl_ros/cmake)
-- Checking for module 'eigen3'
--   Found eigen3, version 3.4.0
-- Found Eigen: /usr/include/eigen3 (Required is at least version "3.1") 
-- Eigen found (include: /usr/include/eigen3, version: 3.4.0)
-- Checking for module 'flann'
--   Found flann, version 1.9.1
-- Found FLANN: /usr/lib/x86_64-linux-gnu/libflann_cpp.so  
-- FLANN found (include: /usr/include, lib: /usr/lib/x86_64-linux-gnu/libflann_cpp.so)
-- Checking for module 'libusb-1.0'
--   Found libusb-1.0, version 1.0.25
-- Found libusb: /usr/lib/x86_64-linux-gnu/libusb-1.0.so  
-- OpenNI found (version: 1.5.4.0, include: /usr/include/ni, lib: /usr/lib/libOpenNI.so;libusb::libusb)
-- OpenNI2 found (version: 2.2.0.33, include: /usr/include/openni2, lib: /usr/lib/x86_64-linux-gnu/libOpenNI2.so;libusb::libusb)
-- Eigen found (include: /usr/include/eigen3, version: 3.4.0)
-- OpenNI found (version: 1.5.4.0, include: /usr/include/ni, lib: /usr/lib/libOpenNI.so;libusb::libusb)
-- OpenNI2 found (version: 2.2.0.33, include: /usr/include/openni2, lib: /usr/lib/x86_64-linux-gnu/libOpenNI2.so;libusb::libusb)
-- Found Qhull version 8.0.2
-- OpenNI found (version: 1.5.4.0, include: /usr/include/ni, lib: /usr/lib/libOpenNI.so;libusb::libusb)
-- Found PCL_COMMON: /usr/lib/x86_64-linux-gnu/libpcl_common.so  
-- Found PCL_KDTREE: /usr/lib/x86_64-linux-gnu/libpcl_kdtree.so  
-- Found PCL_OCTREE: /usr/lib/x86_64-linux-gnu/libpcl_octree.so  
-- Found PCL_SEARCH: /usr/lib/x86_64-linux-gnu/libpcl_search.so  
-- Found PCL_SAMPLE_CONSENSUS: /usr/lib/x86_64-linux-gnu/libpcl_sample_consensus.so  
-- Found PCL_FILTERS: /usr/lib/x86_64-linux-gnu/libpcl_filters.so  
-- Found PCL_2D: /usr/include/pcl-1.12  
-- Found PCL_GEOMETRY: /usr/include/pcl-1.12  
-- Found PCL_IO: /usr/lib/x86_64-linux-gnu/libpcl_io.so  
-- Found PCL_FEATURES: /usr/lib/x86_64-linux-gnu/libpcl_features.so  
-- Found PCL_ML: /usr/lib/x86_64-linux-gnu/libpcl_ml.so  
-- Found PCL_SEGMENTATION: /usr/lib/x86_64-linux-gnu/libpcl_segmentation.so  
-- Found PCL_VISUALIZATION: /usr/lib/x86_64-linux-gnu/libpcl_visualization.so  
-- Found PCL_SURFACE: /usr/lib/x86_64-linux-gnu/libpcl_surface.so  
-- Found PCL_REGISTRATION: /usr/lib/x86_64-linux-gnu/libpcl_registration.so  
-- Found PCL_KEYPOINTS: /usr/lib/x86_64-linux-gnu/libpcl_keypoints.so  
-- Found PCL_TRACKING: /usr/lib/x86_64-linux-gnu/libpcl_tracking.so  
-- Found PCL_RECOGNITION: /usr/lib/x86_64-linux-gnu/libpcl_recognition.so  
-- Found PCL_STEREO: /usr/lib/x86_64-linux-gnu/libpcl_stereo.so  
-- Found PCL_APPS: /usr/lib/x86_64-linux-gnu/libpcl_apps.so  
-- Found PCL_IN_HAND_SCANNER: /usr/include/pcl-1.12  
-- Found PCL_MODELER: /usr/include/pcl-1.12  
-- Found PCL_POINT_CLOUD_EDITOR: /usr/include/pcl-1.12  
-- Found PCL_OUTOFCORE: /usr/lib/x86_64-linux-gnu/libpcl_outofcore.so  
-- Found PCL_PEOPLE: /usr/lib/x86_64-linux-gnu/libpcl_people.so  
-- Found cw1_world_spawner: 0.1.0 (/home/charvi/comp0250_s26_labs/install/cw1_world_spawner/share/cw1_world_spawner/cmake)
-- Found ament_cmake_ros: 0.10.0 (/opt/ros/humble/share/ament_cmake_ros/cmake)
-- Using all available rosidl_typesupport_c: rosidl_typesupport_fastrtps_c;rosidl_typesupport_introspection_c
-- Using all available rosidl_typesupport_cpp: rosidl_typesupport_fastrtps_cpp;rosidl_typesupport_introspection_cpp
-- Found PythonInterp: /usr/bin/python3 (found suitable version "3.10.12", minimum required is "3.6") 
-- Found python_cmake_module: 0.10.0 (/opt/ros/humble/share/python_cmake_module/cmake)
-- Found PythonLibs: /usr/lib/x86_64-linux-gnu/libpython3.10.so (found suitable version "3.10.12", minimum required is "3.5") 
-- Using PYTHON_EXECUTABLE: /usr/bin/python3
-- Using PYTHON_INCLUDE_DIRS: /usr/include/python3.10
-- Using PYTHON_LIBRARIES: /usr/lib/x86_64-linux-gnu/libpython3.10.so
-- Found PythonExtra: .so  
-- Found ament_lint_auto: 0.12.14 (/opt/ros/humble/share/ament_lint_auto/cmake)
-- Added test 'cppcheck' to perform static code analysis on C / C++ code
-- Configured cppcheck include dirs: /home/charvi/comp0250_s26_labs/courseworks/cw1_team_30/include
-- Configured cppcheck exclude dirs and/or files: 
-- Added test 'flake8' to check Python code syntax and style conventions
-- Added test 'lint_cmake' to check CMake code style
-- Added test 'pep257' to check Python code against some of the docstring style conventions in PEP 257
-- Added test 'uncrustify' to check C / C++ code style
-- Configured uncrustify additional arguments: 
-- Added test 'xmllint' to check XML markup files
-- Configuring done
-- Generating done
-- Build files have been written to: /home/charvi/comp0250_s26_labs/build/cw1_team_x
[  2%] [34m[1mGenerating C code for ROS interfaces[0m
[  5%] [34m[1mGenerating C++ code for ROS interfaces[0m
[  5%] Built target ament_cmake_python_copy_cw1_team_x
running egg_info
creating cw1_team_x.egg-info
writing cw1_team_x.egg-info/PKG-INFO
writing dependency_links to cw1_team_x.egg-info/dependency_links.txt
writing top-level names to cw1_team_x.egg-info/top_level.txt
writing manifest file 'cw1_team_x.egg-info/SOURCES.txt'
[  8%] [32mBuilding C object CMakeFiles/cw1_team_x__rosidl_generator_c.dir/rosidl_generator_c/cw1_team_x/srv/detail/example__functions.c.o[0m
[  8%] Built target cw1_team_x__cpp
[ 11%] [34m[1mGenerating C++ type support for eProsima Fast-RTPS[0m
[ 14%] [34m[1mGenerating C++ introspection for ROS interfaces[0m
[ 17%] [34m[1mGenerating C++ type support dispatch for ROS interfaces[0m
reading manifest file 'cw1_team_x.egg-info/SOURCES.txt'
writing manifest file 'cw1_team_x.egg-info/SOURCES.txt'
[ 17%] Built target ament_cmake_python_build_cw1_team_x_egg
[ 20%] [32m[1mLinking C shared library libcw1_team_x__rosidl_generator_c.so[0m
[ 20%] Built target cw1_team_x__rosidl_generator_c
[ 22%] [34m[1mGenerating C type support dispatch for ROS interfaces[0m
[ 28%] [34m[1mGenerating C introspection for ROS interfaces[0m
[ 28%] [34m[1mGenerating C type support for eProsima Fast-RTPS[0m
[ 31%] [32mBuilding CXX object CMakeFiles/cw1_team_x__rosidl_typesupport_fastrtps_cpp.dir/rosidl_typesupport_fastrtps_cpp/cw1_team_x/srv/detail/dds_fastrtps/example__type_support.cpp.o[0m
[ 34%] [32mBuilding CXX object CMakeFiles/cw1_team_x__rosidl_typesupport_cpp.dir/rosidl_typesupport_cpp/cw1_team_x/srv/example__type_support.cpp.o[0m
[ 37%] [32mBuilding CXX object CMakeFiles/cw1_team_x__rosidl_typesupport_introspection_cpp.dir/rosidl_typesupport_introspection_cpp/cw1_team_x/srv/detail/example__type_support.cpp.o[0m
[ 40%] [32mBuilding CXX object CMakeFiles/cw1_team_x__rosidl_typesupport_c.dir/rosidl_typesupport_c/cw1_team_x/srv/example__type_support.cpp.o[0m
[ 42%] [32m[1mLinking CXX shared library libcw1_team_x__rosidl_typesupport_c.so[0m
[ 45%] [32mBuilding CXX object CMakeFiles/cw1_team_x__rosidl_typesupport_fastrtps_c.dir/rosidl_typesupport_fastrtps_c/cw1_team_x/srv/detail/example__type_support_c.cpp.o[0m
[ 45%] Built target cw1_team_x__rosidl_typesupport_c
[ 48%] [32mBuilding C object CMakeFiles/cw1_team_x__rosidl_typesupport_introspection_c.dir/rosidl_typesupport_introspection_c/cw1_team_x/srv/detail/example__type_support.c.o[0m
[ 51%] [32m[1mLinking C shared library libcw1_team_x__rosidl_typesupport_introspection_c.so[0m
[ 54%] [32m[1mLinking CXX shared library libcw1_team_x__rosidl_typesupport_cpp.so[0m
[ 54%] Built target cw1_team_x__rosidl_typesupport_introspection_c
[ 54%] Built target cw1_team_x__rosidl_typesupport_cpp
[ 57%] [32mBuilding CXX object CMakeFiles/cw1_team_x_cw1_class_lib.dir/src/cw1_class.cpp.o[0m
[ 60%] [32m[1mLinking CXX shared library libcw1_team_x__rosidl_typesupport_introspection_cpp.so[0m
[ 60%] Built target cw1_team_x__rosidl_typesupport_introspection_cpp
[ 62%] [32m[1mLinking CXX shared library libcw1_team_x__rosidl_typesupport_fastrtps_c.so[0m
[ 65%] [32m[1mLinking CXX shared library libcw1_team_x__rosidl_typesupport_fastrtps_cpp.so[0m
[ 65%] Built target cw1_team_x__rosidl_typesupport_fastrtps_c
[ 65%] Built target cw1_team_x__rosidl_typesupport_fastrtps_cpp
[ 65%] Built target cw1_team_x
[ 68%] [34m[1mGenerating Python code for ROS interfaces[0m
[ 68%] Built target cw1_team_x__py
[ 71%] [32mBuilding C object CMakeFiles/cw1_team_x__rosidl_generator_py.dir/rosidl_generator_py/cw1_team_x/srv/_example_s.c.o[0m
[ 74%] [32m[1mLinking C shared library rosidl_generator_py/cw1_team_x/libcw1_team_x__rosidl_generator_py.so[0m
[ 74%] Built target cw1_team_x__rosidl_generator_py
[ 82%] [32mBuilding C object CMakeFiles/cw1_team_x__rosidl_typesupport_c__pyext.dir/rosidl_generator_py/cw1_team_x/_cw1_team_x_s.ep.rosidl_typesupport_c.c.o[0m
[ 82%] [32mBuilding C object CMakeFiles/cw1_team_x__rosidl_typesupport_introspection_c__pyext.dir/rosidl_generator_py/cw1_team_x/_cw1_team_x_s.ep.rosidl_typesupport_introspection_c.c.o[0m
[ 82%] [32mBuilding C object CMakeFiles/cw1_team_x__rosidl_typesupport_fastrtps_c__pyext.dir/rosidl_generator_py/cw1_team_x/_cw1_team_x_s.ep.rosidl_typesupport_fastrtps_c.c.o[0m
[ 91%] [32m[1mLinking C shared library rosidl_generator_py/cw1_team_x/cw1_team_x_s__rosidl_typesupport_c.cpython-310-x86_64-linux-gnu.so[0m
[ 91%] [32m[1mLinking C shared library rosidl_generator_py/cw1_team_x/cw1_team_x_s__rosidl_typesupport_fastrtps_c.cpython-310-x86_64-linux-gnu.so[0m
[ 91%] [32m[1mLinking C shared library rosidl_generator_py/cw1_team_x/cw1_team_x_s__rosidl_typesupport_introspection_c.cpython-310-x86_64-linux-gnu.so[0m
[ 91%] Built target cw1_team_x__rosidl_typesupport_introspection_c__pyext
[ 91%] Built target cw1_team_x__rosidl_typesupport_fastrtps_c__pyext
[ 91%] Built target cw1_team_x__rosidl_typesupport_c__pyext
[ 94%] [32m[1mLinking CXX shared library libcw1_team_x_cw1_class_lib.so[0m
[ 94%] Built target cw1_team_x_cw1_class_lib
[ 97%] [32mBuilding CXX object CMakeFiles/cw1_solution_node.dir/src/cw1_node.cpp.o[0m
[100%] [32m[1mLinking CXX executable cw1_solution_node[0m
[100%] Built target cw1_solution_node
-- Install configuration: "Release"
-- Installing: /home/charvi/comp0250_s26_labs/install/cw1_team_x/share/ament_index/resource_index/rosidl_interfaces/cw1_team_x
-- Installing: /home/charvi/comp0250_s26_labs/install/cw1_team_x/include/cw1_team_x/cw1_team_x
-- Installing: /home/charvi/comp0250_s26_labs/install/cw1_team_x/include/cw1_team_x/cw1_team_x/srv
-- Installing: /home/charvi/comp0250_s26_labs/install/cw1_team_x/include/cw1_team_x/cw1_team_x/srv/example.h
-- Installing: /home/charvi/comp0250_s26_labs/install/cw1_team_x/include/cw1_team_x/cw1_team_x/srv/detail
-- Installing: /home/charvi/comp0250_s26_labs/install/cw1_team_x/include/cw1_team_x/cw1_team_x/srv/detail/example__struct.h
-- Installing: /home/charvi/comp0250_s26_labs/install/cw1_team_x/include/cw1_team_x/cw1_team_x/srv/detail/example__functions.h
-- Installing: /home/charvi/comp0250_s26_labs/install/cw1_team_x/include/cw1_team_x/cw1_team_x/srv/detail/example__type_support.h
-- Installing: /home/charvi/comp0250_s26_labs/install/cw1_team_x/include/cw1_team_x/cw1_team_x/srv/detail/example__functions.c
-- Installing: /home/charvi/comp0250_s26_labs/install/cw1_team_x/include/cw1_team_x/cw1_team_x/msg
-- Installing: /home/charvi/comp0250_s26_labs/install/cw1_team_x/include/cw1_team_x/cw1_team_x/msg/rosidl_generator_c__visibility_control.h
-- Installing: /home/charvi/comp0250_s26_labs/install/cw1_team_x/share/cw1_team_x/environment/library_path.sh
-- Installing: /home/charvi/comp0250_s26_labs/install/cw1_team_x/share/cw1_team_x/environment/library_path.dsv
-- Installing: /home/charvi/comp0250_s26_labs/install/cw1_team_x/lib/libcw1_team_x__rosidl_generator_c.so
-- Set runtime path of "/home/charvi/comp0250_s26_labs/install/cw1_team_x/lib/libcw1_team_x__rosidl_generator_c.so" to ""
-- Up-to-date: /home/charvi/comp0250_s26_labs/install/cw1_team_x/include/cw1_team_x/cw1_team_x
-- Up-to-date: /home/charvi/comp0250_s26_labs/install/cw1_team_x/include/cw1_team_x/cw1_team_x/srv
-- Up-to-date: /home/charvi/comp0250_s26_labs/install/cw1_team_x/include/cw1_team_x/cw1_team_x/srv/detail
-- Installing: /home/charvi/comp0250_s26_labs/install/cw1_team_x/include/cw1_team_x/cw1_team_x/srv/detail/example__rosidl_typesupport_fastrtps_c.h
-- Up-to-date: /home/charvi/comp0250_s26_labs/install/cw1_team_x/include/cw1_team_x/cw1_team_x/msg
-- Installing: /home/charvi/comp0250_s26_labs/install/cw1_team_x/include/cw1_team_x/cw1_team_x/msg/rosidl_typesupport_fastrtps_c__visibility_control.h
-- Installing: /home/charvi/comp0250_s26_labs/install/cw1_team_x/lib/libcw1_team_x__rosidl_typesupport_fastrtps_c.so
-- Set runtime path of "/home/charvi/comp0250_s26_labs/install/cw1_team_x/lib/libcw1_team_x__rosidl_typesupport_fastrtps_c.so" to ""
-- Up-to-date: /home/charvi/comp0250_s26_labs/install/cw1_team_x/include/cw1_team_x/cw1_team_x
-- Up-to-date: /home/charvi/comp0250_s26_labs/install/cw1_team_x/include/cw1_team_x/cw1_team_x/srv
-- Up-to-date: /home/charvi/comp0250_s26_labs/install/cw1_team_x/include/cw1_team_x/cw1_team_x/srv/detail
-- Installing: /home/charvi/comp0250_s26_labs/install/cw1_team_x/include/cw1_team_x/cw1_team_x/srv/detail/example__type_support.c
-- Installing: /home/charvi/comp0250_s26_labs/install/cw1_team_x/include/cw1_team_x/cw1_team_x/srv/detail/example__rosidl_typesupport_introspection_c.h
-- Up-to-date: /home/charvi/comp0250_s26_labs/install/cw1_team_x/include/cw1_team_x/cw1_team_x/msg
-- Installing: /home/charvi/comp0250_s26_labs/install/cw1_team_x/include/cw1_team_x/cw1_team_x/msg/rosidl_typesupport_introspection_c__visibility_control.h
-- Installing: /home/charvi/comp0250_s26_labs/install/cw1_team_x/lib/libcw1_team_x__rosidl_typesupport_introspection_c.so
-- Set runtime path of "/home/charvi/comp0250_s26_labs/install/cw1_team_x/lib/libcw1_team_x__rosidl_typesupport_introspection_c.so" to ""
-- Installing: /home/charvi/comp0250_s26_labs/install/cw1_team_x/lib/libcw1_team_x__rosidl_typesupport_c.so
-- Set runtime path of "/home/charvi/comp0250_s26_labs/install/cw1_team_x/lib/libcw1_team_x__rosidl_typesupport_c.so" to ""
-- Up-to-date: /home/charvi/comp0250_s26_labs/install/cw1_team_x/include/cw1_team_x/cw1_team_x
-- Up-to-date: /home/charvi/comp0250_s26_labs/install/cw1_team_x/include/cw1_team_x/cw1_team_x/srv
-- Installing: /home/charvi/comp0250_s26_labs/install/cw1_team_x/include/cw1_team_x/cw1_team_x/srv/example.hpp
-- Up-to-date: /home/charvi/comp0250_s26_labs/install/cw1_team_x/include/cw1_team_x/cw1_team_x/srv/detail
-- Installing: /home/charvi/comp0250_s26_labs/install/cw1_team_x/include/cw1_team_x/cw1_team_x/srv/detail/example__type_support.hpp
-- Installing: /home/charvi/comp0250_s26_labs/install/cw1_team_x/include/cw1_team_x/cw1_team_x/srv/detail/example__struct.hpp
-- Installing: /home/charvi/comp0250_s26_labs/install/cw1_team_x/include/cw1_team_x/cw1_team_x/srv/detail/example__traits.hpp
-- Installing: /home/charvi/comp0250_s26_labs/install/cw1_team_x/include/cw1_team_x/cw1_team_x/srv/detail/example__builder.hpp
-- Up-to-date: /home/charvi/comp0250_s26_labs/install/cw1_team_x/include/cw1_team_x/cw1_team_x/msg
-- Installing: /home/charvi/comp0250_s26_labs/install/cw1_team_x/include/cw1_team_x/cw1_team_x/msg/rosidl_generator_cpp__visibility_control.hpp
-- Up-to-date: /home/charvi/comp0250_s26_labs/install/cw1_team_x/include/cw1_team_x/cw1_team_x
-- Up-to-date: /home/charvi/comp0250_s26_labs/install/cw1_team_x/include/cw1_team_x/cw1_team_x/srv
-- Up-to-date: /home/charvi/comp0250_s26_labs/install/cw1_team_x/include/cw1_team_x/cw1_team_x/srv/detail
-- Installing: /home/charvi/comp0250_s26_labs/install/cw1_team_x/include/cw1_team_x/cw1_team_x/srv/detail/example__rosidl_typesupport_fastrtps_cpp.hpp
-- Installing: /home/charvi/comp0250_s26_labs/install/cw1_team_x/include/cw1_team_x/cw1_team_x/srv/detail/dds_fastrtps
-- Up-to-date: /home/charvi/comp0250_s26_labs/install/cw1_team_x/include/cw1_team_x/cw1_team_x/msg
-- Installing: /home/charvi/comp0250_s26_labs/install/cw1_team_x/include/cw1_team_x/cw1_team_x/msg/rosidl_typesupport_fastrtps_cpp__visibility_control.h
-- Installing: /home/charvi/comp0250_s26_labs/install/cw1_team_x/lib/libcw1_team_x__rosidl_typesupport_fastrtps_cpp.so
-- Set runtime path of "/home/charvi/comp0250_s26_labs/install/cw1_team_x/lib/libcw1_team_x__rosidl_typesupport_fastrtps_cpp.so" to ""
-- Up-to-date: /home/charvi/comp0250_s26_labs/install/cw1_team_x/include/cw1_team_x/cw1_team_x
-- Up-to-date: /home/charvi/comp0250_s26_labs/install/cw1_team_x/include/cw1_team_x/cw1_team_x/srv
-- Up-to-date: /home/charvi/comp0250_s26_labs/install/cw1_team_x/include/cw1_team_x/cw1_team_x/srv/detail
-- Installing: /home/charvi/comp0250_s26_labs/install/cw1_team_x/include/cw1_team_x/cw1_team_x/srv/detail/example__type_support.cpp
-- Installing: /home/charvi/comp0250_s26_labs/install/cw1_team_x/include/cw1_team_x/cw1_team_x/srv/detail/example__rosidl_typesupport_introspection_cpp.hpp
-- Installing: /home/charvi/comp0250_s26_labs/install/cw1_team_x/lib/libcw1_team_x__rosidl_typesupport_introspection_cpp.so
-- Set runtime path of "/home/charvi/comp0250_s26_labs/install/cw1_team_x/lib/libcw1_team_x__rosidl_typesupport_introspection_cpp.so" to ""
-- Installing: /home/charvi/comp0250_s26_labs/install/cw1_team_x/lib/libcw1_team_x__rosidl_typesupport_cpp.so
-- Set runtime path of "/home/charvi/comp0250_s26_labs/install/cw1_team_x/lib/libcw1_team_x__rosidl_typesupport_cpp.so" to ""
-- Installing: /home/charvi/comp0250_s26_labs/install/cw1_team_x/share/cw1_team_x/environment/pythonpath.sh
-- Installing: /home/charvi/comp0250_s26_labs/install/cw1_team_x/share/cw1_team_x/environment/pythonpath.dsv
-- Installing: /home/charvi/comp0250_s26_labs/install/cw1_team_x/local/lib/python3.10/dist-packages/cw1_team_x-0.1.0-py3.10.egg-info
-- Installing: /home/charvi/comp0250_s26_labs/install/cw1_team_x/local/lib/python3.10/dist-packages/cw1_team_x-0.1.0-py3.10.egg-info/SOURCES.txt
-- Installing: /home/charvi/comp0250_s26_labs/install/cw1_team_x/local/lib/python3.10/dist-packages/cw1_team_x-0.1.0-py3.10.egg-info/PKG-INFO
-- Installing: /home/charvi/comp0250_s26_labs/install/cw1_team_x/local/lib/python3.10/dist-packages/cw1_team_x-0.1.0-py3.10.egg-info/top_level.txt
-- Installing: /home/charvi/comp0250_s26_labs/install/cw1_team_x/local/lib/python3.10/dist-packages/cw1_team_x-0.1.0-py3.10.egg-info/dependency_links.txt
-- Installing: /home/charvi/comp0250_s26_labs/install/cw1_team_x/local/lib/python3.10/dist-packages/cw1_team_x
-- Installing: /home/charvi/comp0250_s26_labs/install/cw1_team_x/local/lib/python3.10/dist-packages/cw1_team_x/_cw1_team_x_s.ep.rosidl_typesupport_introspection_c.c
-- Installing: /home/charvi/comp0250_s26_labs/install/cw1_team_x/local/lib/python3.10/dist-packages/cw1_team_x/libcw1_team_x__rosidl_generator_py.so
-- Installing: /home/charvi/comp0250_s26_labs/install/cw1_team_x/local/lib/python3.10/dist-packages/cw1_team_x/cw1_team_x_s__rosidl_typesupport_fastrtps_c.cpython-310-x86_64-linux-gnu.so
-- Installing: /home/charvi/comp0250_s26_labs/install/cw1_team_x/local/lib/python3.10/dist-packages/cw1_team_x/srv
-- Installing: /home/charvi/comp0250_s26_labs/install/cw1_team_x/local/lib/python3.10/dist-packages/cw1_team_x/srv/_example.py
-- Installing: /home/charvi/comp0250_s26_labs/install/cw1_team_x/local/lib/python3.10/dist-packages/cw1_team_x/srv/__init__.py
-- Installing: /home/charvi/comp0250_s26_labs/install/cw1_team_x/local/lib/python3.10/dist-packages/cw1_team_x/srv/_example_s.c
-- Installing: /home/charvi/comp0250_s26_labs/install/cw1_team_x/local/lib/python3.10/dist-packages/cw1_team_x/cw1_team_x_s__rosidl_typesupport_introspection_c.cpython-310-x86_64-linux-gnu.so
-- Installing: /home/charvi/comp0250_s26_labs/install/cw1_team_x/local/lib/python3.10/dist-packages/cw1_team_x/__init__.py
-- Installing: /home/charvi/comp0250_s26_labs/install/cw1_team_x/local/lib/python3.10/dist-packages/cw1_team_x/cw1_team_x_s__rosidl_typesupport_c.cpython-310-x86_64-linux-gnu.so
-- Installing: /home/charvi/comp0250_s26_labs/install/cw1_team_x/local/lib/python3.10/dist-packages/cw1_team_x/_cw1_team_x_s.ep.rosidl_typesupport_c.c
-- Installing: /home/charvi/comp0250_s26_labs/install/cw1_team_x/local/lib/python3.10/dist-packages/cw1_team_x/_cw1_team_x_s.ep.rosidl_typesupport_fastrtps_c.c
Listing '/home/charvi/comp0250_s26_labs/install/cw1_team_x/local/lib/python3.10/dist-packages/cw1_team_x'...
Compiling '/home/charvi/comp0250_s26_labs/install/cw1_team_x/local/lib/python3.10/dist-packages/cw1_team_x/__init__.py'...
Listing '/home/charvi/comp0250_s26_labs/install/cw1_team_x/local/lib/python3.10/dist-packages/cw1_team_x/srv'...
Compiling '/home/charvi/comp0250_s26_labs/install/cw1_team_x/local/lib/python3.10/dist-packages/cw1_team_x/srv/__init__.py'...
Compiling '/home/charvi/comp0250_s26_labs/install/cw1_team_x/local/lib/python3.10/dist-packages/cw1_team_x/srv/_example.py'...
-- Installing: /home/charvi/comp0250_s26_labs/install/cw1_team_x/local/lib/python3.10/dist-packages/cw1_team_x/cw1_team_x_s__rosidl_typesupport_fastrtps_c.cpython-310-x86_64-linux-gnu.so
-- Set runtime path of "/home/charvi/comp0250_s26_labs/install/cw1_team_x/local/lib/python3.10/dist-packages/cw1_team_x/cw1_team_x_s__rosidl_typesupport_fastrtps_c.cpython-310-x86_64-linux-gnu.so" to ""
-- Installing: /home/charvi/comp0250_s26_labs/install/cw1_team_x/local/lib/python3.10/dist-packages/cw1_team_x/cw1_team_x_s__rosidl_typesupport_introspection_c.cpython-310-x86_64-linux-gnu.so
-- Set runtime path of "/home/charvi/comp0250_s26_labs/install/cw1_team_x/local/lib/python3.10/dist-packages/cw1_team_x/cw1_team_x_s__rosidl_typesupport_introspection_c.cpython-310-x86_64-linux-gnu.so" to ""
-- Installing: /home/charvi/comp0250_s26_labs/install/cw1_team_x/local/lib/python3.10/dist-packages/cw1_team_x/cw1_team_x_s__rosidl_typesupport_c.cpython-310-x86_64-linux-gnu.so
-- Set runtime path of "/home/charvi/comp0250_s26_labs/install/cw1_team_x/local/lib/python3.10/dist-packages/cw1_team_x/cw1_team_x_s__rosidl_typesupport_c.cpython-310-x86_64-linux-gnu.so" to ""
-- Installing: /home/charvi/comp0250_s26_labs/install/cw1_team_x/lib/libcw1_team_x__rosidl_generator_py.so
-- Set runtime path of "/home/charvi/comp0250_s26_labs/install/cw1_team_x/lib/libcw1_team_x__rosidl_generator_py.so" to ""
-- Installing: /home/charvi/comp0250_s26_labs/install/cw1_team_x/share/cw1_team_x/srv/Example.idl
-- Installing: /home/charvi/comp0250_s26_labs/install/cw1_team_x/share/cw1_team_x/srv/Example.srv
-- Installing: /home/charvi/comp0250_s26_labs/install/cw1_team_x/share/cw1_team_x/srv/Example_Request.msg
-- Installing: /home/charvi/comp0250_s26_labs/install/cw1_team_x/share/cw1_team_x/srv/Example_Response.msg
-- Installing: /home/charvi/comp0250_s26_labs/install/cw1_team_x/lib/libcw1_team_x_cw1_class_lib.so
-- Set runtime path of "/home/charvi/comp0250_s26_labs/install/cw1_team_x/lib/libcw1_team_x_cw1_class_lib.so" to ""
-- Installing: /home/charvi/comp0250_s26_labs/install/cw1_team_x/lib/cw1_team_x/cw1_solution_node
-- Set runtime path of "/home/charvi/comp0250_s26_labs/install/cw1_team_x/lib/cw1_team_x/cw1_solution_node" to ""
-- Installing: /home/charvi/comp0250_s26_labs/install/cw1_team_x/share/cw1_team_x/launch
-- Installing: /home/charvi/comp0250_s26_labs/install/cw1_team_x/share/cw1_team_x/launch/run_solution.launch.py
-- Installing: /home/charvi/comp0250_s26_labs/install/cw1_team_x/share/ament_index/resource_index/package_run_dependencies/cw1_team_x
-- Installing: /home/charvi/comp0250_s26_labs/install/cw1_team_x/share/ament_index/resource_index/parent_prefix_path/cw1_team_x
-- Installing: /home/charvi/comp0250_s26_labs/install/cw1_team_x/share/cw1_team_x/environment/ament_prefix_path.sh
-- Installing: /home/charvi/comp0250_s26_labs/install/cw1_team_x/share/cw1_team_x/environment/ament_prefix_path.dsv
-- Installing: /home/charvi/comp0250_s26_labs/install/cw1_team_x/share/cw1_team_x/environment/path.sh
-- Installing: /home/charvi/comp0250_s26_labs/install/cw1_team_x/share/cw1_team_x/environment/path.dsv
-- Installing: /home/charvi/comp0250_s26_labs/install/cw1_team_x/share/cw1_team_x/local_setup.bash
-- Installing: /home/charvi/comp0250_s26_labs/install/cw1_team_x/share/cw1_team_x/local_setup.sh
-- Installing: /home/charvi/comp0250_s26_labs/install/cw1_team_x/share/cw1_team_x/local_setup.zsh
-- Installing: /home/charvi/comp0250_s26_labs/install/cw1_team_x/share/cw1_team_x/local_setup.dsv
-- Installing: /home/charvi/comp0250_s26_labs/install/cw1_team_x/share/cw1_team_x/package.dsv
-- Installing: /home/charvi/comp0250_s26_labs/install/cw1_team_x/share/ament_index/resource_index/packages/cw1_team_x
-- Installing: /home/charvi/comp0250_s26_labs/install/cw1_team_x/share/cw1_team_x/cmake/export_cw1_team_x__rosidl_generator_cExport.cmake
-- Installing: /home/charvi/comp0250_s26_labs/install/cw1_team_x/share/cw1_team_x/cmake/export_cw1_team_x__rosidl_generator_cExport-release.cmake
-- Installing: /home/charvi/comp0250_s26_labs/install/cw1_team_x/share/cw1_team_x/cmake/export_cw1_team_x__rosidl_typesupport_fastrtps_cExport.cmake
-- Installing: /home/charvi/comp0250_s26_labs/install/cw1_team_x/share/cw1_team_x/cmake/export_cw1_team_x__rosidl_typesupport_fastrtps_cExport-release.cmake
-- Installing: /home/charvi/comp0250_s26_labs/install/cw1_team_x/share/cw1_team_x/cmake/cw1_team_x__rosidl_typesupport_introspection_cExport.cmake
-- Installing: /home/charvi/comp0250_s26_labs/install/cw1_team_x/share/cw1_team_x/cmake/cw1_team_x__rosidl_typesupport_introspection_cExport-release.cmake
-- Installing: /home/charvi/comp0250_s26_labs/install/cw1_team_x/share/cw1_team_x/cmake/cw1_team_x__rosidl_typesupport_cExport.cmake
-- Installing: /home/charvi/comp0250_s26_labs/install/cw1_team_x/share/cw1_team_x/cmake/cw1_team_x__rosidl_typesupport_cExport-release.cmake
-- Installing: /home/charvi/comp0250_s26_labs/install/cw1_team_x/share/cw1_team_x/cmake/export_cw1_team_x__rosidl_generator_cppExport.cmake
-- Installing: /home/charvi/comp0250_s26_labs/install/cw1_team_x/share/cw1_team_x/cmake/export_cw1_team_x__rosidl_typesupport_fastrtps_cppExport.cmake
-- Installing: /home/charvi/comp0250_s26_labs/install/cw1_team_x/share/cw1_team_x/cmake/export_cw1_team_x__rosidl_typesupport_fastrtps_cppExport-release.cmake
-- Installing: /home/charvi/comp0250_s26_labs/install/cw1_team_x/share/cw1_team_x/cmake/cw1_team_x__rosidl_typesupport_introspection_cppExport.cmake
-- Installing: /home/charvi/comp0250_s26_labs/install/cw1_team_x/share/cw1_team_x/cmake/cw1_team_x__rosidl_typesupport_introspection_cppExport-release.cmake
-- Installing: /home/charvi/comp0250_s26_labs/install/cw1_team_x/share/cw1_team_x/cmake/cw1_team_x__rosidl_typesupport_cppExport.cmake
-- Installing: /home/charvi/comp0250_s26_labs/install/cw1_team_x/share/cw1_team_x/cmake/cw1_team_x__rosidl_typesupport_cppExport-release.cmake
-- Installing: /home/charvi/comp0250_s26_labs/install/cw1_team_x/share/cw1_team_x/cmake/export_cw1_team_x__rosidl_generator_pyExport.cmake
-- Installing: /home/charvi/comp0250_s26_labs/install/cw1_team_x/share/cw1_team_x/cmake/export_cw1_team_x__rosidl_generator_pyExport-release.cmake
-- Installing: /home/charvi/comp0250_s26_labs/install/cw1_team_x/share/cw1_team_x/cmake/rosidl_cmake-extras.cmake
-- Installing: /home/charvi/comp0250_s26_labs/install/cw1_team_x/share/cw1_team_x/cmake/ament_cmake_export_dependencies-extras.cmake
-- Installing: /home/charvi/comp0250_s26_labs/install/cw1_team_x/share/cw1_team_x/cmake/ament_cmake_export_include_directories-extras.cmake
-- Installing: /home/charvi/comp0250_s26_labs/install/cw1_team_x/share/cw1_team_x/cmake/ament_cmake_export_libraries-extras.cmake
-- Installing: /home/charvi/comp0250_s26_labs/install/cw1_team_x/share/cw1_team_x/cmake/ament_cmake_export_targets-extras.cmake
-- Installing: /home/charvi/comp0250_s26_labs/install/cw1_team_x/share/cw1_team_x/cmake/rosidl_cmake_export_typesupport_targets-extras.cmake
-- Installing: /home/charvi/comp0250_s26_labs/install/cw1_team_x/share/cw1_team_x/cmake/rosidl_cmake_export_typesupport_libraries-extras.cmake
-- Installing: /home/charvi/comp0250_s26_labs/install/cw1_team_x/share/cw1_team_x/cmake/cw1_team_xConfig.cmake
-- Installing: /home/charvi/comp0250_s26_labs/install/cw1_team_x/share/cw1_team_x/cmake/cw1_team_xConfig-version.cmake
-- Installing: /home/charvi/comp0250_s26_labs/install/cw1_team_x/share/cw1_team_x/package.xml
