[0.011s] Invoking command in '/home/charvi/comp0250_s26_labs/build/cw1_team_x': AMENT_PREFIX_PATH=/home/charvi/comp0250_s26_labs/install/cw1_world_spawner:${AMENT_PREFIX_PATH} CMAKE_PREFIX_PATH=/home/charvi/comp0250_s26_labs/install/cw1_world_spawner:/opt/ros/humble LD_LIBRARY_PATH=/home/charvi/comp0250_s26_labs/install/cw1_world_spawner/lib:${LD_LIBRARY_PATH} PYTHONPATH=/home/charvi/comp0250_s26_labs/install/cw1_world_spawner/local/lib/python3.10/dist-packages:${PYTHONPATH} /usr/bin/cmake /home/charvi/comp0250_s26_labs/courseworks/cw1_team_30 -DCMAKE_BUILD_TYPE=Release -DCMAKE_INSTALL_PREFIX=/home/charvi/comp0250_s26_labs/install/cw1_team_x
[0.062s] -- The C compiler identification is GNU 11.4.0
[0.116s] -- The CXX compiler identification is GNU 11.4.0
[0.123s] -- Detecting C compiler ABI info
[0.189s] -- Detecting C compiler ABI info - done
[0.197s] -- Check for working C compiler: /usr/bin/cc - skipped
[0.197s] -- Detecting C compile features
[0.197s] -- Detecting C compile features - done
[0.200s] -- Detecting CXX compiler ABI info
[0.279s] -- Detecting CXX compiler ABI info - done
[0.286s] -- Check for working CXX compiler: /usr/bin/c++ - skipped
[0.286s] -- Detecting CXX compile features
[0.287s] -- Detecting CXX compile features - done
[0.289s] -- Found ament_cmake: 1.3.12 (/opt/ros/humble/share/ament_cmake/cmake)
[0.634s] -- Found Python3: /usr/bin/python3 (found version "3.10.12") found components: Interpreter 
[0.724s] -- Found rosidl_default_generators: 1.2.0 (/opt/ros/humble/share/rosidl_default_generators/cmake)
[0.726s] -- Using all available rosidl_typesupport_c: rosidl_typesupport_fastrtps_c;rosidl_typesupport_introspection_c
[0.733s] -- Found rosidl_adapter: 3.1.8 (/opt/ros/humble/share/rosidl_adapter/cmake)
[0.774s] -- Using all available rosidl_typesupport_cpp: rosidl_typesupport_fastrtps_cpp;rosidl_typesupport_introspection_cpp
[0.807s] -- Found rclcpp: 16.0.17 (/opt/ros/humble/share/rclcpp/cmake)
[0.860s] -- Found rmw_implementation_cmake: 6.1.2 (/opt/ros/humble/share/rmw_implementation_cmake/cmake)
[0.862s] -- Found rmw_fastrtps_cpp: 6.2.9 (/opt/ros/humble/share/rmw_fastrtps_cpp/cmake)
[0.942s] -- Found OpenSSL: /usr/lib/x86_64-linux-gnu/libcrypto.so (found version "3.0.2")  
[0.970s] -- Found FastRTPS: /opt/ros/humble/include  
[1.010s] -- Using RMW implementation 'rmw_fastrtps_cpp' as default
[1.019s] -- Looking for pthread.h
[1.085s] -- Looking for pthread.h - found
[1.086s] -- Performing Test CMAKE_HAVE_LIBC_PTHREAD
[1.153s] -- Performing Test CMAKE_HAVE_LIBC_PTHREAD - Success
[1.154s] -- Found Threads: TRUE  
[1.210s] -- Found geometry_msgs: 4.9.0 (/opt/ros/humble/share/geometry_msgs/cmake)
[1.224s] -- Found sensor_msgs: 4.9.0 (/opt/ros/humble/share/sensor_msgs/cmake)
[1.245s] -- Found moveit_core: 2.5.9 (/opt/ros/humble/share/moveit_core/cmake)
[1.282s] -- Found Boost: /usr/lib/x86_64-linux-gnu/cmake/Boost-1.74.0/BoostConfig.cmake (found version "1.74.0") found components: chrono date_time filesystem iostreams program_options regex serialization system thread 
[1.331s] -- Found parameter_traits: 0.6.0 (/opt/ros/humble/share/parameter_traits/cmake)
[1.347s] -- Found rclcpp_lifecycle: 16.0.17 (/opt/ros/humble/share/rclcpp_lifecycle/cmake)
[1.375s] -- Found Boost: /usr/lib/x86_64-linux-gnu/cmake/Boost-1.74.0/BoostConfig.cmake (found version "1.74.0") found components: filesystem 
[1.463s] -- library: /usr/lib/x86_64-linux-gnu/libcurl.so
[1.515s] -- Found Eigen3: TRUE (found version "3.4.0") 
[1.515s] -- Ensuring Eigen3 include directory is part of orocos-kdl CMake target
[1.809s] -- Found moveit_ros_planning_interface: 2.5.9 (/opt/ros/humble/share/moveit_ros_planning_interface/cmake)
[1.814s] -- Found Boost: /usr/lib/x86_64-linux-gnu/cmake/Boost-1.74.0/BoostConfig.cmake (found version "1.74.0") found components: date_time filesystem program_options system thread 
[1.829s] -- Found Boost: /usr/lib/x86_64-linux-gnu/cmake/Boost-1.74.0/BoostConfig.cmake (found version "1.74.0") found components: system filesystem date_time program_options thread chrono 
[1.868s] -- Found Boost: /usr/lib/x86_64-linux-gnu/cmake/Boost-1.74.0/BoostConfig.cmake (found version "1.74.0") found components: thread system filesystem regex date_time program_options 
[1.897s] -- Found Boost: /usr/lib/x86_64-linux-gnu/cmake/Boost-1.74.0/BoostConfig.cmake (found version "1.74.0") found components: system filesystem date_time program_options thread 
[1.930s] -- Found pcl_ros: 2.4.5 (/opt/ros/humble/share/pcl_ros/cmake)
[1.979s] -- Checking for module 'eigen3'
[1.991s] --   Found eigen3, version 3.4.0
[2.022s] -- Found Eigen: /usr/include/eigen3 (Required is at least version "3.1") 
[2.022s] -- Eigen found (include: /usr/include/eigen3, version: 3.4.0)
[2.045s] -- Checking for module 'flann'
[2.058s] --   Found flann, version 1.9.1
[2.095s] -- Found FLANN: /usr/lib/x86_64-linux-gnu/libflann_cpp.so  
[2.095s] -- FLANN found (include: /usr/include, lib: /usr/lib/x86_64-linux-gnu/libflann_cpp.so)
[3.041s] -- Checking for module 'libusb-1.0'
[3.055s] --   Found libusb-1.0, version 1.0.25
[3.090s] -- Found libusb: /usr/lib/x86_64-linux-gnu/libusb-1.0.so  
[3.092s] -- OpenNI found (version: 1.5.4.0, include: /usr/include/ni, lib: /usr/lib/libOpenNI.so;libusb::libusb)
[3.145s] -- OpenNI2 found (version: 2.2.0.33, include: /usr/include/openni2, lib: /usr/lib/x86_64-linux-gnu/libOpenNI2.so;libusb::libusb)
[3.293s] -- Eigen found (include: /usr/include/eigen3, version: 3.4.0)
[3.299s] -- OpenNI found (version: 1.5.4.0, include: /usr/include/ni, lib: /usr/lib/libOpenNI.so;libusb::libusb)
[3.306s] -- OpenNI2 found (version: 2.2.0.33, include: /usr/include/openni2, lib: /usr/lib/x86_64-linux-gnu/libOpenNI2.so;libusb::libusb)
[3.444s] -- Found Qhull version 8.0.2
[3.602s] -- OpenNI found (version: 1.5.4.0, include: /usr/include/ni, lib: /usr/lib/libOpenNI.so;libusb::libusb)
[3.753s] -- Found PCL_COMMON: /usr/lib/x86_64-linux-gnu/libpcl_common.so  
[3.754s] -- Found PCL_KDTREE: /usr/lib/x86_64-linux-gnu/libpcl_kdtree.so  
[3.755s] -- Found PCL_OCTREE: /usr/lib/x86_64-linux-gnu/libpcl_octree.so  
[3.756s] -- Found PCL_SEARCH: /usr/lib/x86_64-linux-gnu/libpcl_search.so  
[3.758s] -- Found PCL_SAMPLE_CONSENSUS: /usr/lib/x86_64-linux-gnu/libpcl_sample_consensus.so  
[3.759s] -- Found PCL_FILTERS: /usr/lib/x86_64-linux-gnu/libpcl_filters.so  
[3.760s] -- Found PCL_2D: /usr/include/pcl-1.12  
[3.761s] -- Found PCL_GEOMETRY: /usr/include/pcl-1.12  
[3.762s] -- Found PCL_IO: /usr/lib/x86_64-linux-gnu/libpcl_io.so  
[3.763s] -- Found PCL_FEATURES: /usr/lib/x86_64-linux-gnu/libpcl_features.so  
[3.764s] -- Found PCL_ML: /usr/lib/x86_64-linux-gnu/libpcl_ml.so  
[3.765s] -- Found PCL_SEGMENTATION: /usr/lib/x86_64-linux-gnu/libpcl_segmentation.so  
[3.767s] -- Found PCL_VISUALIZATION: /usr/lib/x86_64-linux-gnu/libpcl_visualization.so  
[3.768s] -- Found PCL_SURFACE: /usr/lib/x86_64-linux-gnu/libpcl_surface.so  
[3.769s] -- Found PCL_REGISTRATION: /usr/lib/x86_64-linux-gnu/libpcl_registration.so  
[3.770s] -- Found PCL_KEYPOINTS: /usr/lib/x86_64-linux-gnu/libpcl_keypoints.so  
[3.770s] -- Found PCL_TRACKING: /usr/lib/x86_64-linux-gnu/libpcl_tracking.so  
[3.772s] -- Found PCL_RECOGNITION: /usr/lib/x86_64-linux-gnu/libpcl_recognition.so  
[3.774s] -- Found PCL_STEREO: /usr/lib/x86_64-linux-gnu/libpcl_stereo.so  
[3.775s] -- Found PCL_APPS: /usr/lib/x86_64-linux-gnu/libpcl_apps.so  
[3.776s] -- Found PCL_IN_HAND_SCANNER: /usr/include/pcl-1.12  
[3.776s] -- Found PCL_MODELER: /usr/include/pcl-1.12  
[3.778s] -- Found PCL_POINT_CLOUD_EDITOR: /usr/include/pcl-1.12  
[3.779s] -- Found PCL_OUTOFCORE: /usr/lib/x86_64-linux-gnu/libpcl_outofcore.so  
[3.781s] -- Found PCL_PEOPLE: /usr/lib/x86_64-linux-gnu/libpcl_people.so  
[3.803s] -- Found cw1_world_spawner: 0.1.0 (/home/charvi/comp0250_s26_labs/install/cw1_world_spawner/share/cw1_world_spawner/cmake)
[4.126s] -- Found ament_cmake_ros: 0.10.0 (/opt/ros/humble/share/ament_cmake_ros/cmake)
[4.386s] -- Using all available rosidl_typesupport_c: rosidl_typesupport_fastrtps_c;rosidl_typesupport_introspection_c
[4.714s] -- Using all available rosidl_typesupport_cpp: rosidl_typesupport_fastrtps_cpp;rosidl_typesupport_introspection_cpp
[4.737s] -- Found PythonInterp: /usr/bin/python3 (found suitable version "3.10.12", minimum required is "3.6") 
[4.738s] -- Found python_cmake_module: 0.10.0 (/opt/ros/humble/share/python_cmake_module/cmake)
[4.764s] -- Found PythonLibs: /usr/lib/x86_64-linux-gnu/libpython3.10.so (found suitable version "3.10.12", minimum required is "3.5") 
[4.764s] -- Using PYTHON_EXECUTABLE: /usr/bin/python3
[4.765s] -- Using PYTHON_INCLUDE_DIRS: /usr/include/python3.10
[4.765s] -- Using PYTHON_LIBRARIES: /usr/lib/x86_64-linux-gnu/libpython3.10.so
[4.786s] -- Found PythonExtra: .so  
[4.873s] -- Found ament_lint_auto: 0.12.14 (/opt/ros/humble/share/ament_lint_auto/cmake)
[4.895s] -- Added test 'cppcheck' to perform static code analysis on C / C++ code
[4.898s] -- Configured cppcheck include dirs: /home/charvi/comp0250_s26_labs/courseworks/cw1_team_30/include
[4.898s] -- Configured cppcheck exclude dirs and/or files: 
[4.899s] -- Added test 'flake8' to check Python code syntax and style conventions
[4.899s] -- Added test 'lint_cmake' to check CMake code style
[4.900s] -- Added test 'pep257' to check Python code against some of the docstring style conventions in PEP 257
[4.901s] -- Added test 'uncrustify' to check C / C++ code style
[4.901s] -- Configured uncrustify additional arguments: 
[4.901s] -- Added test 'xmllint' to check XML markup files
[4.904s] -- Configuring done
[5.115s] -- Generating done
[5.165s] -- Build files have been written to: /home/charvi/comp0250_s26_labs/build/cw1_team_x
[5.192s] Invoked command in '/home/charvi/comp0250_s26_labs/build/cw1_team_x' returned '0': AMENT_PREFIX_PATH=/home/charvi/comp0250_s26_labs/install/cw1_world_spawner:${AMENT_PREFIX_PATH} CMAKE_PREFIX_PATH=/home/charvi/comp0250_s26_labs/install/cw1_world_spawner:/opt/ros/humble LD_LIBRARY_PATH=/home/charvi/comp0250_s26_labs/install/cw1_world_spawner/lib:${LD_LIBRARY_PATH} PYTHONPATH=/home/charvi/comp0250_s26_labs/install/cw1_world_spawner/local/lib/python3.10/dist-packages:${PYTHONPATH} /usr/bin/cmake /home/charvi/comp0250_s26_labs/courseworks/cw1_team_30 -DCMAKE_BUILD_TYPE=Release -DCMAKE_INSTALL_PREFIX=/home/charvi/comp0250_s26_labs/install/cw1_team_x
[5.194s] Invoking command in '/home/charvi/comp0250_s26_labs/build/cw1_team_x': AMENT_PREFIX_PATH=/home/charvi/comp0250_s26_labs/install/cw1_world_spawner:${AMENT_PREFIX_PATH} CMAKE_PREFIX_PATH=/home/charvi/comp0250_s26_labs/install/cw1_world_spawner:/opt/ros/humble LD_LIBRARY_PATH=/home/charvi/comp0250_s26_labs/install/cw1_world_spawner/lib:${LD_LIBRARY_PATH} PYTHONPATH=/home/charvi/comp0250_s26_labs/install/cw1_world_spawner/local/lib/python3.10/dist-packages:${PYTHONPATH} /usr/bin/cmake --build /home/charvi/comp0250_s26_labs/build/cw1_team_x -- -j12 -l12
[5.241s] [  2%] [34m[1mGenerating C code for ROS interfaces[0m
[5.251s] [  5%] [34m[1mGenerating C++ code for ROS interfaces[0m
[5.259s] [  5%] Built target ament_cmake_python_copy_cw1_team_x
[5.536s] running egg_info
[5.564s] creating cw1_team_x.egg-info
[5.565s] writing cw1_team_x.egg-info/PKG-INFO
[5.565s] writing dependency_links to cw1_team_x.egg-info/dependency_links.txt
[5.565s] writing top-level names to cw1_team_x.egg-info/top_level.txt
[5.565s] writing manifest file 'cw1_team_x.egg-info/SOURCES.txt'
[5.577s] [  8%] [32mBuilding C object CMakeFiles/cw1_team_x__rosidl_generator_c.dir/rosidl_generator_c/cw1_team_x/srv/detail/example__functions.c.o[0m
[5.578s] [  8%] Built target cw1_team_x__cpp
[5.589s] [ 11%] [34m[1mGenerating C++ type support for eProsima Fast-RTPS[0m
[5.589s] [ 14%] [34m[1mGenerating C++ introspection for ROS interfaces[0m
[5.592s] [ 17%] [34m[1mGenerating C++ type support dispatch for ROS interfaces[0m
[5.645s] reading manifest file 'cw1_team_x.egg-info/SOURCES.txt'
[5.646s] writing manifest file 'cw1_team_x.egg-info/SOURCES.txt'
[5.683s] [ 17%] Built target ament_cmake_python_build_cw1_team_x_egg
[5.780s] [ 20%] [32m[1mLinking C shared library libcw1_team_x__rosidl_generator_c.so[0m
[5.819s] [ 20%] Built target cw1_team_x__rosidl_generator_c
[5.831s] [ 22%] [34m[1mGenerating C type support dispatch for ROS interfaces[0m
[5.834s] [ 28%] [34m[1mGenerating C introspection for ROS interfaces[0m
[5.834s] [ 28%] [34m[1mGenerating C type support for eProsima Fast-RTPS[0m
[5.914s] [ 31%] [32mBuilding CXX object CMakeFiles/cw1_team_x__rosidl_typesupport_fastrtps_cpp.dir/rosidl_typesupport_fastrtps_cpp/cw1_team_x/srv/detail/dds_fastrtps/example__type_support.cpp.o[0m
[5.944s] [ 34%] [32mBuilding CXX object CMakeFiles/cw1_team_x__rosidl_typesupport_cpp.dir/rosidl_typesupport_cpp/cw1_team_x/srv/example__type_support.cpp.o[0m
[5.944s] [ 37%] [32mBuilding CXX object CMakeFiles/cw1_team_x__rosidl_typesupport_introspection_cpp.dir/rosidl_typesupport_introspection_cpp/cw1_team_x/srv/detail/example__type_support.cpp.o[0m
[6.135s] [ 40%] [32mBuilding CXX object CMakeFiles/cw1_team_x__rosidl_typesupport_c.dir/rosidl_typesupport_c/cw1_team_x/srv/example__type_support.cpp.o[0m
[6.178s] [ 42%] [32m[1mLinking CXX shared library libcw1_team_x__rosidl_typesupport_c.so[0m
[6.208s] [ 45%] [32mBuilding CXX object CMakeFiles/cw1_team_x__rosidl_typesupport_fastrtps_c.dir/rosidl_typesupport_fastrtps_c/cw1_team_x/srv/detail/example__type_support_c.cpp.o[0m
[6.230s] [ 45%] Built target cw1_team_x__rosidl_typesupport_c
[6.361s] [ 48%] [32mBuilding C object CMakeFiles/cw1_team_x__rosidl_typesupport_introspection_c.dir/rosidl_typesupport_introspection_c/cw1_team_x/srv/detail/example__type_support.c.o[0m
[6.436s] [ 51%] [32m[1mLinking C shared library libcw1_team_x__rosidl_typesupport_introspection_c.so[0m
[6.457s] [ 54%] [32m[1mLinking CXX shared library libcw1_team_x__rosidl_typesupport_cpp.so[0m
[6.479s] [ 54%] Built target cw1_team_x__rosidl_typesupport_introspection_c
[6.519s] [ 54%] Built target cw1_team_x__rosidl_typesupport_cpp
[6.547s] [ 57%] [32mBuilding CXX object CMakeFiles/cw1_team_x_cw1_class_lib.dir/src/cw1_class.cpp.o[0m
[6.570s] [ 60%] [32m[1mLinking CXX shared library libcw1_team_x__rosidl_typesupport_introspection_cpp.so[0m
[6.651s] [ 60%] Built target cw1_team_x__rosidl_typesupport_introspection_cpp
[6.700s] [ 62%] [32m[1mLinking CXX shared library libcw1_team_x__rosidl_typesupport_fastrtps_c.so[0m
[6.751s] [ 65%] [32m[1mLinking CXX shared library libcw1_team_x__rosidl_typesupport_fastrtps_cpp.so[0m
[6.791s] [ 65%] Built target cw1_team_x__rosidl_typesupport_fastrtps_c
[6.837s] [ 65%] Built target cw1_team_x__rosidl_typesupport_fastrtps_cpp
[6.859s] [ 65%] Built target cw1_team_x
[6.881s] [ 68%] [34m[1mGenerating Python code for ROS interfaces[0m
[7.315s] [ 68%] Built target cw1_team_x__py
[7.336s] [ 71%] [32mBuilding C object CMakeFiles/cw1_team_x__rosidl_generator_py.dir/rosidl_generator_py/cw1_team_x/srv/_example_s.c.o[0m
[7.519s] [ 74%] [32m[1mLinking C shared library rosidl_generator_py/cw1_team_x/libcw1_team_x__rosidl_generator_py.so[0m
[7.562s] [ 74%] Built target cw1_team_x__rosidl_generator_py
[7.582s] [ 82%] [32mBuilding C object CMakeFiles/cw1_team_x__rosidl_typesupport_c__pyext.dir/rosidl_generator_py/cw1_team_x/_cw1_team_x_s.ep.rosidl_typesupport_c.c.o[0m
[7.582s] [ 82%] [32mBuilding C object CMakeFiles/cw1_team_x__rosidl_typesupport_introspection_c__pyext.dir/rosidl_generator_py/cw1_team_x/_cw1_team_x_s.ep.rosidl_typesupport_introspection_c.c.o[0m
[7.582s] [ 82%] [32mBuilding C object CMakeFiles/cw1_team_x__rosidl_typesupport_fastrtps_c__pyext.dir/rosidl_generator_py/cw1_team_x/_cw1_team_x_s.ep.rosidl_typesupport_fastrtps_c.c.o[0m
[7.732s] [ 91%] [32m[1mLinking C shared library rosidl_generator_py/cw1_team_x/cw1_team_x_s__rosidl_typesupport_c.cpython-310-x86_64-linux-gnu.so[0m
[7.732s] [ 91%] [32m[1mLinking C shared library rosidl_generator_py/cw1_team_x/cw1_team_x_s__rosidl_typesupport_fastrtps_c.cpython-310-x86_64-linux-gnu.so[0m
[7.733s] [ 91%] [32m[1mLinking C shared library rosidl_generator_py/cw1_team_x/cw1_team_x_s__rosidl_typesupport_introspection_c.cpython-310-x86_64-linux-gnu.so[0m
[7.774s] [ 91%] Built target cw1_team_x__rosidl_typesupport_introspection_c__pyext
[7.774s] [ 91%] Built target cw1_team_x__rosidl_typesupport_fastrtps_c__pyext
[7.774s] [ 91%] Built target cw1_team_x__rosidl_typesupport_c__pyext
[22.270s] [ 94%] [32m[1mLinking CXX shared library libcw1_team_x_cw1_class_lib.so[0m
[23.444s] [ 94%] Built target cw1_team_x_cw1_class_lib
[23.464s] [ 97%] [32mBuilding CXX object CMakeFiles/cw1_solution_node.dir/src/cw1_node.cpp.o[0m
[26.607s] [100%] [32m[1mLinking CXX executable cw1_solution_node[0m
[27.029s] [100%] Built target cw1_solution_node
[27.039s] Invoked command in '/home/charvi/comp0250_s26_labs/build/cw1_team_x' returned '0': AMENT_PREFIX_PATH=/home/charvi/comp0250_s26_labs/install/cw1_world_spawner:${AMENT_PREFIX_PATH} CMAKE_PREFIX_PATH=/home/charvi/comp0250_s26_labs/install/cw1_world_spawner:/opt/ros/humble LD_LIBRARY_PATH=/home/charvi/comp0250_s26_labs/install/cw1_world_spawner/lib:${LD_LIBRARY_PATH} PYTHONPATH=/home/charvi/comp0250_s26_labs/install/cw1_world_spawner/local/lib/python3.10/dist-packages:${PYTHONPATH} /usr/bin/cmake --build /home/charvi/comp0250_s26_labs/build/cw1_team_x -- -j12 -l12
[27.041s] Invoking command in '/home/charvi/comp0250_s26_labs/build/cw1_team_x': AMENT_PREFIX_PATH=/home/charvi/comp0250_s26_labs/install/cw1_world_spawner:${AMENT_PREFIX_PATH} CMAKE_PREFIX_PATH=/home/charvi/comp0250_s26_labs/install/cw1_world_spawner:/opt/ros/humble LD_LIBRARY_PATH=/home/charvi/comp0250_s26_labs/install/cw1_world_spawner/lib:${LD_LIBRARY_PATH} PYTHONPATH=/home/charvi/comp0250_s26_labs/install/cw1_world_spawner/local/lib/python3.10/dist-packages:${PYTHONPATH} /usr/bin/cmake --install /home/charvi/comp0250_s26_labs/build/cw1_team_x
[27.048s] -- Install configuration: "Release"
[27.048s] -- Installing: /home/charvi/comp0250_s26_labs/install/cw1_team_x/share/ament_index/resource_index/rosidl_interfaces/cw1_team_x
[27.048s] -- Installing: /home/charvi/comp0250_s26_labs/install/cw1_team_x/include/cw1_team_x/cw1_team_x
[27.048s] -- Installing: /home/charvi/comp0250_s26_labs/install/cw1_team_x/include/cw1_team_x/cw1_team_x/srv
[27.049s] -- Installing: /home/charvi/comp0250_s26_labs/install/cw1_team_x/include/cw1_team_x/cw1_team_x/srv/example.h
[27.049s] -- Installing: /home/charvi/comp0250_s26_labs/install/cw1_team_x/include/cw1_team_x/cw1_team_x/srv/detail
[27.049s] -- Installing: /home/charvi/comp0250_s26_labs/install/cw1_team_x/include/cw1_team_x/cw1_team_x/srv/detail/example__struct.h
[27.049s] -- Installing: /home/charvi/comp0250_s26_labs/install/cw1_team_x/include/cw1_team_x/cw1_team_x/srv/detail/example__functions.h
[27.049s] -- Installing: /home/charvi/comp0250_s26_labs/install/cw1_team_x/include/cw1_team_x/cw1_team_x/srv/detail/example__type_support.h
[27.049s] -- Installing: /home/charvi/comp0250_s26_labs/install/cw1_team_x/include/cw1_team_x/cw1_team_x/srv/detail/example__functions.c
[27.049s] -- Installing: /home/charvi/comp0250_s26_labs/install/cw1_team_x/include/cw1_team_x/cw1_team_x/msg
[27.049s] -- Installing: /home/charvi/comp0250_s26_labs/install/cw1_team_x/include/cw1_team_x/cw1_team_x/msg/rosidl_generator_c__visibility_control.h
[27.050s] -- Installing: /home/charvi/comp0250_s26_labs/install/cw1_team_x/share/cw1_team_x/environment/library_path.sh
[27.050s] -- Installing: /home/charvi/comp0250_s26_labs/install/cw1_team_x/share/cw1_team_x/environment/library_path.dsv
[27.050s] -- Installing: /home/charvi/comp0250_s26_labs/install/cw1_team_x/lib/libcw1_team_x__rosidl_generator_c.so
[27.050s] -- Set runtime path of "/home/charvi/comp0250_s26_labs/install/cw1_team_x/lib/libcw1_team_x__rosidl_generator_c.so" to ""
[27.050s] -- Up-to-date: /home/charvi/comp0250_s26_labs/install/cw1_team_x/include/cw1_team_x/cw1_team_x
[27.051s] -- Up-to-date: /home/charvi/comp0250_s26_labs/install/cw1_team_x/include/cw1_team_x/cw1_team_x/srv
[27.051s] -- Up-to-date: /home/charvi/comp0250_s26_labs/install/cw1_team_x/include/cw1_team_x/cw1_team_x/srv/detail
[27.051s] -- Installing: /home/charvi/comp0250_s26_labs/install/cw1_team_x/include/cw1_team_x/cw1_team_x/srv/detail/example__rosidl_typesupport_fastrtps_c.h
[27.051s] -- Up-to-date: /home/charvi/comp0250_s26_labs/install/cw1_team_x/include/cw1_team_x/cw1_team_x/msg
[27.051s] -- Installing: /home/charvi/comp0250_s26_labs/install/cw1_team_x/include/cw1_team_x/cw1_team_x/msg/rosidl_typesupport_fastrtps_c__visibility_control.h
[27.051s] -- Installing: /home/charvi/comp0250_s26_labs/install/cw1_team_x/lib/libcw1_team_x__rosidl_typesupport_fastrtps_c.so
[27.051s] -- Set runtime path of "/home/charvi/comp0250_s26_labs/install/cw1_team_x/lib/libcw1_team_x__rosidl_typesupport_fastrtps_c.so" to ""
[27.051s] -- Up-to-date: /home/charvi/comp0250_s26_labs/install/cw1_team_x/include/cw1_team_x/cw1_team_x
[27.052s] -- Up-to-date: /home/charvi/comp0250_s26_labs/install/cw1_team_x/include/cw1_team_x/cw1_team_x/srv
[27.052s] -- Up-to-date: /home/charvi/comp0250_s26_labs/install/cw1_team_x/include/cw1_team_x/cw1_team_x/srv/detail
[27.052s] -- Installing: /home/charvi/comp0250_s26_labs/install/cw1_team_x/include/cw1_team_x/cw1_team_x/srv/detail/example__type_support.c
[27.052s] -- Installing: /home/charvi/comp0250_s26_labs/install/cw1_team_x/include/cw1_team_x/cw1_team_x/srv/detail/example__rosidl_typesupport_introspection_c.h
[27.052s] -- Up-to-date: /home/charvi/comp0250_s26_labs/install/cw1_team_x/include/cw1_team_x/cw1_team_x/msg
[27.052s] -- Installing: /home/charvi/comp0250_s26_labs/install/cw1_team_x/include/cw1_team_x/cw1_team_x/msg/rosidl_typesupport_introspection_c__visibility_control.h
[27.052s] -- Installing: /home/charvi/comp0250_s26_labs/install/cw1_team_x/lib/libcw1_team_x__rosidl_typesupport_introspection_c.so
[27.052s] -- Set runtime path of "/home/charvi/comp0250_s26_labs/install/cw1_team_x/lib/libcw1_team_x__rosidl_typesupport_introspection_c.so" to ""
[27.053s] -- Installing: /home/charvi/comp0250_s26_labs/install/cw1_team_x/lib/libcw1_team_x__rosidl_typesupport_c.so
[27.053s] -- Set runtime path of "/home/charvi/comp0250_s26_labs/install/cw1_team_x/lib/libcw1_team_x__rosidl_typesupport_c.so" to ""
[27.053s] -- Up-to-date: /home/charvi/comp0250_s26_labs/install/cw1_team_x/include/cw1_team_x/cw1_team_x
[27.053s] -- Up-to-date: /home/charvi/comp0250_s26_labs/install/cw1_team_x/include/cw1_team_x/cw1_team_x/srv
[27.053s] -- Installing: /home/charvi/comp0250_s26_labs/install/cw1_team_x/include/cw1_team_x/cw1_team_x/srv/example.hpp
[27.053s] -- Up-to-date: /home/charvi/comp0250_s26_labs/install/cw1_team_x/include/cw1_team_x/cw1_team_x/srv/detail
[27.054s] -- Installing: /home/charvi/comp0250_s26_labs/install/cw1_team_x/include/cw1_team_x/cw1_team_x/srv/detail/example__type_support.hpp
[27.054s] -- Installing: /home/charvi/comp0250_s26_labs/install/cw1_team_x/include/cw1_team_x/cw1_team_x/srv/detail/example__struct.hpp
[27.054s] -- Installing: /home/charvi/comp0250_s26_labs/install/cw1_team_x/include/cw1_team_x/cw1_team_x/srv/detail/example__traits.hpp
[27.054s] -- Installing: /home/charvi/comp0250_s26_labs/install/cw1_team_x/include/cw1_team_x/cw1_team_x/srv/detail/example__builder.hpp
[27.054s] -- Up-to-date: /home/charvi/comp0250_s26_labs/install/cw1_team_x/include/cw1_team_x/cw1_team_x/msg
[27.054s] -- Installing: /home/charvi/comp0250_s26_labs/install/cw1_team_x/include/cw1_team_x/cw1_team_x/msg/rosidl_generator_cpp__visibility_control.hpp
[27.054s] -- Up-to-date: /home/charvi/comp0250_s26_labs/install/cw1_team_x/include/cw1_team_x/cw1_team_x
[27.054s] -- Up-to-date: /home/charvi/comp0250_s26_labs/install/cw1_team_x/include/cw1_team_x/cw1_team_x/srv
[27.055s] -- Up-to-date: /home/charvi/comp0250_s26_labs/install/cw1_team_x/include/cw1_team_x/cw1_team_x/srv/detail
[27.055s] -- Installing: /home/charvi/comp0250_s26_labs/install/cw1_team_x/include/cw1_team_x/cw1_team_x/srv/detail/example__rosidl_typesupport_fastrtps_cpp.hpp
[27.055s] -- Installing: /home/charvi/comp0250_s26_labs/install/cw1_team_x/include/cw1_team_x/cw1_team_x/srv/detail/dds_fastrtps
[27.055s] -- Up-to-date: /home/charvi/comp0250_s26_labs/install/cw1_team_x/include/cw1_team_x/cw1_team_x/msg
[27.055s] -- Installing: /home/charvi/comp0250_s26_labs/install/cw1_team_x/include/cw1_team_x/cw1_team_x/msg/rosidl_typesupport_fastrtps_cpp__visibility_control.h
[27.055s] -- Installing: /home/charvi/comp0250_s26_labs/install/cw1_team_x/lib/libcw1_team_x__rosidl_typesupport_fastrtps_cpp.so
[27.055s] -- Set runtime path of "/home/charvi/comp0250_s26_labs/install/cw1_team_x/lib/libcw1_team_x__rosidl_typesupport_fastrtps_cpp.so" to ""
[27.055s] -- Up-to-date: /home/charvi/comp0250_s26_labs/install/cw1_team_x/include/cw1_team_x/cw1_team_x
[27.055s] -- Up-to-date: /home/charvi/comp0250_s26_labs/install/cw1_team_x/include/cw1_team_x/cw1_team_x/srv
[27.055s] -- Up-to-date: /home/charvi/comp0250_s26_labs/install/cw1_team_x/include/cw1_team_x/cw1_team_x/srv/detail
[27.056s] -- Installing: /home/charvi/comp0250_s26_labs/install/cw1_team_x/include/cw1_team_x/cw1_team_x/srv/detail/example__type_support.cpp
[27.056s] -- Installing: /home/charvi/comp0250_s26_labs/install/cw1_team_x/include/cw1_team_x/cw1_team_x/srv/detail/example__rosidl_typesupport_introspection_cpp.hpp
[27.056s] -- Installing: /home/charvi/comp0250_s26_labs/install/cw1_team_x/lib/libcw1_team_x__rosidl_typesupport_introspection_cpp.so
[27.056s] -- Set runtime path of "/home/charvi/comp0250_s26_labs/install/cw1_team_x/lib/libcw1_team_x__rosidl_typesupport_introspection_cpp.so" to ""
[27.056s] -- Installing: /home/charvi/comp0250_s26_labs/install/cw1_team_x/lib/libcw1_team_x__rosidl_typesupport_cpp.so
[27.057s] -- Set runtime path of "/home/charvi/comp0250_s26_labs/install/cw1_team_x/lib/libcw1_team_x__rosidl_typesupport_cpp.so" to ""
[27.057s] -- Installing: /home/charvi/comp0250_s26_labs/install/cw1_team_x/share/cw1_team_x/environment/pythonpath.sh
[27.057s] -- Installing: /home/charvi/comp0250_s26_labs/install/cw1_team_x/share/cw1_team_x/environment/pythonpath.dsv
[27.057s] -- Installing: /home/charvi/comp0250_s26_labs/install/cw1_team_x/local/lib/python3.10/dist-packages/cw1_team_x-0.1.0-py3.10.egg-info
[27.057s] -- Installing: /home/charvi/comp0250_s26_labs/install/cw1_team_x/local/lib/python3.10/dist-packages/cw1_team_x-0.1.0-py3.10.egg-info/SOURCES.txt
[27.057s] -- Installing: /home/charvi/comp0250_s26_labs/install/cw1_team_x/local/lib/python3.10/dist-packages/cw1_team_x-0.1.0-py3.10.egg-info/PKG-INFO
[27.057s] -- Installing: /home/charvi/comp0250_s26_labs/install/cw1_team_x/local/lib/python3.10/dist-packages/cw1_team_x-0.1.0-py3.10.egg-info/top_level.txt
[27.058s] -- Installing: /home/charvi/comp0250_s26_labs/install/cw1_team_x/local/lib/python3.10/dist-packages/cw1_team_x-0.1.0-py3.10.egg-info/dependency_links.txt
[27.058s] -- Installing: /home/charvi/comp0250_s26_labs/install/cw1_team_x/local/lib/python3.10/dist-packages/cw1_team_x
[27.058s] -- Installing: /home/charvi/comp0250_s26_labs/install/cw1_team_x/local/lib/python3.10/dist-packages/cw1_team_x/_cw1_team_x_s.ep.rosidl_typesupport_introspection_c.c
[27.058s] -- Installing: /home/charvi/comp0250_s26_labs/install/cw1_team_x/local/lib/python3.10/dist-packages/cw1_team_x/libcw1_team_x__rosidl_generator_py.so
[27.058s] -- Installing: /home/charvi/comp0250_s26_labs/install/cw1_team_x/local/lib/python3.10/dist-packages/cw1_team_x/cw1_team_x_s__rosidl_typesupport_fastrtps_c.cpython-310-x86_64-linux-gnu.so
[27.058s] -- Installing: /home/charvi/comp0250_s26_labs/install/cw1_team_x/local/lib/python3.10/dist-packages/cw1_team_x/srv
[27.058s] -- Installing: /home/charvi/comp0250_s26_labs/install/cw1_team_x/local/lib/python3.10/dist-packages/cw1_team_x/srv/_example.py
[27.058s] -- Installing: /home/charvi/comp0250_s26_labs/install/cw1_team_x/local/lib/python3.10/dist-packages/cw1_team_x/srv/__init__.py
[27.059s] -- Installing: /home/charvi/comp0250_s26_labs/install/cw1_team_x/local/lib/python3.10/dist-packages/cw1_team_x/srv/_example_s.c
[27.059s] -- Installing: /home/charvi/comp0250_s26_labs/install/cw1_team_x/local/lib/python3.10/dist-packages/cw1_team_x/cw1_team_x_s__rosidl_typesupport_introspection_c.cpython-310-x86_64-linux-gnu.so
[27.059s] -- Installing: /home/charvi/comp0250_s26_labs/install/cw1_team_x/local/lib/python3.10/dist-packages/cw1_team_x/__init__.py
[27.059s] -- Installing: /home/charvi/comp0250_s26_labs/install/cw1_team_x/local/lib/python3.10/dist-packages/cw1_team_x/cw1_team_x_s__rosidl_typesupport_c.cpython-310-x86_64-linux-gnu.so
[27.059s] -- Installing: /home/charvi/comp0250_s26_labs/install/cw1_team_x/local/lib/python3.10/dist-packages/cw1_team_x/_cw1_team_x_s.ep.rosidl_typesupport_c.c
[27.059s] -- Installing: /home/charvi/comp0250_s26_labs/install/cw1_team_x/local/lib/python3.10/dist-packages/cw1_team_x/_cw1_team_x_s.ep.rosidl_typesupport_fastrtps_c.c
[27.093s] Listing '/home/charvi/comp0250_s26_labs/install/cw1_team_x/local/lib/python3.10/dist-packages/cw1_team_x'...
[27.093s] Compiling '/home/charvi/comp0250_s26_labs/install/cw1_team_x/local/lib/python3.10/dist-packages/cw1_team_x/__init__.py'...
[27.093s] Listing '/home/charvi/comp0250_s26_labs/install/cw1_team_x/local/lib/python3.10/dist-packages/cw1_team_x/srv'...
[27.093s] Compiling '/home/charvi/comp0250_s26_labs/install/cw1_team_x/local/lib/python3.10/dist-packages/cw1_team_x/srv/__init__.py'...
[27.093s] Compiling '/home/charvi/comp0250_s26_labs/install/cw1_team_x/local/lib/python3.10/dist-packages/cw1_team_x/srv/_example.py'...
[27.098s] -- Installing: /home/charvi/comp0250_s26_labs/install/cw1_team_x/local/lib/python3.10/dist-packages/cw1_team_x/cw1_team_x_s__rosidl_typesupport_fastrtps_c.cpython-310-x86_64-linux-gnu.so
[27.098s] -- Set runtime path of "/home/charvi/comp0250_s26_labs/install/cw1_team_x/local/lib/python3.10/dist-packages/cw1_team_x/cw1_team_x_s__rosidl_typesupport_fastrtps_c.cpython-310-x86_64-linux-gnu.so" to ""
[27.098s] -- Installing: /home/charvi/comp0250_s26_labs/install/cw1_team_x/local/lib/python3.10/dist-packages/cw1_team_x/cw1_team_x_s__rosidl_typesupport_introspection_c.cpython-310-x86_64-linux-gnu.so
[27.099s] -- Set runtime path of "/home/charvi/comp0250_s26_labs/install/cw1_team_x/local/lib/python3.10/dist-packages/cw1_team_x/cw1_team_x_s__rosidl_typesupport_introspection_c.cpython-310-x86_64-linux-gnu.so" to ""
[27.099s] -- Installing: /home/charvi/comp0250_s26_labs/install/cw1_team_x/local/lib/python3.10/dist-packages/cw1_team_x/cw1_team_x_s__rosidl_typesupport_c.cpython-310-x86_64-linux-gnu.so
[27.099s] -- Set runtime path of "/home/charvi/comp0250_s26_labs/install/cw1_team_x/local/lib/python3.10/dist-packages/cw1_team_x/cw1_team_x_s__rosidl_typesupport_c.cpython-310-x86_64-linux-gnu.so" to ""
[27.099s] -- Installing: /home/charvi/comp0250_s26_labs/install/cw1_team_x/lib/libcw1_team_x__rosidl_generator_py.so
[27.100s] -- Set runtime path of "/home/charvi/comp0250_s26_labs/install/cw1_team_x/lib/libcw1_team_x__rosidl_generator_py.so" to ""
[27.100s] -- Installing: /home/charvi/comp0250_s26_labs/install/cw1_team_x/share/cw1_team_x/srv/Example.idl
[27.100s] -- Installing: /home/charvi/comp0250_s26_labs/install/cw1_team_x/share/cw1_team_x/srv/Example.srv
[27.100s] -- Installing: /home/charvi/comp0250_s26_labs/install/cw1_team_x/share/cw1_team_x/srv/Example_Request.msg
[27.100s] -- Installing: /home/charvi/comp0250_s26_labs/install/cw1_team_x/share/cw1_team_x/srv/Example_Response.msg
[27.100s] -- Installing: /home/charvi/comp0250_s26_labs/install/cw1_team_x/lib/libcw1_team_x_cw1_class_lib.so
[27.103s] -- Set runtime path of "/home/charvi/comp0250_s26_labs/install/cw1_team_x/lib/libcw1_team_x_cw1_class_lib.so" to ""
[27.103s] -- Installing: /home/charvi/comp0250_s26_labs/install/cw1_team_x/lib/cw1_team_x/cw1_solution_node
[27.103s] -- Set runtime path of "/home/charvi/comp0250_s26_labs/install/cw1_team_x/lib/cw1_team_x/cw1_solution_node" to ""
[27.103s] -- Installing: /home/charvi/comp0250_s26_labs/install/cw1_team_x/share/cw1_team_x/launch
[27.104s] -- Installing: /home/charvi/comp0250_s26_labs/install/cw1_team_x/share/cw1_team_x/launch/run_solution.launch.py
[27.104s] -- Installing: /home/charvi/comp0250_s26_labs/install/cw1_team_x/share/ament_index/resource_index/package_run_dependencies/cw1_team_x
[27.104s] -- Installing: /home/charvi/comp0250_s26_labs/install/cw1_team_x/share/ament_index/resource_index/parent_prefix_path/cw1_team_x
[27.104s] -- Installing: /home/charvi/comp0250_s26_labs/install/cw1_team_x/share/cw1_team_x/environment/ament_prefix_path.sh
[27.104s] -- Installing: /home/charvi/comp0250_s26_labs/install/cw1_team_x/share/cw1_team_x/environment/ament_prefix_path.dsv
[27.104s] -- Installing: /home/charvi/comp0250_s26_labs/install/cw1_team_x/share/cw1_team_x/environment/path.sh
[27.104s] -- Installing: /home/charvi/comp0250_s26_labs/install/cw1_team_x/share/cw1_team_x/environment/path.dsv
[27.105s] -- Installing: /home/charvi/comp0250_s26_labs/install/cw1_team_x/share/cw1_team_x/local_setup.bash
[27.105s] -- Installing: /home/charvi/comp0250_s26_labs/install/cw1_team_x/share/cw1_team_x/local_setup.sh
[27.105s] -- Installing: /home/charvi/comp0250_s26_labs/install/cw1_team_x/share/cw1_team_x/local_setup.zsh
[27.105s] -- Installing: /home/charvi/comp0250_s26_labs/install/cw1_team_x/share/cw1_team_x/local_setup.dsv
[27.105s] -- Installing: /home/charvi/comp0250_s26_labs/install/cw1_team_x/share/cw1_team_x/package.dsv
[27.105s] -- Installing: /home/charvi/comp0250_s26_labs/install/cw1_team_x/share/ament_index/resource_index/packages/cw1_team_x
[27.105s] -- Installing: /home/charvi/comp0250_s26_labs/install/cw1_team_x/share/cw1_team_x/cmake/export_cw1_team_x__rosidl_generator_cExport.cmake
[27.106s] -- Installing: /home/charvi/comp0250_s26_labs/install/cw1_team_x/share/cw1_team_x/cmake/export_cw1_team_x__rosidl_generator_cExport-release.cmake
[27.106s] -- Installing: /home/charvi/comp0250_s26_labs/install/cw1_team_x/share/cw1_team_x/cmake/export_cw1_team_x__rosidl_typesupport_fastrtps_cExport.cmake
[27.106s] -- Installing: /home/charvi/comp0250_s26_labs/install/cw1_team_x/share/cw1_team_x/cmake/export_cw1_team_x__rosidl_typesupport_fastrtps_cExport-release.cmake
[27.106s] -- Installing: /home/charvi/comp0250_s26_labs/install/cw1_team_x/share/cw1_team_x/cmake/cw1_team_x__rosidl_typesupport_introspection_cExport.cmake
[27.106s] -- Installing: /home/charvi/comp0250_s26_labs/install/cw1_team_x/share/cw1_team_x/cmake/cw1_team_x__rosidl_typesupport_introspection_cExport-release.cmake
[27.106s] -- Installing: /home/charvi/comp0250_s26_labs/install/cw1_team_x/share/cw1_team_x/cmake/cw1_team_x__rosidl_typesupport_cExport.cmake
[27.107s] -- Installing: /home/charvi/comp0250_s26_labs/install/cw1_team_x/share/cw1_team_x/cmake/cw1_team_x__rosidl_typesupport_cExport-release.cmake
[27.107s] -- Installing: /home/charvi/comp0250_s26_labs/install/cw1_team_x/share/cw1_team_x/cmake/export_cw1_team_x__rosidl_generator_cppExport.cmake
[27.107s] -- Installing: /home/charvi/comp0250_s26_labs/install/cw1_team_x/share/cw1_team_x/cmake/export_cw1_team_x__rosidl_typesupport_fastrtps_cppExport.cmake
[27.107s] -- Installing: /home/charvi/comp0250_s26_labs/install/cw1_team_x/share/cw1_team_x/cmake/export_cw1_team_x__rosidl_typesupport_fastrtps_cppExport-release.cmake
[27.107s] -- Installing: /home/charvi/comp0250_s26_labs/install/cw1_team_x/share/cw1_team_x/cmake/cw1_team_x__rosidl_typesupport_introspection_cppExport.cmake
[27.107s] -- Installing: /home/charvi/comp0250_s26_labs/install/cw1_team_x/share/cw1_team_x/cmake/cw1_team_x__rosidl_typesupport_introspection_cppExport-release.cmake
[27.108s] -- Installing: /home/charvi/comp0250_s26_labs/install/cw1_team_x/share/cw1_team_x/cmake/cw1_team_x__rosidl_typesupport_cppExport.cmake
[27.108s] -- Installing: /home/charvi/comp0250_s26_labs/install/cw1_team_x/share/cw1_team_x/cmake/cw1_team_x__rosidl_typesupport_cppExport-release.cmake
[27.108s] -- Installing: /home/charvi/comp0250_s26_labs/install/cw1_team_x/share/cw1_team_x/cmake/export_cw1_team_x__rosidl_generator_pyExport.cmake
[27.108s] -- Installing: /home/charvi/comp0250_s26_labs/install/cw1_team_x/share/cw1_team_x/cmake/export_cw1_team_x__rosidl_generator_pyExport-release.cmake
[27.108s] -- Installing: /home/charvi/comp0250_s26_labs/install/cw1_team_x/share/cw1_team_x/cmake/rosidl_cmake-extras.cmake
[27.108s] -- Installing: /home/charvi/comp0250_s26_labs/install/cw1_team_x/share/cw1_team_x/cmake/ament_cmake_export_dependencies-extras.cmake
[27.109s] -- Installing: /home/charvi/comp0250_s26_labs/install/cw1_team_x/share/cw1_team_x/cmake/ament_cmake_export_include_directories-extras.cmake
[27.109s] -- Installing: /home/charvi/comp0250_s26_labs/install/cw1_team_x/share/cw1_team_x/cmake/ament_cmake_export_libraries-extras.cmake
[27.109s] -- Installing: /home/charvi/comp0250_s26_labs/install/cw1_team_x/share/cw1_team_x/cmake/ament_cmake_export_targets-extras.cmake
[27.109s] -- Installing: /home/charvi/comp0250_s26_labs/install/cw1_team_x/share/cw1_team_x/cmake/rosidl_cmake_export_typesupport_targets-extras.cmake
[27.109s] -- Installing: /home/charvi/comp0250_s26_labs/install/cw1_team_x/share/cw1_team_x/cmake/rosidl_cmake_export_typesupport_libraries-extras.cmake
[27.109s] -- Installing: /home/charvi/comp0250_s26_labs/install/cw1_team_x/share/cw1_team_x/cmake/cw1_team_xConfig.cmake
[27.109s] -- Installing: /home/charvi/comp0250_s26_labs/install/cw1_team_x/share/cw1_team_x/cmake/cw1_team_xConfig-version.cmake
[27.110s] -- Installing: /home/charvi/comp0250_s26_labs/install/cw1_team_x/share/cw1_team_x/package.xml
[27.113s] Invoked command in '/home/charvi/comp0250_s26_labs/build/cw1_team_x' returned '0': AMENT_PREFIX_PATH=/home/charvi/comp0250_s26_labs/install/cw1_world_spawner:${AMENT_PREFIX_PATH} CMAKE_PREFIX_PATH=/home/charvi/comp0250_s26_labs/install/cw1_world_spawner:/opt/ros/humble LD_LIBRARY_PATH=/home/charvi/comp0250_s26_labs/install/cw1_world_spawner/lib:${LD_LIBRARY_PATH} PYTHONPATH=/home/charvi/comp0250_s26_labs/install/cw1_world_spawner/local/lib/python3.10/dist-packages:${PYTHONPATH} /usr/bin/cmake --install /home/charvi/comp0250_s26_labs/build/cw1_team_x
