[01m[K/home/charvi/comp0250_s26_labs/courseworks/cw1_team_30/src/cw1_class.cpp:[m[K In member function ‘[01m[Kbool cw1::setGripper(double)[m[K’:
[01m[K/home/charvi/comp0250_s26_labs/courseworks/cw1_team_30/src/cw1_class.cpp:180:31:[m[K [01;31m[Kerror: [m[K‘[01m[Kopening_width[m[K’ was not declared in this scope
  180 |   const double finger_joint = [01;31m[Kopening_width[m[K / 2.0;
      |                               [01;31m[K^~~~~~~~~~~~~[m[K
[01m[K/home/charvi/comp0250_s26_labs/courseworks/cw1_team_30/src/cw1_class.cpp:177:29:[m[K [01;35m[Kwarning: [m[Kunused parameter ‘[01m[Kwidth[m[K’ [[01;35m[K]8;;https://gcc.gnu.org/onlinedocs/gcc/Warning-Options.html#index-Wunused-parameter-Wunused-parameter]8;;[m[K]
  177 | bool cw1::setGripper([01;35m[Kdouble width[m[K)
      |                      [01;35m[K~~~~~~~^~~~~[m[K
[01m[K/home/charvi/comp0250_s26_labs/courseworks/cw1_team_30/src/cw1_class.cpp:[m[K In member function ‘[01m[Kbool cw1::pickUpObject(const PoseStamped&)[m[K’:
[01m[K/home/charvi/comp0250_s26_labs/courseworks/cw1_team_30/src/cw1_class.cpp:212:20:[m[K [01;31m[Kerror: [m[K‘[01m[KmakeTopDownPose[m[K’ was not declared in this scope
  212 |   auto pre_grasp = [01;31m[KmakeTopDownPose[m[K(x, y, pre_grasp_z);
      |                    [01;31m[K^~~~~~~~~~~~~~~[m[K
[01m[K/home/charvi/comp0250_s26_labs/courseworks/cw1_team_30/src/cw1_class.cpp:218:21:[m[K [01;31m[Kerror: [m[Kcannot convert ‘[01m[K<brace-enclosed initializer list>[m[K’ to ‘[01m[Kstd::vector<geometry_msgs::msg::Pose_<std::allocator<void> > >[m[K’
  218 |   if (![01;31m[KmoveCartesian({grasp_pose})[m[K) return false;
      |        [01;31m[K~~~~~~~~~~~~~^~~~~~~~~~~~~~[m[K
[01m[K/home/charvi/comp0250_s26_labs/courseworks/cw1_team_30/src/cw1_class.cpp:151:69:[m[K [01;36m[Knote: [m[K  initializing argument 1 of ‘[01m[Kbool cw1::moveCartesian(std::vector<geometry_msgs::msg::Pose_<std::allocator<void> > >)[m[K’
  151 | bool cw1::moveCartesian([01;36m[Kconst std::vector<geometry_msgs::msg::Pose> waypoints[m[K)
      |                         [01;36m[K~~~~~~~~~~~~~~~~~~~~~~~~~~~~~~~~~~~~~~~~~~~~^~~~~~~~~[m[K
[01m[K/home/charvi/comp0250_s26_labs/courseworks/cw1_team_30/src/cw1_class.cpp:220:21:[m[K [01;31m[Kerror: [m[Kcannot convert ‘[01m[K<brace-enclosed initializer list>[m[K’ to ‘[01m[Kstd::vector<geometry_msgs::msg::Pose_<std::allocator<void> > >[m[K’
  220 |   if (![01;31m[KmoveCartesian({lift_pose})[m[K) return false;
      |        [01;31m[K~~~~~~~~~~~~~^~~~~~~~~~~~~[m[K
[01m[K/home/charvi/comp0250_s26_labs/courseworks/cw1_team_30/src/cw1_class.cpp:151:69:[m[K [01;36m[Knote: [m[K  initializing argument 1 of ‘[01m[Kbool cw1::moveCartesian(std::vector<geometry_msgs::msg::Pose_<std::allocator<void> > >)[m[K’
  151 | bool cw1::moveCartesian([01;36m[Kconst std::vector<geometry_msgs::msg::Pose> waypoints[m[K)
      |                         [01;36m[K~~~~~~~~~~~~~~~~~~~~~~~~~~~~~~~~~~~~~~~~~~~~^~~~~~~~~[m[K
[01m[K/home/charvi/comp0250_s26_labs/courseworks/cw1_team_30/src/cw1_class.cpp:[m[K At global scope:
[01m[K/home/charvi/comp0250_s26_labs/courseworks/cw1_team_30/src/cw1_class.cpp:225:6:[m[K [01;31m[Kerror: [m[Kno declaration matches ‘[01m[Kbool cw1::placeObject(const PointStamped&)[m[K’
  225 | bool [01;31m[Kcw1[m[K::placeObject(const geometry_msgs::msg::PointStamped &goal_loc)
      |      [01;31m[K^~~[m[K
In file included from [01m[K/home/charvi/comp0250_s26_labs/courseworks/cw1_team_30/src/cw1_class.cpp:6[m[K:
[01m[K/home/charvi/comp0250_s26_labs/courseworks/cw1_team_30/include/cw1_class.h:102:8:[m[K [01;36m[Knote: [m[Kcandidate is: ‘[01m[Kbool cw1::placeObject(const PoseStamped&)[m[K’
  102 |   bool [01;36m[KplaceObject[m[K(const geometry_msgs::msg::PoseStamped &goal_loc);
      |        [01;36m[K^~~~~~~~~~~[m[K
[01m[K/home/charvi/comp0250_s26_labs/courseworks/cw1_team_30/include/cw1_class.h:30:7:[m[K [01;36m[Knote: [m[K‘[01m[Kclass cw1[m[K’ defined here
   30 | class [01;36m[Kcw1[m[K
      |       [01;36m[K^~~[m[K
[01m[K/home/charvi/comp0250_s26_labs/courseworks/cw1_team_30/src/cw1_class.cpp:[m[K In member function ‘[01m[Kvoid cw1::t1_callback(std::shared_ptr<cw1_world_spawner::srv::Task1Service_Request_<std::allocator<void> > >, std::shared_ptr<cw1_world_spawner::srv::Task1Service_Response_<std::allocator<void> > >)[m[K’:
[01m[K/home/charvi/comp0250_s26_labs/courseworks/cw1_team_30/src/cw1_class.cpp:265:34:[m[K [01;31m[Kerror: [m[Kcannot convert ‘[01m[Kcw1_world_spawner::srv::Task1Service_Request_<std::allocator<void> >::_goal_loc_type[m[K’ {aka ‘[01m[Kgeometry_msgs::msg::PointStamped_<std::allocator<void> >[m[K’} to ‘[01m[Kconst PoseStamped&[m[K’ {aka ‘[01m[Kconst geometry_msgs::msg::PoseStamped_<std::allocator<void> >&[m[K’}
  265 |   success = placeObject([01;31m[Krequest->goal_loc[m[K);
      |                         [01;31m[K~~~~~~~~~^~~~~~~~[m[K
      |                                  [01;31m[K|[m[K
      |                                  [01;31m[Kcw1_world_spawner::srv::Task1Service_Request_<std::allocator<void> >::_goal_loc_type {aka geometry_msgs::msg::PointStamped_<std::allocator<void> >}[m[K
In file included from [01m[K/home/charvi/comp0250_s26_labs/courseworks/cw1_team_30/src/cw1_class.cpp:6[m[K:
[01m[K/home/charvi/comp0250_s26_labs/courseworks/cw1_team_30/include/cw1_class.h:102:59:[m[K [01;36m[Knote: [m[K  initializing argument 1 of ‘[01m[Kbool cw1::placeObject(const PoseStamped&)[m[K’
  102 |   bool placeObject([01;36m[Kconst geometry_msgs::msg::PoseStamped &goal_loc[m[K);
      |                    [01;36m[K~~~~~~~~~~~~~~~~~~~~~~~~~~~~~~~~~~~~~~~^~~~~~~~[m[K
gmake[2]: *** [CMakeFiles/cw1_team_30_cw1_class_lib.dir/build.make:76: CMakeFiles/cw1_team_30_cw1_class_lib.dir/src/cw1_class.cpp.o] Error 1
gmake[1]: *** [CMakeFiles/Makefile2:595: CMakeFiles/cw1_team_30_cw1_class_lib.dir/all] Error 2
gmake: *** [Makefile:146: all] Error 2
