[0.011s] Invoking command in '/home/charvi/comp0250_s26_labs/build/cw1_team_30': CMAKE_PREFIX_PATH=/home/charvi/comp0250_s26_labs/install/cw1_world_spawner:/home/charvi/comp0250_s26_labs/install/rpl_panda_with_rs:/home/charvi/comp0250_s26_labs/install/realsense_gazebo_plugin:/home/charvi/comp0250_s26_labs/install/panda_moveit_config:/home/charvi/comp0250_s26_labs/install/panda_description:/home/charvi/comp0250_s26_labs/install/cw1_team_x:/home/charvi/comp0250_s26_labs/install/cw1_team_30:/opt/ros/humble LD_LIBRARY_PATH=/home/charvi/comp0250_s26_labs/install/cw1_world_spawner/lib:/home/charvi/comp0250_s26_labs/install/realsense_gazebo_plugin/lib:/home/charvi/comp0250_s26_labs/install/cw1_team_x/lib:/home/charvi/comp0250_s26_labs/install/cw1_team_30/lib:/usr/lib/x86_64-linux-gnu/gazebo-11/plugins:/opt/ros/humble/opt/rviz_ogre_vendor/lib:/opt/ros/humble/lib/x86_64-linux-gnu:/opt/ros/humble/lib /usr/bin/cmake --build /home/charvi/comp0250_s26_labs/build/cw1_team_30 -- -j12 -l12
[0.078s] [  2%] Built target cw1_team_30__cpp
[0.078s] [ 11%] Built target cw1_team_30__rosidl_generator_c
[0.089s] [ 11%] Built target ament_cmake_python_copy_cw1_team_30
[0.107s] [ 20%] Built target cw1_team_30__rosidl_typesupport_introspection_cpp
[0.108s] [ 28%] Built target cw1_team_30__rosidl_typesupport_cpp
[0.111s] [ 37%] Built target cw1_team_30__rosidl_typesupport_fastrtps_cpp
[0.121s] [ 45%] Built target cw1_team_30__rosidl_typesupport_c
[0.122s] [ 54%] Built target cw1_team_30__rosidl_typesupport_introspection_c
[0.122s] [ 62%] Built target cw1_team_30__rosidl_typesupport_fastrtps_c
[0.131s] [35m[1mConsolidate compiler generated dependencies of target cw1_team_30_cw1_class_lib[0m
[0.148s] [ 62%] Built target cw1_team_30
[0.160s] [ 65%] [32mBuilding CXX object CMakeFiles/cw1_team_30_cw1_class_lib.dir/src/cw1_class.cpp.o[0m
[0.173s] [ 68%] Built target cw1_team_30__py
[0.198s] [ 74%] Built target cw1_team_30__rosidl_generator_py
[0.225s] [ 91%] Built target cw1_team_30__rosidl_typesupport_fastrtps_c__pyext
[0.225s] [ 91%] Built target cw1_team_30__rosidl_typesupport_c__pyext
[0.225s] [ 91%] Built target cw1_team_30__rosidl_typesupport_introspection_c__pyext
[0.424s] running egg_info
[0.452s] writing cw1_team_30.egg-info/PKG-INFO
[0.453s] writing dependency_links to cw1_team_30.egg-info/dependency_links.txt
[0.453s] writing top-level names to cw1_team_30.egg-info/top_level.txt
[0.534s] reading manifest file 'cw1_team_30.egg-info/SOURCES.txt'
[0.536s] writing manifest file 'cw1_team_30.egg-info/SOURCES.txt'
[0.567s] [ 91%] Built target ament_cmake_python_build_cw1_team_30_egg
[25.114s] [ 94%] [32m[1mLinking CXX shared library libcw1_team_30_cw1_class_lib.so[0m
[26.295s] [ 94%] Built target cw1_team_30_cw1_class_lib
[26.329s] [ 97%] [32mBuilding CXX object CMakeFiles/cw1_solution_node.dir/src/cw1_node.cpp.o[0m
[35.390s] [100%] [32m[1mLinking CXX executable cw1_solution_node[0m
[36.273s] [100%] Built target cw1_solution_node
[36.284s] Invoked command in '/home/charvi/comp0250_s26_labs/build/cw1_team_30' returned '0': CMAKE_PREFIX_PATH=/home/charvi/comp0250_s26_labs/install/cw1_world_spawner:/home/charvi/comp0250_s26_labs/install/rpl_panda_with_rs:/home/charvi/comp0250_s26_labs/install/realsense_gazebo_plugin:/home/charvi/comp0250_s26_labs/install/panda_moveit_config:/home/charvi/comp0250_s26_labs/install/panda_description:/home/charvi/comp0250_s26_labs/install/cw1_team_x:/home/charvi/comp0250_s26_labs/install/cw1_team_30:/opt/ros/humble LD_LIBRARY_PATH=/home/charvi/comp0250_s26_labs/install/cw1_world_spawner/lib:/home/charvi/comp0250_s26_labs/install/realsense_gazebo_plugin/lib:/home/charvi/comp0250_s26_labs/install/cw1_team_x/lib:/home/charvi/comp0250_s26_labs/install/cw1_team_30/lib:/usr/lib/x86_64-linux-gnu/gazebo-11/plugins:/opt/ros/humble/opt/rviz_ogre_vendor/lib:/opt/ros/humble/lib/x86_64-linux-gnu:/opt/ros/humble/lib /usr/bin/cmake --build /home/charvi/comp0250_s26_labs/build/cw1_team_30 -- -j12 -l12
[36.286s] Invoking command in '/home/charvi/comp0250_s26_labs/build/cw1_team_30': CMAKE_PREFIX_PATH=/home/charvi/comp0250_s26_labs/install/cw1_world_spawner:/home/charvi/comp0250_s26_labs/install/rpl_panda_with_rs:/home/charvi/comp0250_s26_labs/install/realsense_gazebo_plugin:/home/charvi/comp0250_s26_labs/install/panda_moveit_config:/home/charvi/comp0250_s26_labs/install/panda_description:/home/charvi/comp0250_s26_labs/install/cw1_team_x:/home/charvi/comp0250_s26_labs/install/cw1_team_30:/opt/ros/humble LD_LIBRARY_PATH=/home/charvi/comp0250_s26_labs/install/cw1_world_spawner/lib:/home/charvi/comp0250_s26_labs/install/realsense_gazebo_plugin/lib:/home/charvi/comp0250_s26_labs/install/cw1_team_x/lib:/home/charvi/comp0250_s26_labs/install/cw1_team_30/lib:/usr/lib/x86_64-linux-gnu/gazebo-11/plugins:/opt/ros/humble/opt/rviz_ogre_vendor/lib:/opt/ros/humble/lib/x86_64-linux-gnu:/opt/ros/humble/lib /usr/bin/cmake --install /home/charvi/comp0250_s26_labs/build/cw1_team_30
[36.294s] -- Install configuration: "Release"
[36.294s] -- Up-to-date: /home/charvi/comp0250_s26_labs/install/cw1_team_30/share/ament_index/resource_index/rosidl_interfaces/cw1_team_30
[36.294s] -- Up-to-date: /home/charvi/comp0250_s26_labs/install/cw1_team_30/include/cw1_team_30/cw1_team_30
[36.294s] -- Up-to-date: /home/charvi/comp0250_s26_labs/install/cw1_team_30/include/cw1_team_30/cw1_team_30/srv
[36.294s] -- Up-to-date: /home/charvi/comp0250_s26_labs/install/cw1_team_30/include/cw1_team_30/cw1_team_30/srv/example.h
[36.295s] -- Up-to-date: /home/charvi/comp0250_s26_labs/install/cw1_team_30/include/cw1_team_30/cw1_team_30/srv/detail
[36.295s] -- Up-to-date: /home/charvi/comp0250_s26_labs/install/cw1_team_30/include/cw1_team_30/cw1_team_30/srv/detail/example__struct.h
[36.295s] -- Up-to-date: /home/charvi/comp0250_s26_labs/install/cw1_team_30/include/cw1_team_30/cw1_team_30/srv/detail/example__functions.h
[36.295s] -- Up-to-date: /home/charvi/comp0250_s26_labs/install/cw1_team_30/include/cw1_team_30/cw1_team_30/srv/detail/example__type_support.h
[36.295s] -- Up-to-date: /home/charvi/comp0250_s26_labs/install/cw1_team_30/include/cw1_team_30/cw1_team_30/srv/detail/example__functions.c
[36.295s] -- Up-to-date: /home/charvi/comp0250_s26_labs/install/cw1_team_30/include/cw1_team_30/cw1_team_30/msg
[36.295s] -- Up-to-date: /home/charvi/comp0250_s26_labs/install/cw1_team_30/include/cw1_team_30/cw1_team_30/msg/rosidl_generator_c__visibility_control.h
[36.295s] -- Up-to-date: /home/charvi/comp0250_s26_labs/install/cw1_team_30/share/cw1_team_30/environment/library_path.sh
[36.295s] -- Up-to-date: /home/charvi/comp0250_s26_labs/install/cw1_team_30/share/cw1_team_30/environment/library_path.dsv
[36.295s] -- Up-to-date: /home/charvi/comp0250_s26_labs/install/cw1_team_30/lib/libcw1_team_30__rosidl_generator_c.so
[36.295s] -- Up-to-date: /home/charvi/comp0250_s26_labs/install/cw1_team_30/include/cw1_team_30/cw1_team_30
[36.295s] -- Up-to-date: /home/charvi/comp0250_s26_labs/install/cw1_team_30/include/cw1_team_30/cw1_team_30/srv
[36.295s] -- Up-to-date: /home/charvi/comp0250_s26_labs/install/cw1_team_30/include/cw1_team_30/cw1_team_30/srv/detail
[36.296s] -- Up-to-date: /home/charvi/comp0250_s26_labs/install/cw1_team_30/include/cw1_team_30/cw1_team_30/srv/detail/example__rosidl_typesupport_fastrtps_c.h
[36.296s] -- Up-to-date: /home/charvi/comp0250_s26_labs/install/cw1_team_30/include/cw1_team_30/cw1_team_30/msg
[36.296s] -- Up-to-date: /home/charvi/comp0250_s26_labs/install/cw1_team_30/include/cw1_team_30/cw1_team_30/msg/rosidl_typesupport_fastrtps_c__visibility_control.h
[36.296s] -- Up-to-date: /home/charvi/comp0250_s26_labs/install/cw1_team_30/lib/libcw1_team_30__rosidl_typesupport_fastrtps_c.so
[36.296s] -- Up-to-date: /home/charvi/comp0250_s26_labs/install/cw1_team_30/include/cw1_team_30/cw1_team_30
[36.296s] -- Up-to-date: /home/charvi/comp0250_s26_labs/install/cw1_team_30/include/cw1_team_30/cw1_team_30/srv
[36.296s] -- Up-to-date: /home/charvi/comp0250_s26_labs/install/cw1_team_30/include/cw1_team_30/cw1_team_30/srv/detail
[36.296s] -- Up-to-date: /home/charvi/comp0250_s26_labs/install/cw1_team_30/include/cw1_team_30/cw1_team_30/srv/detail/example__type_support.c
[36.296s] -- Up-to-date: /home/charvi/comp0250_s26_labs/install/cw1_team_30/include/cw1_team_30/cw1_team_30/srv/detail/example__rosidl_typesupport_introspection_c.h
[36.296s] -- Up-to-date: /home/charvi/comp0250_s26_labs/install/cw1_team_30/include/cw1_team_30/cw1_team_30/msg
[36.296s] -- Up-to-date: /home/charvi/comp0250_s26_labs/install/cw1_team_30/include/cw1_team_30/cw1_team_30/msg/rosidl_typesupport_introspection_c__visibility_control.h
[36.296s] -- Up-to-date: /home/charvi/comp0250_s26_labs/install/cw1_team_30/lib/libcw1_team_30__rosidl_typesupport_introspection_c.so
[36.296s] -- Up-to-date: /home/charvi/comp0250_s26_labs/install/cw1_team_30/lib/libcw1_team_30__rosidl_typesupport_c.so
[36.297s] -- Up-to-date: /home/charvi/comp0250_s26_labs/install/cw1_team_30/include/cw1_team_30/cw1_team_30
[36.297s] -- Up-to-date: /home/charvi/comp0250_s26_labs/install/cw1_team_30/include/cw1_team_30/cw1_team_30/srv
[36.297s] -- Up-to-date: /home/charvi/comp0250_s26_labs/install/cw1_team_30/include/cw1_team_30/cw1_team_30/srv/example.hpp
[36.297s] -- Up-to-date: /home/charvi/comp0250_s26_labs/install/cw1_team_30/include/cw1_team_30/cw1_team_30/srv/detail
[36.297s] -- Up-to-date: /home/charvi/comp0250_s26_labs/install/cw1_team_30/include/cw1_team_30/cw1_team_30/srv/detail/example__type_support.hpp
[36.297s] -- Up-to-date: /home/charvi/comp0250_s26_labs/install/cw1_team_30/include/cw1_team_30/cw1_team_30/srv/detail/example__struct.hpp
[36.297s] -- Up-to-date: /home/charvi/comp0250_s26_labs/install/cw1_team_30/include/cw1_team_30/cw1_team_30/srv/detail/example__traits.hpp
[36.297s] -- Up-to-date: /home/charvi/comp0250_s26_labs/install/cw1_team_30/include/cw1_team_30/cw1_team_30/srv/detail/example__builder.hpp
[36.297s] -- Up-to-date: /home/charvi/comp0250_s26_labs/install/cw1_team_30/include/cw1_team_30/cw1_team_30/msg
[36.297s] -- Up-to-date: /home/charvi/comp0250_s26_labs/install/cw1_team_30/include/cw1_team_30/cw1_team_30/msg/rosidl_generator_cpp__visibility_control.hpp
[36.297s] -- Up-to-date: /home/charvi/comp0250_s26_labs/install/cw1_team_30/include/cw1_team_30/cw1_team_30
[36.297s] -- Up-to-date: /home/charvi/comp0250_s26_labs/install/cw1_team_30/include/cw1_team_30/cw1_team_30/srv
[36.297s] -- Up-to-date: /home/charvi/comp0250_s26_labs/install/cw1_team_30/include/cw1_team_30/cw1_team_30/srv/detail
[36.298s] -- Up-to-date: /home/charvi/comp0250_s26_labs/install/cw1_team_30/include/cw1_team_30/cw1_team_30/srv/detail/example__rosidl_typesupport_fastrtps_cpp.hpp
[36.298s] -- Up-to-date: /home/charvi/comp0250_s26_labs/install/cw1_team_30/include/cw1_team_30/cw1_team_30/srv/detail/dds_fastrtps
[36.298s] -- Up-to-date: /home/charvi/comp0250_s26_labs/install/cw1_team_30/include/cw1_team_30/cw1_team_30/msg
[36.298s] -- Up-to-date: /home/charvi/comp0250_s26_labs/install/cw1_team_30/include/cw1_team_30/cw1_team_30/msg/rosidl_typesupport_fastrtps_cpp__visibility_control.h
[36.298s] -- Up-to-date: /home/charvi/comp0250_s26_labs/install/cw1_team_30/lib/libcw1_team_30__rosidl_typesupport_fastrtps_cpp.so
[36.298s] -- Up-to-date: /home/charvi/comp0250_s26_labs/install/cw1_team_30/include/cw1_team_30/cw1_team_30
[36.298s] -- Up-to-date: /home/charvi/comp0250_s26_labs/install/cw1_team_30/include/cw1_team_30/cw1_team_30/srv
[36.298s] -- Up-to-date: /home/charvi/comp0250_s26_labs/install/cw1_team_30/include/cw1_team_30/cw1_team_30/srv/detail
[36.298s] -- Up-to-date: /home/charvi/comp0250_s26_labs/install/cw1_team_30/include/cw1_team_30/cw1_team_30/srv/detail/example__type_support.cpp
[36.298s] -- Up-to-date: /home/charvi/comp0250_s26_labs/install/cw1_team_30/include/cw1_team_30/cw1_team_30/srv/detail/example__rosidl_typesupport_introspection_cpp.hpp
[36.298s] -- Up-to-date: /home/charvi/comp0250_s26_labs/install/cw1_team_30/lib/libcw1_team_30__rosidl_typesupport_introspection_cpp.so
[36.298s] -- Up-to-date: /home/charvi/comp0250_s26_labs/install/cw1_team_30/lib/libcw1_team_30__rosidl_typesupport_cpp.so
[36.298s] -- Up-to-date: /home/charvi/comp0250_s26_labs/install/cw1_team_30/share/cw1_team_30/environment/pythonpath.sh
[36.299s] -- Up-to-date: /home/charvi/comp0250_s26_labs/install/cw1_team_30/share/cw1_team_30/environment/pythonpath.dsv
[36.299s] -- Up-to-date: /home/charvi/comp0250_s26_labs/install/cw1_team_30/local/lib/python3.10/dist-packages/cw1_team_30-0.1.0-py3.10.egg-info
[36.299s] -- Installing: /home/charvi/comp0250_s26_labs/install/cw1_team_30/local/lib/python3.10/dist-packages/cw1_team_30-0.1.0-py3.10.egg-info/SOURCES.txt
[36.299s] -- Installing: /home/charvi/comp0250_s26_labs/install/cw1_team_30/local/lib/python3.10/dist-packages/cw1_team_30-0.1.0-py3.10.egg-info/PKG-INFO
[36.299s] -- Installing: /home/charvi/comp0250_s26_labs/install/cw1_team_30/local/lib/python3.10/dist-packages/cw1_team_30-0.1.0-py3.10.egg-info/top_level.txt
[36.299s] -- Installing: /home/charvi/comp0250_s26_labs/install/cw1_team_30/local/lib/python3.10/dist-packages/cw1_team_30-0.1.0-py3.10.egg-info/dependency_links.txt
[36.299s] -- Up-to-date: /home/charvi/comp0250_s26_labs/install/cw1_team_30/local/lib/python3.10/dist-packages/cw1_team_30
[36.299s] -- Up-to-date: /home/charvi/comp0250_s26_labs/install/cw1_team_30/local/lib/python3.10/dist-packages/cw1_team_30/cw1_team_30_s__rosidl_typesupport_c.cpython-310-x86_64-linux-gnu.so
[36.299s] -- Up-to-date: /home/charvi/comp0250_s26_labs/install/cw1_team_30/local/lib/python3.10/dist-packages/cw1_team_30/srv
[36.299s] -- Up-to-date: /home/charvi/comp0250_s26_labs/install/cw1_team_30/local/lib/python3.10/dist-packages/cw1_team_30/srv/_example.py
[36.299s] -- Up-to-date: /home/charvi/comp0250_s26_labs/install/cw1_team_30/local/lib/python3.10/dist-packages/cw1_team_30/srv/__init__.py
[36.300s] -- Up-to-date: /home/charvi/comp0250_s26_labs/install/cw1_team_30/local/lib/python3.10/dist-packages/cw1_team_30/srv/_example_s.c
[36.300s] -- Up-to-date: /home/charvi/comp0250_s26_labs/install/cw1_team_30/local/lib/python3.10/dist-packages/cw1_team_30/_cw1_team_30_s.ep.rosidl_typesupport_fastrtps_c.c
[36.300s] -- Up-to-date: /home/charvi/comp0250_s26_labs/install/cw1_team_30/local/lib/python3.10/dist-packages/cw1_team_30/__init__.py
[36.300s] -- Up-to-date: /home/charvi/comp0250_s26_labs/install/cw1_team_30/local/lib/python3.10/dist-packages/cw1_team_30/cw1_team_30_s__rosidl_typesupport_introspection_c.cpython-310-x86_64-linux-gnu.so
[36.300s] -- Up-to-date: /home/charvi/comp0250_s26_labs/install/cw1_team_30/local/lib/python3.10/dist-packages/cw1_team_30/_cw1_team_30_s.ep.rosidl_typesupport_introspection_c.c
[36.300s] -- Up-to-date: /home/charvi/comp0250_s26_labs/install/cw1_team_30/local/lib/python3.10/dist-packages/cw1_team_30/libcw1_team_30__rosidl_generator_py.so
[36.300s] -- Up-to-date: /home/charvi/comp0250_s26_labs/install/cw1_team_30/local/lib/python3.10/dist-packages/cw1_team_30/cw1_team_30_s__rosidl_typesupport_fastrtps_c.cpython-310-x86_64-linux-gnu.so
[36.300s] -- Up-to-date: /home/charvi/comp0250_s26_labs/install/cw1_team_30/local/lib/python3.10/dist-packages/cw1_team_30/_cw1_team_30_s.ep.rosidl_typesupport_c.c
[36.344s] Listing '/home/charvi/comp0250_s26_labs/install/cw1_team_30/local/lib/python3.10/dist-packages/cw1_team_30'...
[36.344s] Listing '/home/charvi/comp0250_s26_labs/install/cw1_team_30/local/lib/python3.10/dist-packages/cw1_team_30/srv'...
[36.350s] -- Up-to-date: /home/charvi/comp0250_s26_labs/install/cw1_team_30/local/lib/python3.10/dist-packages/cw1_team_30/cw1_team_30_s__rosidl_typesupport_fastrtps_c.cpython-310-x86_64-linux-gnu.so
[36.351s] -- Up-to-date: /home/charvi/comp0250_s26_labs/install/cw1_team_30/local/lib/python3.10/dist-packages/cw1_team_30/cw1_team_30_s__rosidl_typesupport_introspection_c.cpython-310-x86_64-linux-gnu.so
[36.352s] -- Up-to-date: /home/charvi/comp0250_s26_labs/install/cw1_team_30/local/lib/python3.10/dist-packages/cw1_team_30/cw1_team_30_s__rosidl_typesupport_c.cpython-310-x86_64-linux-gnu.so
[36.352s] -- Up-to-date: /home/charvi/comp0250_s26_labs/install/cw1_team_30/lib/libcw1_team_30__rosidl_generator_py.so
[36.352s] -- Up-to-date: /home/charvi/comp0250_s26_labs/install/cw1_team_30/share/cw1_team_30/srv/Example.idl
[36.353s] -- Up-to-date: /home/charvi/comp0250_s26_labs/install/cw1_team_30/share/cw1_team_30/srv/Example.srv
[36.353s] -- Up-to-date: /home/charvi/comp0250_s26_labs/install/cw1_team_30/share/cw1_team_30/srv/Example_Request.msg
[36.353s] -- Up-to-date: /home/charvi/comp0250_s26_labs/install/cw1_team_30/share/cw1_team_30/srv/Example_Response.msg
[36.353s] -- Installing: /home/charvi/comp0250_s26_labs/install/cw1_team_30/lib/libcw1_team_30_cw1_class_lib.so
[36.358s] -- Set runtime path of "/home/charvi/comp0250_s26_labs/install/cw1_team_30/lib/libcw1_team_30_cw1_class_lib.so" to ""
[36.358s] -- Installing: /home/charvi/comp0250_s26_labs/install/cw1_team_30/lib/cw1_team_30/cw1_solution_node
[36.360s] -- Set runtime path of "/home/charvi/comp0250_s26_labs/install/cw1_team_30/lib/cw1_team_30/cw1_solution_node" to ""
[36.360s] -- Up-to-date: /home/charvi/comp0250_s26_labs/install/cw1_team_30/share/cw1_team_30/launch
[36.360s] -- Up-to-date: /home/charvi/comp0250_s26_labs/install/cw1_team_30/share/cw1_team_30/launch/run_solution.launch.py
[36.360s] -- Up-to-date: /home/charvi/comp0250_s26_labs/install/cw1_team_30/share/ament_index/resource_index/package_run_dependencies/cw1_team_30
[36.361s] -- Up-to-date: /home/charvi/comp0250_s26_labs/install/cw1_team_30/share/ament_index/resource_index/parent_prefix_path/cw1_team_30
[36.361s] -- Up-to-date: /home/charvi/comp0250_s26_labs/install/cw1_team_30/share/cw1_team_30/environment/ament_prefix_path.sh
[36.361s] -- Up-to-date: /home/charvi/comp0250_s26_labs/install/cw1_team_30/share/cw1_team_30/environment/ament_prefix_path.dsv
[36.361s] -- Up-to-date: /home/charvi/comp0250_s26_labs/install/cw1_team_30/share/cw1_team_30/environment/path.sh
[36.362s] -- Up-to-date: /home/charvi/comp0250_s26_labs/install/cw1_team_30/share/cw1_team_30/environment/path.dsv
[36.362s] -- Up-to-date: /home/charvi/comp0250_s26_labs/install/cw1_team_30/share/cw1_team_30/local_setup.bash
[36.362s] -- Up-to-date: /home/charvi/comp0250_s26_labs/install/cw1_team_30/share/cw1_team_30/local_setup.sh
[36.362s] -- Up-to-date: /home/charvi/comp0250_s26_labs/install/cw1_team_30/share/cw1_team_30/local_setup.zsh
[36.363s] -- Up-to-date: /home/charvi/comp0250_s26_labs/install/cw1_team_30/share/cw1_team_30/local_setup.dsv
[36.363s] -- Installing: /home/charvi/comp0250_s26_labs/install/cw1_team_30/share/cw1_team_30/package.dsv
[36.363s] -- Up-to-date: /home/charvi/comp0250_s26_labs/install/cw1_team_30/share/ament_index/resource_index/packages/cw1_team_30
[36.363s] -- Up-to-date: /home/charvi/comp0250_s26_labs/install/cw1_team_30/share/cw1_team_30/cmake/export_cw1_team_30__rosidl_generator_cExport.cmake
[36.364s] -- Up-to-date: /home/charvi/comp0250_s26_labs/install/cw1_team_30/share/cw1_team_30/cmake/export_cw1_team_30__rosidl_generator_cExport-release.cmake
[36.364s] -- Up-to-date: /home/charvi/comp0250_s26_labs/install/cw1_team_30/share/cw1_team_30/cmake/export_cw1_team_30__rosidl_typesupport_fastrtps_cExport.cmake
[36.364s] -- Up-to-date: /home/charvi/comp0250_s26_labs/install/cw1_team_30/share/cw1_team_30/cmake/export_cw1_team_30__rosidl_typesupport_fastrtps_cExport-release.cmake
[36.364s] -- Up-to-date: /home/charvi/comp0250_s26_labs/install/cw1_team_30/share/cw1_team_30/cmake/cw1_team_30__rosidl_typesupport_introspection_cExport.cmake
[36.364s] -- Up-to-date: /home/charvi/comp0250_s26_labs/install/cw1_team_30/share/cw1_team_30/cmake/cw1_team_30__rosidl_typesupport_introspection_cExport-release.cmake
[36.365s] -- Up-to-date: /home/charvi/comp0250_s26_labs/install/cw1_team_30/share/cw1_team_30/cmake/cw1_team_30__rosidl_typesupport_cExport.cmake
[36.365s] -- Up-to-date: /home/charvi/comp0250_s26_labs/install/cw1_team_30/share/cw1_team_30/cmake/cw1_team_30__rosidl_typesupport_cExport-release.cmake
[36.365s] -- Up-to-date: /home/charvi/comp0250_s26_labs/install/cw1_team_30/share/cw1_team_30/cmake/export_cw1_team_30__rosidl_generator_cppExport.cmake
[36.365s] -- Up-to-date: /home/charvi/comp0250_s26_labs/install/cw1_team_30/share/cw1_team_30/cmake/export_cw1_team_30__rosidl_typesupport_fastrtps_cppExport.cmake
[36.365s] -- Up-to-date: /home/charvi/comp0250_s26_labs/install/cw1_team_30/share/cw1_team_30/cmake/export_cw1_team_30__rosidl_typesupport_fastrtps_cppExport-release.cmake
[36.365s] -- Up-to-date: /home/charvi/comp0250_s26_labs/install/cw1_team_30/share/cw1_team_30/cmake/cw1_team_30__rosidl_typesupport_introspection_cppExport.cmake
[36.365s] -- Up-to-date: /home/charvi/comp0250_s26_labs/install/cw1_team_30/share/cw1_team_30/cmake/cw1_team_30__rosidl_typesupport_introspection_cppExport-release.cmake
[36.365s] -- Up-to-date: /home/charvi/comp0250_s26_labs/install/cw1_team_30/share/cw1_team_30/cmake/cw1_team_30__rosidl_typesupport_cppExport.cmake
[36.365s] -- Up-to-date: /home/charvi/comp0250_s26_labs/install/cw1_team_30/share/cw1_team_30/cmake/cw1_team_30__rosidl_typesupport_cppExport-release.cmake
[36.366s] -- Up-to-date: /home/charvi/comp0250_s26_labs/install/cw1_team_30/share/cw1_team_30/cmake/export_cw1_team_30__rosidl_generator_pyExport.cmake
[36.366s] -- Up-to-date: /home/charvi/comp0250_s26_labs/install/cw1_team_30/share/cw1_team_30/cmake/export_cw1_team_30__rosidl_generator_pyExport-release.cmake
[36.366s] -- Up-to-date: /home/charvi/comp0250_s26_labs/install/cw1_team_30/share/cw1_team_30/cmake/rosidl_cmake-extras.cmake
[36.366s] -- Up-to-date: /home/charvi/comp0250_s26_labs/install/cw1_team_30/share/cw1_team_30/cmake/ament_cmake_export_dependencies-extras.cmake
[36.366s] -- Up-to-date: /home/charvi/comp0250_s26_labs/install/cw1_team_30/share/cw1_team_30/cmake/ament_cmake_export_include_directories-extras.cmake
[36.366s] -- Up-to-date: /home/charvi/comp0250_s26_labs/install/cw1_team_30/share/cw1_team_30/cmake/ament_cmake_export_libraries-extras.cmake
[36.366s] -- Up-to-date: /home/charvi/comp0250_s26_labs/install/cw1_team_30/share/cw1_team_30/cmake/ament_cmake_export_targets-extras.cmake
[36.367s] -- Up-to-date: /home/charvi/comp0250_s26_labs/install/cw1_team_30/share/cw1_team_30/cmake/rosidl_cmake_export_typesupport_targets-extras.cmake
[36.367s] -- Up-to-date: /home/charvi/comp0250_s26_labs/install/cw1_team_30/share/cw1_team_30/cmake/rosidl_cmake_export_typesupport_libraries-extras.cmake
[36.367s] -- Up-to-date: /home/charvi/comp0250_s26_labs/install/cw1_team_30/share/cw1_team_30/cmake/cw1_team_30Config.cmake
[36.367s] -- Up-to-date: /home/charvi/comp0250_s26_labs/install/cw1_team_30/share/cw1_team_30/cmake/cw1_team_30Config-version.cmake
[36.367s] -- Up-to-date: /home/charvi/comp0250_s26_labs/install/cw1_team_30/share/cw1_team_30/package.xml
[36.369s] Invoked command in '/home/charvi/comp0250_s26_labs/build/cw1_team_30' returned '0': CMAKE_PREFIX_PATH=/home/charvi/comp0250_s26_labs/install/cw1_world_spawner:/home/charvi/comp0250_s26_labs/install/rpl_panda_with_rs:/home/charvi/comp0250_s26_labs/install/realsense_gazebo_plugin:/home/charvi/comp0250_s26_labs/install/panda_moveit_config:/home/charvi/comp0250_s26_labs/install/panda_description:/home/charvi/comp0250_s26_labs/install/cw1_team_x:/home/charvi/comp0250_s26_labs/install/cw1_team_30:/opt/ros/humble LD_LIBRARY_PATH=/home/charvi/comp0250_s26_labs/install/cw1_world_spawner/lib:/home/charvi/comp0250_s26_labs/install/realsense_gazebo_plugin/lib:/home/charvi/comp0250_s26_labs/install/cw1_team_x/lib:/home/charvi/comp0250_s26_labs/install/cw1_team_30/lib:/usr/lib/x86_64-linux-gnu/gazebo-11/plugins:/opt/ros/humble/opt/rviz_ogre_vendor/lib:/opt/ros/humble/lib/x86_64-linux-gnu:/opt/ros/humble/lib /usr/bin/cmake --install /home/charvi/comp0250_s26_labs/build/cw1_team_30
