[0.014s] Invoking command in '/home/charvi/comp0250_s26_labs/build/cw1_team_30': AMENT_PREFIX_PATH=/home/charvi/comp0250_s26_labs/install/cw1_world_spawner:${AMENT_PREFIX_PATH} CMAKE_PREFIX_PATH=/home/charvi/comp0250_s26_labs/install/cw1_world_spawner:/opt/ros/humble LD_LIBRARY_PATH=/home/charvi/comp0250_s26_labs/install/cw1_world_spawner/lib:${LD_LIBRARY_PATH} PYTHONPATH=/home/charvi/comp0250_s26_labs/install/cw1_world_spawner/local/lib/python3.10/dist-packages:${PYTHONPATH} /usr/bin/cmake --build /home/charvi/comp0250_s26_labs/build/cw1_team_30 -- -j12 -l12
[0.095s] [  2%] Built target cw1_team_30__cpp
[0.096s] [ 11%] Built target cw1_team_30__rosidl_generator_c
[0.114s] [ 11%] Built target ament_cmake_python_copy_cw1_team_30
[0.133s] [ 20%] Built target cw1_team_30__rosidl_typesupport_c
[0.135s] [ 28%] Built target cw1_team_30__rosidl_typesupport_cpp
[0.137s] [ 37%] Built target cw1_team_30__rosidl_typesupport_introspection_c
[0.137s] [ 45%] Built target cw1_team_30__rosidl_typesupport_introspection_cpp
[0.142s] [ 62%] Built target cw1_team_30__rosidl_typesupport_fastrtps_c
[0.142s] [ 62%] Built target cw1_team_30__rosidl_typesupport_fastrtps_cpp
[0.170s] [35m[1mConsolidate compiler generated dependencies of target cw1_team_30_cw1_class_lib[0m
[0.177s] [ 62%] Built target cw1_team_30
[0.210s] [ 65%] Built target cw1_team_30__py
[0.224s] [ 68%] [32mBuilding CXX object CMakeFiles/cw1_team_30_cw1_class_lib.dir/src/cw1_class.cpp.o[0m
[0.242s] [ 74%] Built target cw1_team_30__rosidl_generator_py
[0.275s] [ 80%] Built target cw1_team_30__rosidl_typesupport_introspection_c__pyext
[0.275s] [ 88%] Built target cw1_team_30__rosidl_typesupport_fastrtps_c__pyext
[0.276s] [ 91%] Built target cw1_team_30__rosidl_typesupport_c__pyext
[0.455s] running egg_info
[0.478s] writing cw1_team_30.egg-info/PKG-INFO
[0.478s] writing dependency_links to cw1_team_30.egg-info/dependency_links.txt
[0.479s] writing top-level names to cw1_team_30.egg-info/top_level.txt
[0.542s] reading manifest file 'cw1_team_30.egg-info/SOURCES.txt'
[0.543s] writing manifest file 'cw1_team_30.egg-info/SOURCES.txt'
[0.567s] [ 91%] Built target ament_cmake_python_build_cw1_team_30_egg
[8.485s] [01m[K/home/charvi/comp0250_s26_labs/courseworks/cw1_team_30/src/cw1_class.cpp:732:34:[m[K [01;31m[Kerror: [m[Kno declaration matches ‘[01m[Kgeometry_msgs::msg::PointStamped cw1::calculateCentroidInWorldFrame(const Ptr&, const string&, const rclcpp::Time&)[m[K’
[8.485s]   732 | geometry_msgs::msg::PointStamped [01;31m[Kcw1[m[K::calculateCentroidInWorldFrame(
[8.486s]       |                                  [01;31m[K^~~[m[K
[8.486s] In file included from [01m[K/home/charvi/comp0250_s26_labs/courseworks/cw1_team_30/src/cw1_class.cpp:6[m[K:
[8.486s] [01m[K/home/charvi/comp0250_s26_labs/courseworks/cw1_team_30/include/cw1_class.h:136:36:[m[K [01;36m[Knote: [m[Kcandidate is: ‘[01m[Kgeometry_msgs::msg::PointStamped cw1::calculateCentroidInWorldFrame(const Ptr&, std::string&, const rclcpp::Time&)[m[K’
[8.486s]   136 |   geometry_msgs::msg::PointStamped [01;36m[KcalculateCentroidInWorldFrame[m[K(const pcl::PointCloud<pcl::PointXYZRGB>::Ptr &cluster, std::string & cloud_frame, const rclcpp::Time & cloud_timestamp);
[8.486s]       |                                    [01;36m[K^~~~~~~~~~~~~~~~~~~~~~~~~~~~~[m[K
[8.486s] In file included from [01m[K/home/charvi/comp0250_s26_labs/courseworks/cw1_team_30/src/cw1_class.cpp:6[m[K:
[8.486s] [01m[K/home/charvi/comp0250_s26_labs/courseworks/cw1_team_30/include/cw1_class.h:40:7:[m[K [01;36m[Knote: [m[K‘[01m[Kclass cw1[m[K’ defined here
[8.486s]    40 | class [01;36m[Kcw1[m[K
[8.486s]       |       [01;36m[K^~~[m[K
[8.495s] [01m[K/home/charvi/comp0250_s26_labs/courseworks/cw1_team_30/src/cw1_class.cpp:[m[K In member function ‘[01m[Kvoid cw1::t3_callback(std::shared_ptr<cw1_world_spawner::srv::Task3Service_Request_<std::allocator<void> > >, std::shared_ptr<cw1_world_spawner::srv::Task3Service_Response_<std::allocator<void> > >)[m[K’:
[8.495s] [01m[K/home/charvi/comp0250_s26_labs/courseworks/cw1_team_30/src/cw1_class.cpp:899:85:[m[K [01;31m[Kerror: [m[Kbinding reference of type ‘[01m[Kstd::string&[m[K’ {aka ‘[01m[Kstd::__cxx11::basic_string<char>&[m[K’} to ‘[01m[Kconst _frame_id_type[m[K’ {aka ‘[01m[Kconst std::__cxx11::basic_string<char>[m[K’} discards qualifiers
[8.495s]   899 | InWorldFrame(cluster, [01;31m[Kfresh_cloud->header.frame_id[m[K, fresh_cloud->header.stamp);
[8.495s]       |                       [01;31m[K~~~~~~~~~~~~~~~~~~~~^~~~~~~~[m[K
[8.495s] 
[8.495s] In file included from [01m[K/home/charvi/comp0250_s26_labs/courseworks/cw1_team_30/src/cw1_class.cpp:6[m[K:
[8.495s] [01m[K/home/charvi/comp0250_s26_labs/courseworks/cw1_team_30/include/cw1_class.h:136:135:[m[K [01;36m[Knote: [m[K  initializing argument 2 of ‘[01m[Kgeometry_msgs::msg::PointStamped cw1::calculateCentroidInWorldFrame(const Ptr&, std::string&, const rclcpp::Time&)[m[K’
[8.495s]   136 | PointXYZRGB>::Ptr &cluster, [01;36m[Kstd::string & cloud_frame[m[K, const rclcpp::Time & cloud_timestamp);
[8.496s]       |                             [01;36m[K~~~~~~~~~~~~~~^~~~~~~~~~~[m[K
[8.496s] 
[14.749s] gmake[2]: *** [CMakeFiles/cw1_team_30_cw1_class_lib.dir/build.make:76: CMakeFiles/cw1_team_30_cw1_class_lib.dir/src/cw1_class.cpp.o] Error 1
[14.749s] gmake[1]: *** [CMakeFiles/Makefile2:595: CMakeFiles/cw1_team_30_cw1_class_lib.dir/all] Error 2
[14.749s] gmake: *** [Makefile:146: all] Error 2
[14.751s] Invoked command in '/home/charvi/comp0250_s26_labs/build/cw1_team_30' returned '2': AMENT_PREFIX_PATH=/home/charvi/comp0250_s26_labs/install/cw1_world_spawner:${AMENT_PREFIX_PATH} CMAKE_PREFIX_PATH=/home/charvi/comp0250_s26_labs/install/cw1_world_spawner:/opt/ros/humble LD_LIBRARY_PATH=/home/charvi/comp0250_s26_labs/install/cw1_world_spawner/lib:${LD_LIBRARY_PATH} PYTHONPATH=/home/charvi/comp0250_s26_labs/install/cw1_world_spawner/local/lib/python3.10/dist-packages:${PYTHONPATH} /usr/bin/cmake --build /home/charvi/comp0250_s26_labs/build/cw1_team_30 -- -j12 -l12
