[0.052s] Invoking command in '/home/charvi/comp0250_s26_labs/build/cw1_team_30': CMAKE_PREFIX_PATH=/home/charvi/comp0250_s26_labs/install/cw1_world_spawner:/home/charvi/comp0250_s26_labs/install/rpl_panda_with_rs:/home/charvi/comp0250_s26_labs/install/realsense_gazebo_plugin:/home/charvi/comp0250_s26_labs/install/panda_moveit_config:/home/charvi/comp0250_s26_labs/install/panda_description:/home/charvi/comp0250_s26_labs/install/cw1_team_x:/home/charvi/comp0250_s26_labs/install/cw1_team_30:/opt/ros/humble LD_LIBRARY_PATH=/home/charvi/comp0250_s26_labs/install/cw1_world_spawner/lib:/home/charvi/comp0250_s26_labs/install/realsense_gazebo_plugin/lib:/home/charvi/comp0250_s26_labs/install/cw1_team_x/lib:/home/charvi/comp0250_s26_labs/install/cw1_team_30/lib:/usr/lib/x86_64-linux-gnu/gazebo-11/plugins:/opt/ros/humble/opt/rviz_ogre_vendor/lib:/opt/ros/humble/lib/x86_64-linux-gnu:/opt/ros/humble/lib /usr/bin/cmake --build /home/charvi/comp0250_s26_labs/build/cw1_team_30 -- -j12 -l12
[0.287s] [  2%] Built target cw1_team_30__cpp
[0.287s] [ 11%] Built target cw1_team_30__rosidl_generator_c
[0.328s] [ 11%] Built target ament_cmake_python_copy_cw1_team_30
[0.382s] [ 20%] Built target cw1_team_30__rosidl_typesupport_introspection_cpp
[0.394s] [ 28%] Built target cw1_team_30__rosidl_typesupport_fastrtps_cpp
[0.395s] [ 37%] Built target cw1_team_30__rosidl_typesupport_cpp
[0.423s] [ 45%] Built target cw1_team_30__rosidl_typesupport_c
[0.426s] [ 54%] Built target cw1_team_30__rosidl_typesupport_introspection_c
[0.444s] [ 62%] Built target cw1_team_30__rosidl_typesupport_fastrtps_c
[0.473s] [35m[1mConsolidate compiler generated dependencies of target cw1_team_30_cw1_class_lib[0m
[0.532s] [ 62%] Built target cw1_team_30
[0.579s] [ 65%] [32mBuilding CXX object CMakeFiles/cw1_team_30_cw1_class_lib.dir/src/cw1_class.cpp.o[0m
[0.603s] [ 68%] Built target cw1_team_30__py
[0.655s] [ 74%] Built target cw1_team_30__rosidl_generator_py
[0.704s] [ 80%] Built target cw1_team_30__rosidl_typesupport_c__pyext
[0.705s] [ 85%] Built target cw1_team_30__rosidl_typesupport_fastrtps_c__pyext
[0.705s] [ 91%] Built target cw1_team_30__rosidl_typesupport_introspection_c__pyext
[0.882s] running egg_info
[0.903s] writing cw1_team_30.egg-info/PKG-INFO
[0.903s] writing dependency_links to cw1_team_30.egg-info/dependency_links.txt
[0.903s] writing top-level names to cw1_team_30.egg-info/top_level.txt
[0.966s] reading manifest file 'cw1_team_30.egg-info/SOURCES.txt'
[0.967s] writing manifest file 'cw1_team_30.egg-info/SOURCES.txt'
[0.991s] [ 91%] Built target ament_cmake_python_build_cw1_team_30_egg
[5.345s] [01m[K/home/charvi/comp0250_s26_labs/courseworks/cw1_team_30/src/cw1_class.cpp:[m[K In member function ‘[01m[Kvoid cw1::t1_callback(std::shared_ptr<cw1_world_spawner::srv::Task1Service_Request_<std::allocator<void> > >, std::shared_ptr<cw1_world_spawner::srv::Task1Service_Response_<std::allocator<void> > >)[m[K’:
[5.345s] [01m[K/home/charvi/comp0250_s26_labs/courseworks/cw1_team_30/src/cw1_class.cpp:165:4:[m[K [01;31m[Kerror: [m[Kexpected primary-expression before ‘[01m[Kvoid[m[K’
[5.345s]   165 |   ([01;31m[Kvoid[m[K)response;
[5.345s]       |    [01;31m[K^~~~[m[K
[5.345s] [01m[K/home/charvi/comp0250_s26_labs/courseworks/cw1_team_30/src/cw1_class.cpp:167:3:[m[K [01;31m[Kerror: [m[K‘[01m[Krclpp[m[K’ has not been declared
[5.345s]   167 |   [01;31m[Krclpp[m[K::sleep_for(std::chrono::seconds(1));
[5.345s]       |   [01;31m[K^~~~~[m[K
[5.346s] [01m[K/home/charvi/comp0250_s26_labs/courseworks/cw1_team_30/src/cw1_class.cpp:160:67:[m[K [01;35m[Kwarning: [m[Kunused parameter ‘[01m[Kresponse[m[K’ [[01;35m[K]8;;https://gcc.gnu.org/onlinedocs/gcc/Warning-Options.html#index-Wunused-parameter-Wunused-parameter]8;;[m[K]
[5.346s]   160 | [01;35m[Kr<cw1_world_spawner::srv::Task1Service::Response> response[m[K)
[5.346s]       | [01;35m[K~~~~~~~~~~~~~~~~~~~~~~~~~~~~~~~~~~~~~~~~~~~~~~~~~~^~~~~~~~[m[K
[5.346s] 
[9.805s] gmake[2]: *** [CMakeFiles/cw1_team_30_cw1_class_lib.dir/build.make:76: CMakeFiles/cw1_team_30_cw1_class_lib.dir/src/cw1_class.cpp.o] Error 1
[9.805s] gmake[1]: *** [CMakeFiles/Makefile2:595: CMakeFiles/cw1_team_30_cw1_class_lib.dir/all] Error 2
[9.805s] gmake: *** [Makefile:146: all] Error 2
[9.807s] Invoked command in '/home/charvi/comp0250_s26_labs/build/cw1_team_30' returned '2': CMAKE_PREFIX_PATH=/home/charvi/comp0250_s26_labs/install/cw1_world_spawner:/home/charvi/comp0250_s26_labs/install/rpl_panda_with_rs:/home/charvi/comp0250_s26_labs/install/realsense_gazebo_plugin:/home/charvi/comp0250_s26_labs/install/panda_moveit_config:/home/charvi/comp0250_s26_labs/install/panda_description:/home/charvi/comp0250_s26_labs/install/cw1_team_x:/home/charvi/comp0250_s26_labs/install/cw1_team_30:/opt/ros/humble LD_LIBRARY_PATH=/home/charvi/comp0250_s26_labs/install/cw1_world_spawner/lib:/home/charvi/comp0250_s26_labs/install/realsense_gazebo_plugin/lib:/home/charvi/comp0250_s26_labs/install/cw1_team_x/lib:/home/charvi/comp0250_s26_labs/install/cw1_team_30/lib:/usr/lib/x86_64-linux-gnu/gazebo-11/plugins:/opt/ros/humble/opt/rviz_ogre_vendor/lib:/opt/ros/humble/lib/x86_64-linux-gnu:/opt/ros/humble/lib /usr/bin/cmake --build /home/charvi/comp0250_s26_labs/build/cw1_team_30 -- -j12 -l12
