[0.016s] Invoking command in '/home/charvi/comp0250_s26_labs/build/cw1_team_30': CMAKE_PREFIX_PATH=/home/charvi/comp0250_s26_labs/install/cw1_world_spawner:/home/charvi/comp0250_s26_labs/install/rpl_panda_with_rs:/home/charvi/comp0250_s26_labs/install/realsense_gazebo_plugin:/home/charvi/comp0250_s26_labs/install/panda_moveit_config:/home/charvi/comp0250_s26_labs/install/panda_description:/home/charvi/comp0250_s26_labs/install/cw1_team_x:/home/charvi/comp0250_s26_labs/install/cw1_team_30:/opt/ros/humble LD_LIBRARY_PATH=/home/charvi/comp0250_s26_labs/install/cw1_world_spawner/lib:/home/charvi/comp0250_s26_labs/install/realsense_gazebo_plugin/lib:/home/charvi/comp0250_s26_labs/install/cw1_team_x/lib:/home/charvi/comp0250_s26_labs/install/cw1_team_30/lib:/usr/lib/x86_64-linux-gnu/gazebo-11/plugins:/opt/ros/humble/opt/rviz_ogre_vendor/lib:/opt/ros/humble/lib/x86_64-linux-gnu:/opt/ros/humble/lib /usr/bin/cmake --build /home/charvi/comp0250_s26_labs/build/cw1_team_30 -- -j12 -l12
[0.107s] [  2%] Built target cw1_team_30__cpp
[0.108s] [ 11%] Built target cw1_team_30__rosidl_generator_c
[0.113s] [ 11%] Built target ament_cmake_python_copy_cw1_team_30
[0.142s] [ 20%] Built target cw1_team_30__rosidl_typesupport_fastrtps_cpp
[0.142s] [ 28%] Built target cw1_team_30__rosidl_typesupport_introspection_cpp
[0.148s] [ 37%] Built target cw1_team_30__rosidl_typesupport_cpp
[0.152s] [ 54%] Built target cw1_team_30__rosidl_typesupport_fastrtps_c
[0.152s] [ 54%] Built target cw1_team_30__rosidl_typesupport_introspection_c
[0.152s] [ 62%] Built target cw1_team_30__rosidl_typesupport_c
[0.187s] [35m[1mConsolidate compiler generated dependencies of target cw1_team_30_cw1_class_lib[0m
[0.190s] [ 62%] Built target cw1_team_30
[0.223s] [ 65%] Built target cw1_team_30__py
[0.244s] [ 68%] [32mBuilding CXX object CMakeFiles/cw1_team_30_cw1_class_lib.dir/src/cw1_class.cpp.o[0m
[0.259s] [ 74%] Built target cw1_team_30__rosidl_generator_py
[0.292s] [ 82%] Built target cw1_team_30__rosidl_typesupport_fastrtps_c__pyext
[0.292s] [ 85%] Built target cw1_team_30__rosidl_typesupport_introspection_c__pyext
[0.297s] [ 91%] Built target cw1_team_30__rosidl_typesupport_c__pyext
[0.480s] running egg_info
[0.516s] writing cw1_team_30.egg-info/PKG-INFO
[0.516s] writing dependency_links to cw1_team_30.egg-info/dependency_links.txt
[0.517s] writing top-level names to cw1_team_30.egg-info/top_level.txt
[0.603s] reading manifest file 'cw1_team_30.egg-info/SOURCES.txt'
[0.604s] writing manifest file 'cw1_team_30.egg-info/SOURCES.txt'
[0.637s] [ 91%] Built target ament_cmake_python_build_cw1_team_30_egg
[10.113s] In file included from [01m[K/opt/ros/humble/include/rclcpp/rclcpp/logging.hpp:24[m[K,
[10.113s]                  from [01m[K/opt/ros/humble/include/rclcpp/rclcpp/client.hpp:40[m[K,
[10.114s]                  from [01m[K/opt/ros/humble/include/rclcpp/rclcpp/callback_group.hpp:24[m[K,
[10.114s]                  from [01m[K/opt/ros/humble/include/rclcpp/rclcpp/any_executable.hpp:20[m[K,
[10.114s]                  from [01m[K/opt/ros/humble/include/rclcpp/rclcpp/memory_strategy.hpp:25[m[K,
[10.114s]                  from [01m[K/opt/ros/humble/include/rclcpp/rclcpp/memory_strategies.hpp:18[m[K,
[10.114s]                  from [01m[K/opt/ros/humble/include/rclcpp/rclcpp/executor_options.hpp:20[m[K,
[10.114s]                  from [01m[K/opt/ros/humble/include/rclcpp/rclcpp/executor.hpp:37[m[K,
[10.114s]                  from [01m[K/opt/ros/humble/include/rclcpp/rclcpp/executors/multi_threaded_executor.hpp:25[m[K,
[10.114s]                  from [01m[K/opt/ros/humble/include/rclcpp/rclcpp/executors.hpp:21[m[K,
[10.114s]                  from [01m[K/opt/ros/humble/include/rclcpp/rclcpp/rclcpp.hpp:155[m[K,
[10.114s]                  from [01m[K/home/charvi/comp0250_s26_labs/courseworks/cw1_team_30/include/cw1_class.h:16[m[K,
[10.114s]                  from [01m[K/home/charvi/comp0250_s26_labs/courseworks/cw1_team_30/src/cw1_class.cpp:6[m[K:
[10.114s] [01m[K/home/charvi/comp0250_s26_labs/courseworks/cw1_team_30/src/cw1_class.cpp:[m[K In member function ‘[01m[Kvoid cw1::t3_callback(std::shared_ptr<cw1_world_spawner::srv::Task3Service_Request_<std::allocator<void> > >, std::shared_ptr<cw1_world_spawner::srv::Task3Service_Response_<std::allocator<void> > >)[m[K’:
[10.114s] [01m[K/home/charvi/comp0250_s26_labs/courseworks/cw1_team_30/src/cw1_class.cpp:912:47:[m[K [01;31m[Kerror: [m[K‘[01m[Ksize_x[m[K’ was not declared in this scope; did you mean ‘[01m[Ksize_t[m[K’?
[10.114s]   912 | luster size: x=%.3f y=%.3f z=%.3f -> %s", [01;31m[Ksize_x[m[K, size_y, size_z, type.c_str());
[10.114s]       |                                           [01;31m[K^~~~~~[m[K
[10.114s] 
[10.121s] [01m[K/home/charvi/comp0250_s26_labs/courseworks/cw1_team_30/src/cw1_class.cpp:912:55:[m[K [01;31m[Kerror: [m[K‘[01m[Ksize_y[m[K’ was not declared in this scope; did you mean ‘[01m[Ksize_t[m[K’?
[10.121s]   912 | ize: x=%.3f y=%.3f z=%.3f -> %s", size_x, [01;31m[Ksize_y[m[K, size_z, type.c_str());
[10.121s]       |                                           [01;31m[K^~~~~~[m[K
[10.121s] 
[10.129s] [01m[K/home/charvi/comp0250_s26_labs/courseworks/cw1_team_30/src/cw1_class.cpp:912:63:[m[K [01;31m[Kerror: [m[K‘[01m[Ksize_z[m[K’ was not declared in this scope; did you mean ‘[01m[Ksize_t[m[K’?
[10.129s]   912 | .3f y=%.3f z=%.3f -> %s", size_x, size_y, [01;31m[Ksize_z[m[K, type.c_str());
[10.129s]       |                                           [01;31m[K^~~~~~[m[K
[10.129s] 
[10.130s] [01m[K/home/charvi/comp0250_s26_labs/courseworks/cw1_team_30/src/cw1_class.cpp:912:71:[m[K [01;31m[Kerror: [m[K‘[01m[Ktype[m[K’ was not declared in this scope; did you mean ‘[01m[Kboost::type[m[K’?
[10.130s]   912 | 3f z=%.3f -> %s", size_x, size_y, size_z, [01;31m[Ktype[m[K.c_str());
[10.131s]       |                                           [01;31m[K^~~~[m[K
[10.131s] 
[10.131s] In file included from [01m[K/usr/include/boost/numeric/conversion/cast.hpp:32[m[K,
[10.131s]                  from [01m[K/usr/include/pcl-1.12/pcl/io/file_io.h:46[m[K,
[10.131s]                  from [01m[K/usr/include/pcl-1.12/pcl/io/pcd_io.h:45[m[K,
[10.131s]                  from [01m[K/opt/ros/humble/include/pcl_conversions/pcl_conversions/pcl_conversions.h:73[m[K,
[10.131s]                  from [01m[K/home/charvi/comp0250_s26_labs/courseworks/cw1_team_30/include/cw1_class.h:38[m[K,
[10.131s]                  from [01m[K/home/charvi/comp0250_s26_labs/courseworks/cw1_team_30/src/cw1_class.cpp:6[m[K:
[10.131s] [01m[K/usr/include/boost/type.hpp:14:10:[m[K [01;36m[Knote: [m[K‘[01m[Kboost::type[m[K’ declared here
[10.131s]    14 |   struct [01;36m[Ktype[m[K {};
[10.131s]       |          [01;36m[K^~~~[m[K
[18.428s] gmake[2]: *** [CMakeFiles/cw1_team_30_cw1_class_lib.dir/build.make:76: CMakeFiles/cw1_team_30_cw1_class_lib.dir/src/cw1_class.cpp.o] Error 1
[18.428s] gmake[1]: *** [CMakeFiles/Makefile2:595: CMakeFiles/cw1_team_30_cw1_class_lib.dir/all] Error 2
[18.428s] gmake: *** [Makefile:146: all] Error 2
[18.430s] Invoked command in '/home/charvi/comp0250_s26_labs/build/cw1_team_30' returned '2': CMAKE_PREFIX_PATH=/home/charvi/comp0250_s26_labs/install/cw1_world_spawner:/home/charvi/comp0250_s26_labs/install/rpl_panda_with_rs:/home/charvi/comp0250_s26_labs/install/realsense_gazebo_plugin:/home/charvi/comp0250_s26_labs/install/panda_moveit_config:/home/charvi/comp0250_s26_labs/install/panda_description:/home/charvi/comp0250_s26_labs/install/cw1_team_x:/home/charvi/comp0250_s26_labs/install/cw1_team_30:/opt/ros/humble LD_LIBRARY_PATH=/home/charvi/comp0250_s26_labs/install/cw1_world_spawner/lib:/home/charvi/comp0250_s26_labs/install/realsense_gazebo_plugin/lib:/home/charvi/comp0250_s26_labs/install/cw1_team_x/lib:/home/charvi/comp0250_s26_labs/install/cw1_team_30/lib:/usr/lib/x86_64-linux-gnu/gazebo-11/plugins:/opt/ros/humble/opt/rviz_ogre_vendor/lib:/opt/ros/humble/lib/x86_64-linux-gnu:/opt/ros/humble/lib /usr/bin/cmake --build /home/charvi/comp0250_s26_labs/build/cw1_team_30 -- -j12 -l12
