[  8%] Built target cw1_team_30__rosidl_generator_c
[ 11%] Built target cw1_team_30__cpp
[ 11%] Built target ament_cmake_python_copy_cw1_team_30
[ 28%] Built target cw1_team_30__rosidl_typesupport_c
[ 28%] Built target cw1_team_30__rosidl_typesupport_cpp
[ 37%] Built target cw1_team_30__rosidl_typesupport_introspection_c
[ 45%] Built target cw1_team_30__rosidl_typesupport_fastrtps_cpp
[ 54%] Built target cw1_team_30__rosidl_typesupport_fastrtps_c
[ 62%] Built target cw1_team_30__rosidl_typesupport_introspection_cpp
[35m[1mConsolidate compiler generated dependencies of target cw1_team_30_cw1_class_lib[0m
[ 62%] Built target cw1_team_30
[ 65%] [32mBuilding CXX object CMakeFiles/cw1_team_30_cw1_class_lib.dir/src/cw1_class.cpp.o[0m
[ 68%] Built target cw1_team_30__py
[ 74%] Built target cw1_team_30__rosidl_generator_py
[ 85%] Built target cw1_team_30__rosidl_typesupport_fastrtps_c__pyext
[ 85%] Built target cw1_team_30__rosidl_typesupport_introspection_c__pyext
[ 91%] Built target cw1_team_30__rosidl_typesupport_c__pyext
running egg_info
writing cw1_team_30.egg-info/PKG-INFO
writing dependency_links to cw1_team_30.egg-info/dependency_links.txt
writing top-level names to cw1_team_30.egg-info/top_level.txt
reading manifest file 'cw1_team_30.egg-info/SOURCES.txt'
writing manifest file 'cw1_team_30.egg-info/SOURCES.txt'
[ 91%] Built target ament_cmake_python_build_cw1_team_30_egg
[01m[K/home/charvi/comp0250_s26_labs/courseworks/cw1_team_30/src/cw1_class.cpp:142:6:[m[K [01;31m[Kerror: [m[Kno declaration matches ‘[01m[Kbool cw1::moveCartesian(const std::vector<geometry_msgs::msg::Pose_<std::allocator<void> > >&, double)[m[K’
  142 | bool [01;31m[Kcw1[m[K::moveCartesian( const std::vector<geometry_msgs::msg::Pose>& waypoints, double step){
      |      [01;31m[K^~~[m[K
In file included from [01m[K/home/charvi/comp0250_s26_labs/courseworks/cw1_team_30/src/cw1_class.cpp:6[m[K:
[01m[K/home/charvi/comp0250_s26_labs/courseworks/cw1_team_30/include/cw1_class.h:99:8:[m[K [01;36m[Knote: [m[Kcandidate is: ‘[01m[Kbool cw1::moveCartesian(std::vector<geometry_msgs::msg::Pose_<std::allocator<void> > >, double)[m[K’
   99 |   bool [01;36m[KmoveCartesian[m[K(const std::vector<geometry_msgs::msg::Pose> waypoints, double step = 0.01);
      |        [01;36m[K^~~~~~~~~~~~~[m[K
[01m[K/home/charvi/comp0250_s26_labs/courseworks/cw1_team_30/include/cw1_class.h:30:7:[m[K [01;36m[Knote: [m[K‘[01m[Kclass cw1[m[K’ defined here
   30 | class [01;36m[Kcw1[m[K
      |       [01;36m[K^~~[m[K
gmake[2]: *** [CMakeFiles/cw1_team_30_cw1_class_lib.dir/build.make:76: CMakeFiles/cw1_team_30_cw1_class_lib.dir/src/cw1_class.cpp.o] Error 1
gmake[1]: *** [CMakeFiles/Makefile2:595: CMakeFiles/cw1_team_30_cw1_class_lib.dir/all] Error 2
gmake: *** [Makefile:146: all] Error 2
