[0.023s] Invoking command in '/home/charvi/comp0250_s26_labs/build/cw1_team_30': CMAKE_PREFIX_PATH=/home/charvi/comp0250_s26_labs/install/cw1_world_spawner:/home/charvi/comp0250_s26_labs/install/rpl_panda_with_rs:/home/charvi/comp0250_s26_labs/install/realsense_gazebo_plugin:/home/charvi/comp0250_s26_labs/install/panda_moveit_config:/home/charvi/comp0250_s26_labs/install/panda_description:/home/charvi/comp0250_s26_labs/install/cw1_team_x:/home/charvi/comp0250_s26_labs/install/cw1_team_30:/opt/ros/humble LD_LIBRARY_PATH=/home/charvi/comp0250_s26_labs/install/cw1_world_spawner/lib:/home/charvi/comp0250_s26_labs/install/realsense_gazebo_plugin/lib:/home/charvi/comp0250_s26_labs/install/cw1_team_x/lib:/home/charvi/comp0250_s26_labs/install/cw1_team_30/lib:/usr/lib/x86_64-linux-gnu/gazebo-11/plugins:/opt/ros/humble/opt/rviz_ogre_vendor/lib:/opt/ros/humble/lib/x86_64-linux-gnu:/opt/ros/humble/lib /usr/bin/cmake --build /home/charvi/comp0250_s26_labs/build/cw1_team_30 -- -j12 -l12
[0.102s] [  8%] Built target cw1_team_30__rosidl_generator_c
[0.102s] [ 11%] Built target cw1_team_30__cpp
[0.112s] [ 11%] Built target ament_cmake_python_copy_cw1_team_30
[0.125s] [ 28%] Built target cw1_team_30__rosidl_typesupport_c
[0.125s] [ 28%] Built target cw1_team_30__rosidl_typesupport_cpp
[0.126s] [ 37%] Built target cw1_team_30__rosidl_typesupport_introspection_c
[0.129s] [ 45%] Built target cw1_team_30__rosidl_typesupport_fastrtps_cpp
[0.133s] [ 54%] Built target cw1_team_30__rosidl_typesupport_fastrtps_c
[0.133s] [ 62%] Built target cw1_team_30__rosidl_typesupport_introspection_cpp
[0.143s] [35m[1mConsolidate compiler generated dependencies of target cw1_team_30_cw1_class_lib[0m
[0.155s] [ 62%] Built target cw1_team_30
[0.172s] [ 65%] [32mBuilding CXX object CMakeFiles/cw1_team_30_cw1_class_lib.dir/src/cw1_class.cpp.o[0m
[0.178s] [ 68%] Built target cw1_team_30__py
[0.203s] [ 74%] Built target cw1_team_30__rosidl_generator_py
[0.227s] [ 85%] Built target cw1_team_30__rosidl_typesupport_fastrtps_c__pyext
[0.227s] [ 85%] Built target cw1_team_30__rosidl_typesupport_introspection_c__pyext
[0.227s] [ 91%] Built target cw1_team_30__rosidl_typesupport_c__pyext
[0.375s] running egg_info
[0.397s] writing cw1_team_30.egg-info/PKG-INFO
[0.397s] writing dependency_links to cw1_team_30.egg-info/dependency_links.txt
[0.398s] writing top-level names to cw1_team_30.egg-info/top_level.txt
[0.463s] reading manifest file 'cw1_team_30.egg-info/SOURCES.txt'
[0.464s] writing manifest file 'cw1_team_30.egg-info/SOURCES.txt'
[0.488s] [ 91%] Built target ament_cmake_python_build_cw1_team_30_egg
[5.146s] [01m[K/home/charvi/comp0250_s26_labs/courseworks/cw1_team_30/src/cw1_class.cpp:142:6:[m[K [01;31m[Kerror: [m[Kno declaration matches ‘[01m[Kbool cw1::moveCartesian(const std::vector<geometry_msgs::msg::Pose_<std::allocator<void> > >&, double)[m[K’
[5.146s]   142 | bool [01;31m[Kcw1[m[K::moveCartesian( const std::vector<geometry_msgs::msg::Pose>& waypoints, double step){
[5.146s]       |      [01;31m[K^~~[m[K
[5.146s] In file included from [01m[K/home/charvi/comp0250_s26_labs/courseworks/cw1_team_30/src/cw1_class.cpp:6[m[K:
[5.146s] [01m[K/home/charvi/comp0250_s26_labs/courseworks/cw1_team_30/include/cw1_class.h:99:8:[m[K [01;36m[Knote: [m[Kcandidate is: ‘[01m[Kbool cw1::moveCartesian(std::vector<geometry_msgs::msg::Pose_<std::allocator<void> > >, double)[m[K’
[5.146s]    99 |   bool [01;36m[KmoveCartesian[m[K(const std::vector<geometry_msgs::msg::Pose> waypoints, double step = 0.01);
[5.146s]       |        [01;36m[K^~~~~~~~~~~~~[m[K
[5.146s] [01m[K/home/charvi/comp0250_s26_labs/courseworks/cw1_team_30/include/cw1_class.h:30:7:[m[K [01;36m[Knote: [m[K‘[01m[Kclass cw1[m[K’ defined here
[5.146s]    30 | class [01;36m[Kcw1[m[K
[5.146s]       |       [01;36m[K^~~[m[K
[10.045s] gmake[2]: *** [CMakeFiles/cw1_team_30_cw1_class_lib.dir/build.make:76: CMakeFiles/cw1_team_30_cw1_class_lib.dir/src/cw1_class.cpp.o] Error 1
[10.045s] gmake[1]: *** [CMakeFiles/Makefile2:595: CMakeFiles/cw1_team_30_cw1_class_lib.dir/all] Error 2
[10.045s] gmake: *** [Makefile:146: all] Error 2
[10.048s] Invoked command in '/home/charvi/comp0250_s26_labs/build/cw1_team_30' returned '2': CMAKE_PREFIX_PATH=/home/charvi/comp0250_s26_labs/install/cw1_world_spawner:/home/charvi/comp0250_s26_labs/install/rpl_panda_with_rs:/home/charvi/comp0250_s26_labs/install/realsense_gazebo_plugin:/home/charvi/comp0250_s26_labs/install/panda_moveit_config:/home/charvi/comp0250_s26_labs/install/panda_description:/home/charvi/comp0250_s26_labs/install/cw1_team_x:/home/charvi/comp0250_s26_labs/install/cw1_team_30:/opt/ros/humble LD_LIBRARY_PATH=/home/charvi/comp0250_s26_labs/install/cw1_world_spawner/lib:/home/charvi/comp0250_s26_labs/install/realsense_gazebo_plugin/lib:/home/charvi/comp0250_s26_labs/install/cw1_team_x/lib:/home/charvi/comp0250_s26_labs/install/cw1_team_30/lib:/usr/lib/x86_64-linux-gnu/gazebo-11/plugins:/opt/ros/humble/opt/rviz_ogre_vendor/lib:/opt/ros/humble/lib/x86_64-linux-gnu:/opt/ros/humble/lib /usr/bin/cmake --build /home/charvi/comp0250_s26_labs/build/cw1_team_30 -- -j12 -l12
