[0.028s] Invoking command in '/home/charvi/comp0250_s26_labs/build/cw1_world_spawner': CMAKE_PREFIX_PATH=${CMAKE_PREFIX_PATH}:/opt/ros/humble /usr/bin/cmake --build /home/charvi/comp0250_s26_labs/build/cw1_world_spawner -- -j12 -l12
[0.083s] [  1%] Built target cw1_world_spawner__cpp
[0.083s] [ 12%] Built target cw1_world_spawner__rosidl_generator_c
[0.121s] [ 12%] Built target ament_cmake_python_copy_cw1_world_spawner
[0.122s] [ 12%] Built target ament_cmake_python_copy_coursework_world_spawner_lib
[0.122s] [ 23%] Built target cw1_world_spawner__rosidl_typesupport_cpp
[0.123s] [ 41%] Built target cw1_world_spawner__rosidl_typesupport_fastrtps_cpp
[0.123s] [ 45%] Built target cw1_world_spawner__rosidl_typesupport_introspection_cpp
[0.125s] [ 56%] Built target cw1_world_spawner__rosidl_typesupport_c
[0.130s] [ 67%] Built target cw1_world_spawner__rosidl_typesupport_introspection_c
[0.130s] [ 78%] Built target cw1_world_spawner__rosidl_typesupport_fastrtps_c
[0.159s] [ 78%] Built target cw1_world_spawner
[0.184s] [ 80%] Built target cw1_world_spawner__py
[0.213s] [ 89%] Built target cw1_world_spawner__rosidl_generator_py
[0.244s] [ 92%] Built target cw1_world_spawner__rosidl_typesupport_introspection_c__pyext
[0.244s] [ 96%] Built target cw1_world_spawner__rosidl_typesupport_fastrtps_c__pyext
[0.247s] [100%] Built target cw1_world_spawner__rosidl_typesupport_c__pyext
[0.405s] running egg_info
[0.431s] writing cw1_world_spawner.egg-info/PKG-INFO
[0.431s] writing dependency_links to cw1_world_spawner.egg-info/dependency_links.txt
[0.432s] writing top-level names to cw1_world_spawner.egg-info/top_level.txt
[0.443s] running egg_info
[0.468s] writing coursework_world_spawner_lib.egg-info/PKG-INFO
[0.468s] writing dependency_links to coursework_world_spawner_lib.egg-info/dependency_links.txt
[0.468s] writing top-level names to coursework_world_spawner_lib.egg-info/top_level.txt
[0.508s] reading manifest file 'cw1_world_spawner.egg-info/SOURCES.txt'
[0.509s] writing manifest file 'cw1_world_spawner.egg-info/SOURCES.txt'
[0.532s] [100%] Built target ament_cmake_python_build_cw1_world_spawner_egg
[0.545s] reading manifest file 'coursework_world_spawner_lib.egg-info/SOURCES.txt'
[0.547s] writing manifest file 'coursework_world_spawner_lib.egg-info/SOURCES.txt'
[0.574s] [100%] Built target ament_cmake_python_build_coursework_world_spawner_lib_egg
[0.585s] Invoked command in '/home/charvi/comp0250_s26_labs/build/cw1_world_spawner' returned '0': CMAKE_PREFIX_PATH=${CMAKE_PREFIX_PATH}:/opt/ros/humble /usr/bin/cmake --build /home/charvi/comp0250_s26_labs/build/cw1_world_spawner -- -j12 -l12
[0.586s] Invoking command in '/home/charvi/comp0250_s26_labs/build/cw1_world_spawner': CMAKE_PREFIX_PATH=${CMAKE_PREFIX_PATH}:/opt/ros/humble /usr/bin/cmake --install /home/charvi/comp0250_s26_labs/build/cw1_world_spawner
[0.595s] -- Install configuration: "Release"
[0.596s] -- Up-to-date: /home/charvi/comp0250_s26_labs/install/cw1_world_spawner/share/ament_index/resource_index/rosidl_interfaces/cw1_world_spawner
[0.596s] -- Up-to-date: /home/charvi/comp0250_s26_labs/install/cw1_world_spawner/include/cw1_world_spawner/cw1_world_spawner
[0.596s] -- Up-to-date: /home/charvi/comp0250_s26_labs/install/cw1_world_spawner/include/cw1_world_spawner/cw1_world_spawner/srv
[0.596s] -- Up-to-date: /home/charvi/comp0250_s26_labs/install/cw1_world_spawner/include/cw1_world_spawner/cw1_world_spawner/srv/task1_service.h
[0.596s] -- Up-to-date: /home/charvi/comp0250_s26_labs/install/cw1_world_spawner/include/cw1_world_spawner/cw1_world_spawner/srv/detail
[0.596s] -- Up-to-date: /home/charvi/comp0250_s26_labs/install/cw1_world_spawner/include/cw1_world_spawner/cw1_world_spawner/srv/detail/task3_service__struct.h
[0.596s] -- Up-to-date: /home/charvi/comp0250_s26_labs/install/cw1_world_spawner/include/cw1_world_spawner/cw1_world_spawner/srv/detail/task1_service__functions.h
[0.596s] -- Up-to-date: /home/charvi/comp0250_s26_labs/install/cw1_world_spawner/include/cw1_world_spawner/cw1_world_spawner/srv/detail/task2_service__functions.c
[0.596s] -- Up-to-date: /home/charvi/comp0250_s26_labs/install/cw1_world_spawner/include/cw1_world_spawner/cw1_world_spawner/srv/detail/task1_service__struct.h
[0.596s] -- Up-to-date: /home/charvi/comp0250_s26_labs/install/cw1_world_spawner/include/cw1_world_spawner/cw1_world_spawner/srv/detail/task1_service__functions.c
[0.596s] -- Up-to-date: /home/charvi/comp0250_s26_labs/install/cw1_world_spawner/include/cw1_world_spawner/cw1_world_spawner/srv/detail/task2_service__struct.h
[0.596s] -- Up-to-date: /home/charvi/comp0250_s26_labs/install/cw1_world_spawner/include/cw1_world_spawner/cw1_world_spawner/srv/detail/task3_service__functions.c
[0.597s] -- Up-to-date: /home/charvi/comp0250_s26_labs/install/cw1_world_spawner/include/cw1_world_spawner/cw1_world_spawner/srv/detail/task_setup__type_support.h
[0.597s] -- Up-to-date: /home/charvi/comp0250_s26_labs/install/cw1_world_spawner/include/cw1_world_spawner/cw1_world_spawner/srv/detail/task_setup__functions.c
[0.597s] -- Up-to-date: /home/charvi/comp0250_s26_labs/install/cw1_world_spawner/include/cw1_world_spawner/cw1_world_spawner/srv/detail/task_setup__functions.h
[0.597s] -- Up-to-date: /home/charvi/comp0250_s26_labs/install/cw1_world_spawner/include/cw1_world_spawner/cw1_world_spawner/srv/detail/task2_service__type_support.h
[0.597s] -- Up-to-date: /home/charvi/comp0250_s26_labs/install/cw1_world_spawner/include/cw1_world_spawner/cw1_world_spawner/srv/detail/task_setup__struct.h
[0.597s] -- Up-to-date: /home/charvi/comp0250_s26_labs/install/cw1_world_spawner/include/cw1_world_spawner/cw1_world_spawner/srv/detail/task3_service__functions.h
[0.597s] -- Up-to-date: /home/charvi/comp0250_s26_labs/install/cw1_world_spawner/include/cw1_world_spawner/cw1_world_spawner/srv/detail/task2_service__functions.h
[0.597s] -- Up-to-date: /home/charvi/comp0250_s26_labs/install/cw1_world_spawner/include/cw1_world_spawner/cw1_world_spawner/srv/detail/task3_service__type_support.h
[0.597s] -- Up-to-date: /home/charvi/comp0250_s26_labs/install/cw1_world_spawner/include/cw1_world_spawner/cw1_world_spawner/srv/detail/task1_service__type_support.h
[0.598s] -- Up-to-date: /home/charvi/comp0250_s26_labs/install/cw1_world_spawner/include/cw1_world_spawner/cw1_world_spawner/srv/task_setup.h
[0.598s] -- Up-to-date: /home/charvi/comp0250_s26_labs/install/cw1_world_spawner/include/cw1_world_spawner/cw1_world_spawner/srv/task3_service.h
[0.598s] -- Up-to-date: /home/charvi/comp0250_s26_labs/install/cw1_world_spawner/include/cw1_world_spawner/cw1_world_spawner/srv/task2_service.h
[0.598s] -- Up-to-date: /home/charvi/comp0250_s26_labs/install/cw1_world_spawner/include/cw1_world_spawner/cw1_world_spawner/msg
[0.598s] -- Up-to-date: /home/charvi/comp0250_s26_labs/install/cw1_world_spawner/include/cw1_world_spawner/cw1_world_spawner/msg/rosidl_generator_c__visibility_control.h
[0.598s] -- Up-to-date: /home/charvi/comp0250_s26_labs/install/cw1_world_spawner/share/cw1_world_spawner/environment/library_path.sh
[0.598s] -- Up-to-date: /home/charvi/comp0250_s26_labs/install/cw1_world_spawner/share/cw1_world_spawner/environment/library_path.dsv
[0.599s] -- Up-to-date: /home/charvi/comp0250_s26_labs/install/cw1_world_spawner/lib/libcw1_world_spawner__rosidl_generator_c.so
[0.599s] -- Up-to-date: /home/charvi/comp0250_s26_labs/install/cw1_world_spawner/include/cw1_world_spawner/cw1_world_spawner
[0.599s] -- Up-to-date: /home/charvi/comp0250_s26_labs/install/cw1_world_spawner/include/cw1_world_spawner/cw1_world_spawner/srv
[0.599s] -- Up-to-date: /home/charvi/comp0250_s26_labs/install/cw1_world_spawner/include/cw1_world_spawner/cw1_world_spawner/srv/detail
[0.599s] -- Up-to-date: /home/charvi/comp0250_s26_labs/install/cw1_world_spawner/include/cw1_world_spawner/cw1_world_spawner/srv/detail/task3_service__rosidl_typesupport_fastrtps_c.h
[0.599s] -- Up-to-date: /home/charvi/comp0250_s26_labs/install/cw1_world_spawner/include/cw1_world_spawner/cw1_world_spawner/srv/detail/task_setup__rosidl_typesupport_fastrtps_c.h
[0.600s] -- Up-to-date: /home/charvi/comp0250_s26_labs/install/cw1_world_spawner/include/cw1_world_spawner/cw1_world_spawner/srv/detail/task2_service__rosidl_typesupport_fastrtps_c.h
[0.600s] -- Up-to-date: /home/charvi/comp0250_s26_labs/install/cw1_world_spawner/include/cw1_world_spawner/cw1_world_spawner/srv/detail/task1_service__rosidl_typesupport_fastrtps_c.h
[0.600s] -- Up-to-date: /home/charvi/comp0250_s26_labs/install/cw1_world_spawner/include/cw1_world_spawner/cw1_world_spawner/msg
[0.600s] -- Up-to-date: /home/charvi/comp0250_s26_labs/install/cw1_world_spawner/include/cw1_world_spawner/cw1_world_spawner/msg/rosidl_typesupport_fastrtps_c__visibility_control.h
[0.600s] -- Up-to-date: /home/charvi/comp0250_s26_labs/install/cw1_world_spawner/lib/libcw1_world_spawner__rosidl_typesupport_fastrtps_c.so
[0.600s] -- Up-to-date: /home/charvi/comp0250_s26_labs/install/cw1_world_spawner/include/cw1_world_spawner/cw1_world_spawner
[0.601s] -- Up-to-date: /home/charvi/comp0250_s26_labs/install/cw1_world_spawner/include/cw1_world_spawner/cw1_world_spawner/srv
[0.601s] -- Up-to-date: /home/charvi/comp0250_s26_labs/install/cw1_world_spawner/include/cw1_world_spawner/cw1_world_spawner/srv/detail
[0.601s] -- Up-to-date: /home/charvi/comp0250_s26_labs/install/cw1_world_spawner/include/cw1_world_spawner/cw1_world_spawner/srv/detail/task2_service__type_support.c
[0.601s] -- Up-to-date: /home/charvi/comp0250_s26_labs/install/cw1_world_spawner/include/cw1_world_spawner/cw1_world_spawner/srv/detail/task_setup__rosidl_typesupport_introspection_c.h
[0.601s] -- Up-to-date: /home/charvi/comp0250_s26_labs/install/cw1_world_spawner/include/cw1_world_spawner/cw1_world_spawner/srv/detail/task1_service__type_support.c
[0.601s] -- Up-to-date: /home/charvi/comp0250_s26_labs/install/cw1_world_spawner/include/cw1_world_spawner/cw1_world_spawner/srv/detail/task3_service__type_support.c
[0.602s] -- Up-to-date: /home/charvi/comp0250_s26_labs/install/cw1_world_spawner/include/cw1_world_spawner/cw1_world_spawner/srv/detail/task1_service__rosidl_typesupport_introspection_c.h
[0.602s] -- Up-to-date: /home/charvi/comp0250_s26_labs/install/cw1_world_spawner/include/cw1_world_spawner/cw1_world_spawner/srv/detail/task2_service__rosidl_typesupport_introspection_c.h
[0.602s] -- Up-to-date: /home/charvi/comp0250_s26_labs/install/cw1_world_spawner/include/cw1_world_spawner/cw1_world_spawner/srv/detail/task3_service__rosidl_typesupport_introspection_c.h
[0.602s] -- Up-to-date: /home/charvi/comp0250_s26_labs/install/cw1_world_spawner/include/cw1_world_spawner/cw1_world_spawner/srv/detail/task_setup__type_support.c
[0.602s] -- Up-to-date: /home/charvi/comp0250_s26_labs/install/cw1_world_spawner/include/cw1_world_spawner/cw1_world_spawner/msg
[0.602s] -- Up-to-date: /home/charvi/comp0250_s26_labs/install/cw1_world_spawner/include/cw1_world_spawner/cw1_world_spawner/msg/rosidl_typesupport_introspection_c__visibility_control.h
[0.602s] -- Up-to-date: /home/charvi/comp0250_s26_labs/install/cw1_world_spawner/lib/libcw1_world_spawner__rosidl_typesupport_introspection_c.so
[0.602s] -- Up-to-date: /home/charvi/comp0250_s26_labs/install/cw1_world_spawner/lib/libcw1_world_spawner__rosidl_typesupport_c.so
[0.603s] -- Up-to-date: /home/charvi/comp0250_s26_labs/install/cw1_world_spawner/include/cw1_world_spawner/cw1_world_spawner
[0.603s] -- Up-to-date: /home/charvi/comp0250_s26_labs/install/cw1_world_spawner/include/cw1_world_spawner/cw1_world_spawner/srv
[0.603s] -- Up-to-date: /home/charvi/comp0250_s26_labs/install/cw1_world_spawner/include/cw1_world_spawner/cw1_world_spawner/srv/task2_service.hpp
[0.603s] -- Up-to-date: /home/charvi/comp0250_s26_labs/install/cw1_world_spawner/include/cw1_world_spawner/cw1_world_spawner/srv/task3_service.hpp
[0.603s] -- Up-to-date: /home/charvi/comp0250_s26_labs/install/cw1_world_spawner/include/cw1_world_spawner/cw1_world_spawner/srv/detail
[0.603s] -- Up-to-date: /home/charvi/comp0250_s26_labs/install/cw1_world_spawner/include/cw1_world_spawner/cw1_world_spawner/srv/detail/task_setup__traits.hpp
[0.604s] -- Up-to-date: /home/charvi/comp0250_s26_labs/install/cw1_world_spawner/include/cw1_world_spawner/cw1_world_spawner/srv/detail/task1_service__traits.hpp
[0.604s] -- Up-to-date: /home/charvi/comp0250_s26_labs/install/cw1_world_spawner/include/cw1_world_spawner/cw1_world_spawner/srv/detail/task1_service__builder.hpp
[0.604s] -- Up-to-date: /home/charvi/comp0250_s26_labs/install/cw1_world_spawner/include/cw1_world_spawner/cw1_world_spawner/srv/detail/task2_service__traits.hpp
[0.604s] -- Up-to-date: /home/charvi/comp0250_s26_labs/install/cw1_world_spawner/include/cw1_world_spawner/cw1_world_spawner/srv/detail/task3_service__type_support.hpp
[0.604s] -- Up-to-date: /home/charvi/comp0250_s26_labs/install/cw1_world_spawner/include/cw1_world_spawner/cw1_world_spawner/srv/detail/task3_service__traits.hpp
[0.604s] -- Up-to-date: /home/charvi/comp0250_s26_labs/install/cw1_world_spawner/include/cw1_world_spawner/cw1_world_spawner/srv/detail/task2_service__builder.hpp
[0.604s] -- Up-to-date: /home/charvi/comp0250_s26_labs/install/cw1_world_spawner/include/cw1_world_spawner/cw1_world_spawner/srv/detail/task2_service__type_support.hpp
[0.604s] -- Up-to-date: /home/charvi/comp0250_s26_labs/install/cw1_world_spawner/include/cw1_world_spawner/cw1_world_spawner/srv/detail/task1_service__type_support.hpp
[0.604s] -- Up-to-date: /home/charvi/comp0250_s26_labs/install/cw1_world_spawner/include/cw1_world_spawner/cw1_world_spawner/srv/detail/task3_service__struct.hpp
[0.604s] -- Up-to-date: /home/charvi/comp0250_s26_labs/install/cw1_world_spawner/include/cw1_world_spawner/cw1_world_spawner/srv/detail/task_setup__type_support.hpp
[0.605s] -- Up-to-date: /home/charvi/comp0250_s26_labs/install/cw1_world_spawner/include/cw1_world_spawner/cw1_world_spawner/srv/detail/task2_service__struct.hpp
[0.605s] -- Up-to-date: /home/charvi/comp0250_s26_labs/install/cw1_world_spawner/include/cw1_world_spawner/cw1_world_spawner/srv/detail/task_setup__struct.hpp
[0.605s] -- Up-to-date: /home/charvi/comp0250_s26_labs/install/cw1_world_spawner/include/cw1_world_spawner/cw1_world_spawner/srv/detail/task_setup__builder.hpp
[0.605s] -- Up-to-date: /home/charvi/comp0250_s26_labs/install/cw1_world_spawner/include/cw1_world_spawner/cw1_world_spawner/srv/detail/task3_service__builder.hpp
[0.605s] -- Up-to-date: /home/charvi/comp0250_s26_labs/install/cw1_world_spawner/include/cw1_world_spawner/cw1_world_spawner/srv/detail/task1_service__struct.hpp
[0.605s] -- Up-to-date: /home/charvi/comp0250_s26_labs/install/cw1_world_spawner/include/cw1_world_spawner/cw1_world_spawner/srv/task1_service.hpp
[0.605s] -- Up-to-date: /home/charvi/comp0250_s26_labs/install/cw1_world_spawner/include/cw1_world_spawner/cw1_world_spawner/srv/task_setup.hpp
[0.605s] -- Up-to-date: /home/charvi/comp0250_s26_labs/install/cw1_world_spawner/include/cw1_world_spawner/cw1_world_spawner/msg
[0.605s] -- Up-to-date: /home/charvi/comp0250_s26_labs/install/cw1_world_spawner/include/cw1_world_spawner/cw1_world_spawner/msg/rosidl_generator_cpp__visibility_control.hpp
[0.605s] -- Up-to-date: /home/charvi/comp0250_s26_labs/install/cw1_world_spawner/include/cw1_world_spawner/cw1_world_spawner
[0.605s] -- Up-to-date: /home/charvi/comp0250_s26_labs/install/cw1_world_spawner/include/cw1_world_spawner/cw1_world_spawner/srv
[0.606s] -- Up-to-date: /home/charvi/comp0250_s26_labs/install/cw1_world_spawner/include/cw1_world_spawner/cw1_world_spawner/srv/detail
[0.606s] -- Up-to-date: /home/charvi/comp0250_s26_labs/install/cw1_world_spawner/include/cw1_world_spawner/cw1_world_spawner/srv/detail/task2_service__rosidl_typesupport_fastrtps_cpp.hpp
[0.606s] -- Up-to-date: /home/charvi/comp0250_s26_labs/install/cw1_world_spawner/include/cw1_world_spawner/cw1_world_spawner/srv/detail/task3_service__rosidl_typesupport_fastrtps_cpp.hpp
[0.606s] -- Up-to-date: /home/charvi/comp0250_s26_labs/install/cw1_world_spawner/include/cw1_world_spawner/cw1_world_spawner/srv/detail/task_setup__rosidl_typesupport_fastrtps_cpp.hpp
[0.606s] -- Up-to-date: /home/charvi/comp0250_s26_labs/install/cw1_world_spawner/include/cw1_world_spawner/cw1_world_spawner/srv/detail/task1_service__rosidl_typesupport_fastrtps_cpp.hpp
[0.606s] -- Up-to-date: /home/charvi/comp0250_s26_labs/install/cw1_world_spawner/include/cw1_world_spawner/cw1_world_spawner/srv/detail/dds_fastrtps
[0.606s] -- Up-to-date: /home/charvi/comp0250_s26_labs/install/cw1_world_spawner/include/cw1_world_spawner/cw1_world_spawner/msg
[0.606s] -- Up-to-date: /home/charvi/comp0250_s26_labs/install/cw1_world_spawner/include/cw1_world_spawner/cw1_world_spawner/msg/rosidl_typesupport_fastrtps_cpp__visibility_control.h
[0.606s] -- Up-to-date: /home/charvi/comp0250_s26_labs/install/cw1_world_spawner/lib/libcw1_world_spawner__rosidl_typesupport_fastrtps_cpp.so
[0.606s] -- Up-to-date: /home/charvi/comp0250_s26_labs/install/cw1_world_spawner/include/cw1_world_spawner/cw1_world_spawner
[0.607s] -- Up-to-date: /home/charvi/comp0250_s26_labs/install/cw1_world_spawner/include/cw1_world_spawner/cw1_world_spawner/srv
[0.607s] -- Up-to-date: /home/charvi/comp0250_s26_labs/install/cw1_world_spawner/include/cw1_world_spawner/cw1_world_spawner/srv/detail
[0.607s] -- Up-to-date: /home/charvi/comp0250_s26_labs/install/cw1_world_spawner/include/cw1_world_spawner/cw1_world_spawner/srv/detail/task2_service__type_support.cpp
[0.607s] -- Up-to-date: /home/charvi/comp0250_s26_labs/install/cw1_world_spawner/include/cw1_world_spawner/cw1_world_spawner/srv/detail/task3_service__type_support.cpp
[0.607s] -- Up-to-date: /home/charvi/comp0250_s26_labs/install/cw1_world_spawner/include/cw1_world_spawner/cw1_world_spawner/srv/detail/task1_service__rosidl_typesupport_introspection_cpp.hpp
[0.607s] -- Up-to-date: /home/charvi/comp0250_s26_labs/install/cw1_world_spawner/include/cw1_world_spawner/cw1_world_spawner/srv/detail/task1_service__type_support.cpp
[0.607s] -- Up-to-date: /home/charvi/comp0250_s26_labs/install/cw1_world_spawner/include/cw1_world_spawner/cw1_world_spawner/srv/detail/task_setup__type_support.cpp
[0.607s] -- Up-to-date: /home/charvi/comp0250_s26_labs/install/cw1_world_spawner/include/cw1_world_spawner/cw1_world_spawner/srv/detail/task2_service__rosidl_typesupport_introspection_cpp.hpp
[0.607s] -- Up-to-date: /home/charvi/comp0250_s26_labs/install/cw1_world_spawner/include/cw1_world_spawner/cw1_world_spawner/srv/detail/task_setup__rosidl_typesupport_introspection_cpp.hpp
[0.608s] -- Up-to-date: /home/charvi/comp0250_s26_labs/install/cw1_world_spawner/include/cw1_world_spawner/cw1_world_spawner/srv/detail/task3_service__rosidl_typesupport_introspection_cpp.hpp
[0.608s] -- Up-to-date: /home/charvi/comp0250_s26_labs/install/cw1_world_spawner/lib/libcw1_world_spawner__rosidl_typesupport_introspection_cpp.so
[0.608s] -- Up-to-date: /home/charvi/comp0250_s26_labs/install/cw1_world_spawner/lib/libcw1_world_spawner__rosidl_typesupport_cpp.so
[0.608s] -- Up-to-date: /home/charvi/comp0250_s26_labs/install/cw1_world_spawner/share/cw1_world_spawner/environment/pythonpath.sh
[0.608s] -- Up-to-date: /home/charvi/comp0250_s26_labs/install/cw1_world_spawner/share/cw1_world_spawner/environment/pythonpath.dsv
[0.608s] -- Up-to-date: /home/charvi/comp0250_s26_labs/install/cw1_world_spawner/local/lib/python3.10/dist-packages/cw1_world_spawner-0.1.0-py3.10.egg-info
[0.608s] -- Installing: /home/charvi/comp0250_s26_labs/install/cw1_world_spawner/local/lib/python3.10/dist-packages/cw1_world_spawner-0.1.0-py3.10.egg-info/SOURCES.txt
[0.608s] -- Installing: /home/charvi/comp0250_s26_labs/install/cw1_world_spawner/local/lib/python3.10/dist-packages/cw1_world_spawner-0.1.0-py3.10.egg-info/PKG-INFO
[0.608s] -- Installing: /home/charvi/comp0250_s26_labs/install/cw1_world_spawner/local/lib/python3.10/dist-packages/cw1_world_spawner-0.1.0-py3.10.egg-info/top_level.txt
[0.609s] -- Installing: /home/charvi/comp0250_s26_labs/install/cw1_world_spawner/local/lib/python3.10/dist-packages/cw1_world_spawner-0.1.0-py3.10.egg-info/dependency_links.txt
[0.609s] -- Up-to-date: /home/charvi/comp0250_s26_labs/install/cw1_world_spawner/local/lib/python3.10/dist-packages/cw1_world_spawner
[0.609s] -- Up-to-date: /home/charvi/comp0250_s26_labs/install/cw1_world_spawner/local/lib/python3.10/dist-packages/cw1_world_spawner/_cw1_world_spawner_s.ep.rosidl_typesupport_c.c
[0.609s] -- Up-to-date: /home/charvi/comp0250_s26_labs/install/cw1_world_spawner/local/lib/python3.10/dist-packages/cw1_world_spawner/_cw1_world_spawner_s.ep.rosidl_typesupport_fastrtps_c.c
[0.609s] -- Up-to-date: /home/charvi/comp0250_s26_labs/install/cw1_world_spawner/local/lib/python3.10/dist-packages/cw1_world_spawner/srv
[0.609s] -- Up-to-date: /home/charvi/comp0250_s26_labs/install/cw1_world_spawner/local/lib/python3.10/dist-packages/cw1_world_spawner/srv/_task2_service_s.c
[0.609s] -- Up-to-date: /home/charvi/comp0250_s26_labs/install/cw1_world_spawner/local/lib/python3.10/dist-packages/cw1_world_spawner/srv/_task3_service_s.c
[0.609s] -- Up-to-date: /home/charvi/comp0250_s26_labs/install/cw1_world_spawner/local/lib/python3.10/dist-packages/cw1_world_spawner/srv/_task_setup.py
[0.609s] -- Up-to-date: /home/charvi/comp0250_s26_labs/install/cw1_world_spawner/local/lib/python3.10/dist-packages/cw1_world_spawner/srv/_task1_service_s.c
[0.609s] -- Up-to-date: /home/charvi/comp0250_s26_labs/install/cw1_world_spawner/local/lib/python3.10/dist-packages/cw1_world_spawner/srv/_task1_service.py
[0.610s] -- Up-to-date: /home/charvi/comp0250_s26_labs/install/cw1_world_spawner/local/lib/python3.10/dist-packages/cw1_world_spawner/srv/__init__.py
[0.610s] -- Up-to-date: /home/charvi/comp0250_s26_labs/install/cw1_world_spawner/local/lib/python3.10/dist-packages/cw1_world_spawner/srv/_task3_service.py
[0.610s] -- Up-to-date: /home/charvi/comp0250_s26_labs/install/cw1_world_spawner/local/lib/python3.10/dist-packages/cw1_world_spawner/srv/_task2_service.py
[0.610s] -- Up-to-date: /home/charvi/comp0250_s26_labs/install/cw1_world_spawner/local/lib/python3.10/dist-packages/cw1_world_spawner/srv/_task_setup_s.c
[0.610s] -- Up-to-date: /home/charvi/comp0250_s26_labs/install/cw1_world_spawner/local/lib/python3.10/dist-packages/cw1_world_spawner/cw1_world_spawner_s__rosidl_typesupport_fastrtps_c.cpython-310-x86_64-linux-gnu.so
[0.610s] -- Up-to-date: /home/charvi/comp0250_s26_labs/install/cw1_world_spawner/local/lib/python3.10/dist-packages/cw1_world_spawner/__init__.py
[0.610s] -- Up-to-date: /home/charvi/comp0250_s26_labs/install/cw1_world_spawner/local/lib/python3.10/dist-packages/cw1_world_spawner/_cw1_world_spawner_s.ep.rosidl_typesupport_introspection_c.c
[0.610s] -- Up-to-date: /home/charvi/comp0250_s26_labs/install/cw1_world_spawner/local/lib/python3.10/dist-packages/cw1_world_spawner/libcw1_world_spawner__rosidl_generator_py.so
[0.610s] -- Up-to-date: /home/charvi/comp0250_s26_labs/install/cw1_world_spawner/local/lib/python3.10/dist-packages/cw1_world_spawner/cw1_world_spawner_s__rosidl_typesupport_c.cpython-310-x86_64-linux-gnu.so
[0.611s] -- Up-to-date: /home/charvi/comp0250_s26_labs/install/cw1_world_spawner/local/lib/python3.10/dist-packages/cw1_world_spawner/cw1_world_spawner_s__rosidl_typesupport_introspection_c.cpython-310-x86_64-linux-gnu.so
[0.650s] Listing '/home/charvi/comp0250_s26_labs/install/cw1_world_spawner/local/lib/python3.10/dist-packages/cw1_world_spawner'...
[0.650s] Listing '/home/charvi/comp0250_s26_labs/install/cw1_world_spawner/local/lib/python3.10/dist-packages/cw1_world_spawner/srv'...
[0.658s] -- Up-to-date: /home/charvi/comp0250_s26_labs/install/cw1_world_spawner/local/lib/python3.10/dist-packages/cw1_world_spawner/cw1_world_spawner_s__rosidl_typesupport_fastrtps_c.cpython-310-x86_64-linux-gnu.so
[0.658s] -- Up-to-date: /home/charvi/comp0250_s26_labs/install/cw1_world_spawner/local/lib/python3.10/dist-packages/cw1_world_spawner/cw1_world_spawner_s__rosidl_typesupport_introspection_c.cpython-310-x86_64-linux-gnu.so
[0.659s] -- Up-to-date: /home/charvi/comp0250_s26_labs/install/cw1_world_spawner/local/lib/python3.10/dist-packages/cw1_world_spawner/cw1_world_spawner_s__rosidl_typesupport_c.cpython-310-x86_64-linux-gnu.so
[0.659s] -- Up-to-date: /home/charvi/comp0250_s26_labs/install/cw1_world_spawner/lib/libcw1_world_spawner__rosidl_generator_py.so
[0.659s] -- Up-to-date: /home/charvi/comp0250_s26_labs/install/cw1_world_spawner/share/cw1_world_spawner/srv/TaskSetup.idl
[0.660s] -- Up-to-date: /home/charvi/comp0250_s26_labs/install/cw1_world_spawner/share/cw1_world_spawner/srv/Task1Service.idl
[0.660s] -- Up-to-date: /home/charvi/comp0250_s26_labs/install/cw1_world_spawner/share/cw1_world_spawner/srv/Task2Service.idl
[0.660s] -- Up-to-date: /home/charvi/comp0250_s26_labs/install/cw1_world_spawner/share/cw1_world_spawner/srv/Task3Service.idl
[0.660s] -- Up-to-date: /home/charvi/comp0250_s26_labs/install/cw1_world_spawner/share/cw1_world_spawner/srv/TaskSetup.srv
[0.661s] -- Up-to-date: /home/charvi/comp0250_s26_labs/install/cw1_world_spawner/share/cw1_world_spawner/srv/TaskSetup_Request.msg
[0.661s] -- Up-to-date: /home/charvi/comp0250_s26_labs/install/cw1_world_spawner/share/cw1_world_spawner/srv/TaskSetup_Response.msg
[0.661s] -- Up-to-date: /home/charvi/comp0250_s26_labs/install/cw1_world_spawner/share/cw1_world_spawner/srv/Task1Service.srv
[0.661s] -- Up-to-date: /home/charvi/comp0250_s26_labs/install/cw1_world_spawner/share/cw1_world_spawner/srv/Task1Service_Request.msg
[0.661s] -- Up-to-date: /home/charvi/comp0250_s26_labs/install/cw1_world_spawner/share/cw1_world_spawner/srv/Task1Service_Response.msg
[0.661s] -- Up-to-date: /home/charvi/comp0250_s26_labs/install/cw1_world_spawner/share/cw1_world_spawner/srv/Task2Service.srv
[0.662s] -- Up-to-date: /home/charvi/comp0250_s26_labs/install/cw1_world_spawner/share/cw1_world_spawner/srv/Task2Service_Request.msg
[0.662s] -- Up-to-date: /home/charvi/comp0250_s26_labs/install/cw1_world_spawner/share/cw1_world_spawner/srv/Task2Service_Response.msg
[0.662s] -- Up-to-date: /home/charvi/comp0250_s26_labs/install/cw1_world_spawner/share/cw1_world_spawner/srv/Task3Service.srv
[0.662s] -- Up-to-date: /home/charvi/comp0250_s26_labs/install/cw1_world_spawner/share/cw1_world_spawner/srv/Task3Service_Request.msg
[0.662s] -- Up-to-date: /home/charvi/comp0250_s26_labs/install/cw1_world_spawner/share/cw1_world_spawner/srv/Task3Service_Response.msg
[0.662s] -- Up-to-date: /home/charvi/comp0250_s26_labs/install/cw1_world_spawner/local/lib/python3.10/dist-packages/coursework_world_spawner_lib-0.1.0-py3.10.egg-info
[0.663s] -- Installing: /home/charvi/comp0250_s26_labs/install/cw1_world_spawner/local/lib/python3.10/dist-packages/coursework_world_spawner_lib-0.1.0-py3.10.egg-info/SOURCES.txt
[0.663s] -- Installing: /home/charvi/comp0250_s26_labs/install/cw1_world_spawner/local/lib/python3.10/dist-packages/coursework_world_spawner_lib-0.1.0-py3.10.egg-info/PKG-INFO
[0.663s] -- Installing: /home/charvi/comp0250_s26_labs/install/cw1_world_spawner/local/lib/python3.10/dist-packages/coursework_world_spawner_lib-0.1.0-py3.10.egg-info/top_level.txt
[0.663s] -- Installing: /home/charvi/comp0250_s26_labs/install/cw1_world_spawner/local/lib/python3.10/dist-packages/coursework_world_spawner_lib-0.1.0-py3.10.egg-info/dependency_links.txt
[0.663s] -- Up-to-date: /home/charvi/comp0250_s26_labs/install/cw1_world_spawner/local/lib/python3.10/dist-packages/coursework_world_spawner_lib
[0.663s] -- Up-to-date: /home/charvi/comp0250_s26_labs/install/cw1_world_spawner/local/lib/python3.10/dist-packages/coursework_world_spawner_lib/__init__.py
[0.663s] -- Up-to-date: /home/charvi/comp0250_s26_labs/install/cw1_world_spawner/local/lib/python3.10/dist-packages/coursework_world_spawner_lib/coursework_world_spawner.py
[0.738s] Listing '/home/charvi/comp0250_s26_labs/install/cw1_world_spawner/local/lib/python3.10/dist-packages/coursework_world_spawner_lib'...
[0.747s] -- Up-to-date: /home/charvi/comp0250_s26_labs/install/cw1_world_spawner/lib/cw1_world_spawner/world_spawner.py
[0.748s] -- Up-to-date: /home/charvi/comp0250_s26_labs/install/cw1_world_spawner/lib/cw1_world_spawner/test_coursework.py
[0.748s] -- Up-to-date: /home/charvi/comp0250_s26_labs/install/cw1_world_spawner/share/cw1_world_spawner/models
[0.749s] -- Up-to-date: /home/charvi/comp0250_s26_labs/install/cw1_world_spawner/share/cw1_world_spawner/models/basket_blue
[0.749s] -- Up-to-date: /home/charvi/comp0250_s26_labs/install/cw1_world_spawner/share/cw1_world_spawner/models/basket_blue/model.sdf
[0.750s] -- Up-to-date: /home/charvi/comp0250_s26_labs/install/cw1_world_spawner/share/cw1_world_spawner/models/basket_blue/model.sdf.xmacro
[0.750s] -- Up-to-date: /home/charvi/comp0250_s26_labs/install/cw1_world_spawner/share/cw1_world_spawner/models/basket_blue/model.config
[0.751s] -- Up-to-date: /home/charvi/comp0250_s26_labs/install/cw1_world_spawner/share/cw1_world_spawner/models/basket_purple
[0.751s] -- Up-to-date: /home/charvi/comp0250_s26_labs/install/cw1_world_spawner/share/cw1_world_spawner/models/basket_purple/model.sdf
[0.751s] -- Up-to-date: /home/charvi/comp0250_s26_labs/install/cw1_world_spawner/share/cw1_world_spawner/models/basket_purple/model.sdf.xmacro
[0.751s] -- Up-to-date: /home/charvi/comp0250_s26_labs/install/cw1_world_spawner/share/cw1_world_spawner/models/basket_purple/model.config
[0.752s] -- Up-to-date: /home/charvi/comp0250_s26_labs/install/cw1_world_spawner/share/cw1_world_spawner/models/basket
[0.752s] -- Up-to-date: /home/charvi/comp0250_s26_labs/install/cw1_world_spawner/share/cw1_world_spawner/models/basket/model.sdf
[0.752s] -- Up-to-date: /home/charvi/comp0250_s26_labs/install/cw1_world_spawner/share/cw1_world_spawner/models/basket/model.sdf.xmacro
[0.753s] -- Up-to-date: /home/charvi/comp0250_s26_labs/install/cw1_world_spawner/share/cw1_world_spawner/models/basket/model.config
[0.753s] -- Up-to-date: /home/charvi/comp0250_s26_labs/install/cw1_world_spawner/share/cw1_world_spawner/models/box
[0.753s] -- Up-to-date: /home/charvi/comp0250_s26_labs/install/cw1_world_spawner/share/cw1_world_spawner/models/box/model.sdf
[0.754s] -- Up-to-date: /home/charvi/comp0250_s26_labs/install/cw1_world_spawner/share/cw1_world_spawner/models/box/model.config
[0.754s] -- Up-to-date: /home/charvi/comp0250_s26_labs/install/cw1_world_spawner/share/cw1_world_spawner/models/all_tiles
[0.754s] -- Up-to-date: /home/charvi/comp0250_s26_labs/install/cw1_world_spawner/share/cw1_world_spawner/models/all_tiles/model.sdf
[0.754s] -- Up-to-date: /home/charvi/comp0250_s26_labs/install/cw1_world_spawner/share/cw1_world_spawner/models/all_tiles/model.sdf.xmacro
[0.755s] -- Up-to-date: /home/charvi/comp0250_s26_labs/install/cw1_world_spawner/share/cw1_world_spawner/models/all_tiles/model.config
[0.756s] -- Up-to-date: /home/charvi/comp0250_s26_labs/install/cw1_world_spawner/share/cw1_world_spawner/models/basket_red
[0.756s] -- Up-to-date: /home/charvi/comp0250_s26_labs/install/cw1_world_spawner/share/cw1_world_spawner/models/basket_red/model.sdf
[0.756s] -- Up-to-date: /home/charvi/comp0250_s26_labs/install/cw1_world_spawner/share/cw1_world_spawner/models/basket_red/model.sdf.xmacro
[0.757s] -- Up-to-date: /home/charvi/comp0250_s26_labs/install/cw1_world_spawner/share/cw1_world_spawner/models/basket_red/model.config
[0.757s] -- Up-to-date: /home/charvi/comp0250_s26_labs/install/cw1_world_spawner/share/cw1_world_spawner/models/box_purple
[0.757s] -- Up-to-date: /home/charvi/comp0250_s26_labs/install/cw1_world_spawner/share/cw1_world_spawner/models/box_purple/model.sdf
[0.758s] -- Up-to-date: /home/charvi/comp0250_s26_labs/install/cw1_world_spawner/share/cw1_world_spawner/models/box_purple/model.config
[0.758s] -- Up-to-date: /home/charvi/comp0250_s26_labs/install/cw1_world_spawner/share/cw1_world_spawner/models/box_blue
[0.758s] -- Up-to-date: /home/charvi/comp0250_s26_labs/install/cw1_world_spawner/share/cw1_world_spawner/models/box_blue/model.sdf
[0.758s] -- Up-to-date: /home/charvi/comp0250_s26_labs/install/cw1_world_spawner/share/cw1_world_spawner/models/box_blue/model.config
[0.759s] -- Up-to-date: /home/charvi/comp0250_s26_labs/install/cw1_world_spawner/share/cw1_world_spawner/models/box_red
[0.759s] -- Up-to-date: /home/charvi/comp0250_s26_labs/install/cw1_world_spawner/share/cw1_world_spawner/models/box_red/model.sdf
[0.759s] -- Up-to-date: /home/charvi/comp0250_s26_labs/install/cw1_world_spawner/share/cw1_world_spawner/models/box_red/model.config
[0.760s] -- Up-to-date: /home/charvi/comp0250_s26_labs/install/cw1_world_spawner/share/cw1_world_spawner/models/object-golf-tile
[0.760s] -- Up-to-date: /home/charvi/comp0250_s26_labs/install/cw1_world_spawner/share/cw1_world_spawner/models/object-golf-tile/model.sdf
[0.760s] -- Up-to-date: /home/charvi/comp0250_s26_labs/install/cw1_world_spawner/share/cw1_world_spawner/models/object-golf-tile/model.config
[0.761s] -- Up-to-date: /home/charvi/comp0250_s26_labs/install/cw1_world_spawner/share/cw1_world_spawner/launch
[0.761s] -- Up-to-date: /home/charvi/comp0250_s26_labs/install/cw1_world_spawner/share/cw1_world_spawner/launch/world_spawner.launch.py
[0.761s] -- Up-to-date: /home/charvi/comp0250_s26_labs/install/cw1_world_spawner/share/cw1_world_spawner/launch/test_coursework.launch.py
[0.761s] -- Up-to-date: /home/charvi/comp0250_s26_labs/install/cw1_world_spawner/share/ament_index/resource_index/package_run_dependencies/cw1_world_spawner
[0.762s] -- Up-to-date: /home/charvi/comp0250_s26_labs/install/cw1_world_spawner/share/ament_index/resource_index/parent_prefix_path/cw1_world_spawner
[0.762s] -- Up-to-date: /home/charvi/comp0250_s26_labs/install/cw1_world_spawner/share/cw1_world_spawner/environment/ament_prefix_path.sh
[0.762s] -- Up-to-date: /home/charvi/comp0250_s26_labs/install/cw1_world_spawner/share/cw1_world_spawner/environment/ament_prefix_path.dsv
[0.762s] -- Up-to-date: /home/charvi/comp0250_s26_labs/install/cw1_world_spawner/share/cw1_world_spawner/environment/path.sh
[0.763s] -- Up-to-date: /home/charvi/comp0250_s26_labs/install/cw1_world_spawner/share/cw1_world_spawner/environment/path.dsv
[0.764s] -- Up-to-date: /home/charvi/comp0250_s26_labs/install/cw1_world_spawner/share/cw1_world_spawner/local_setup.bash
[0.764s] -- Up-to-date: /home/charvi/comp0250_s26_labs/install/cw1_world_spawner/share/cw1_world_spawner/local_setup.sh
[0.764s] -- Up-to-date: /home/charvi/comp0250_s26_labs/install/cw1_world_spawner/share/cw1_world_spawner/local_setup.zsh
[0.765s] -- Up-to-date: /home/charvi/comp0250_s26_labs/install/cw1_world_spawner/share/cw1_world_spawner/local_setup.dsv
[0.765s] -- Installing: /home/charvi/comp0250_s26_labs/install/cw1_world_spawner/share/cw1_world_spawner/package.dsv
[0.765s] -- Up-to-date: /home/charvi/comp0250_s26_labs/install/cw1_world_spawner/share/ament_index/resource_index/packages/cw1_world_spawner
[0.765s] -- Up-to-date: /home/charvi/comp0250_s26_labs/install/cw1_world_spawner/share/cw1_world_spawner/cmake/export_cw1_world_spawner__rosidl_generator_cExport.cmake
[0.768s] -- Up-to-date: /home/charvi/comp0250_s26_labs/install/cw1_world_spawner/share/cw1_world_spawner/cmake/export_cw1_world_spawner__rosidl_generator_cExport-release.cmake
[0.768s] -- Up-to-date: /home/charvi/comp0250_s26_labs/install/cw1_world_spawner/share/cw1_world_spawner/cmake/export_cw1_world_spawner__rosidl_typesupport_fastrtps_cExport.cmake
[0.769s] -- Up-to-date: /home/charvi/comp0250_s26_labs/install/cw1_world_spawner/share/cw1_world_spawner/cmake/export_cw1_world_spawner__rosidl_typesupport_fastrtps_cExport-release.cmake
[0.769s] -- Up-to-date: /home/charvi/comp0250_s26_labs/install/cw1_world_spawner/share/cw1_world_spawner/cmake/cw1_world_spawner__rosidl_typesupport_introspection_cExport.cmake
[0.769s] -- Up-to-date: /home/charvi/comp0250_s26_labs/install/cw1_world_spawner/share/cw1_world_spawner/cmake/cw1_world_spawner__rosidl_typesupport_introspection_cExport-release.cmake
[0.770s] -- Up-to-date: /home/charvi/comp0250_s26_labs/install/cw1_world_spawner/share/cw1_world_spawner/cmake/cw1_world_spawner__rosidl_typesupport_cExport.cmake
[0.770s] -- Up-to-date: /home/charvi/comp0250_s26_labs/install/cw1_world_spawner/share/cw1_world_spawner/cmake/cw1_world_spawner__rosidl_typesupport_cExport-release.cmake
[0.770s] -- Up-to-date: /home/charvi/comp0250_s26_labs/install/cw1_world_spawner/share/cw1_world_spawner/cmake/export_cw1_world_spawner__rosidl_generator_cppExport.cmake
[0.771s] -- Up-to-date: /home/charvi/comp0250_s26_labs/install/cw1_world_spawner/share/cw1_world_spawner/cmake/export_cw1_world_spawner__rosidl_typesupport_fastrtps_cppExport.cmake
[0.771s] -- Up-to-date: /home/charvi/comp0250_s26_labs/install/cw1_world_spawner/share/cw1_world_spawner/cmake/export_cw1_world_spawner__rosidl_typesupport_fastrtps_cppExport-release.cmake
[0.771s] -- Up-to-date: /home/charvi/comp0250_s26_labs/install/cw1_world_spawner/share/cw1_world_spawner/cmake/cw1_world_spawner__rosidl_typesupport_introspection_cppExport.cmake
[0.772s] -- Up-to-date: /home/charvi/comp0250_s26_labs/install/cw1_world_spawner/share/cw1_world_spawner/cmake/cw1_world_spawner__rosidl_typesupport_introspection_cppExport-release.cmake
[0.772s] -- Up-to-date: /home/charvi/comp0250_s26_labs/install/cw1_world_spawner/share/cw1_world_spawner/cmake/cw1_world_spawner__rosidl_typesupport_cppExport.cmake
[0.772s] -- Up-to-date: /home/charvi/comp0250_s26_labs/install/cw1_world_spawner/share/cw1_world_spawner/cmake/cw1_world_spawner__rosidl_typesupport_cppExport-release.cmake
[0.773s] -- Up-to-date: /home/charvi/comp0250_s26_labs/install/cw1_world_spawner/share/cw1_world_spawner/cmake/export_cw1_world_spawner__rosidl_generator_pyExport.cmake
[0.773s] -- Up-to-date: /home/charvi/comp0250_s26_labs/install/cw1_world_spawner/share/cw1_world_spawner/cmake/export_cw1_world_spawner__rosidl_generator_pyExport-release.cmake
[0.774s] -- Up-to-date: /home/charvi/comp0250_s26_labs/install/cw1_world_spawner/share/cw1_world_spawner/cmake/rosidl_cmake-extras.cmake
[0.774s] -- Up-to-date: /home/charvi/comp0250_s26_labs/install/cw1_world_spawner/share/cw1_world_spawner/cmake/ament_cmake_export_dependencies-extras.cmake
[0.774s] -- Up-to-date: /home/charvi/comp0250_s26_labs/install/cw1_world_spawner/share/cw1_world_spawner/cmake/ament_cmake_export_include_directories-extras.cmake
[0.775s] -- Up-to-date: /home/charvi/comp0250_s26_labs/install/cw1_world_spawner/share/cw1_world_spawner/cmake/ament_cmake_export_libraries-extras.cmake
[0.775s] -- Up-to-date: /home/charvi/comp0250_s26_labs/install/cw1_world_spawner/share/cw1_world_spawner/cmake/ament_cmake_export_targets-extras.cmake
[0.775s] -- Up-to-date: /home/charvi/comp0250_s26_labs/install/cw1_world_spawner/share/cw1_world_spawner/cmake/rosidl_cmake_export_typesupport_targets-extras.cmake
[0.775s] -- Up-to-date: /home/charvi/comp0250_s26_labs/install/cw1_world_spawner/share/cw1_world_spawner/cmake/rosidl_cmake_export_typesupport_libraries-extras.cmake
[0.776s] -- Up-to-date: /home/charvi/comp0250_s26_labs/install/cw1_world_spawner/share/cw1_world_spawner/cmake/cw1_world_spawnerConfig.cmake
[0.776s] -- Up-to-date: /home/charvi/comp0250_s26_labs/install/cw1_world_spawner/share/cw1_world_spawner/cmake/cw1_world_spawnerConfig-version.cmake
[0.776s] -- Up-to-date: /home/charvi/comp0250_s26_labs/install/cw1_world_spawner/share/cw1_world_spawner/package.xml
[0.777s] Invoked command in '/home/charvi/comp0250_s26_labs/build/cw1_world_spawner' returned '0': CMAKE_PREFIX_PATH=${CMAKE_PREFIX_PATH}:/opt/ros/humble /usr/bin/cmake --install /home/charvi/comp0250_s26_labs/build/cw1_world_spawner
