[0.160s] DEBUG:colcon:Command line arguments: ['/usr/bin/colcon', 'build', '--mixin', 'release']
[0.160s] DEBUG:colcon:Parsed command line arguments: Namespace(log_base=None, log_level=None, verb_name='build', build_base='build', install_base='install', merge_install=False, symlink_install=False, test_result_base=None, continue_on_error=False, executor='parallel', parallel_workers=12, event_handlers=None, ignore_user_meta=False, metas=['./colcon.meta'], base_paths=['.'], packages_ignore=None, packages_ignore_regex=None, paths=None, packages_up_to=None, packages_up_to_regex=None, packages_above=None, packages_above_and_dependencies=None, packages_above_depth=None, packages_select_by_dep=None, packages_skip_by_dep=None, packages_skip_up_to=None, packages_select_build_failed=False, packages_skip_build_finished=False, packages_select_test_failures=False, packages_skip_test_passed=False, packages_select=None, packages_skip=None, packages_select_regex=None, packages_skip_regex=None, packages_start=None, packages_end=None, allow_overriding=[], cmake_args=['-DCMAKE_BUILD_TYPE=Release'], cmake_target=None, cmake_target_skip_unavailable=False, cmake_clean_cache=False, cmake_clean_first=False, cmake_force_configure=False, ament_cmake_args=None, catkin_cmake_args=None, catkin_skip_building_tests=False, mixin_files=None, mixin=['release'], verb_parser=<colcon_mixin.mixin.mixin_argument.MixinArgumentDecorator object at 0x785d0f861120>, verb_extension=<colcon_core.verb.build.BuildVerb object at 0x785d0f860c70>, main=<bound method BuildVerb.main of <colcon_core.verb.build.BuildVerb object at 0x785d0f860c70>>, mixin_verb=('build',))
[0.192s] Level 1:colcon.colcon_core.package_discovery:discover_packages(colcon_meta) check parameters
[0.192s] Level 1:colcon.colcon_core.package_discovery:discover_packages(recursive) check parameters
[0.192s] Level 1:colcon.colcon_core.package_discovery:discover_packages(ignore) check parameters
[0.192s] Level 1:colcon.colcon_core.package_discovery:discover_packages(path) check parameters
[0.192s] Level 1:colcon.colcon_core.package_discovery:discover_packages(colcon_meta) discover
[0.192s] Level 1:colcon.colcon_core.package_discovery:discover_packages(recursive) discover
[0.192s] INFO:colcon.colcon_core.package_discovery:Crawling recursively for packages in '/home/charvi/comp0250_s26_labs'
[0.192s] Level 1:colcon.colcon_core.package_identification:_identify(.) by extensions ['ignore', 'ignore_ament_install']
[0.193s] Level 1:colcon.colcon_core.package_identification:_identify(.) by extension 'ignore'
[0.193s] Level 1:colcon.colcon_core.package_identification:_identify(.) by extension 'ignore_ament_install'
[0.193s] Level 1:colcon.colcon_core.package_identification:_identify(.) by extensions ['colcon_pkg']
[0.193s] Level 1:colcon.colcon_core.package_identification:_identify(.) by extension 'colcon_pkg'
[0.193s] Level 1:colcon.colcon_core.package_identification:_identify(.) by extensions ['colcon_meta']
[0.193s] Level 1:colcon.colcon_core.package_identification:_identify(.) by extension 'colcon_meta'
[0.193s] Level 1:colcon.colcon_core.package_identification:_identify(.) by extensions ['ros']
[0.193s] Level 1:colcon.colcon_core.package_identification:_identify(.) by extension 'ros'
[0.205s] Level 1:colcon.colcon_core.package_identification:_identify(.) by extensions ['cmake', 'python']
[0.205s] Level 1:colcon.colcon_core.package_identification:_identify(.) by extension 'cmake'
[0.205s] Level 1:colcon.colcon_core.package_identification:_identify(.) by extension 'python'
[0.205s] Level 1:colcon.colcon_core.package_identification:_identify(.) by extensions ['python_setup_py']
[0.205s] Level 1:colcon.colcon_core.package_identification:_identify(.) by extension 'python_setup_py'
[0.205s] Level 1:colcon.colcon_core.package_identification:_identify(build) by extensions ['ignore', 'ignore_ament_install']
[0.205s] Level 1:colcon.colcon_core.package_identification:_identify(build) by extension 'ignore'
[0.205s] Level 1:colcon.colcon_core.package_identification:_identify(build) ignored
[0.205s] Level 1:colcon.colcon_core.package_identification:_identify(courseworks) by extensions ['ignore', 'ignore_ament_install']
[0.205s] Level 1:colcon.colcon_core.package_identification:_identify(courseworks) by extension 'ignore'
[0.206s] Level 1:colcon.colcon_core.package_identification:_identify(courseworks) by extension 'ignore_ament_install'
[0.206s] Level 1:colcon.colcon_core.package_identification:_identify(courseworks) by extensions ['colcon_pkg']
[0.206s] Level 1:colcon.colcon_core.package_identification:_identify(courseworks) by extension 'colcon_pkg'
[0.206s] Level 1:colcon.colcon_core.package_identification:_identify(courseworks) by extensions ['colcon_meta']
[0.206s] Level 1:colcon.colcon_core.package_identification:_identify(courseworks) by extension 'colcon_meta'
[0.206s] Level 1:colcon.colcon_core.package_identification:_identify(courseworks) by extensions ['ros']
[0.206s] Level 1:colcon.colcon_core.package_identification:_identify(courseworks) by extension 'ros'
[0.206s] Level 1:colcon.colcon_core.package_identification:_identify(courseworks) by extensions ['cmake', 'python']
[0.206s] Level 1:colcon.colcon_core.package_identification:_identify(courseworks) by extension 'cmake'
[0.206s] Level 1:colcon.colcon_core.package_identification:_identify(courseworks) by extension 'python'
[0.206s] Level 1:colcon.colcon_core.package_identification:_identify(courseworks) by extensions ['python_setup_py']
[0.206s] Level 1:colcon.colcon_core.package_identification:_identify(courseworks) by extension 'python_setup_py'
[0.206s] Level 1:colcon.colcon_core.package_identification:_identify(courseworks/cw1_team_30) by extensions ['ignore', 'ignore_ament_install']
[0.206s] Level 1:colcon.colcon_core.package_identification:_identify(courseworks/cw1_team_30) by extension 'ignore'
[0.206s] Level 1:colcon.colcon_core.package_identification:_identify(courseworks/cw1_team_30) by extension 'ignore_ament_install'
[0.206s] Level 1:colcon.colcon_core.package_identification:_identify(courseworks/cw1_team_30) by extensions ['colcon_pkg']
[0.206s] Level 1:colcon.colcon_core.package_identification:_identify(courseworks/cw1_team_30) by extension 'colcon_pkg'
[0.206s] Level 1:colcon.colcon_core.package_identification:_identify(courseworks/cw1_team_30) by extensions ['colcon_meta']
[0.206s] Level 1:colcon.colcon_core.package_identification:_identify(courseworks/cw1_team_30) by extension 'colcon_meta'
[0.206s] Level 1:colcon.colcon_core.package_identification:_identify(courseworks/cw1_team_30) by extensions ['ros']
[0.206s] Level 1:colcon.colcon_core.package_identification:_identify(courseworks/cw1_team_30) by extension 'ros'
[0.209s] DEBUG:colcon.colcon_core.package_identification:Package 'courseworks/cw1_team_30' with type 'ros.ament_cmake' and name 'cw1_team_30'
[0.209s] Level 1:colcon.colcon_core.package_identification:_identify(courseworks/cw1_world_spawner) by extensions ['ignore', 'ignore_ament_install']
[0.209s] Level 1:colcon.colcon_core.package_identification:_identify(courseworks/cw1_world_spawner) by extension 'ignore'
[0.209s] Level 1:colcon.colcon_core.package_identification:_identify(courseworks/cw1_world_spawner) by extension 'ignore_ament_install'
[0.209s] Level 1:colcon.colcon_core.package_identification:_identify(courseworks/cw1_world_spawner) by extensions ['colcon_pkg']
[0.209s] Level 1:colcon.colcon_core.package_identification:_identify(courseworks/cw1_world_spawner) by extension 'colcon_pkg'
[0.210s] Level 1:colcon.colcon_core.package_identification:_identify(courseworks/cw1_world_spawner) by extensions ['colcon_meta']
[0.210s] Level 1:colcon.colcon_core.package_identification:_identify(courseworks/cw1_world_spawner) by extension 'colcon_meta'
[0.210s] Level 1:colcon.colcon_core.package_identification:_identify(courseworks/cw1_world_spawner) by extensions ['ros']
[0.210s] Level 1:colcon.colcon_core.package_identification:_identify(courseworks/cw1_world_spawner) by extension 'ros'
[0.210s] DEBUG:colcon.colcon_core.package_identification:Package 'courseworks/cw1_world_spawner' with type 'ros.ament_cmake' and name 'cw1_world_spawner'
[0.210s] Level 1:colcon.colcon_core.package_identification:_identify(courseworks/panda_description) by extensions ['ignore', 'ignore_ament_install']
[0.210s] Level 1:colcon.colcon_core.package_identification:_identify(courseworks/panda_description) by extension 'ignore'
[0.210s] Level 1:colcon.colcon_core.package_identification:_identify(courseworks/panda_description) by extension 'ignore_ament_install'
[0.210s] Level 1:colcon.colcon_core.package_identification:_identify(courseworks/panda_description) by extensions ['colcon_pkg']
[0.211s] Level 1:colcon.colcon_core.package_identification:_identify(courseworks/panda_description) by extension 'colcon_pkg'
[0.211s] Level 1:colcon.colcon_core.package_identification:_identify(courseworks/panda_description) by extensions ['colcon_meta']
[0.211s] Level 1:colcon.colcon_core.package_identification:_identify(courseworks/panda_description) by extension 'colcon_meta'
[0.211s] Level 1:colcon.colcon_core.package_identification:_identify(courseworks/panda_description) by extensions ['ros']
[0.211s] Level 1:colcon.colcon_core.package_identification:_identify(courseworks/panda_description) by extension 'ros'
[0.211s] DEBUG:colcon.colcon_core.package_identification:Package 'courseworks/panda_description' with type 'ros.ament_cmake' and name 'panda_description'
[0.211s] Level 1:colcon.colcon_core.package_identification:_identify(courseworks/panda_moveit_config) by extensions ['ignore', 'ignore_ament_install']
[0.211s] Level 1:colcon.colcon_core.package_identification:_identify(courseworks/panda_moveit_config) by extension 'ignore'
[0.211s] Level 1:colcon.colcon_core.package_identification:_identify(courseworks/panda_moveit_config) by extension 'ignore_ament_install'
[0.211s] Level 1:colcon.colcon_core.package_identification:_identify(courseworks/panda_moveit_config) by extensions ['colcon_pkg']
[0.212s] Level 1:colcon.colcon_core.package_identification:_identify(courseworks/panda_moveit_config) by extension 'colcon_pkg'
[0.212s] Level 1:colcon.colcon_core.package_identification:_identify(courseworks/panda_moveit_config) by extensions ['colcon_meta']
[0.212s] Level 1:colcon.colcon_core.package_identification:_identify(courseworks/panda_moveit_config) by extension 'colcon_meta'
[0.212s] Level 1:colcon.colcon_core.package_identification:_identify(courseworks/panda_moveit_config) by extensions ['ros']
[0.212s] Level 1:colcon.colcon_core.package_identification:_identify(courseworks/panda_moveit_config) by extension 'ros'
[0.213s] DEBUG:colcon.colcon_core.package_identification:Package 'courseworks/panda_moveit_config' with type 'ros.ament_cmake' and name 'panda_moveit_config'
[0.213s] Level 1:colcon.colcon_core.package_identification:_identify(courseworks/realsense_gazebo_plugin) by extensions ['ignore', 'ignore_ament_install']
[0.213s] Level 1:colcon.colcon_core.package_identification:_identify(courseworks/realsense_gazebo_plugin) by extension 'ignore'
[0.213s] Level 1:colcon.colcon_core.package_identification:_identify(courseworks/realsense_gazebo_plugin) by extension 'ignore_ament_install'
[0.213s] Level 1:colcon.colcon_core.package_identification:_identify(courseworks/realsense_gazebo_plugin) by extensions ['colcon_pkg']
[0.213s] Level 1:colcon.colcon_core.package_identification:_identify(courseworks/realsense_gazebo_plugin) by extension 'colcon_pkg'
[0.213s] Level 1:colcon.colcon_core.package_identification:_identify(courseworks/realsense_gazebo_plugin) by extensions ['colcon_meta']
[0.213s] Level 1:colcon.colcon_core.package_identification:_identify(courseworks/realsense_gazebo_plugin) by extension 'colcon_meta'
[0.213s] Level 1:colcon.colcon_core.package_identification:_identify(courseworks/realsense_gazebo_plugin) by extensions ['ros']
[0.213s] Level 1:colcon.colcon_core.package_identification:_identify(courseworks/realsense_gazebo_plugin) by extension 'ros'
[0.214s] DEBUG:colcon.colcon_core.package_identification:Package 'courseworks/realsense_gazebo_plugin' with type 'ros.ament_cmake' and name 'realsense_gazebo_plugin'
[0.214s] Level 1:colcon.colcon_core.package_identification:_identify(courseworks/rpl_panda_with_rs) by extensions ['ignore', 'ignore_ament_install']
[0.214s] Level 1:colcon.colcon_core.package_identification:_identify(courseworks/rpl_panda_with_rs) by extension 'ignore'
[0.214s] Level 1:colcon.colcon_core.package_identification:_identify(courseworks/rpl_panda_with_rs) by extension 'ignore_ament_install'
[0.214s] Level 1:colcon.colcon_core.package_identification:_identify(courseworks/rpl_panda_with_rs) by extensions ['colcon_pkg']
[0.214s] Level 1:colcon.colcon_core.package_identification:_identify(courseworks/rpl_panda_with_rs) by extension 'colcon_pkg'
[0.214s] Level 1:colcon.colcon_core.package_identification:_identify(courseworks/rpl_panda_with_rs) by extensions ['colcon_meta']
[0.214s] Level 1:colcon.colcon_core.package_identification:_identify(courseworks/rpl_panda_with_rs) by extension 'colcon_meta'
[0.214s] Level 1:colcon.colcon_core.package_identification:_identify(courseworks/rpl_panda_with_rs) by extensions ['ros']
[0.215s] Level 1:colcon.colcon_core.package_identification:_identify(courseworks/rpl_panda_with_rs) by extension 'ros'
[0.215s] DEBUG:colcon.colcon_core.package_identification:Package 'courseworks/rpl_panda_with_rs' with type 'ros.ament_cmake' and name 'rpl_panda_with_rs'
[0.215s] Level 1:colcon.colcon_core.package_identification:_identify(install) by extensions ['ignore', 'ignore_ament_install']
[0.215s] Level 1:colcon.colcon_core.package_identification:_identify(install) by extension 'ignore'
[0.215s] Level 1:colcon.colcon_core.package_identification:_identify(install) ignored
[0.215s] Level 1:colcon.colcon_core.package_identification:_identify(log) by extensions ['ignore', 'ignore_ament_install']
[0.215s] Level 1:colcon.colcon_core.package_identification:_identify(log) by extension 'ignore'
[0.216s] Level 1:colcon.colcon_core.package_identification:_identify(log) ignored
[0.216s] Level 1:colcon.colcon_core.package_identification:_identify(scripts) by extensions ['ignore', 'ignore_ament_install']
[0.216s] Level 1:colcon.colcon_core.package_identification:_identify(scripts) by extension 'ignore'
[0.216s] Level 1:colcon.colcon_core.package_identification:_identify(scripts) by extension 'ignore_ament_install'
[0.216s] Level 1:colcon.colcon_core.package_identification:_identify(scripts) by extensions ['colcon_pkg']
[0.216s] Level 1:colcon.colcon_core.package_identification:_identify(scripts) by extension 'colcon_pkg'
[0.216s] Level 1:colcon.colcon_core.package_identification:_identify(scripts) by extensions ['colcon_meta']
[0.216s] Level 1:colcon.colcon_core.package_identification:_identify(scripts) by extension 'colcon_meta'
[0.216s] Level 1:colcon.colcon_core.package_identification:_identify(scripts) by extensions ['ros']
[0.216s] Level 1:colcon.colcon_core.package_identification:_identify(scripts) by extension 'ros'
[0.216s] Level 1:colcon.colcon_core.package_identification:_identify(scripts) by extensions ['cmake', 'python']
[0.216s] Level 1:colcon.colcon_core.package_identification:_identify(scripts) by extension 'cmake'
[0.216s] Level 1:colcon.colcon_core.package_identification:_identify(scripts) by extension 'python'
[0.216s] Level 1:colcon.colcon_core.package_identification:_identify(scripts) by extensions ['python_setup_py']
[0.216s] Level 1:colcon.colcon_core.package_identification:_identify(scripts) by extension 'python_setup_py'
[0.216s] Level 1:colcon.colcon_core.package_discovery:discover_packages(recursive) using defaults
[0.216s] Level 1:colcon.colcon_core.package_discovery:discover_packages(ignore) discover
[0.216s] Level 1:colcon.colcon_core.package_discovery:discover_packages(ignore) using defaults
[0.216s] Level 1:colcon.colcon_core.package_discovery:discover_packages(path) discover
[0.216s] Level 1:colcon.colcon_core.package_discovery:discover_packages(path) using defaults
[0.234s] Level 1:colcon.colcon_core.package_discovery:discover_packages(prefix_path) check parameters
[0.234s] Level 1:colcon.colcon_core.package_discovery:discover_packages(prefix_path) discover
[0.237s] DEBUG:colcon.colcon_installed_package_information.package_discovery:Found 405 installed packages in /opt/ros/humble
[0.239s] Level 1:colcon.colcon_core.package_discovery:discover_packages(prefix_path) using defaults
[0.283s] Level 5:colcon.colcon_core.verb:set package 'cw1_world_spawner' build argument 'cmake_args' from command line to '['-DCMAKE_BUILD_TYPE=Release']'
[0.283s] Level 5:colcon.colcon_core.verb:set package 'cw1_world_spawner' build argument 'cmake_target' from command line to 'None'
[0.283s] Level 5:colcon.colcon_core.verb:set package 'cw1_world_spawner' build argument 'cmake_target_skip_unavailable' from command line to 'False'
[0.283s] Level 5:colcon.colcon_core.verb:set package 'cw1_world_spawner' build argument 'cmake_clean_cache' from command line to 'False'
[0.283s] Level 5:colcon.colcon_core.verb:set package 'cw1_world_spawner' build argument 'cmake_clean_first' from command line to 'False'
[0.283s] Level 5:colcon.colcon_core.verb:set package 'cw1_world_spawner' build argument 'cmake_force_configure' from command line to 'False'
[0.283s] Level 5:colcon.colcon_core.verb:set package 'cw1_world_spawner' build argument 'ament_cmake_args' from command line to 'None'
[0.283s] Level 5:colcon.colcon_core.verb:set package 'cw1_world_spawner' build argument 'catkin_cmake_args' from command line to 'None'
[0.283s] Level 5:colcon.colcon_core.verb:set package 'cw1_world_spawner' build argument 'catkin_skip_building_tests' from command line to 'False'
[0.283s] DEBUG:colcon.colcon_core.verb:Building package 'cw1_world_spawner' with the following arguments: {'ament_cmake_args': None, 'build_base': '/home/charvi/comp0250_s26_labs/build/cw1_world_spawner', 'catkin_cmake_args': None, 'catkin_skip_building_tests': False, 'cmake_args': ['-DCMAKE_BUILD_TYPE=Release'], 'cmake_clean_cache': False, 'cmake_clean_first': False, 'cmake_force_configure': False, 'cmake_target': None, 'cmake_target_skip_unavailable': False, 'install_base': '/home/charvi/comp0250_s26_labs/install/cw1_world_spawner', 'merge_install': False, 'path': '/home/charvi/comp0250_s26_labs/courseworks/cw1_world_spawner', 'symlink_install': False, 'test_result_base': None}
[0.283s] Level 5:colcon.colcon_core.verb:set package 'panda_description' build argument 'cmake_args' from command line to '['-DCMAKE_BUILD_TYPE=Release']'
[0.283s] Level 5:colcon.colcon_core.verb:set package 'panda_description' build argument 'cmake_target' from command line to 'None'
[0.283s] Level 5:colcon.colcon_core.verb:set package 'panda_description' build argument 'cmake_target_skip_unavailable' from command line to 'False'
[0.283s] Level 5:colcon.colcon_core.verb:set package 'panda_description' build argument 'cmake_clean_cache' from command line to 'False'
[0.283s] Level 5:colcon.colcon_core.verb:set package 'panda_description' build argument 'cmake_clean_first' from command line to 'False'
[0.283s] Level 5:colcon.colcon_core.verb:set package 'panda_description' build argument 'cmake_force_configure' from command line to 'False'
[0.283s] Level 5:colcon.colcon_core.verb:set package 'panda_description' build argument 'ament_cmake_args' from command line to 'None'
[0.283s] Level 5:colcon.colcon_core.verb:set package 'panda_description' build argument 'catkin_cmake_args' from command line to 'None'
[0.283s] Level 5:colcon.colcon_core.verb:set package 'panda_description' build argument 'catkin_skip_building_tests' from command line to 'False'
[0.283s] DEBUG:colcon.colcon_core.verb:Building package 'panda_description' with the following arguments: {'ament_cmake_args': None, 'build_base': '/home/charvi/comp0250_s26_labs/build/panda_description', 'catkin_cmake_args': None, 'catkin_skip_building_tests': False, 'cmake_args': ['-DCMAKE_BUILD_TYPE=Release'], 'cmake_clean_cache': False, 'cmake_clean_first': False, 'cmake_force_configure': False, 'cmake_target': None, 'cmake_target_skip_unavailable': False, 'install_base': '/home/charvi/comp0250_s26_labs/install/panda_description', 'merge_install': False, 'path': '/home/charvi/comp0250_s26_labs/courseworks/panda_description', 'symlink_install': False, 'test_result_base': None}
[0.284s] Level 5:colcon.colcon_core.verb:set package 'panda_moveit_config' build argument 'cmake_args' from command line to '['-DCMAKE_BUILD_TYPE=Release']'
[0.284s] Level 5:colcon.colcon_core.verb:set package 'panda_moveit_config' build argument 'cmake_target' from command line to 'None'
[0.284s] Level 5:colcon.colcon_core.verb:set package 'panda_moveit_config' build argument 'cmake_target_skip_unavailable' from command line to 'False'
[0.284s] Level 5:colcon.colcon_core.verb:set package 'panda_moveit_config' build argument 'cmake_clean_cache' from command line to 'False'
[0.284s] Level 5:colcon.colcon_core.verb:set package 'panda_moveit_config' build argument 'cmake_clean_first' from command line to 'False'
[0.284s] Level 5:colcon.colcon_core.verb:set package 'panda_moveit_config' build argument 'cmake_force_configure' from command line to 'False'
[0.284s] Level 5:colcon.colcon_core.verb:set package 'panda_moveit_config' build argument 'ament_cmake_args' from command line to 'None'
[0.284s] Level 5:colcon.colcon_core.verb:set package 'panda_moveit_config' build argument 'catkin_cmake_args' from command line to 'None'
[0.284s] Level 5:colcon.colcon_core.verb:set package 'panda_moveit_config' build argument 'catkin_skip_building_tests' from command line to 'False'
[0.284s] DEBUG:colcon.colcon_core.verb:Building package 'panda_moveit_config' with the following arguments: {'ament_cmake_args': None, 'build_base': '/home/charvi/comp0250_s26_labs/build/panda_moveit_config', 'catkin_cmake_args': None, 'catkin_skip_building_tests': False, 'cmake_args': ['-DCMAKE_BUILD_TYPE=Release'], 'cmake_clean_cache': False, 'cmake_clean_first': False, 'cmake_force_configure': False, 'cmake_target': None, 'cmake_target_skip_unavailable': False, 'install_base': '/home/charvi/comp0250_s26_labs/install/panda_moveit_config', 'merge_install': False, 'path': '/home/charvi/comp0250_s26_labs/courseworks/panda_moveit_config', 'symlink_install': False, 'test_result_base': None}
[0.284s] Level 5:colcon.colcon_core.verb:set package 'realsense_gazebo_plugin' build argument 'cmake_args' from command line to '['-DCMAKE_BUILD_TYPE=Release']'
[0.284s] Level 5:colcon.colcon_core.verb:set package 'realsense_gazebo_plugin' build argument 'cmake_target' from command line to 'None'
[0.284s] Level 5:colcon.colcon_core.verb:set package 'realsense_gazebo_plugin' build argument 'cmake_target_skip_unavailable' from command line to 'False'
[0.284s] Level 5:colcon.colcon_core.verb:set package 'realsense_gazebo_plugin' build argument 'cmake_clean_cache' from command line to 'False'
[0.284s] Level 5:colcon.colcon_core.verb:set package 'realsense_gazebo_plugin' build argument 'cmake_clean_first' from command line to 'False'
[0.284s] Level 5:colcon.colcon_core.verb:set package 'realsense_gazebo_plugin' build argument 'cmake_force_configure' from command line to 'False'
[0.284s] Level 5:colcon.colcon_core.verb:set package 'realsense_gazebo_plugin' build argument 'ament_cmake_args' from command line to 'None'
[0.284s] Level 5:colcon.colcon_core.verb:set package 'realsense_gazebo_plugin' build argument 'catkin_cmake_args' from command line to 'None'
[0.284s] Level 5:colcon.colcon_core.verb:set package 'realsense_gazebo_plugin' build argument 'catkin_skip_building_tests' from command line to 'False'
[0.284s] DEBUG:colcon.colcon_core.verb:Building package 'realsense_gazebo_plugin' with the following arguments: {'ament_cmake_args': None, 'build_base': '/home/charvi/comp0250_s26_labs/build/realsense_gazebo_plugin', 'catkin_cmake_args': None, 'catkin_skip_building_tests': False, 'cmake_args': ['-DCMAKE_BUILD_TYPE=Release'], 'cmake_clean_cache': False, 'cmake_clean_first': False, 'cmake_force_configure': False, 'cmake_target': None, 'cmake_target_skip_unavailable': False, 'install_base': '/home/charvi/comp0250_s26_labs/install/realsense_gazebo_plugin', 'merge_install': False, 'path': '/home/charvi/comp0250_s26_labs/courseworks/realsense_gazebo_plugin', 'symlink_install': False, 'test_result_base': None}
[0.285s] Level 5:colcon.colcon_core.verb:set package 'cw1_team_30' build argument 'cmake_args' from command line to '['-DCMAKE_BUILD_TYPE=Release']'
[0.285s] Level 5:colcon.colcon_core.verb:set package 'cw1_team_30' build argument 'cmake_target' from command line to 'None'
[0.285s] Level 5:colcon.colcon_core.verb:set package 'cw1_team_30' build argument 'cmake_target_skip_unavailable' from command line to 'False'
[0.285s] Level 5:colcon.colcon_core.verb:set package 'cw1_team_30' build argument 'cmake_clean_cache' from command line to 'False'
[0.285s] Level 5:colcon.colcon_core.verb:set package 'cw1_team_30' build argument 'cmake_clean_first' from command line to 'False'
[0.285s] Level 5:colcon.colcon_core.verb:set package 'cw1_team_30' build argument 'cmake_force_configure' from command line to 'False'
[0.285s] Level 5:colcon.colcon_core.verb:set package 'cw1_team_30' build argument 'ament_cmake_args' from command line to 'None'
[0.285s] Level 5:colcon.colcon_core.verb:set package 'cw1_team_30' build argument 'catkin_cmake_args' from command line to 'None'
[0.285s] Level 5:colcon.colcon_core.verb:set package 'cw1_team_30' build argument 'catkin_skip_building_tests' from command line to 'False'
[0.285s] DEBUG:colcon.colcon_core.verb:Building package 'cw1_team_30' with the following arguments: {'ament_cmake_args': None, 'build_base': '/home/charvi/comp0250_s26_labs/build/cw1_team_30', 'catkin_cmake_args': None, 'catkin_skip_building_tests': False, 'cmake_args': ['-DCMAKE_BUILD_TYPE=Release'], 'cmake_clean_cache': False, 'cmake_clean_first': False, 'cmake_force_configure': False, 'cmake_target': None, 'cmake_target_skip_unavailable': False, 'install_base': '/home/charvi/comp0250_s26_labs/install/cw1_team_30', 'merge_install': False, 'path': '/home/charvi/comp0250_s26_labs/courseworks/cw1_team_30', 'symlink_install': False, 'test_result_base': None}
[0.285s] Level 5:colcon.colcon_core.verb:set package 'rpl_panda_with_rs' build argument 'cmake_args' from command line to '['-DCMAKE_BUILD_TYPE=Release']'
[0.285s] Level 5:colcon.colcon_core.verb:set package 'rpl_panda_with_rs' build argument 'cmake_target' from command line to 'None'
[0.285s] Level 5:colcon.colcon_core.verb:set package 'rpl_panda_with_rs' build argument 'cmake_target_skip_unavailable' from command line to 'False'
[0.285s] Level 5:colcon.colcon_core.verb:set package 'rpl_panda_with_rs' build argument 'cmake_clean_cache' from command line to 'False'
[0.285s] Level 5:colcon.colcon_core.verb:set package 'rpl_panda_with_rs' build argument 'cmake_clean_first' from command line to 'False'
[0.285s] Level 5:colcon.colcon_core.verb:set package 'rpl_panda_with_rs' build argument 'cmake_force_configure' from command line to 'False'
[0.285s] Level 5:colcon.colcon_core.verb:set package 'rpl_panda_with_rs' build argument 'ament_cmake_args' from command line to 'None'
[0.285s] Level 5:colcon.colcon_core.verb:set package 'rpl_panda_with_rs' build argument 'catkin_cmake_args' from command line to 'None'
[0.285s] Level 5:colcon.colcon_core.verb:set package 'rpl_panda_with_rs' build argument 'catkin_skip_building_tests' from command line to 'False'
[0.285s] DEBUG:colcon.colcon_core.verb:Building package 'rpl_panda_with_rs' with the following arguments: {'ament_cmake_args': None, 'build_base': '/home/charvi/comp0250_s26_labs/build/rpl_panda_with_rs', 'catkin_cmake_args': None, 'catkin_skip_building_tests': False, 'cmake_args': ['-DCMAKE_BUILD_TYPE=Release'], 'cmake_clean_cache': False, 'cmake_clean_first': False, 'cmake_force_configure': False, 'cmake_target': None, 'cmake_target_skip_unavailable': False, 'install_base': '/home/charvi/comp0250_s26_labs/install/rpl_panda_with_rs', 'merge_install': False, 'path': '/home/charvi/comp0250_s26_labs/courseworks/rpl_panda_with_rs', 'symlink_install': False, 'test_result_base': None}
[0.286s] INFO:colcon.colcon_core.executor:Executing jobs using 'parallel' executor
[0.286s] DEBUG:colcon.colcon_parallel_executor.executor.parallel:run_until_complete
[0.287s] INFO:colcon.colcon_ros.task.ament_cmake.build:Building ROS package in '/home/charvi/comp0250_s26_labs/courseworks/cw1_world_spawner' with build type 'ament_cmake'
[0.287s] INFO:colcon.colcon_cmake.task.cmake.build:Building CMake package in '/home/charvi/comp0250_s26_labs/courseworks/cw1_world_spawner'
[0.289s] INFO:colcon.colcon_core.plugin_system:Skipping extension 'colcon_core.shell.bat': Not used on non-Windows systems
[0.289s] INFO:colcon.colcon_core.shell:Skip shell extension 'powershell' for command environment: Not usable outside of PowerShell
[0.289s] DEBUG:colcon.colcon_core.shell:Skip shell extension 'dsv' for command environment
[0.292s] INFO:colcon.colcon_ros.task.ament_cmake.build:Building ROS package in '/home/charvi/comp0250_s26_labs/courseworks/panda_moveit_config' with build type 'ament_cmake'
[0.292s] INFO:colcon.colcon_cmake.task.cmake.build:Building CMake package in '/home/charvi/comp0250_s26_labs/courseworks/panda_moveit_config'
[0.292s] INFO:colcon.colcon_core.shell:Skip shell extension 'powershell' for command environment: Not usable outside of PowerShell
[0.292s] DEBUG:colcon.colcon_core.shell:Skip shell extension 'dsv' for command environment
[0.294s] INFO:colcon.colcon_ros.task.ament_cmake.build:Building ROS package in '/home/charvi/comp0250_s26_labs/courseworks/realsense_gazebo_plugin' with build type 'ament_cmake'
[0.295s] INFO:colcon.colcon_cmake.task.cmake.build:Building CMake package in '/home/charvi/comp0250_s26_labs/courseworks/realsense_gazebo_plugin'
[0.295s] INFO:colcon.colcon_core.shell:Skip shell extension 'powershell' for command environment: Not usable outside of PowerShell
[0.295s] DEBUG:colcon.colcon_core.shell:Skip shell extension 'dsv' for command environment
[0.297s] INFO:colcon.colcon_ros.task.ament_cmake.build:Building ROS package in '/home/charvi/comp0250_s26_labs/courseworks/panda_description' with build type 'ament_cmake'
[0.297s] INFO:colcon.colcon_cmake.task.cmake.build:Building CMake package in '/home/charvi/comp0250_s26_labs/courseworks/panda_description'
[0.298s] INFO:colcon.colcon_core.shell:Skip shell extension 'powershell' for command environment: Not usable outside of PowerShell
[0.298s] DEBUG:colcon.colcon_core.shell:Skip shell extension 'dsv' for command environment
[0.314s] DEBUG:colcon.colcon_core.event_handler.log_command:Invoking command in '/home/charvi/comp0250_s26_labs/build/cw1_world_spawner': CMAKE_PREFIX_PATH=/opt/ros/humble /usr/bin/cmake --build /home/charvi/comp0250_s26_labs/build/cw1_world_spawner -- -j12 -l12
[0.316s] DEBUG:colcon.colcon_core.event_handler.log_command:Invoking command in '/home/charvi/comp0250_s26_labs/build/panda_moveit_config': CMAKE_PREFIX_PATH=/opt/ros/humble /usr/bin/cmake --build /home/charvi/comp0250_s26_labs/build/panda_moveit_config -- -j12 -l12
[0.321s] DEBUG:colcon.colcon_core.event_handler.log_command:Invoking command in '/home/charvi/comp0250_s26_labs/build/realsense_gazebo_plugin': CMAKE_PREFIX_PATH=/opt/ros/humble /usr/bin/cmake --build /home/charvi/comp0250_s26_labs/build/realsense_gazebo_plugin -- -j12 -l12
[0.324s] DEBUG:colcon.colcon_core.event_handler.log_command:Invoking command in '/home/charvi/comp0250_s26_labs/build/panda_description': CMAKE_PREFIX_PATH=/opt/ros/humble /usr/bin/cmake --build /home/charvi/comp0250_s26_labs/build/panda_description -- -j12 -l12
[0.351s] DEBUG:colcon.colcon_core.event_handler.log_command:Invoked command in '/home/charvi/comp0250_s26_labs/build/panda_moveit_config' returned '0': CMAKE_PREFIX_PATH=/opt/ros/humble /usr/bin/cmake --build /home/charvi/comp0250_s26_labs/build/panda_moveit_config -- -j12 -l12
[0.370s] DEBUG:colcon.colcon_core.event_handler.log_command:Invoking command in '/home/charvi/comp0250_s26_labs/build/panda_moveit_config': CMAKE_PREFIX_PATH=/opt/ros/humble /usr/bin/cmake --install /home/charvi/comp0250_s26_labs/build/panda_moveit_config
[0.373s] DEBUG:colcon.colcon_core.event_handler.log_command:Invoked command in '/home/charvi/comp0250_s26_labs/build/panda_description' returned '0': CMAKE_PREFIX_PATH=/opt/ros/humble /usr/bin/cmake --build /home/charvi/comp0250_s26_labs/build/panda_description -- -j12 -l12
[0.376s] DEBUG:colcon.colcon_core.event_handler.log_command:Invoking command in '/home/charvi/comp0250_s26_labs/build/panda_description': CMAKE_PREFIX_PATH=/opt/ros/humble /usr/bin/cmake --install /home/charvi/comp0250_s26_labs/build/panda_description
[0.382s] Level 1:colcon.colcon_core.environment:create_environment_scripts_only(panda_moveit_config)
[0.390s] Level 1:colcon.colcon_core.environment:checking '/home/charvi/comp0250_s26_labs/install/panda_moveit_config' for CMake module files
[0.391s] Level 1:colcon.colcon_core.environment:checking '/home/charvi/comp0250_s26_labs/install/panda_moveit_config' for CMake config files
[0.392s] Level 1:colcon.colcon_core.shell:create_environment_hook('panda_moveit_config', 'cmake_prefix_path')
[0.392s] INFO:colcon.colcon_core.shell:Creating environment hook '/home/charvi/comp0250_s26_labs/install/panda_moveit_config/share/panda_moveit_config/hook/cmake_prefix_path.ps1'
[0.393s] INFO:colcon.colcon_core.shell:Creating environment descriptor '/home/charvi/comp0250_s26_labs/install/panda_moveit_config/share/panda_moveit_config/hook/cmake_prefix_path.dsv'
[0.397s] DEBUG:colcon.colcon_core.event_handler.log_command:Invoked command in '/home/charvi/comp0250_s26_labs/build/panda_moveit_config' returned '0': CMAKE_PREFIX_PATH=/opt/ros/humble /usr/bin/cmake --install /home/charvi/comp0250_s26_labs/build/panda_moveit_config
[0.398s] INFO:colcon.colcon_core.shell:Creating environment hook '/home/charvi/comp0250_s26_labs/install/panda_moveit_config/share/panda_moveit_config/hook/cmake_prefix_path.sh'
[0.405s] Level 1:colcon.colcon_core.environment:checking '/home/charvi/comp0250_s26_labs/install/panda_moveit_config/bin'
[0.405s] Level 1:colcon.colcon_core.environment:checking '/home/charvi/comp0250_s26_labs/install/panda_moveit_config/lib/pkgconfig/panda_moveit_config.pc'
[0.405s] Level 1:colcon.colcon_core.environment:checking '/home/charvi/comp0250_s26_labs/install/panda_moveit_config/lib/python3.10/site-packages'
[0.406s] Level 1:colcon.colcon_core.environment:checking '/home/charvi/comp0250_s26_labs/install/panda_moveit_config/bin'
[0.407s] INFO:colcon.colcon_core.shell:Creating package script '/home/charvi/comp0250_s26_labs/install/panda_moveit_config/share/panda_moveit_config/package.ps1'
[0.409s] INFO:colcon.colcon_core.shell:Creating package descriptor '/home/charvi/comp0250_s26_labs/install/panda_moveit_config/share/panda_moveit_config/package.dsv'
[0.411s] INFO:colcon.colcon_core.shell:Creating package script '/home/charvi/comp0250_s26_labs/install/panda_moveit_config/share/panda_moveit_config/package.sh'
[0.413s] INFO:colcon.colcon_core.shell:Creating package script '/home/charvi/comp0250_s26_labs/install/panda_moveit_config/share/panda_moveit_config/package.bash'
[0.415s] INFO:colcon.colcon_core.shell:Creating package script '/home/charvi/comp0250_s26_labs/install/panda_moveit_config/share/panda_moveit_config/package.zsh'
[0.416s] Level 1:colcon.colcon_core.environment:create_file_with_runtime_dependencies(/home/charvi/comp0250_s26_labs/install/panda_moveit_config/share/colcon-core/packages/panda_moveit_config)
[0.417s] Level 1:colcon.colcon_core.environment:create_environment_scripts_only(panda_moveit_config)
[0.417s] Level 1:colcon.colcon_core.environment:checking '/home/charvi/comp0250_s26_labs/install/panda_moveit_config' for CMake module files
[0.418s] Level 1:colcon.colcon_core.environment:checking '/home/charvi/comp0250_s26_labs/install/panda_moveit_config' for CMake config files
[0.418s] Level 1:colcon.colcon_core.shell:create_environment_hook('panda_moveit_config', 'cmake_prefix_path')
[0.419s] INFO:colcon.colcon_core.shell:Creating environment hook '/home/charvi/comp0250_s26_labs/install/panda_moveit_config/share/panda_moveit_config/hook/cmake_prefix_path.ps1'
[0.419s] INFO:colcon.colcon_core.shell:Creating environment descriptor '/home/charvi/comp0250_s26_labs/install/panda_moveit_config/share/panda_moveit_config/hook/cmake_prefix_path.dsv'
[0.420s] INFO:colcon.colcon_core.shell:Creating environment hook '/home/charvi/comp0250_s26_labs/install/panda_moveit_config/share/panda_moveit_config/hook/cmake_prefix_path.sh'
[0.421s] Level 1:colcon.colcon_core.environment:checking '/home/charvi/comp0250_s26_labs/install/panda_moveit_config/bin'
[0.421s] Level 1:colcon.colcon_core.environment:checking '/home/charvi/comp0250_s26_labs/install/panda_moveit_config/lib/pkgconfig/panda_moveit_config.pc'
[0.421s] Level 1:colcon.colcon_core.environment:checking '/home/charvi/comp0250_s26_labs/install/panda_moveit_config/lib/python3.10/site-packages'
[0.422s] Level 1:colcon.colcon_core.environment:checking '/home/charvi/comp0250_s26_labs/install/panda_moveit_config/bin'
[0.423s] INFO:colcon.colcon_core.shell:Creating package script '/home/charvi/comp0250_s26_labs/install/panda_moveit_config/share/panda_moveit_config/package.ps1'
[0.423s] INFO:colcon.colcon_core.shell:Creating package descriptor '/home/charvi/comp0250_s26_labs/install/panda_moveit_config/share/panda_moveit_config/package.dsv'
[0.424s] INFO:colcon.colcon_core.shell:Creating package script '/home/charvi/comp0250_s26_labs/install/panda_moveit_config/share/panda_moveit_config/package.sh'
[0.425s] INFO:colcon.colcon_core.shell:Creating package script '/home/charvi/comp0250_s26_labs/install/panda_moveit_config/share/panda_moveit_config/package.bash'
[0.426s] INFO:colcon.colcon_core.shell:Creating package script '/home/charvi/comp0250_s26_labs/install/panda_moveit_config/share/panda_moveit_config/package.zsh'
[0.426s] Level 1:colcon.colcon_core.environment:create_file_with_runtime_dependencies(/home/charvi/comp0250_s26_labs/install/panda_moveit_config/share/colcon-core/packages/panda_moveit_config)
[0.427s] Level 1:colcon.colcon_core.environment:create_environment_scripts_only(panda_description)
[0.428s] Level 1:colcon.colcon_core.environment:checking '/home/charvi/comp0250_s26_labs/install/panda_description' for CMake module files
[0.430s] DEBUG:colcon.colcon_core.event_handler.log_command:Invoked command in '/home/charvi/comp0250_s26_labs/build/panda_description' returned '0': CMAKE_PREFIX_PATH=/opt/ros/humble /usr/bin/cmake --install /home/charvi/comp0250_s26_labs/build/panda_description
[0.431s] Level 1:colcon.colcon_core.environment:checking '/home/charvi/comp0250_s26_labs/install/panda_description' for CMake config files
[0.431s] Level 1:colcon.colcon_core.shell:create_environment_hook('panda_description', 'cmake_prefix_path')
[0.432s] INFO:colcon.colcon_core.shell:Creating environment hook '/home/charvi/comp0250_s26_labs/install/panda_description/share/panda_description/hook/cmake_prefix_path.ps1'
[0.433s] INFO:colcon.colcon_core.shell:Creating environment descriptor '/home/charvi/comp0250_s26_labs/install/panda_description/share/panda_description/hook/cmake_prefix_path.dsv'
[0.433s] INFO:colcon.colcon_core.shell:Creating environment hook '/home/charvi/comp0250_s26_labs/install/panda_description/share/panda_description/hook/cmake_prefix_path.sh'
[0.434s] Level 1:colcon.colcon_core.environment:checking '/home/charvi/comp0250_s26_labs/install/panda_description/bin'
[0.434s] Level 1:colcon.colcon_core.environment:checking '/home/charvi/comp0250_s26_labs/install/panda_description/lib/pkgconfig/panda_description.pc'
[0.434s] Level 1:colcon.colcon_core.environment:checking '/home/charvi/comp0250_s26_labs/install/panda_description/lib/python3.10/site-packages'
[0.435s] Level 1:colcon.colcon_core.environment:checking '/home/charvi/comp0250_s26_labs/install/panda_description/bin'
[0.436s] INFO:colcon.colcon_core.shell:Creating package script '/home/charvi/comp0250_s26_labs/install/panda_description/share/panda_description/package.ps1'
[0.437s] INFO:colcon.colcon_core.shell:Creating package descriptor '/home/charvi/comp0250_s26_labs/install/panda_description/share/panda_description/package.dsv'
[0.437s] INFO:colcon.colcon_core.shell:Creating package script '/home/charvi/comp0250_s26_labs/install/panda_description/share/panda_description/package.sh'
[0.438s] INFO:colcon.colcon_core.shell:Creating package script '/home/charvi/comp0250_s26_labs/install/panda_description/share/panda_description/package.bash'
[0.439s] INFO:colcon.colcon_core.shell:Creating package script '/home/charvi/comp0250_s26_labs/install/panda_description/share/panda_description/package.zsh'
[0.439s] Level 1:colcon.colcon_core.environment:create_file_with_runtime_dependencies(/home/charvi/comp0250_s26_labs/install/panda_description/share/colcon-core/packages/panda_description)
[0.440s] Level 1:colcon.colcon_core.environment:create_environment_scripts_only(panda_description)
[0.440s] Level 1:colcon.colcon_core.environment:checking '/home/charvi/comp0250_s26_labs/install/panda_description' for CMake module files
[0.441s] Level 1:colcon.colcon_core.environment:checking '/home/charvi/comp0250_s26_labs/install/panda_description' for CMake config files
[0.442s] Level 1:colcon.colcon_core.shell:create_environment_hook('panda_description', 'cmake_prefix_path')
[0.442s] INFO:colcon.colcon_core.shell:Creating environment hook '/home/charvi/comp0250_s26_labs/install/panda_description/share/panda_description/hook/cmake_prefix_path.ps1'
[0.443s] INFO:colcon.colcon_core.shell:Creating environment descriptor '/home/charvi/comp0250_s26_labs/install/panda_description/share/panda_description/hook/cmake_prefix_path.dsv'
[0.443s] INFO:colcon.colcon_core.shell:Creating environment hook '/home/charvi/comp0250_s26_labs/install/panda_description/share/panda_description/hook/cmake_prefix_path.sh'
[0.444s] Level 1:colcon.colcon_core.environment:checking '/home/charvi/comp0250_s26_labs/install/panda_description/bin'
[0.444s] Level 1:colcon.colcon_core.environment:checking '/home/charvi/comp0250_s26_labs/install/panda_description/lib/pkgconfig/panda_description.pc'
[0.445s] Level 1:colcon.colcon_core.environment:checking '/home/charvi/comp0250_s26_labs/install/panda_description/lib/python3.10/site-packages'
[0.445s] Level 1:colcon.colcon_core.environment:checking '/home/charvi/comp0250_s26_labs/install/panda_description/bin'
[0.446s] INFO:colcon.colcon_core.shell:Creating package script '/home/charvi/comp0250_s26_labs/install/panda_description/share/panda_description/package.ps1'
[0.447s] INFO:colcon.colcon_core.shell:Creating package descriptor '/home/charvi/comp0250_s26_labs/install/panda_description/share/panda_description/package.dsv'
[0.448s] INFO:colcon.colcon_core.shell:Creating package script '/home/charvi/comp0250_s26_labs/install/panda_description/share/panda_description/package.sh'
[0.449s] INFO:colcon.colcon_core.shell:Creating package script '/home/charvi/comp0250_s26_labs/install/panda_description/share/panda_description/package.bash'
[0.450s] INFO:colcon.colcon_core.shell:Creating package script '/home/charvi/comp0250_s26_labs/install/panda_description/share/panda_description/package.zsh'
[0.451s] Level 1:colcon.colcon_core.environment:create_file_with_runtime_dependencies(/home/charvi/comp0250_s26_labs/install/panda_description/share/colcon-core/packages/panda_description)
[0.453s] DEBUG:colcon.colcon_core.event_handler.log_command:Invoked command in '/home/charvi/comp0250_s26_labs/build/realsense_gazebo_plugin' returned '0': CMAKE_PREFIX_PATH=/opt/ros/humble /usr/bin/cmake --build /home/charvi/comp0250_s26_labs/build/realsense_gazebo_plugin -- -j12 -l12
[0.456s] DEBUG:colcon.colcon_core.event_handler.log_command:Invoking command in '/home/charvi/comp0250_s26_labs/build/realsense_gazebo_plugin': CMAKE_PREFIX_PATH=/opt/ros/humble /usr/bin/cmake --install /home/charvi/comp0250_s26_labs/build/realsense_gazebo_plugin
[0.468s] Level 1:colcon.colcon_core.environment:create_environment_scripts_only(realsense_gazebo_plugin)
[0.469s] Level 1:colcon.colcon_core.environment:checking '/home/charvi/comp0250_s26_labs/install/realsense_gazebo_plugin' for CMake module files
[0.470s] Level 1:colcon.colcon_core.environment:checking '/home/charvi/comp0250_s26_labs/install/realsense_gazebo_plugin' for CMake config files
[0.471s] DEBUG:colcon.colcon_core.event_handler.log_command:Invoked command in '/home/charvi/comp0250_s26_labs/build/realsense_gazebo_plugin' returned '0': CMAKE_PREFIX_PATH=/opt/ros/humble /usr/bin/cmake --install /home/charvi/comp0250_s26_labs/build/realsense_gazebo_plugin
[0.471s] Level 1:colcon.colcon_core.shell:create_environment_hook('realsense_gazebo_plugin', 'cmake_prefix_path')
[0.471s] INFO:colcon.colcon_core.shell:Creating environment hook '/home/charvi/comp0250_s26_labs/install/realsense_gazebo_plugin/share/realsense_gazebo_plugin/hook/cmake_prefix_path.ps1'
[0.471s] INFO:colcon.colcon_core.shell:Creating environment descriptor '/home/charvi/comp0250_s26_labs/install/realsense_gazebo_plugin/share/realsense_gazebo_plugin/hook/cmake_prefix_path.dsv'
[0.472s] INFO:colcon.colcon_core.shell:Creating environment hook '/home/charvi/comp0250_s26_labs/install/realsense_gazebo_plugin/share/realsense_gazebo_plugin/hook/cmake_prefix_path.sh'
[0.472s] Level 1:colcon.colcon_core.environment:checking '/home/charvi/comp0250_s26_labs/install/realsense_gazebo_plugin/lib'
[0.473s] Level 1:colcon.colcon_core.shell:create_environment_hook('realsense_gazebo_plugin', 'ld_library_path_lib')
[0.473s] INFO:colcon.colcon_core.shell:Creating environment hook '/home/charvi/comp0250_s26_labs/install/realsense_gazebo_plugin/share/realsense_gazebo_plugin/hook/ld_library_path_lib.ps1'
[0.473s] INFO:colcon.colcon_core.shell:Creating environment descriptor '/home/charvi/comp0250_s26_labs/install/realsense_gazebo_plugin/share/realsense_gazebo_plugin/hook/ld_library_path_lib.dsv'
[0.474s] INFO:colcon.colcon_core.shell:Creating environment hook '/home/charvi/comp0250_s26_labs/install/realsense_gazebo_plugin/share/realsense_gazebo_plugin/hook/ld_library_path_lib.sh'
[0.474s] Level 1:colcon.colcon_core.environment:checking '/home/charvi/comp0250_s26_labs/install/realsense_gazebo_plugin/bin'
[0.474s] Level 1:colcon.colcon_core.environment:checking '/home/charvi/comp0250_s26_labs/install/realsense_gazebo_plugin/lib/pkgconfig/realsense_gazebo_plugin.pc'
[0.474s] Level 1:colcon.colcon_core.environment:checking '/home/charvi/comp0250_s26_labs/install/realsense_gazebo_plugin/lib/python3.10/site-packages'
[0.475s] Level 1:colcon.colcon_core.environment:checking '/home/charvi/comp0250_s26_labs/install/realsense_gazebo_plugin/bin'
[0.475s] INFO:colcon.colcon_core.shell:Creating package script '/home/charvi/comp0250_s26_labs/install/realsense_gazebo_plugin/share/realsense_gazebo_plugin/package.ps1'
[0.475s] INFO:colcon.colcon_core.shell:Creating package descriptor '/home/charvi/comp0250_s26_labs/install/realsense_gazebo_plugin/share/realsense_gazebo_plugin/package.dsv'
[0.476s] INFO:colcon.colcon_core.shell:Creating package script '/home/charvi/comp0250_s26_labs/install/realsense_gazebo_plugin/share/realsense_gazebo_plugin/package.sh'
[0.476s] INFO:colcon.colcon_core.shell:Creating package script '/home/charvi/comp0250_s26_labs/install/realsense_gazebo_plugin/share/realsense_gazebo_plugin/package.bash'
[0.477s] INFO:colcon.colcon_core.shell:Creating package script '/home/charvi/comp0250_s26_labs/install/realsense_gazebo_plugin/share/realsense_gazebo_plugin/package.zsh'
[0.477s] Level 1:colcon.colcon_core.environment:create_file_with_runtime_dependencies(/home/charvi/comp0250_s26_labs/install/realsense_gazebo_plugin/share/colcon-core/packages/realsense_gazebo_plugin)
[0.478s] Level 1:colcon.colcon_core.environment:create_environment_scripts_only(realsense_gazebo_plugin)
[0.478s] Level 1:colcon.colcon_core.environment:checking '/home/charvi/comp0250_s26_labs/install/realsense_gazebo_plugin' for CMake module files
[0.478s] Level 1:colcon.colcon_core.environment:checking '/home/charvi/comp0250_s26_labs/install/realsense_gazebo_plugin' for CMake config files
[0.479s] Level 1:colcon.colcon_core.shell:create_environment_hook('realsense_gazebo_plugin', 'cmake_prefix_path')
[0.479s] INFO:colcon.colcon_core.shell:Creating environment hook '/home/charvi/comp0250_s26_labs/install/realsense_gazebo_plugin/share/realsense_gazebo_plugin/hook/cmake_prefix_path.ps1'
[0.479s] INFO:colcon.colcon_core.shell:Creating environment descriptor '/home/charvi/comp0250_s26_labs/install/realsense_gazebo_plugin/share/realsense_gazebo_plugin/hook/cmake_prefix_path.dsv'
[0.480s] INFO:colcon.colcon_core.shell:Creating environment hook '/home/charvi/comp0250_s26_labs/install/realsense_gazebo_plugin/share/realsense_gazebo_plugin/hook/cmake_prefix_path.sh'
[0.480s] Level 1:colcon.colcon_core.environment:checking '/home/charvi/comp0250_s26_labs/install/realsense_gazebo_plugin/lib'
[0.480s] Level 1:colcon.colcon_core.shell:create_environment_hook('realsense_gazebo_plugin', 'ld_library_path_lib')
[0.480s] INFO:colcon.colcon_core.shell:Creating environment hook '/home/charvi/comp0250_s26_labs/install/realsense_gazebo_plugin/share/realsense_gazebo_plugin/hook/ld_library_path_lib.ps1'
[0.481s] INFO:colcon.colcon_core.shell:Creating environment descriptor '/home/charvi/comp0250_s26_labs/install/realsense_gazebo_plugin/share/realsense_gazebo_plugin/hook/ld_library_path_lib.dsv'
[0.481s] INFO:colcon.colcon_core.shell:Creating environment hook '/home/charvi/comp0250_s26_labs/install/realsense_gazebo_plugin/share/realsense_gazebo_plugin/hook/ld_library_path_lib.sh'
[0.482s] Level 1:colcon.colcon_core.environment:checking '/home/charvi/comp0250_s26_labs/install/realsense_gazebo_plugin/bin'
[0.482s] Level 1:colcon.colcon_core.environment:checking '/home/charvi/comp0250_s26_labs/install/realsense_gazebo_plugin/lib/pkgconfig/realsense_gazebo_plugin.pc'
[0.482s] Level 1:colcon.colcon_core.environment:checking '/home/charvi/comp0250_s26_labs/install/realsense_gazebo_plugin/lib/python3.10/site-packages'
[0.482s] Level 1:colcon.colcon_core.environment:checking '/home/charvi/comp0250_s26_labs/install/realsense_gazebo_plugin/bin'
[0.483s] INFO:colcon.colcon_core.shell:Creating package script '/home/charvi/comp0250_s26_labs/install/realsense_gazebo_plugin/share/realsense_gazebo_plugin/package.ps1'
[0.483s] INFO:colcon.colcon_core.shell:Creating package descriptor '/home/charvi/comp0250_s26_labs/install/realsense_gazebo_plugin/share/realsense_gazebo_plugin/package.dsv'
[0.484s] INFO:colcon.colcon_core.shell:Creating package script '/home/charvi/comp0250_s26_labs/install/realsense_gazebo_plugin/share/realsense_gazebo_plugin/package.sh'
[0.484s] INFO:colcon.colcon_core.shell:Creating package script '/home/charvi/comp0250_s26_labs/install/realsense_gazebo_plugin/share/realsense_gazebo_plugin/package.bash'
[0.485s] INFO:colcon.colcon_core.shell:Creating package script '/home/charvi/comp0250_s26_labs/install/realsense_gazebo_plugin/share/realsense_gazebo_plugin/package.zsh'
[0.485s] Level 1:colcon.colcon_core.environment:create_file_with_runtime_dependencies(/home/charvi/comp0250_s26_labs/install/realsense_gazebo_plugin/share/colcon-core/packages/realsense_gazebo_plugin)
[0.486s] INFO:colcon.colcon_ros.task.ament_cmake.build:Building ROS package in '/home/charvi/comp0250_s26_labs/courseworks/rpl_panda_with_rs' with build type 'ament_cmake'
[0.486s] INFO:colcon.colcon_cmake.task.cmake.build:Building CMake package in '/home/charvi/comp0250_s26_labs/courseworks/rpl_panda_with_rs'
[0.486s] INFO:colcon.colcon_core.shell:Skip shell extension 'powershell' for command environment: Not usable outside of PowerShell
[0.486s] DEBUG:colcon.colcon_core.shell:Skip shell extension 'dsv' for command environment
[0.500s] DEBUG:colcon.colcon_core.event_handler.log_command:Invoking command in '/home/charvi/comp0250_s26_labs/build/rpl_panda_with_rs': AMENT_PREFIX_PATH=/home/charvi/comp0250_s26_labs/install/realsense_gazebo_plugin:/home/charvi/comp0250_s26_labs/install/panda_moveit_config:${AMENT_PREFIX_PATH} CMAKE_PREFIX_PATH=/home/charvi/comp0250_s26_labs/install/realsense_gazebo_plugin:/home/charvi/comp0250_s26_labs/install/panda_moveit_config:/opt/ros/humble LD_LIBRARY_PATH=/home/charvi/comp0250_s26_labs/install/realsense_gazebo_plugin/lib:${LD_LIBRARY_PATH} /usr/bin/cmake --build /home/charvi/comp0250_s26_labs/build/rpl_panda_with_rs -- -j12 -l12
[0.544s] DEBUG:colcon.colcon_core.event_handler.log_command:Invoked command in '/home/charvi/comp0250_s26_labs/build/rpl_panda_with_rs' returned '0': AMENT_PREFIX_PATH=/home/charvi/comp0250_s26_labs/install/realsense_gazebo_plugin:/home/charvi/comp0250_s26_labs/install/panda_moveit_config:${AMENT_PREFIX_PATH} CMAKE_PREFIX_PATH=/home/charvi/comp0250_s26_labs/install/realsense_gazebo_plugin:/home/charvi/comp0250_s26_labs/install/panda_moveit_config:/opt/ros/humble LD_LIBRARY_PATH=/home/charvi/comp0250_s26_labs/install/realsense_gazebo_plugin/lib:${LD_LIBRARY_PATH} /usr/bin/cmake --build /home/charvi/comp0250_s26_labs/build/rpl_panda_with_rs -- -j12 -l12
[0.546s] DEBUG:colcon.colcon_core.event_handler.log_command:Invoking command in '/home/charvi/comp0250_s26_labs/build/rpl_panda_with_rs': AMENT_PREFIX_PATH=/home/charvi/comp0250_s26_labs/install/realsense_gazebo_plugin:/home/charvi/comp0250_s26_labs/install/panda_moveit_config:${AMENT_PREFIX_PATH} CMAKE_PREFIX_PATH=/home/charvi/comp0250_s26_labs/install/realsense_gazebo_plugin:/home/charvi/comp0250_s26_labs/install/panda_moveit_config:/opt/ros/humble LD_LIBRARY_PATH=/home/charvi/comp0250_s26_labs/install/realsense_gazebo_plugin/lib:${LD_LIBRARY_PATH} /usr/bin/cmake --install /home/charvi/comp0250_s26_labs/build/rpl_panda_with_rs
[0.558s] Level 1:colcon.colcon_core.environment:create_environment_scripts_only(rpl_panda_with_rs)
[0.559s] Level 1:colcon.colcon_core.environment:checking '/home/charvi/comp0250_s26_labs/install/rpl_panda_with_rs' for CMake module files
[0.560s] Level 1:colcon.colcon_core.environment:checking '/home/charvi/comp0250_s26_labs/install/rpl_panda_with_rs' for CMake config files
[0.561s] Level 1:colcon.colcon_core.shell:create_environment_hook('rpl_panda_with_rs', 'cmake_prefix_path')
[0.561s] INFO:colcon.colcon_core.shell:Creating environment hook '/home/charvi/comp0250_s26_labs/install/rpl_panda_with_rs/share/rpl_panda_with_rs/hook/cmake_prefix_path.ps1'
[0.561s] DEBUG:colcon.colcon_core.event_handler.log_command:Invoked command in '/home/charvi/comp0250_s26_labs/build/rpl_panda_with_rs' returned '0': AMENT_PREFIX_PATH=/home/charvi/comp0250_s26_labs/install/realsense_gazebo_plugin:/home/charvi/comp0250_s26_labs/install/panda_moveit_config:${AMENT_PREFIX_PATH} CMAKE_PREFIX_PATH=/home/charvi/comp0250_s26_labs/install/realsense_gazebo_plugin:/home/charvi/comp0250_s26_labs/install/panda_moveit_config:/opt/ros/humble LD_LIBRARY_PATH=/home/charvi/comp0250_s26_labs/install/realsense_gazebo_plugin/lib:${LD_LIBRARY_PATH} /usr/bin/cmake --install /home/charvi/comp0250_s26_labs/build/rpl_panda_with_rs
[0.562s] INFO:colcon.colcon_core.shell:Creating environment descriptor '/home/charvi/comp0250_s26_labs/install/rpl_panda_with_rs/share/rpl_panda_with_rs/hook/cmake_prefix_path.dsv'
[0.562s] INFO:colcon.colcon_core.shell:Creating environment hook '/home/charvi/comp0250_s26_labs/install/rpl_panda_with_rs/share/rpl_panda_with_rs/hook/cmake_prefix_path.sh'
[0.563s] Level 1:colcon.colcon_core.environment:checking '/home/charvi/comp0250_s26_labs/install/rpl_panda_with_rs/lib'
[0.563s] Level 1:colcon.colcon_core.environment:checking '/home/charvi/comp0250_s26_labs/install/rpl_panda_with_rs/bin'
[0.563s] Level 1:colcon.colcon_core.environment:checking '/home/charvi/comp0250_s26_labs/install/rpl_panda_with_rs/lib/pkgconfig/rpl_panda_with_rs.pc'
[0.563s] Level 1:colcon.colcon_core.environment:checking '/home/charvi/comp0250_s26_labs/install/rpl_panda_with_rs/lib/python3.10/site-packages'
[0.564s] Level 1:colcon.colcon_core.environment:checking '/home/charvi/comp0250_s26_labs/install/rpl_panda_with_rs/bin'
[0.564s] INFO:colcon.colcon_core.shell:Creating package script '/home/charvi/comp0250_s26_labs/install/rpl_panda_with_rs/share/rpl_panda_with_rs/package.ps1'
[0.564s] INFO:colcon.colcon_core.shell:Creating package descriptor '/home/charvi/comp0250_s26_labs/install/rpl_panda_with_rs/share/rpl_panda_with_rs/package.dsv'
[0.565s] INFO:colcon.colcon_core.shell:Creating package script '/home/charvi/comp0250_s26_labs/install/rpl_panda_with_rs/share/rpl_panda_with_rs/package.sh'
[0.565s] INFO:colcon.colcon_core.shell:Creating package script '/home/charvi/comp0250_s26_labs/install/rpl_panda_with_rs/share/rpl_panda_with_rs/package.bash'
[0.565s] INFO:colcon.colcon_core.shell:Creating package script '/home/charvi/comp0250_s26_labs/install/rpl_panda_with_rs/share/rpl_panda_with_rs/package.zsh'
[0.566s] Level 1:colcon.colcon_core.environment:create_file_with_runtime_dependencies(/home/charvi/comp0250_s26_labs/install/rpl_panda_with_rs/share/colcon-core/packages/rpl_panda_with_rs)
[0.566s] Level 1:colcon.colcon_core.environment:create_environment_scripts_only(rpl_panda_with_rs)
[0.567s] Level 1:colcon.colcon_core.environment:checking '/home/charvi/comp0250_s26_labs/install/rpl_panda_with_rs' for CMake module files
[0.567s] Level 1:colcon.colcon_core.environment:checking '/home/charvi/comp0250_s26_labs/install/rpl_panda_with_rs' for CMake config files
[0.567s] Level 1:colcon.colcon_core.shell:create_environment_hook('rpl_panda_with_rs', 'cmake_prefix_path')
[0.567s] INFO:colcon.colcon_core.shell:Creating environment hook '/home/charvi/comp0250_s26_labs/install/rpl_panda_with_rs/share/rpl_panda_with_rs/hook/cmake_prefix_path.ps1'
[0.568s] INFO:colcon.colcon_core.shell:Creating environment descriptor '/home/charvi/comp0250_s26_labs/install/rpl_panda_with_rs/share/rpl_panda_with_rs/hook/cmake_prefix_path.dsv'
[0.568s] INFO:colcon.colcon_core.shell:Creating environment hook '/home/charvi/comp0250_s26_labs/install/rpl_panda_with_rs/share/rpl_panda_with_rs/hook/cmake_prefix_path.sh'
[0.569s] Level 1:colcon.colcon_core.environment:checking '/home/charvi/comp0250_s26_labs/install/rpl_panda_with_rs/lib'
[0.569s] Level 1:colcon.colcon_core.environment:checking '/home/charvi/comp0250_s26_labs/install/rpl_panda_with_rs/bin'
[0.569s] Level 1:colcon.colcon_core.environment:checking '/home/charvi/comp0250_s26_labs/install/rpl_panda_with_rs/lib/pkgconfig/rpl_panda_with_rs.pc'
[0.569s] Level 1:colcon.colcon_core.environment:checking '/home/charvi/comp0250_s26_labs/install/rpl_panda_with_rs/lib/python3.10/site-packages'
[0.569s] Level 1:colcon.colcon_core.environment:checking '/home/charvi/comp0250_s26_labs/install/rpl_panda_with_rs/bin'
[0.570s] INFO:colcon.colcon_core.shell:Creating package script '/home/charvi/comp0250_s26_labs/install/rpl_panda_with_rs/share/rpl_panda_with_rs/package.ps1'
[0.570s] INFO:colcon.colcon_core.shell:Creating package descriptor '/home/charvi/comp0250_s26_labs/install/rpl_panda_with_rs/share/rpl_panda_with_rs/package.dsv'
[0.571s] INFO:colcon.colcon_core.shell:Creating package script '/home/charvi/comp0250_s26_labs/install/rpl_panda_with_rs/share/rpl_panda_with_rs/package.sh'
[0.571s] INFO:colcon.colcon_core.shell:Creating package script '/home/charvi/comp0250_s26_labs/install/rpl_panda_with_rs/share/rpl_panda_with_rs/package.bash'
[0.571s] INFO:colcon.colcon_core.shell:Creating package script '/home/charvi/comp0250_s26_labs/install/rpl_panda_with_rs/share/rpl_panda_with_rs/package.zsh'
[0.572s] Level 1:colcon.colcon_core.environment:create_file_with_runtime_dependencies(/home/charvi/comp0250_s26_labs/install/rpl_panda_with_rs/share/colcon-core/packages/rpl_panda_with_rs)
[0.825s] DEBUG:colcon.colcon_core.event_handler.log_command:Invoked command in '/home/charvi/comp0250_s26_labs/build/cw1_world_spawner' returned '0': CMAKE_PREFIX_PATH=/opt/ros/humble /usr/bin/cmake --build /home/charvi/comp0250_s26_labs/build/cw1_world_spawner -- -j12 -l12
[0.826s] DEBUG:colcon.colcon_core.event_handler.log_command:Invoking command in '/home/charvi/comp0250_s26_labs/build/cw1_world_spawner': CMAKE_PREFIX_PATH=/opt/ros/humble /usr/bin/cmake --install /home/charvi/comp0250_s26_labs/build/cw1_world_spawner
[1.032s] Level 1:colcon.colcon_core.environment:create_environment_scripts_only(cw1_world_spawner)
[1.033s] Level 1:colcon.colcon_core.environment:checking '/home/charvi/comp0250_s26_labs/install/cw1_world_spawner' for CMake module files
[1.047s] Level 1:colcon.colcon_core.environment:checking '/home/charvi/comp0250_s26_labs/install/cw1_world_spawner' for CMake config files
[1.058s] DEBUG:colcon.colcon_core.event_handler.log_command:Invoked command in '/home/charvi/comp0250_s26_labs/build/cw1_world_spawner' returned '0': CMAKE_PREFIX_PATH=/opt/ros/humble /usr/bin/cmake --install /home/charvi/comp0250_s26_labs/build/cw1_world_spawner
[1.059s] Level 1:colcon.colcon_core.shell:create_environment_hook('cw1_world_spawner', 'cmake_prefix_path')
[1.060s] INFO:colcon.colcon_core.shell:Creating environment hook '/home/charvi/comp0250_s26_labs/install/cw1_world_spawner/share/cw1_world_spawner/hook/cmake_prefix_path.ps1'
[1.061s] INFO:colcon.colcon_core.shell:Creating environment descriptor '/home/charvi/comp0250_s26_labs/install/cw1_world_spawner/share/cw1_world_spawner/hook/cmake_prefix_path.dsv'
[1.063s] INFO:colcon.colcon_core.shell:Creating environment hook '/home/charvi/comp0250_s26_labs/install/cw1_world_spawner/share/cw1_world_spawner/hook/cmake_prefix_path.sh'
[1.066s] Level 1:colcon.colcon_core.environment:checking '/home/charvi/comp0250_s26_labs/install/cw1_world_spawner/lib'
[1.066s] Level 1:colcon.colcon_core.shell:create_environment_hook('cw1_world_spawner', 'ld_library_path_lib')
[1.068s] INFO:colcon.colcon_core.shell:Creating environment hook '/home/charvi/comp0250_s26_labs/install/cw1_world_spawner/share/cw1_world_spawner/hook/ld_library_path_lib.ps1'
[1.070s] INFO:colcon.colcon_core.shell:Creating environment descriptor '/home/charvi/comp0250_s26_labs/install/cw1_world_spawner/share/cw1_world_spawner/hook/ld_library_path_lib.dsv'
[1.072s] INFO:colcon.colcon_core.shell:Creating environment hook '/home/charvi/comp0250_s26_labs/install/cw1_world_spawner/share/cw1_world_spawner/hook/ld_library_path_lib.sh'
[1.074s] Level 1:colcon.colcon_core.environment:checking '/home/charvi/comp0250_s26_labs/install/cw1_world_spawner/bin'
[1.075s] Level 1:colcon.colcon_core.environment:checking '/home/charvi/comp0250_s26_labs/install/cw1_world_spawner/lib/pkgconfig/cw1_world_spawner.pc'
[1.076s] Level 1:colcon.colcon_core.environment:checking '/home/charvi/comp0250_s26_labs/install/cw1_world_spawner/lib/python3.10/site-packages'
[1.079s] Level 1:colcon.colcon_core.environment:checking '/home/charvi/comp0250_s26_labs/install/cw1_world_spawner/bin'
[1.081s] INFO:colcon.colcon_core.shell:Creating package script '/home/charvi/comp0250_s26_labs/install/cw1_world_spawner/share/cw1_world_spawner/package.ps1'
[1.083s] INFO:colcon.colcon_core.shell:Creating package descriptor '/home/charvi/comp0250_s26_labs/install/cw1_world_spawner/share/cw1_world_spawner/package.dsv'
[1.085s] INFO:colcon.colcon_core.shell:Creating package script '/home/charvi/comp0250_s26_labs/install/cw1_world_spawner/share/cw1_world_spawner/package.sh'
[1.087s] INFO:colcon.colcon_core.shell:Creating package script '/home/charvi/comp0250_s26_labs/install/cw1_world_spawner/share/cw1_world_spawner/package.bash'
[1.088s] INFO:colcon.colcon_core.shell:Creating package script '/home/charvi/comp0250_s26_labs/install/cw1_world_spawner/share/cw1_world_spawner/package.zsh'
[1.090s] Level 1:colcon.colcon_core.environment:create_file_with_runtime_dependencies(/home/charvi/comp0250_s26_labs/install/cw1_world_spawner/share/colcon-core/packages/cw1_world_spawner)
[1.092s] Level 1:colcon.colcon_core.environment:create_environment_scripts_only(cw1_world_spawner)
[1.093s] Level 1:colcon.colcon_core.environment:checking '/home/charvi/comp0250_s26_labs/install/cw1_world_spawner' for CMake module files
[1.095s] Level 1:colcon.colcon_core.environment:checking '/home/charvi/comp0250_s26_labs/install/cw1_world_spawner' for CMake config files
[1.097s] Level 1:colcon.colcon_core.shell:create_environment_hook('cw1_world_spawner', 'cmake_prefix_path')
[1.098s] INFO:colcon.colcon_core.shell:Creating environment hook '/home/charvi/comp0250_s26_labs/install/cw1_world_spawner/share/cw1_world_spawner/hook/cmake_prefix_path.ps1'
[1.099s] INFO:colcon.colcon_core.shell:Creating environment descriptor '/home/charvi/comp0250_s26_labs/install/cw1_world_spawner/share/cw1_world_spawner/hook/cmake_prefix_path.dsv'
[1.101s] INFO:colcon.colcon_core.shell:Creating environment hook '/home/charvi/comp0250_s26_labs/install/cw1_world_spawner/share/cw1_world_spawner/hook/cmake_prefix_path.sh'
[1.103s] Level 1:colcon.colcon_core.environment:checking '/home/charvi/comp0250_s26_labs/install/cw1_world_spawner/lib'
[1.104s] Level 1:colcon.colcon_core.shell:create_environment_hook('cw1_world_spawner', 'ld_library_path_lib')
[1.105s] INFO:colcon.colcon_core.shell:Creating environment hook '/home/charvi/comp0250_s26_labs/install/cw1_world_spawner/share/cw1_world_spawner/hook/ld_library_path_lib.ps1'
[1.106s] INFO:colcon.colcon_core.shell:Creating environment descriptor '/home/charvi/comp0250_s26_labs/install/cw1_world_spawner/share/cw1_world_spawner/hook/ld_library_path_lib.dsv'
[1.108s] INFO:colcon.colcon_core.shell:Creating environment hook '/home/charvi/comp0250_s26_labs/install/cw1_world_spawner/share/cw1_world_spawner/hook/ld_library_path_lib.sh'
[1.110s] Level 1:colcon.colcon_core.environment:checking '/home/charvi/comp0250_s26_labs/install/cw1_world_spawner/bin'
[1.110s] Level 1:colcon.colcon_core.environment:checking '/home/charvi/comp0250_s26_labs/install/cw1_world_spawner/lib/pkgconfig/cw1_world_spawner.pc'
[1.111s] Level 1:colcon.colcon_core.environment:checking '/home/charvi/comp0250_s26_labs/install/cw1_world_spawner/lib/python3.10/site-packages'
[1.113s] Level 1:colcon.colcon_core.environment:checking '/home/charvi/comp0250_s26_labs/install/cw1_world_spawner/bin'
[1.114s] INFO:colcon.colcon_core.shell:Creating package script '/home/charvi/comp0250_s26_labs/install/cw1_world_spawner/share/cw1_world_spawner/package.ps1'
[1.116s] INFO:colcon.colcon_core.shell:Creating package descriptor '/home/charvi/comp0250_s26_labs/install/cw1_world_spawner/share/cw1_world_spawner/package.dsv'
[1.119s] INFO:colcon.colcon_core.shell:Creating package script '/home/charvi/comp0250_s26_labs/install/cw1_world_spawner/share/cw1_world_spawner/package.sh'
[1.122s] INFO:colcon.colcon_core.shell:Creating package script '/home/charvi/comp0250_s26_labs/install/cw1_world_spawner/share/cw1_world_spawner/package.bash'
[1.124s] INFO:colcon.colcon_core.shell:Creating package script '/home/charvi/comp0250_s26_labs/install/cw1_world_spawner/share/cw1_world_spawner/package.zsh'
[1.126s] Level 1:colcon.colcon_core.environment:create_file_with_runtime_dependencies(/home/charvi/comp0250_s26_labs/install/cw1_world_spawner/share/colcon-core/packages/cw1_world_spawner)
[1.127s] INFO:colcon.colcon_ros.task.ament_cmake.build:Building ROS package in '/home/charvi/comp0250_s26_labs/courseworks/cw1_team_30' with build type 'ament_cmake'
[1.128s] INFO:colcon.colcon_cmake.task.cmake.build:Building CMake package in '/home/charvi/comp0250_s26_labs/courseworks/cw1_team_30'
[1.128s] INFO:colcon.colcon_core.shell:Skip shell extension 'powershell' for command environment: Not usable outside of PowerShell
[1.129s] DEBUG:colcon.colcon_core.shell:Skip shell extension 'dsv' for command environment
[1.169s] DEBUG:colcon.colcon_core.event_handler.log_command:Invoking command in '/home/charvi/comp0250_s26_labs/build/cw1_team_30': AMENT_PREFIX_PATH=/home/charvi/comp0250_s26_labs/install/cw1_world_spawner:${AMENT_PREFIX_PATH} CMAKE_PREFIX_PATH=/home/charvi/comp0250_s26_labs/install/cw1_world_spawner:/opt/ros/humble LD_LIBRARY_PATH=/home/charvi/comp0250_s26_labs/install/cw1_world_spawner/lib:${LD_LIBRARY_PATH} PYTHONPATH=/home/charvi/comp0250_s26_labs/install/cw1_world_spawner/local/lib/python3.10/dist-packages:${PYTHONPATH} /usr/bin/cmake --build /home/charvi/comp0250_s26_labs/build/cw1_team_30 -- -j12 -l12
[14.097s] DEBUG:colcon.colcon_core.event_handler.log_command:Invoked command in '/home/charvi/comp0250_s26_labs/build/cw1_team_30' returned '2': AMENT_PREFIX_PATH=/home/charvi/comp0250_s26_labs/install/cw1_world_spawner:${AMENT_PREFIX_PATH} CMAKE_PREFIX_PATH=/home/charvi/comp0250_s26_labs/install/cw1_world_spawner:/opt/ros/humble LD_LIBRARY_PATH=/home/charvi/comp0250_s26_labs/install/cw1_world_spawner/lib:${LD_LIBRARY_PATH} PYTHONPATH=/home/charvi/comp0250_s26_labs/install/cw1_world_spawner/local/lib/python3.10/dist-packages:${PYTHONPATH} /usr/bin/cmake --build /home/charvi/comp0250_s26_labs/build/cw1_team_30 -- -j12 -l12
[14.098s] Level 1:colcon.colcon_core.environment:create_environment_scripts_only(cw1_team_30)
[14.098s] Level 1:colcon.colcon_core.environment:checking '/home/charvi/comp0250_s26_labs/install/cw1_team_30' for CMake module files
[14.098s] Level 1:colcon.colcon_core.environment:checking '/home/charvi/comp0250_s26_labs/install/cw1_team_30' for CMake config files
[14.099s] Level 1:colcon.colcon_core.shell:create_environment_hook('cw1_team_30', 'cmake_prefix_path')
[14.099s] INFO:colcon.colcon_core.shell:Creating environment hook '/home/charvi/comp0250_s26_labs/install/cw1_team_30/share/cw1_team_30/hook/cmake_prefix_path.ps1'
[14.099s] INFO:colcon.colcon_core.shell:Creating environment descriptor '/home/charvi/comp0250_s26_labs/install/cw1_team_30/share/cw1_team_30/hook/cmake_prefix_path.dsv'
[14.100s] INFO:colcon.colcon_core.shell:Creating environment hook '/home/charvi/comp0250_s26_labs/install/cw1_team_30/share/cw1_team_30/hook/cmake_prefix_path.sh'
[14.100s] Level 1:colcon.colcon_core.environment:checking '/home/charvi/comp0250_s26_labs/install/cw1_team_30/lib'
[14.100s] Level 1:colcon.colcon_core.shell:create_environment_hook('cw1_team_30', 'ld_library_path_lib')
[14.100s] INFO:colcon.colcon_core.shell:Creating environment hook '/home/charvi/comp0250_s26_labs/install/cw1_team_30/share/cw1_team_30/hook/ld_library_path_lib.ps1'
[14.101s] INFO:colcon.colcon_core.shell:Creating environment descriptor '/home/charvi/comp0250_s26_labs/install/cw1_team_30/share/cw1_team_30/hook/ld_library_path_lib.dsv'
[14.101s] INFO:colcon.colcon_core.shell:Creating environment hook '/home/charvi/comp0250_s26_labs/install/cw1_team_30/share/cw1_team_30/hook/ld_library_path_lib.sh'
[14.101s] Level 1:colcon.colcon_core.environment:checking '/home/charvi/comp0250_s26_labs/install/cw1_team_30/bin'
[14.101s] Level 1:colcon.colcon_core.environment:checking '/home/charvi/comp0250_s26_labs/install/cw1_team_30/lib/pkgconfig/cw1_team_30.pc'
[14.101s] Level 1:colcon.colcon_core.environment:checking '/home/charvi/comp0250_s26_labs/install/cw1_team_30/lib/python3.10/site-packages'
[14.102s] Level 1:colcon.colcon_core.environment:checking '/home/charvi/comp0250_s26_labs/install/cw1_team_30/bin'
[14.102s] INFO:colcon.colcon_core.shell:Creating package script '/home/charvi/comp0250_s26_labs/install/cw1_team_30/share/cw1_team_30/package.ps1'
[14.102s] INFO:colcon.colcon_core.shell:Creating package descriptor '/home/charvi/comp0250_s26_labs/install/cw1_team_30/share/cw1_team_30/package.dsv'
[14.103s] INFO:colcon.colcon_core.shell:Creating package script '/home/charvi/comp0250_s26_labs/install/cw1_team_30/share/cw1_team_30/package.sh'
[14.103s] INFO:colcon.colcon_core.shell:Creating package script '/home/charvi/comp0250_s26_labs/install/cw1_team_30/share/cw1_team_30/package.bash'
[14.104s] INFO:colcon.colcon_core.shell:Creating package script '/home/charvi/comp0250_s26_labs/install/cw1_team_30/share/cw1_team_30/package.zsh'
[14.104s] Level 1:colcon.colcon_core.environment:create_file_with_runtime_dependencies(/home/charvi/comp0250_s26_labs/install/cw1_team_30/share/colcon-core/packages/cw1_team_30)
[14.114s] DEBUG:colcon.colcon_parallel_executor.executor.parallel:closing loop
[14.114s] DEBUG:colcon.colcon_parallel_executor.executor.parallel:loop closed
[14.115s] DEBUG:colcon.colcon_parallel_executor.executor.parallel:run_until_complete finished with '2'
[14.115s] DEBUG:colcon.colcon_core.event_reactor:joining thread
[14.121s] INFO:colcon.colcon_core.plugin_system:Skipping extension 'colcon_notification.desktop_notification.terminal_notifier': Not used on non-Darwin systems
[14.121s] INFO:colcon.colcon_core.plugin_system:Skipping extension 'colcon_notification.desktop_notification.win32': Not used on non-Windows systems
[14.121s] INFO:colcon.colcon_notification.desktop_notification:Sending desktop notification using 'notify2'
[14.132s] DEBUG:colcon.colcon_core.event_reactor:joined thread
[14.132s] INFO:colcon.colcon_core.shell:Creating prefix script '/home/charvi/comp0250_s26_labs/install/local_setup.ps1'
[14.133s] INFO:colcon.colcon_core.shell:Creating prefix util module '/home/charvi/comp0250_s26_labs/install/_local_setup_util_ps1.py'
[14.135s] INFO:colcon.colcon_core.shell:Creating prefix chain script '/home/charvi/comp0250_s26_labs/install/setup.ps1'
[14.136s] INFO:colcon.colcon_core.shell:Creating prefix script '/home/charvi/comp0250_s26_labs/install/local_setup.sh'
[14.136s] INFO:colcon.colcon_core.shell:Creating prefix util module '/home/charvi/comp0250_s26_labs/install/_local_setup_util_sh.py'
[14.137s] INFO:colcon.colcon_core.shell:Creating prefix chain script '/home/charvi/comp0250_s26_labs/install/setup.sh'
[14.138s] INFO:colcon.colcon_core.shell:Creating prefix script '/home/charvi/comp0250_s26_labs/install/local_setup.bash'
[14.138s] INFO:colcon.colcon_core.shell:Creating prefix chain script '/home/charvi/comp0250_s26_labs/install/setup.bash'
[14.139s] INFO:colcon.colcon_core.shell:Creating prefix script '/home/charvi/comp0250_s26_labs/install/local_setup.zsh'
[14.140s] INFO:colcon.colcon_core.shell:Creating prefix chain script '/home/charvi/comp0250_s26_labs/install/setup.zsh'
