[0.107s] Invoking command in '/home/charvi/comp0250_s26_labs/build/cw1_world_spawner': CMAKE_PREFIX_PATH=${CMAKE_PREFIX_PATH}:/opt/ros/humble /usr/bin/cmake --build /home/charvi/comp0250_s26_labs/build/cw1_world_spawner -- -j12 -l12
[0.231s] [  1%] Built target cw1_world_spawner__cpp
[0.291s] [  1%] Built target ament_cmake_python_copy_coursework_world_spawner_lib
[0.339s] [ 12%] Built target cw1_world_spawner__rosidl_typesupport_introspection_cpp
[0.821s] running egg_info
[0.865s] writing coursework_world_spawner_lib.egg-info/PKG-INFO
[0.865s] writing dependency_links to coursework_world_spawner_lib.egg-info/dependency_links.txt
[0.866s] writing top-level names to coursework_world_spawner_lib.egg-info/top_level.txt
[0.974s] reading manifest file 'coursework_world_spawner_lib.egg-info/SOURCES.txt'
[0.975s] writing manifest file 'coursework_world_spawner_lib.egg-info/SOURCES.txt'
[1.041s] [ 12%] Built target ament_cmake_python_build_coursework_world_spawner_lib_egg
[1.083s] [ 23%] Built target cw1_world_spawner__rosidl_typesupport_fastrtps_cpp
[1.124s] [ 34%] Built target cw1_world_spawner__rosidl_typesupport_cpp
[1.174s] [ 34%] Built target ament_cmake_python_copy_cw1_world_spawner
[1.214s] [ 45%] Built target cw1_world_spawner__rosidl_generator_c
[1.697s] running egg_info
[1.729s] writing cw1_world_spawner.egg-info/PKG-INFO
[1.730s] writing dependency_links to cw1_world_spawner.egg-info/dependency_links.txt
[1.730s] writing top-level names to cw1_world_spawner.egg-info/top_level.txt
[1.856s] reading manifest file 'cw1_world_spawner.egg-info/SOURCES.txt'
[1.860s] writing manifest file 'cw1_world_spawner.egg-info/SOURCES.txt'
[1.930s] [ 45%] Built target ament_cmake_python_build_cw1_world_spawner_egg
[1.959s] [ 56%] Built target cw1_world_spawner__rosidl_typesupport_c
[2.003s] [ 67%] Built target cw1_world_spawner__rosidl_typesupport_introspection_c
[2.047s] [ 78%] Built target cw1_world_spawner__rosidl_typesupport_fastrtps_c
[2.082s] [ 78%] Built target cw1_world_spawner
[2.116s] [ 80%] Built target cw1_world_spawner__py
[2.157s] [ 89%] Built target cw1_world_spawner__rosidl_generator_py
[2.200s] [ 92%] Built target cw1_world_spawner__rosidl_typesupport_fastrtps_c__pyext
[2.240s] [ 96%] Built target cw1_world_spawner__rosidl_typesupport_c__pyext
[2.279s] [100%] Built target cw1_world_spawner__rosidl_typesupport_introspection_c__pyext
[2.300s] Invoked command in '/home/charvi/comp0250_s26_labs/build/cw1_world_spawner' returned '0': CMAKE_PREFIX_PATH=${CMAKE_PREFIX_PATH}:/opt/ros/humble /usr/bin/cmake --build /home/charvi/comp0250_s26_labs/build/cw1_world_spawner -- -j12 -l12
[2.302s] Invoking command in '/home/charvi/comp0250_s26_labs/build/cw1_world_spawner': CMAKE_PREFIX_PATH=${CMAKE_PREFIX_PATH}:/opt/ros/humble /usr/bin/cmake --install /home/charvi/comp0250_s26_labs/build/cw1_world_spawner
[2.321s] -- Install configuration: "Release"
[2.321s] -- Up-to-date: /home/charvi/comp0250_s26_labs/install/cw1_world_spawner/share/ament_index/resource_index/rosidl_interfaces/cw1_world_spawner
[2.321s] -- Up-to-date: /home/charvi/comp0250_s26_labs/install/cw1_world_spawner/include/cw1_world_spawner/cw1_world_spawner
[2.322s] -- Up-to-date: /home/charvi/comp0250_s26_labs/install/cw1_world_spawner/include/cw1_world_spawner/cw1_world_spawner/srv
[2.322s] -- Up-to-date: /home/charvi/comp0250_s26_labs/install/cw1_world_spawner/include/cw1_world_spawner/cw1_world_spawner/srv/task1_service.h
[2.322s] -- Up-to-date: /home/charvi/comp0250_s26_labs/install/cw1_world_spawner/include/cw1_world_spawner/cw1_world_spawner/srv/detail
[2.322s] -- Up-to-date: /home/charvi/comp0250_s26_labs/install/cw1_world_spawner/include/cw1_world_spawner/cw1_world_spawner/srv/detail/task3_service__struct.h
[2.322s] -- Up-to-date: /home/charvi/comp0250_s26_labs/install/cw1_world_spawner/include/cw1_world_spawner/cw1_world_spawner/srv/detail/task1_service__functions.h
[2.322s] -- Up-to-date: /home/charvi/comp0250_s26_labs/install/cw1_world_spawner/include/cw1_world_spawner/cw1_world_spawner/srv/detail/task2_service__functions.c
[2.322s] -- Up-to-date: /home/charvi/comp0250_s26_labs/install/cw1_world_spawner/include/cw1_world_spawner/cw1_world_spawner/srv/detail/task1_service__struct.h
[2.323s] -- Up-to-date: /home/charvi/comp0250_s26_labs/install/cw1_world_spawner/include/cw1_world_spawner/cw1_world_spawner/srv/detail/task1_service__functions.c
[2.323s] -- Up-to-date: /home/charvi/comp0250_s26_labs/install/cw1_world_spawner/include/cw1_world_spawner/cw1_world_spawner/srv/detail/task2_service__struct.h
[2.323s] -- Up-to-date: /home/charvi/comp0250_s26_labs/install/cw1_world_spawner/include/cw1_world_spawner/cw1_world_spawner/srv/detail/task3_service__functions.c
[2.323s] -- Up-to-date: /home/charvi/comp0250_s26_labs/install/cw1_world_spawner/include/cw1_world_spawner/cw1_world_spawner/srv/detail/task_setup__type_support.h
[2.323s] -- Up-to-date: /home/charvi/comp0250_s26_labs/install/cw1_world_spawner/include/cw1_world_spawner/cw1_world_spawner/srv/detail/task_setup__functions.c
[2.324s] -- Up-to-date: /home/charvi/comp0250_s26_labs/install/cw1_world_spawner/include/cw1_world_spawner/cw1_world_spawner/srv/detail/task_setup__functions.h
[2.324s] -- Up-to-date: /home/charvi/comp0250_s26_labs/install/cw1_world_spawner/include/cw1_world_spawner/cw1_world_spawner/srv/detail/task2_service__type_support.h
[2.324s] -- Up-to-date: /home/charvi/comp0250_s26_labs/install/cw1_world_spawner/include/cw1_world_spawner/cw1_world_spawner/srv/detail/task_setup__struct.h
[2.324s] -- Up-to-date: /home/charvi/comp0250_s26_labs/install/cw1_world_spawner/include/cw1_world_spawner/cw1_world_spawner/srv/detail/task3_service__functions.h
[2.324s] -- Up-to-date: /home/charvi/comp0250_s26_labs/install/cw1_world_spawner/include/cw1_world_spawner/cw1_world_spawner/srv/detail/task2_service__functions.h
[2.324s] -- Up-to-date: /home/charvi/comp0250_s26_labs/install/cw1_world_spawner/include/cw1_world_spawner/cw1_world_spawner/srv/detail/task3_service__type_support.h
[2.325s] -- Up-to-date: /home/charvi/comp0250_s26_labs/install/cw1_world_spawner/include/cw1_world_spawner/cw1_world_spawner/srv/detail/task1_service__type_support.h
[2.325s] -- Up-to-date: /home/charvi/comp0250_s26_labs/install/cw1_world_spawner/include/cw1_world_spawner/cw1_world_spawner/srv/task_setup.h
[2.326s] -- Up-to-date: /home/charvi/comp0250_s26_labs/install/cw1_world_spawner/include/cw1_world_spawner/cw1_world_spawner/srv/task3_service.h
[2.326s] -- Up-to-date: /home/charvi/comp0250_s26_labs/install/cw1_world_spawner/include/cw1_world_spawner/cw1_world_spawner/srv/task2_service.h
[2.326s] -- Up-to-date: /home/charvi/comp0250_s26_labs/install/cw1_world_spawner/include/cw1_world_spawner/cw1_world_spawner/msg
[2.327s] -- Up-to-date: /home/charvi/comp0250_s26_labs/install/cw1_world_spawner/include/cw1_world_spawner/cw1_world_spawner/msg/rosidl_generator_c__visibility_control.h
[2.327s] -- Up-to-date: /home/charvi/comp0250_s26_labs/install/cw1_world_spawner/share/cw1_world_spawner/environment/library_path.sh
[2.327s] -- Up-to-date: /home/charvi/comp0250_s26_labs/install/cw1_world_spawner/share/cw1_world_spawner/environment/library_path.dsv
[2.327s] -- Up-to-date: /home/charvi/comp0250_s26_labs/install/cw1_world_spawner/lib/libcw1_world_spawner__rosidl_generator_c.so
[2.327s] -- Up-to-date: /home/charvi/comp0250_s26_labs/install/cw1_world_spawner/include/cw1_world_spawner/cw1_world_spawner
[2.328s] -- Up-to-date: /home/charvi/comp0250_s26_labs/install/cw1_world_spawner/include/cw1_world_spawner/cw1_world_spawner/srv
[2.328s] -- Up-to-date: /home/charvi/comp0250_s26_labs/install/cw1_world_spawner/include/cw1_world_spawner/cw1_world_spawner/srv/detail
[2.328s] -- Up-to-date: /home/charvi/comp0250_s26_labs/install/cw1_world_spawner/include/cw1_world_spawner/cw1_world_spawner/srv/detail/task3_service__rosidl_typesupport_fastrtps_c.h
[2.328s] -- Up-to-date: /home/charvi/comp0250_s26_labs/install/cw1_world_spawner/include/cw1_world_spawner/cw1_world_spawner/srv/detail/task_setup__rosidl_typesupport_fastrtps_c.h
[2.329s] -- Up-to-date: /home/charvi/comp0250_s26_labs/install/cw1_world_spawner/include/cw1_world_spawner/cw1_world_spawner/srv/detail/task2_service__rosidl_typesupport_fastrtps_c.h
[2.330s] -- Up-to-date: /home/charvi/comp0250_s26_labs/install/cw1_world_spawner/include/cw1_world_spawner/cw1_world_spawner/srv/detail/task1_service__rosidl_typesupport_fastrtps_c.h
[2.330s] -- Up-to-date: /home/charvi/comp0250_s26_labs/install/cw1_world_spawner/include/cw1_world_spawner/cw1_world_spawner/msg
[2.331s] -- Up-to-date: /home/charvi/comp0250_s26_labs/install/cw1_world_spawner/include/cw1_world_spawner/cw1_world_spawner/msg/rosidl_typesupport_fastrtps_c__visibility_control.h
[2.331s] -- Up-to-date: /home/charvi/comp0250_s26_labs/install/cw1_world_spawner/lib/libcw1_world_spawner__rosidl_typesupport_fastrtps_c.so
[2.332s] -- Up-to-date: /home/charvi/comp0250_s26_labs/install/cw1_world_spawner/include/cw1_world_spawner/cw1_world_spawner
[2.332s] -- Up-to-date: /home/charvi/comp0250_s26_labs/install/cw1_world_spawner/include/cw1_world_spawner/cw1_world_spawner/srv
[2.333s] -- Up-to-date: /home/charvi/comp0250_s26_labs/install/cw1_world_spawner/include/cw1_world_spawner/cw1_world_spawner/srv/detail
[2.333s] -- Up-to-date: /home/charvi/comp0250_s26_labs/install/cw1_world_spawner/include/cw1_world_spawner/cw1_world_spawner/srv/detail/task2_service__type_support.c
[2.333s] -- Up-to-date: /home/charvi/comp0250_s26_labs/install/cw1_world_spawner/include/cw1_world_spawner/cw1_world_spawner/srv/detail/task_setup__rosidl_typesupport_introspection_c.h
[2.333s] -- Up-to-date: /home/charvi/comp0250_s26_labs/install/cw1_world_spawner/include/cw1_world_spawner/cw1_world_spawner/srv/detail/task1_service__type_support.c
[2.333s] -- Up-to-date: /home/charvi/comp0250_s26_labs/install/cw1_world_spawner/include/cw1_world_spawner/cw1_world_spawner/srv/detail/task3_service__type_support.c
[2.333s] -- Up-to-date: /home/charvi/comp0250_s26_labs/install/cw1_world_spawner/include/cw1_world_spawner/cw1_world_spawner/srv/detail/task1_service__rosidl_typesupport_introspection_c.h
[2.334s] -- Up-to-date: /home/charvi/comp0250_s26_labs/install/cw1_world_spawner/include/cw1_world_spawner/cw1_world_spawner/srv/detail/task2_service__rosidl_typesupport_introspection_c.h
[2.334s] -- Up-to-date: /home/charvi/comp0250_s26_labs/install/cw1_world_spawner/include/cw1_world_spawner/cw1_world_spawner/srv/detail/task3_service__rosidl_typesupport_introspection_c.h
[2.334s] -- Up-to-date: /home/charvi/comp0250_s26_labs/install/cw1_world_spawner/include/cw1_world_spawner/cw1_world_spawner/srv/detail/task_setup__type_support.c
[2.335s] -- Up-to-date: /home/charvi/comp0250_s26_labs/install/cw1_world_spawner/include/cw1_world_spawner/cw1_world_spawner/msg
[2.335s] -- Up-to-date: /home/charvi/comp0250_s26_labs/install/cw1_world_spawner/include/cw1_world_spawner/cw1_world_spawner/msg/rosidl_typesupport_introspection_c__visibility_control.h
[2.336s] -- Up-to-date: /home/charvi/comp0250_s26_labs/install/cw1_world_spawner/lib/libcw1_world_spawner__rosidl_typesupport_introspection_c.so
[2.336s] -- Up-to-date: /home/charvi/comp0250_s26_labs/install/cw1_world_spawner/lib/libcw1_world_spawner__rosidl_typesupport_c.so
[2.337s] -- Up-to-date: /home/charvi/comp0250_s26_labs/install/cw1_world_spawner/include/cw1_world_spawner/cw1_world_spawner
[2.337s] -- Up-to-date: /home/charvi/comp0250_s26_labs/install/cw1_world_spawner/include/cw1_world_spawner/cw1_world_spawner/srv
[2.337s] -- Up-to-date: /home/charvi/comp0250_s26_labs/install/cw1_world_spawner/include/cw1_world_spawner/cw1_world_spawner/srv/task2_service.hpp
[2.337s] -- Up-to-date: /home/charvi/comp0250_s26_labs/install/cw1_world_spawner/include/cw1_world_spawner/cw1_world_spawner/srv/task3_service.hpp
[2.337s] -- Up-to-date: /home/charvi/comp0250_s26_labs/install/cw1_world_spawner/include/cw1_world_spawner/cw1_world_spawner/srv/detail
[2.337s] -- Up-to-date: /home/charvi/comp0250_s26_labs/install/cw1_world_spawner/include/cw1_world_spawner/cw1_world_spawner/srv/detail/task_setup__traits.hpp
[2.337s] -- Up-to-date: /home/charvi/comp0250_s26_labs/install/cw1_world_spawner/include/cw1_world_spawner/cw1_world_spawner/srv/detail/task1_service__traits.hpp
[2.337s] -- Up-to-date: /home/charvi/comp0250_s26_labs/install/cw1_world_spawner/include/cw1_world_spawner/cw1_world_spawner/srv/detail/task1_service__builder.hpp
[2.338s] -- Up-to-date: /home/charvi/comp0250_s26_labs/install/cw1_world_spawner/include/cw1_world_spawner/cw1_world_spawner/srv/detail/task2_service__traits.hpp
[2.338s] -- Up-to-date: /home/charvi/comp0250_s26_labs/install/cw1_world_spawner/include/cw1_world_spawner/cw1_world_spawner/srv/detail/task3_service__type_support.hpp
[2.338s] -- Up-to-date: /home/charvi/comp0250_s26_labs/install/cw1_world_spawner/include/cw1_world_spawner/cw1_world_spawner/srv/detail/task3_service__traits.hpp
[2.338s] -- Up-to-date: /home/charvi/comp0250_s26_labs/install/cw1_world_spawner/include/cw1_world_spawner/cw1_world_spawner/srv/detail/task2_service__builder.hpp
[2.338s] -- Up-to-date: /home/charvi/comp0250_s26_labs/install/cw1_world_spawner/include/cw1_world_spawner/cw1_world_spawner/srv/detail/task2_service__type_support.hpp
[2.338s] -- Up-to-date: /home/charvi/comp0250_s26_labs/install/cw1_world_spawner/include/cw1_world_spawner/cw1_world_spawner/srv/detail/task1_service__type_support.hpp
[2.338s] -- Up-to-date: /home/charvi/comp0250_s26_labs/install/cw1_world_spawner/include/cw1_world_spawner/cw1_world_spawner/srv/detail/task3_service__struct.hpp
[2.338s] -- Up-to-date: /home/charvi/comp0250_s26_labs/install/cw1_world_spawner/include/cw1_world_spawner/cw1_world_spawner/srv/detail/task_setup__type_support.hpp
[2.339s] -- Up-to-date: /home/charvi/comp0250_s26_labs/install/cw1_world_spawner/include/cw1_world_spawner/cw1_world_spawner/srv/detail/task2_service__struct.hpp
[2.339s] -- Up-to-date: /home/charvi/comp0250_s26_labs/install/cw1_world_spawner/include/cw1_world_spawner/cw1_world_spawner/srv/detail/task_setup__struct.hpp
[2.339s] -- Up-to-date: /home/charvi/comp0250_s26_labs/install/cw1_world_spawner/include/cw1_world_spawner/cw1_world_spawner/srv/detail/task_setup__builder.hpp
[2.339s] -- Up-to-date: /home/charvi/comp0250_s26_labs/install/cw1_world_spawner/include/cw1_world_spawner/cw1_world_spawner/srv/detail/task3_service__builder.hpp
[2.339s] -- Up-to-date: /home/charvi/comp0250_s26_labs/install/cw1_world_spawner/include/cw1_world_spawner/cw1_world_spawner/srv/detail/task1_service__struct.hpp
[2.339s] -- Up-to-date: /home/charvi/comp0250_s26_labs/install/cw1_world_spawner/include/cw1_world_spawner/cw1_world_spawner/srv/task1_service.hpp
[2.339s] -- Up-to-date: /home/charvi/comp0250_s26_labs/install/cw1_world_spawner/include/cw1_world_spawner/cw1_world_spawner/srv/task_setup.hpp
[2.339s] -- Up-to-date: /home/charvi/comp0250_s26_labs/install/cw1_world_spawner/include/cw1_world_spawner/cw1_world_spawner/msg
[2.340s] -- Up-to-date: /home/charvi/comp0250_s26_labs/install/cw1_world_spawner/include/cw1_world_spawner/cw1_world_spawner/msg/rosidl_generator_cpp__visibility_control.hpp
[2.340s] -- Up-to-date: /home/charvi/comp0250_s26_labs/install/cw1_world_spawner/include/cw1_world_spawner/cw1_world_spawner
[2.340s] -- Up-to-date: /home/charvi/comp0250_s26_labs/install/cw1_world_spawner/include/cw1_world_spawner/cw1_world_spawner/srv
[2.340s] -- Up-to-date: /home/charvi/comp0250_s26_labs/install/cw1_world_spawner/include/cw1_world_spawner/cw1_world_spawner/srv/detail
[2.340s] -- Up-to-date: /home/charvi/comp0250_s26_labs/install/cw1_world_spawner/include/cw1_world_spawner/cw1_world_spawner/srv/detail/task2_service__rosidl_typesupport_fastrtps_cpp.hpp
[2.340s] -- Up-to-date: /home/charvi/comp0250_s26_labs/install/cw1_world_spawner/include/cw1_world_spawner/cw1_world_spawner/srv/detail/task3_service__rosidl_typesupport_fastrtps_cpp.hpp
[2.340s] -- Up-to-date: /home/charvi/comp0250_s26_labs/install/cw1_world_spawner/include/cw1_world_spawner/cw1_world_spawner/srv/detail/task_setup__rosidl_typesupport_fastrtps_cpp.hpp
[2.340s] -- Up-to-date: /home/charvi/comp0250_s26_labs/install/cw1_world_spawner/include/cw1_world_spawner/cw1_world_spawner/srv/detail/task1_service__rosidl_typesupport_fastrtps_cpp.hpp
[2.341s] -- Up-to-date: /home/charvi/comp0250_s26_labs/install/cw1_world_spawner/include/cw1_world_spawner/cw1_world_spawner/srv/detail/dds_fastrtps
[2.341s] -- Up-to-date: /home/charvi/comp0250_s26_labs/install/cw1_world_spawner/include/cw1_world_spawner/cw1_world_spawner/msg
[2.341s] -- Up-to-date: /home/charvi/comp0250_s26_labs/install/cw1_world_spawner/include/cw1_world_spawner/cw1_world_spawner/msg/rosidl_typesupport_fastrtps_cpp__visibility_control.h
[2.341s] -- Up-to-date: /home/charvi/comp0250_s26_labs/install/cw1_world_spawner/lib/libcw1_world_spawner__rosidl_typesupport_fastrtps_cpp.so
[2.341s] -- Up-to-date: /home/charvi/comp0250_s26_labs/install/cw1_world_spawner/include/cw1_world_spawner/cw1_world_spawner
[2.341s] -- Up-to-date: /home/charvi/comp0250_s26_labs/install/cw1_world_spawner/include/cw1_world_spawner/cw1_world_spawner/srv
[2.341s] -- Up-to-date: /home/charvi/comp0250_s26_labs/install/cw1_world_spawner/include/cw1_world_spawner/cw1_world_spawner/srv/detail
[2.341s] -- Up-to-date: /home/charvi/comp0250_s26_labs/install/cw1_world_spawner/include/cw1_world_spawner/cw1_world_spawner/srv/detail/task2_service__type_support.cpp
[2.342s] -- Up-to-date: /home/charvi/comp0250_s26_labs/install/cw1_world_spawner/include/cw1_world_spawner/cw1_world_spawner/srv/detail/task3_service__type_support.cpp
[2.342s] -- Up-to-date: /home/charvi/comp0250_s26_labs/install/cw1_world_spawner/include/cw1_world_spawner/cw1_world_spawner/srv/detail/task1_service__rosidl_typesupport_introspection_cpp.hpp
[2.342s] -- Up-to-date: /home/charvi/comp0250_s26_labs/install/cw1_world_spawner/include/cw1_world_spawner/cw1_world_spawner/srv/detail/task1_service__type_support.cpp
[2.342s] -- Up-to-date: /home/charvi/comp0250_s26_labs/install/cw1_world_spawner/include/cw1_world_spawner/cw1_world_spawner/srv/detail/task_setup__type_support.cpp
[2.342s] -- Up-to-date: /home/charvi/comp0250_s26_labs/install/cw1_world_spawner/include/cw1_world_spawner/cw1_world_spawner/srv/detail/task2_service__rosidl_typesupport_introspection_cpp.hpp
[2.342s] -- Up-to-date: /home/charvi/comp0250_s26_labs/install/cw1_world_spawner/include/cw1_world_spawner/cw1_world_spawner/srv/detail/task_setup__rosidl_typesupport_introspection_cpp.hpp
[2.342s] -- Up-to-date: /home/charvi/comp0250_s26_labs/install/cw1_world_spawner/include/cw1_world_spawner/cw1_world_spawner/srv/detail/task3_service__rosidl_typesupport_introspection_cpp.hpp
[2.342s] -- Up-to-date: /home/charvi/comp0250_s26_labs/install/cw1_world_spawner/lib/libcw1_world_spawner__rosidl_typesupport_introspection_cpp.so
[2.343s] -- Up-to-date: /home/charvi/comp0250_s26_labs/install/cw1_world_spawner/lib/libcw1_world_spawner__rosidl_typesupport_cpp.so
[2.343s] -- Up-to-date: /home/charvi/comp0250_s26_labs/install/cw1_world_spawner/share/cw1_world_spawner/environment/pythonpath.sh
[2.343s] -- Up-to-date: /home/charvi/comp0250_s26_labs/install/cw1_world_spawner/share/cw1_world_spawner/environment/pythonpath.dsv
[2.343s] -- Up-to-date: /home/charvi/comp0250_s26_labs/install/cw1_world_spawner/local/lib/python3.10/dist-packages/cw1_world_spawner-0.1.0-py3.10.egg-info
[2.343s] -- Installing: /home/charvi/comp0250_s26_labs/install/cw1_world_spawner/local/lib/python3.10/dist-packages/cw1_world_spawner-0.1.0-py3.10.egg-info/SOURCES.txt
[2.343s] -- Installing: /home/charvi/comp0250_s26_labs/install/cw1_world_spawner/local/lib/python3.10/dist-packages/cw1_world_spawner-0.1.0-py3.10.egg-info/PKG-INFO
[2.343s] -- Installing: /home/charvi/comp0250_s26_labs/install/cw1_world_spawner/local/lib/python3.10/dist-packages/cw1_world_spawner-0.1.0-py3.10.egg-info/top_level.txt
[2.344s] -- Installing: /home/charvi/comp0250_s26_labs/install/cw1_world_spawner/local/lib/python3.10/dist-packages/cw1_world_spawner-0.1.0-py3.10.egg-info/dependency_links.txt
[2.344s] -- Up-to-date: /home/charvi/comp0250_s26_labs/install/cw1_world_spawner/local/lib/python3.10/dist-packages/cw1_world_spawner
[2.344s] -- Up-to-date: /home/charvi/comp0250_s26_labs/install/cw1_world_spawner/local/lib/python3.10/dist-packages/cw1_world_spawner/_cw1_world_spawner_s.ep.rosidl_typesupport_c.c
[2.344s] -- Up-to-date: /home/charvi/comp0250_s26_labs/install/cw1_world_spawner/local/lib/python3.10/dist-packages/cw1_world_spawner/_cw1_world_spawner_s.ep.rosidl_typesupport_fastrtps_c.c
[2.344s] -- Up-to-date: /home/charvi/comp0250_s26_labs/install/cw1_world_spawner/local/lib/python3.10/dist-packages/cw1_world_spawner/srv
[2.344s] -- Up-to-date: /home/charvi/comp0250_s26_labs/install/cw1_world_spawner/local/lib/python3.10/dist-packages/cw1_world_spawner/srv/_task2_service_s.c
[2.344s] -- Up-to-date: /home/charvi/comp0250_s26_labs/install/cw1_world_spawner/local/lib/python3.10/dist-packages/cw1_world_spawner/srv/_task3_service_s.c
[2.344s] -- Up-to-date: /home/charvi/comp0250_s26_labs/install/cw1_world_spawner/local/lib/python3.10/dist-packages/cw1_world_spawner/srv/_task_setup.py
[2.344s] -- Up-to-date: /home/charvi/comp0250_s26_labs/install/cw1_world_spawner/local/lib/python3.10/dist-packages/cw1_world_spawner/srv/_task1_service_s.c
[2.344s] -- Up-to-date: /home/charvi/comp0250_s26_labs/install/cw1_world_spawner/local/lib/python3.10/dist-packages/cw1_world_spawner/srv/_task1_service.py
[2.344s] -- Up-to-date: /home/charvi/comp0250_s26_labs/install/cw1_world_spawner/local/lib/python3.10/dist-packages/cw1_world_spawner/srv/__init__.py
[2.344s] -- Up-to-date: /home/charvi/comp0250_s26_labs/install/cw1_world_spawner/local/lib/python3.10/dist-packages/cw1_world_spawner/srv/_task3_service.py
[2.344s] -- Up-to-date: /home/charvi/comp0250_s26_labs/install/cw1_world_spawner/local/lib/python3.10/dist-packages/cw1_world_spawner/srv/_task2_service.py
[2.344s] -- Up-to-date: /home/charvi/comp0250_s26_labs/install/cw1_world_spawner/local/lib/python3.10/dist-packages/cw1_world_spawner/srv/_task_setup_s.c
[2.345s] -- Up-to-date: /home/charvi/comp0250_s26_labs/install/cw1_world_spawner/local/lib/python3.10/dist-packages/cw1_world_spawner/cw1_world_spawner_s__rosidl_typesupport_fastrtps_c.cpython-310-x86_64-linux-gnu.so
[2.345s] -- Up-to-date: /home/charvi/comp0250_s26_labs/install/cw1_world_spawner/local/lib/python3.10/dist-packages/cw1_world_spawner/__init__.py
[2.345s] -- Up-to-date: /home/charvi/comp0250_s26_labs/install/cw1_world_spawner/local/lib/python3.10/dist-packages/cw1_world_spawner/_cw1_world_spawner_s.ep.rosidl_typesupport_introspection_c.c
[2.345s] -- Up-to-date: /home/charvi/comp0250_s26_labs/install/cw1_world_spawner/local/lib/python3.10/dist-packages/cw1_world_spawner/libcw1_world_spawner__rosidl_generator_py.so
[2.345s] -- Up-to-date: /home/charvi/comp0250_s26_labs/install/cw1_world_spawner/local/lib/python3.10/dist-packages/cw1_world_spawner/cw1_world_spawner_s__rosidl_typesupport_c.cpython-310-x86_64-linux-gnu.so
[2.345s] -- Up-to-date: /home/charvi/comp0250_s26_labs/install/cw1_world_spawner/local/lib/python3.10/dist-packages/cw1_world_spawner/cw1_world_spawner_s__rosidl_typesupport_introspection_c.cpython-310-x86_64-linux-gnu.so
[2.393s] Listing '/home/charvi/comp0250_s26_labs/install/cw1_world_spawner/local/lib/python3.10/dist-packages/cw1_world_spawner'...
[2.393s] Listing '/home/charvi/comp0250_s26_labs/install/cw1_world_spawner/local/lib/python3.10/dist-packages/cw1_world_spawner/srv'...
[2.398s] -- Up-to-date: /home/charvi/comp0250_s26_labs/install/cw1_world_spawner/local/lib/python3.10/dist-packages/cw1_world_spawner/cw1_world_spawner_s__rosidl_typesupport_fastrtps_c.cpython-310-x86_64-linux-gnu.so
[2.399s] -- Up-to-date: /home/charvi/comp0250_s26_labs/install/cw1_world_spawner/local/lib/python3.10/dist-packages/cw1_world_spawner/cw1_world_spawner_s__rosidl_typesupport_introspection_c.cpython-310-x86_64-linux-gnu.so
[2.400s] -- Up-to-date: /home/charvi/comp0250_s26_labs/install/cw1_world_spawner/local/lib/python3.10/dist-packages/cw1_world_spawner/cw1_world_spawner_s__rosidl_typesupport_c.cpython-310-x86_64-linux-gnu.so
[2.401s] -- Up-to-date: /home/charvi/comp0250_s26_labs/install/cw1_world_spawner/lib/libcw1_world_spawner__rosidl_generator_py.so
[2.401s] -- Up-to-date: /home/charvi/comp0250_s26_labs/install/cw1_world_spawner/share/cw1_world_spawner/srv/TaskSetup.idl
[2.402s] -- Up-to-date: /home/charvi/comp0250_s26_labs/install/cw1_world_spawner/share/cw1_world_spawner/srv/Task1Service.idl
[2.402s] -- Up-to-date: /home/charvi/comp0250_s26_labs/install/cw1_world_spawner/share/cw1_world_spawner/srv/Task2Service.idl
[2.402s] -- Up-to-date: /home/charvi/comp0250_s26_labs/install/cw1_world_spawner/share/cw1_world_spawner/srv/Task3Service.idl
[2.402s] -- Up-to-date: /home/charvi/comp0250_s26_labs/install/cw1_world_spawner/share/cw1_world_spawner/srv/TaskSetup.srv
[2.403s] -- Up-to-date: /home/charvi/comp0250_s26_labs/install/cw1_world_spawner/share/cw1_world_spawner/srv/TaskSetup_Request.msg
[2.403s] -- Up-to-date: /home/charvi/comp0250_s26_labs/install/cw1_world_spawner/share/cw1_world_spawner/srv/TaskSetup_Response.msg
[2.403s] -- Up-to-date: /home/charvi/comp0250_s26_labs/install/cw1_world_spawner/share/cw1_world_spawner/srv/Task1Service.srv
[2.403s] -- Up-to-date: /home/charvi/comp0250_s26_labs/install/cw1_world_spawner/share/cw1_world_spawner/srv/Task1Service_Request.msg
[2.403s] -- Up-to-date: /home/charvi/comp0250_s26_labs/install/cw1_world_spawner/share/cw1_world_spawner/srv/Task1Service_Response.msg
[2.403s] -- Up-to-date: /home/charvi/comp0250_s26_labs/install/cw1_world_spawner/share/cw1_world_spawner/srv/Task2Service.srv
[2.404s] -- Up-to-date: /home/charvi/comp0250_s26_labs/install/cw1_world_spawner/share/cw1_world_spawner/srv/Task2Service_Request.msg
[2.404s] -- Up-to-date: /home/charvi/comp0250_s26_labs/install/cw1_world_spawner/share/cw1_world_spawner/srv/Task2Service_Response.msg
[2.404s] -- Up-to-date: /home/charvi/comp0250_s26_labs/install/cw1_world_spawner/share/cw1_world_spawner/srv/Task3Service.srv
[2.404s] -- Up-to-date: /home/charvi/comp0250_s26_labs/install/cw1_world_spawner/share/cw1_world_spawner/srv/Task3Service_Request.msg
[2.404s] -- Up-to-date: /home/charvi/comp0250_s26_labs/install/cw1_world_spawner/share/cw1_world_spawner/srv/Task3Service_Response.msg
[2.404s] -- Up-to-date: /home/charvi/comp0250_s26_labs/install/cw1_world_spawner/local/lib/python3.10/dist-packages/coursework_world_spawner_lib-0.1.0-py3.10.egg-info
[2.405s] -- Installing: /home/charvi/comp0250_s26_labs/install/cw1_world_spawner/local/lib/python3.10/dist-packages/coursework_world_spawner_lib-0.1.0-py3.10.egg-info/SOURCES.txt
[2.405s] -- Installing: /home/charvi/comp0250_s26_labs/install/cw1_world_spawner/local/lib/python3.10/dist-packages/coursework_world_spawner_lib-0.1.0-py3.10.egg-info/PKG-INFO
[2.405s] -- Installing: /home/charvi/comp0250_s26_labs/install/cw1_world_spawner/local/lib/python3.10/dist-packages/coursework_world_spawner_lib-0.1.0-py3.10.egg-info/top_level.txt
[2.406s] -- Installing: /home/charvi/comp0250_s26_labs/install/cw1_world_spawner/local/lib/python3.10/dist-packages/coursework_world_spawner_lib-0.1.0-py3.10.egg-info/dependency_links.txt
[2.406s] -- Up-to-date: /home/charvi/comp0250_s26_labs/install/cw1_world_spawner/local/lib/python3.10/dist-packages/coursework_world_spawner_lib
[2.406s] -- Up-to-date: /home/charvi/comp0250_s26_labs/install/cw1_world_spawner/local/lib/python3.10/dist-packages/coursework_world_spawner_lib/__init__.py
[2.406s] -- Up-to-date: /home/charvi/comp0250_s26_labs/install/cw1_world_spawner/local/lib/python3.10/dist-packages/coursework_world_spawner_lib/coursework_world_spawner.py
[2.476s] Listing '/home/charvi/comp0250_s26_labs/install/cw1_world_spawner/local/lib/python3.10/dist-packages/coursework_world_spawner_lib'...
[2.487s] -- Up-to-date: /home/charvi/comp0250_s26_labs/install/cw1_world_spawner/lib/cw1_world_spawner/world_spawner.py
[2.488s] -- Up-to-date: /home/charvi/comp0250_s26_labs/install/cw1_world_spawner/lib/cw1_world_spawner/test_coursework.py
[2.488s] -- Up-to-date: /home/charvi/comp0250_s26_labs/install/cw1_world_spawner/share/cw1_world_spawner/models
[2.489s] -- Up-to-date: /home/charvi/comp0250_s26_labs/install/cw1_world_spawner/share/cw1_world_spawner/models/basket_blue
[2.489s] -- Up-to-date: /home/charvi/comp0250_s26_labs/install/cw1_world_spawner/share/cw1_world_spawner/models/basket_blue/model.sdf
[2.489s] -- Up-to-date: /home/charvi/comp0250_s26_labs/install/cw1_world_spawner/share/cw1_world_spawner/models/basket_blue/model.sdf.xmacro
[2.489s] -- Up-to-date: /home/charvi/comp0250_s26_labs/install/cw1_world_spawner/share/cw1_world_spawner/models/basket_blue/model.config
[2.489s] -- Up-to-date: /home/charvi/comp0250_s26_labs/install/cw1_world_spawner/share/cw1_world_spawner/models/basket_purple
[2.489s] -- Up-to-date: /home/charvi/comp0250_s26_labs/install/cw1_world_spawner/share/cw1_world_spawner/models/basket_purple/model.sdf
[2.489s] -- Up-to-date: /home/charvi/comp0250_s26_labs/install/cw1_world_spawner/share/cw1_world_spawner/models/basket_purple/model.sdf.xmacro
[2.489s] -- Up-to-date: /home/charvi/comp0250_s26_labs/install/cw1_world_spawner/share/cw1_world_spawner/models/basket_purple/model.config
[2.490s] -- Up-to-date: /home/charvi/comp0250_s26_labs/install/cw1_world_spawner/share/cw1_world_spawner/models/basket
[2.490s] -- Up-to-date: /home/charvi/comp0250_s26_labs/install/cw1_world_spawner/share/cw1_world_spawner/models/basket/model.sdf
[2.490s] -- Up-to-date: /home/charvi/comp0250_s26_labs/install/cw1_world_spawner/share/cw1_world_spawner/models/basket/model.sdf.xmacro
[2.490s] -- Up-to-date: /home/charvi/comp0250_s26_labs/install/cw1_world_spawner/share/cw1_world_spawner/models/basket/model.config
[2.490s] -- Up-to-date: /home/charvi/comp0250_s26_labs/install/cw1_world_spawner/share/cw1_world_spawner/models/box
[2.490s] -- Up-to-date: /home/charvi/comp0250_s26_labs/install/cw1_world_spawner/share/cw1_world_spawner/models/box/model.sdf
[2.490s] -- Up-to-date: /home/charvi/comp0250_s26_labs/install/cw1_world_spawner/share/cw1_world_spawner/models/box/model.config
[2.490s] -- Up-to-date: /home/charvi/comp0250_s26_labs/install/cw1_world_spawner/share/cw1_world_spawner/models/all_tiles
[2.490s] -- Up-to-date: /home/charvi/comp0250_s26_labs/install/cw1_world_spawner/share/cw1_world_spawner/models/all_tiles/model.sdf
[2.490s] -- Up-to-date: /home/charvi/comp0250_s26_labs/install/cw1_world_spawner/share/cw1_world_spawner/models/all_tiles/model.sdf.xmacro
[2.491s] -- Up-to-date: /home/charvi/comp0250_s26_labs/install/cw1_world_spawner/share/cw1_world_spawner/models/all_tiles/model.config
[2.491s] -- Up-to-date: /home/charvi/comp0250_s26_labs/install/cw1_world_spawner/share/cw1_world_spawner/models/basket_red
[2.492s] -- Up-to-date: /home/charvi/comp0250_s26_labs/install/cw1_world_spawner/share/cw1_world_spawner/models/basket_red/model.sdf
[2.492s] -- Up-to-date: /home/charvi/comp0250_s26_labs/install/cw1_world_spawner/share/cw1_world_spawner/models/basket_red/model.sdf.xmacro
[2.492s] -- Up-to-date: /home/charvi/comp0250_s26_labs/install/cw1_world_spawner/share/cw1_world_spawner/models/basket_red/model.config
[2.492s] -- Up-to-date: /home/charvi/comp0250_s26_labs/install/cw1_world_spawner/share/cw1_world_spawner/models/box_purple
[2.493s] -- Up-to-date: /home/charvi/comp0250_s26_labs/install/cw1_world_spawner/share/cw1_world_spawner/models/box_purple/model.sdf
[2.493s] -- Up-to-date: /home/charvi/comp0250_s26_labs/install/cw1_world_spawner/share/cw1_world_spawner/models/box_purple/model.config
[2.493s] -- Up-to-date: /home/charvi/comp0250_s26_labs/install/cw1_world_spawner/share/cw1_world_spawner/models/box_blue
[2.493s] -- Up-to-date: /home/charvi/comp0250_s26_labs/install/cw1_world_spawner/share/cw1_world_spawner/models/box_blue/model.sdf
[2.493s] -- Up-to-date: /home/charvi/comp0250_s26_labs/install/cw1_world_spawner/share/cw1_world_spawner/models/box_blue/model.config
[2.493s] -- Up-to-date: /home/charvi/comp0250_s26_labs/install/cw1_world_spawner/share/cw1_world_spawner/models/box_red
[2.493s] -- Up-to-date: /home/charvi/comp0250_s26_labs/install/cw1_world_spawner/share/cw1_world_spawner/models/box_red/model.sdf
[2.493s] -- Up-to-date: /home/charvi/comp0250_s26_labs/install/cw1_world_spawner/share/cw1_world_spawner/models/box_red/model.config
[2.493s] -- Up-to-date: /home/charvi/comp0250_s26_labs/install/cw1_world_spawner/share/cw1_world_spawner/models/object-golf-tile
[2.494s] -- Up-to-date: /home/charvi/comp0250_s26_labs/install/cw1_world_spawner/share/cw1_world_spawner/models/object-golf-tile/model.sdf
[2.494s] -- Up-to-date: /home/charvi/comp0250_s26_labs/install/cw1_world_spawner/share/cw1_world_spawner/models/object-golf-tile/model.config
[2.494s] -- Up-to-date: /home/charvi/comp0250_s26_labs/install/cw1_world_spawner/share/cw1_world_spawner/launch
[2.494s] -- Up-to-date: /home/charvi/comp0250_s26_labs/install/cw1_world_spawner/share/cw1_world_spawner/launch/world_spawner.launch.py
[2.494s] -- Up-to-date: /home/charvi/comp0250_s26_labs/install/cw1_world_spawner/share/cw1_world_spawner/launch/test_coursework.launch.py
[2.494s] -- Up-to-date: /home/charvi/comp0250_s26_labs/install/cw1_world_spawner/share/ament_index/resource_index/package_run_dependencies/cw1_world_spawner
[2.495s] -- Up-to-date: /home/charvi/comp0250_s26_labs/install/cw1_world_spawner/share/ament_index/resource_index/parent_prefix_path/cw1_world_spawner
[2.495s] -- Up-to-date: /home/charvi/comp0250_s26_labs/install/cw1_world_spawner/share/cw1_world_spawner/environment/ament_prefix_path.sh
[2.495s] -- Up-to-date: /home/charvi/comp0250_s26_labs/install/cw1_world_spawner/share/cw1_world_spawner/environment/ament_prefix_path.dsv
[2.495s] -- Up-to-date: /home/charvi/comp0250_s26_labs/install/cw1_world_spawner/share/cw1_world_spawner/environment/path.sh
[2.495s] -- Up-to-date: /home/charvi/comp0250_s26_labs/install/cw1_world_spawner/share/cw1_world_spawner/environment/path.dsv
[2.495s] -- Up-to-date: /home/charvi/comp0250_s26_labs/install/cw1_world_spawner/share/cw1_world_spawner/local_setup.bash
[2.496s] -- Up-to-date: /home/charvi/comp0250_s26_labs/install/cw1_world_spawner/share/cw1_world_spawner/local_setup.sh
[2.496s] -- Up-to-date: /home/charvi/comp0250_s26_labs/install/cw1_world_spawner/share/cw1_world_spawner/local_setup.zsh
[2.496s] -- Up-to-date: /home/charvi/comp0250_s26_labs/install/cw1_world_spawner/share/cw1_world_spawner/local_setup.dsv
[2.496s] -- Installing: /home/charvi/comp0250_s26_labs/install/cw1_world_spawner/share/cw1_world_spawner/package.dsv
[2.496s] -- Up-to-date: /home/charvi/comp0250_s26_labs/install/cw1_world_spawner/share/ament_index/resource_index/packages/cw1_world_spawner
[2.496s] -- Up-to-date: /home/charvi/comp0250_s26_labs/install/cw1_world_spawner/share/cw1_world_spawner/cmake/export_cw1_world_spawner__rosidl_generator_cExport.cmake
[2.496s] -- Up-to-date: /home/charvi/comp0250_s26_labs/install/cw1_world_spawner/share/cw1_world_spawner/cmake/export_cw1_world_spawner__rosidl_generator_cExport-release.cmake
[2.496s] -- Up-to-date: /home/charvi/comp0250_s26_labs/install/cw1_world_spawner/share/cw1_world_spawner/cmake/export_cw1_world_spawner__rosidl_typesupport_fastrtps_cExport.cmake
[2.497s] -- Up-to-date: /home/charvi/comp0250_s26_labs/install/cw1_world_spawner/share/cw1_world_spawner/cmake/export_cw1_world_spawner__rosidl_typesupport_fastrtps_cExport-release.cmake
[2.497s] -- Up-to-date: /home/charvi/comp0250_s26_labs/install/cw1_world_spawner/share/cw1_world_spawner/cmake/cw1_world_spawner__rosidl_typesupport_introspection_cExport.cmake
[2.497s] -- Up-to-date: /home/charvi/comp0250_s26_labs/install/cw1_world_spawner/share/cw1_world_spawner/cmake/cw1_world_spawner__rosidl_typesupport_introspection_cExport-release.cmake
[2.497s] -- Up-to-date: /home/charvi/comp0250_s26_labs/install/cw1_world_spawner/share/cw1_world_spawner/cmake/cw1_world_spawner__rosidl_typesupport_cExport.cmake
[2.497s] -- Up-to-date: /home/charvi/comp0250_s26_labs/install/cw1_world_spawner/share/cw1_world_spawner/cmake/cw1_world_spawner__rosidl_typesupport_cExport-release.cmake
[2.497s] -- Up-to-date: /home/charvi/comp0250_s26_labs/install/cw1_world_spawner/share/cw1_world_spawner/cmake/export_cw1_world_spawner__rosidl_generator_cppExport.cmake
[2.497s] -- Up-to-date: /home/charvi/comp0250_s26_labs/install/cw1_world_spawner/share/cw1_world_spawner/cmake/export_cw1_world_spawner__rosidl_typesupport_fastrtps_cppExport.cmake
[2.497s] -- Up-to-date: /home/charvi/comp0250_s26_labs/install/cw1_world_spawner/share/cw1_world_spawner/cmake/export_cw1_world_spawner__rosidl_typesupport_fastrtps_cppExport-release.cmake
[2.498s] -- Up-to-date: /home/charvi/comp0250_s26_labs/install/cw1_world_spawner/share/cw1_world_spawner/cmake/cw1_world_spawner__rosidl_typesupport_introspection_cppExport.cmake
[2.498s] -- Up-to-date: /home/charvi/comp0250_s26_labs/install/cw1_world_spawner/share/cw1_world_spawner/cmake/cw1_world_spawner__rosidl_typesupport_introspection_cppExport-release.cmake
[2.498s] -- Up-to-date: /home/charvi/comp0250_s26_labs/install/cw1_world_spawner/share/cw1_world_spawner/cmake/cw1_world_spawner__rosidl_typesupport_cppExport.cmake
[2.498s] -- Up-to-date: /home/charvi/comp0250_s26_labs/install/cw1_world_spawner/share/cw1_world_spawner/cmake/cw1_world_spawner__rosidl_typesupport_cppExport-release.cmake
[2.498s] -- Up-to-date: /home/charvi/comp0250_s26_labs/install/cw1_world_spawner/share/cw1_world_spawner/cmake/export_cw1_world_spawner__rosidl_generator_pyExport.cmake
[2.499s] -- Up-to-date: /home/charvi/comp0250_s26_labs/install/cw1_world_spawner/share/cw1_world_spawner/cmake/export_cw1_world_spawner__rosidl_generator_pyExport-release.cmake
[2.499s] -- Up-to-date: /home/charvi/comp0250_s26_labs/install/cw1_world_spawner/share/cw1_world_spawner/cmake/rosidl_cmake-extras.cmake
[2.499s] -- Up-to-date: /home/charvi/comp0250_s26_labs/install/cw1_world_spawner/share/cw1_world_spawner/cmake/ament_cmake_export_dependencies-extras.cmake
[2.499s] -- Up-to-date: /home/charvi/comp0250_s26_labs/install/cw1_world_spawner/share/cw1_world_spawner/cmake/ament_cmake_export_include_directories-extras.cmake
[2.501s] -- Up-to-date: /home/charvi/comp0250_s26_labs/install/cw1_world_spawner/share/cw1_world_spawner/cmake/ament_cmake_export_libraries-extras.cmake
[2.501s] -- Up-to-date: /home/charvi/comp0250_s26_labs/install/cw1_world_spawner/share/cw1_world_spawner/cmake/ament_cmake_export_targets-extras.cmake
[2.501s] -- Up-to-date: /home/charvi/comp0250_s26_labs/install/cw1_world_spawner/share/cw1_world_spawner/cmake/rosidl_cmake_export_typesupport_targets-extras.cmake
[2.501s] -- Up-to-date: /home/charvi/comp0250_s26_labs/install/cw1_world_spawner/share/cw1_world_spawner/cmake/rosidl_cmake_export_typesupport_libraries-extras.cmake
[2.501s] -- Up-to-date: /home/charvi/comp0250_s26_labs/install/cw1_world_spawner/share/cw1_world_spawner/cmake/cw1_world_spawnerConfig.cmake
[2.502s] -- Up-to-date: /home/charvi/comp0250_s26_labs/install/cw1_world_spawner/share/cw1_world_spawner/cmake/cw1_world_spawnerConfig-version.cmake
[2.502s] -- Up-to-date: /home/charvi/comp0250_s26_labs/install/cw1_world_spawner/share/cw1_world_spawner/package.xml
[2.503s] Invoked command in '/home/charvi/comp0250_s26_labs/build/cw1_world_spawner' returned '0': CMAKE_PREFIX_PATH=${CMAKE_PREFIX_PATH}:/opt/ros/humble /usr/bin/cmake --install /home/charvi/comp0250_s26_labs/build/cw1_world_spawner
