[0.047s] Invoking command in '/home/charvi/comp0250_s26_labs/build/cw1_team_30': CMAKE_PREFIX_PATH=/home/charvi/comp0250_s26_labs/install/cw1_world_spawner:/home/charvi/comp0250_s26_labs/install/rpl_panda_with_rs:/home/charvi/comp0250_s26_labs/install/realsense_gazebo_plugin:/home/charvi/comp0250_s26_labs/install/panda_moveit_config:/home/charvi/comp0250_s26_labs/install/panda_description:/home/charvi/comp0250_s26_labs/install/cw1_team_x:/home/charvi/comp0250_s26_labs/install/cw1_team_30:/opt/ros/humble LD_LIBRARY_PATH=/home/charvi/comp0250_s26_labs/install/cw1_world_spawner/lib:/home/charvi/comp0250_s26_labs/install/realsense_gazebo_plugin/lib:/home/charvi/comp0250_s26_labs/install/cw1_team_x/lib:/home/charvi/comp0250_s26_labs/install/cw1_team_30/lib:/usr/lib/x86_64-linux-gnu/gazebo-11/plugins:/opt/ros/humble/opt/rviz_ogre_vendor/lib:/opt/ros/humble/lib/x86_64-linux-gnu:/opt/ros/humble/lib /usr/bin/cmake --build /home/charvi/comp0250_s26_labs/build/cw1_team_30 -- -j12 -l12
[0.271s] [  2%] Built target cw1_team_30__cpp
[0.283s] [ 11%] Built target cw1_team_30__rosidl_generator_c
[0.314s] [ 11%] Built target ament_cmake_python_copy_cw1_team_30
[0.369s] [ 20%] Built target cw1_team_30__rosidl_typesupport_cpp
[0.375s] [ 28%] Built target cw1_team_30__rosidl_typesupport_introspection_cpp
[0.380s] [ 37%] Built target cw1_team_30__rosidl_typesupport_introspection_c
[0.386s] [ 45%] Built target cw1_team_30__rosidl_typesupport_fastrtps_c
[0.388s] [ 54%] Built target cw1_team_30__rosidl_typesupport_fastrtps_cpp
[0.408s] [ 62%] Built target cw1_team_30__rosidl_typesupport_c
[0.493s] [35m[1mConsolidate compiler generated dependencies of target cw1_team_30_cw1_class_lib[0m
[0.505s] [ 62%] Built target cw1_team_30
[0.550s] [ 65%] Built target cw1_team_30__py
[0.569s] [ 68%] [32mBuilding CXX object CMakeFiles/cw1_team_30_cw1_class_lib.dir/src/cw1_class.cpp.o[0m
[0.586s] [ 74%] Built target cw1_team_30__rosidl_generator_py
[0.612s] [ 91%] Built target cw1_team_30__rosidl_typesupport_c__pyext
[0.612s] [ 91%] Built target cw1_team_30__rosidl_typesupport_introspection_c__pyext
[0.612s] [ 91%] Built target cw1_team_30__rosidl_typesupport_fastrtps_c__pyext
[0.756s] running egg_info
[0.777s] writing cw1_team_30.egg-info/PKG-INFO
[0.778s] writing dependency_links to cw1_team_30.egg-info/dependency_links.txt
[0.778s] writing top-level names to cw1_team_30.egg-info/top_level.txt
[0.840s] reading manifest file 'cw1_team_30.egg-info/SOURCES.txt'
[0.841s] writing manifest file 'cw1_team_30.egg-info/SOURCES.txt'
[0.866s] [ 91%] Built target ament_cmake_python_build_cw1_team_30_egg
[8.075s] [01m[K/home/charvi/comp0250_s26_labs/courseworks/cw1_team_30/src/cw1_class.cpp:759:40:[m[K [01;31m[Kerror: [m[Kno declaration matches ‘[01m[Kpcl::PointCloud<pcl::PointXYZRGB>::Ptr cw1::accumulateColouredPointClouds(const std::vector<std::pair<double, double> >&)[m[K’
[8.075s]   759 | pcl::PointCloud<pcl::PointXYZRGB>::Ptr [01;31m[Kcw1[m[K::accumulateColouredPointClouds(const std::vector<std::pair<double,double>> & scan_positions)
[8.075s]       |                                        [01;31m[K^~~[m[K
[8.075s] [01m[K/home/charvi/comp0250_s26_labs/courseworks/cw1_team_30/src/cw1_class.cpp:759:40:[m[K [01;36m[Knote: [m[Kno functions named ‘[01m[Kpcl::PointCloud<pcl::PointXYZRGB>::Ptr cw1::accumulateColouredPointClouds(const std::vector<std::pair<double, double> >&)[m[K’
[8.075s] In file included from [01m[K/home/charvi/comp0250_s26_labs/courseworks/cw1_team_30/src/cw1_class.cpp:6[m[K:
[8.075s] [01m[K/home/charvi/comp0250_s26_labs/courseworks/cw1_team_30/include/cw1_class.h:43:7:[m[K [01;36m[Knote: [m[K‘[01m[Kclass cw1[m[K’ defined here
[8.076s]    43 | class [01;36m[Kcw1[m[K
[8.076s]       |       [01;36m[K^~~[m[K
[8.076s] [01m[K/home/charvi/comp0250_s26_labs/courseworks/cw1_team_30/src/cw1_class.cpp:853:37:[m[K [01;31m[Kerror: [m[Kno declaration matches ‘[01m[Kstd::vector<cw1::AllObjectsInScene> cw1::detectObjectsInCloud(const Ptr&)[m[K’
[8.076s]   853 | std::vector<cw1::AllObjectsInScene> [01;31m[Kcw1[m[K::detectObjectsInCloud(const pcl::PointCloud<pcl::PointXYZRGB>::Ptr & input_cloud)
[8.076s]       |                                     [01;31m[K^~~[m[K
[8.076s] [01m[K/home/charvi/comp0250_s26_labs/courseworks/cw1_team_30/src/cw1_class.cpp:853:37:[m[K [01;36m[Knote: [m[Kno functions named ‘[01m[Kstd::vector<cw1::AllObjectsInScene> cw1::detectObjectsInCloud(const Ptr&)[m[K’
[8.076s] In file included from [01m[K/home/charvi/comp0250_s26_labs/courseworks/cw1_team_30/src/cw1_class.cpp:6[m[K:
[8.076s] [01m[K/home/charvi/comp0250_s26_labs/courseworks/cw1_team_30/include/cw1_class.h:43:7:[m[K [01;36m[Knote: [m[K‘[01m[Kclass cw1[m[K’ defined here
[8.076s]    43 | class [01;36m[Kcw1[m[K
[8.076s]       |       [01;36m[K^~~[m[K
[8.124s] [01m[K/home/charvi/comp0250_s26_labs/courseworks/cw1_team_30/src/cw1_class.cpp:[m[K In member function ‘[01m[Kvoid cw1::t3_callback(std::shared_ptr<cw1_world_spawner::srv::Task3Service_Request_<std::allocator<void> > >, std::shared_ptr<cw1_world_spawner::srv::Task3Service_Response_<std::allocator<void> > >)[m[K’:
[8.124s] [01m[K/home/charvi/comp0250_s26_labs/courseworks/cw1_team_30/src/cw1_class.cpp:899:25:[m[K [01;31m[Kerror: [m[K‘[01m[KaccumulateColouredPointClouds[m[K’ was not declared in this scope
[8.124s]   899 |   auto complete_cloud = [01;31m[KaccumulateColouredPointClouds[m[K(scan_positions);
[8.124s]       |                         [01;31m[K^~~~~~~~~~~~~~~~~~~~~~~~~~~~~[m[K
[8.145s] [01m[K/home/charvi/comp0250_s26_labs/courseworks/cw1_team_30/src/cw1_class.cpp:900:27:[m[K [01;31m[Kerror: [m[K‘[01m[KdetectObjectsInCloud[m[K’ was not declared in this scope; did you mean ‘[01m[KdetectObjectsInOneScan[m[K’?
[8.145s]   900 |   auto objects_in_scene = [01;31m[KdetectObjectsInCloud[m[K(complete_cloud);
[8.145s]       |                           [01;31m[K^~~~~~~~~~~~~~~~~~~~[m[K
[8.145s]       |                           [32m[KdetectObjectsInOneScan[m[K
[14.163s] gmake[2]: *** [CMakeFiles/cw1_team_30_cw1_class_lib.dir/build.make:76: CMakeFiles/cw1_team_30_cw1_class_lib.dir/src/cw1_class.cpp.o] Error 1
[14.163s] gmake[1]: *** [CMakeFiles/Makefile2:595: CMakeFiles/cw1_team_30_cw1_class_lib.dir/all] Error 2
[14.163s] gmake: *** [Makefile:146: all] Error 2
[14.166s] Invoked command in '/home/charvi/comp0250_s26_labs/build/cw1_team_30' returned '2': CMAKE_PREFIX_PATH=/home/charvi/comp0250_s26_labs/install/cw1_world_spawner:/home/charvi/comp0250_s26_labs/install/rpl_panda_with_rs:/home/charvi/comp0250_s26_labs/install/realsense_gazebo_plugin:/home/charvi/comp0250_s26_labs/install/panda_moveit_config:/home/charvi/comp0250_s26_labs/install/panda_description:/home/charvi/comp0250_s26_labs/install/cw1_team_x:/home/charvi/comp0250_s26_labs/install/cw1_team_30:/opt/ros/humble LD_LIBRARY_PATH=/home/charvi/comp0250_s26_labs/install/cw1_world_spawner/lib:/home/charvi/comp0250_s26_labs/install/realsense_gazebo_plugin/lib:/home/charvi/comp0250_s26_labs/install/cw1_team_x/lib:/home/charvi/comp0250_s26_labs/install/cw1_team_30/lib:/usr/lib/x86_64-linux-gnu/gazebo-11/plugins:/opt/ros/humble/opt/rviz_ogre_vendor/lib:/opt/ros/humble/lib/x86_64-linux-gnu:/opt/ros/humble/lib /usr/bin/cmake --build /home/charvi/comp0250_s26_labs/build/cw1_team_30 -- -j12 -l12
