[0.164s] DEBUG:colcon:Command line arguments: ['/usr/bin/colcon', 'build', '--mixin', 'release']
[0.164s] DEBUG:colcon:Parsed command line arguments: Namespace(log_base=None, log_level=None, verb_name='build', build_base='build', install_base='install', merge_install=False, symlink_install=False, test_result_base=None, continue_on_error=False, executor='parallel', parallel_workers=12, event_handlers=None, ignore_user_meta=False, metas=['./colcon.meta'], base_paths=['.'], packages_ignore=None, packages_ignore_regex=None, paths=None, packages_up_to=None, packages_up_to_regex=None, packages_above=None, packages_above_and_dependencies=None, packages_above_depth=None, packages_select_by_dep=None, packages_skip_by_dep=None, packages_skip_up_to=None, packages_select_build_failed=False, packages_skip_build_finished=False, packages_select_test_failures=False, packages_skip_test_passed=False, packages_select=None, packages_skip=None, packages_select_regex=None, packages_skip_regex=None, packages_start=None, packages_end=None, allow_overriding=[], cmake_args=['-DCMAKE_BUILD_TYPE=Release'], cmake_target=None, cmake_target_skip_unavailable=False, cmake_clean_cache=False, cmake_clean_first=False, cmake_force_configure=False, ament_cmake_args=None, catkin_cmake_args=None, catkin_skip_building_tests=False, mixin_files=None, mixin=['release'], verb_parser=<colcon_mixin.mixin.mixin_argument.MixinArgumentDecorator object at 0x7d3b3a419120>, verb_extension=<colcon_core.verb.build.BuildVerb object at 0x7d3b3a418c70>, main=<bound method BuildVerb.main of <colcon_core.verb.build.BuildVerb object at 0x7d3b3a418c70>>, mixin_verb=('build',))
[0.197s] Level 1:colcon.colcon_core.package_discovery:discover_packages(colcon_meta) check parameters
[0.197s] Level 1:colcon.colcon_core.package_discovery:discover_packages(recursive) check parameters
[0.197s] Level 1:colcon.colcon_core.package_discovery:discover_packages(ignore) check parameters
[0.197s] Level 1:colcon.colcon_core.package_discovery:discover_packages(path) check parameters
[0.197s] Level 1:colcon.colcon_core.package_discovery:discover_packages(colcon_meta) discover
[0.197s] Level 1:colcon.colcon_core.package_discovery:discover_packages(recursive) discover
[0.197s] INFO:colcon.colcon_core.package_discovery:Crawling recursively for packages in '/home/charvi/comp0250_s26_labs'
[0.198s] Level 1:colcon.colcon_core.package_identification:_identify(.) by extensions ['ignore', 'ignore_ament_install']
[0.198s] Level 1:colcon.colcon_core.package_identification:_identify(.) by extension 'ignore'
[0.198s] Level 1:colcon.colcon_core.package_identification:_identify(.) by extension 'ignore_ament_install'
[0.198s] Level 1:colcon.colcon_core.package_identification:_identify(.) by extensions ['colcon_pkg']
[0.198s] Level 1:colcon.colcon_core.package_identification:_identify(.) by extension 'colcon_pkg'
[0.198s] Level 1:colcon.colcon_core.package_identification:_identify(.) by extensions ['colcon_meta']
[0.198s] Level 1:colcon.colcon_core.package_identification:_identify(.) by extension 'colcon_meta'
[0.198s] Level 1:colcon.colcon_core.package_identification:_identify(.) by extensions ['ros']
[0.198s] Level 1:colcon.colcon_core.package_identification:_identify(.) by extension 'ros'
[0.211s] Level 1:colcon.colcon_core.package_identification:_identify(.) by extensions ['cmake', 'python']
[0.211s] Level 1:colcon.colcon_core.package_identification:_identify(.) by extension 'cmake'
[0.211s] Level 1:colcon.colcon_core.package_identification:_identify(.) by extension 'python'
[0.211s] Level 1:colcon.colcon_core.package_identification:_identify(.) by extensions ['python_setup_py']
[0.211s] Level 1:colcon.colcon_core.package_identification:_identify(.) by extension 'python_setup_py'
[0.211s] Level 1:colcon.colcon_core.package_identification:_identify(build) by extensions ['ignore', 'ignore_ament_install']
[0.211s] Level 1:colcon.colcon_core.package_identification:_identify(build) by extension 'ignore'
[0.211s] Level 1:colcon.colcon_core.package_identification:_identify(build) ignored
[0.211s] Level 1:colcon.colcon_core.package_identification:_identify(courseworks) by extensions ['ignore', 'ignore_ament_install']
[0.211s] Level 1:colcon.colcon_core.package_identification:_identify(courseworks) by extension 'ignore'
[0.212s] Level 1:colcon.colcon_core.package_identification:_identify(courseworks) by extension 'ignore_ament_install'
[0.212s] Level 1:colcon.colcon_core.package_identification:_identify(courseworks) by extensions ['colcon_pkg']
[0.212s] Level 1:colcon.colcon_core.package_identification:_identify(courseworks) by extension 'colcon_pkg'
[0.212s] Level 1:colcon.colcon_core.package_identification:_identify(courseworks) by extensions ['colcon_meta']
[0.212s] Level 1:colcon.colcon_core.package_identification:_identify(courseworks) by extension 'colcon_meta'
[0.212s] Level 1:colcon.colcon_core.package_identification:_identify(courseworks) by extensions ['ros']
[0.212s] Level 1:colcon.colcon_core.package_identification:_identify(courseworks) by extension 'ros'
[0.212s] Level 1:colcon.colcon_core.package_identification:_identify(courseworks) by extensions ['cmake', 'python']
[0.212s] Level 1:colcon.colcon_core.package_identification:_identify(courseworks) by extension 'cmake'
[0.212s] Level 1:colcon.colcon_core.package_identification:_identify(courseworks) by extension 'python'
[0.212s] Level 1:colcon.colcon_core.package_identification:_identify(courseworks) by extensions ['python_setup_py']
[0.212s] Level 1:colcon.colcon_core.package_identification:_identify(courseworks) by extension 'python_setup_py'
[0.212s] Level 1:colcon.colcon_core.package_identification:_identify(courseworks/cw1_team_30) by extensions ['ignore', 'ignore_ament_install']
[0.212s] Level 1:colcon.colcon_core.package_identification:_identify(courseworks/cw1_team_30) by extension 'ignore'
[0.212s] Level 1:colcon.colcon_core.package_identification:_identify(courseworks/cw1_team_30) by extension 'ignore_ament_install'
[0.212s] Level 1:colcon.colcon_core.package_identification:_identify(courseworks/cw1_team_30) by extensions ['colcon_pkg']
[0.212s] Level 1:colcon.colcon_core.package_identification:_identify(courseworks/cw1_team_30) by extension 'colcon_pkg'
[0.212s] Level 1:colcon.colcon_core.package_identification:_identify(courseworks/cw1_team_30) by extensions ['colcon_meta']
[0.212s] Level 1:colcon.colcon_core.package_identification:_identify(courseworks/cw1_team_30) by extension 'colcon_meta'
[0.212s] Level 1:colcon.colcon_core.package_identification:_identify(courseworks/cw1_team_30) by extensions ['ros']
[0.212s] Level 1:colcon.colcon_core.package_identification:_identify(courseworks/cw1_team_30) by extension 'ros'
[0.215s] DEBUG:colcon.colcon_core.package_identification:Package 'courseworks/cw1_team_30' with type 'ros.ament_cmake' and name 'cw1_team_30'
[0.215s] Level 1:colcon.colcon_core.package_identification:_identify(courseworks/cw1_world_spawner) by extensions ['ignore', 'ignore_ament_install']
[0.216s] Level 1:colcon.colcon_core.package_identification:_identify(courseworks/cw1_world_spawner) by extension 'ignore'
[0.216s] Level 1:colcon.colcon_core.package_identification:_identify(courseworks/cw1_world_spawner) by extension 'ignore_ament_install'
[0.216s] Level 1:colcon.colcon_core.package_identification:_identify(courseworks/cw1_world_spawner) by extensions ['colcon_pkg']
[0.216s] Level 1:colcon.colcon_core.package_identification:_identify(courseworks/cw1_world_spawner) by extension 'colcon_pkg'
[0.216s] Level 1:colcon.colcon_core.package_identification:_identify(courseworks/cw1_world_spawner) by extensions ['colcon_meta']
[0.216s] Level 1:colcon.colcon_core.package_identification:_identify(courseworks/cw1_world_spawner) by extension 'colcon_meta'
[0.216s] Level 1:colcon.colcon_core.package_identification:_identify(courseworks/cw1_world_spawner) by extensions ['ros']
[0.216s] Level 1:colcon.colcon_core.package_identification:_identify(courseworks/cw1_world_spawner) by extension 'ros'
[0.216s] DEBUG:colcon.colcon_core.package_identification:Package 'courseworks/cw1_world_spawner' with type 'ros.ament_cmake' and name 'cw1_world_spawner'
[0.217s] Level 1:colcon.colcon_core.package_identification:_identify(courseworks/panda_description) by extensions ['ignore', 'ignore_ament_install']
[0.217s] Level 1:colcon.colcon_core.package_identification:_identify(courseworks/panda_description) by extension 'ignore'
[0.217s] Level 1:colcon.colcon_core.package_identification:_identify(courseworks/panda_description) by extension 'ignore_ament_install'
[0.217s] Level 1:colcon.colcon_core.package_identification:_identify(courseworks/panda_description) by extensions ['colcon_pkg']
[0.217s] Level 1:colcon.colcon_core.package_identification:_identify(courseworks/panda_description) by extension 'colcon_pkg'
[0.217s] Level 1:colcon.colcon_core.package_identification:_identify(courseworks/panda_description) by extensions ['colcon_meta']
[0.217s] Level 1:colcon.colcon_core.package_identification:_identify(courseworks/panda_description) by extension 'colcon_meta'
[0.217s] Level 1:colcon.colcon_core.package_identification:_identify(courseworks/panda_description) by extensions ['ros']
[0.217s] Level 1:colcon.colcon_core.package_identification:_identify(courseworks/panda_description) by extension 'ros'
[0.217s] DEBUG:colcon.colcon_core.package_identification:Package 'courseworks/panda_description' with type 'ros.ament_cmake' and name 'panda_description'
[0.218s] Level 1:colcon.colcon_core.package_identification:_identify(courseworks/panda_moveit_config) by extensions ['ignore', 'ignore_ament_install']
[0.218s] Level 1:colcon.colcon_core.package_identification:_identify(courseworks/panda_moveit_config) by extension 'ignore'
[0.218s] Level 1:colcon.colcon_core.package_identification:_identify(courseworks/panda_moveit_config) by extension 'ignore_ament_install'
[0.218s] Level 1:colcon.colcon_core.package_identification:_identify(courseworks/panda_moveit_config) by extensions ['colcon_pkg']
[0.218s] Level 1:colcon.colcon_core.package_identification:_identify(courseworks/panda_moveit_config) by extension 'colcon_pkg'
[0.218s] Level 1:colcon.colcon_core.package_identification:_identify(courseworks/panda_moveit_config) by extensions ['colcon_meta']
[0.218s] Level 1:colcon.colcon_core.package_identification:_identify(courseworks/panda_moveit_config) by extension 'colcon_meta'
[0.218s] Level 1:colcon.colcon_core.package_identification:_identify(courseworks/panda_moveit_config) by extensions ['ros']
[0.218s] Level 1:colcon.colcon_core.package_identification:_identify(courseworks/panda_moveit_config) by extension 'ros'
[0.219s] DEBUG:colcon.colcon_core.package_identification:Package 'courseworks/panda_moveit_config' with type 'ros.ament_cmake' and name 'panda_moveit_config'
[0.219s] Level 1:colcon.colcon_core.package_identification:_identify(courseworks/realsense_gazebo_plugin) by extensions ['ignore', 'ignore_ament_install']
[0.219s] Level 1:colcon.colcon_core.package_identification:_identify(courseworks/realsense_gazebo_plugin) by extension 'ignore'
[0.219s] Level 1:colcon.colcon_core.package_identification:_identify(courseworks/realsense_gazebo_plugin) by extension 'ignore_ament_install'
[0.219s] Level 1:colcon.colcon_core.package_identification:_identify(courseworks/realsense_gazebo_plugin) by extensions ['colcon_pkg']
[0.219s] Level 1:colcon.colcon_core.package_identification:_identify(courseworks/realsense_gazebo_plugin) by extension 'colcon_pkg'
[0.219s] Level 1:colcon.colcon_core.package_identification:_identify(courseworks/realsense_gazebo_plugin) by extensions ['colcon_meta']
[0.219s] Level 1:colcon.colcon_core.package_identification:_identify(courseworks/realsense_gazebo_plugin) by extension 'colcon_meta'
[0.220s] Level 1:colcon.colcon_core.package_identification:_identify(courseworks/realsense_gazebo_plugin) by extensions ['ros']
[0.220s] Level 1:colcon.colcon_core.package_identification:_identify(courseworks/realsense_gazebo_plugin) by extension 'ros'
[0.221s] DEBUG:colcon.colcon_core.package_identification:Package 'courseworks/realsense_gazebo_plugin' with type 'ros.ament_cmake' and name 'realsense_gazebo_plugin'
[0.221s] Level 1:colcon.colcon_core.package_identification:_identify(courseworks/rpl_panda_with_rs) by extensions ['ignore', 'ignore_ament_install']
[0.221s] Level 1:colcon.colcon_core.package_identification:_identify(courseworks/rpl_panda_with_rs) by extension 'ignore'
[0.221s] Level 1:colcon.colcon_core.package_identification:_identify(courseworks/rpl_panda_with_rs) by extension 'ignore_ament_install'
[0.221s] Level 1:colcon.colcon_core.package_identification:_identify(courseworks/rpl_panda_with_rs) by extensions ['colcon_pkg']
[0.221s] Level 1:colcon.colcon_core.package_identification:_identify(courseworks/rpl_panda_with_rs) by extension 'colcon_pkg'
[0.221s] Level 1:colcon.colcon_core.package_identification:_identify(courseworks/rpl_panda_with_rs) by extensions ['colcon_meta']
[0.221s] Level 1:colcon.colcon_core.package_identification:_identify(courseworks/rpl_panda_with_rs) by extension 'colcon_meta'
[0.221s] Level 1:colcon.colcon_core.package_identification:_identify(courseworks/rpl_panda_with_rs) by extensions ['ros']
[0.221s] Level 1:colcon.colcon_core.package_identification:_identify(courseworks/rpl_panda_with_rs) by extension 'ros'
[0.222s] DEBUG:colcon.colcon_core.package_identification:Package 'courseworks/rpl_panda_with_rs' with type 'ros.ament_cmake' and name 'rpl_panda_with_rs'
[0.222s] Level 1:colcon.colcon_core.package_identification:_identify(install) by extensions ['ignore', 'ignore_ament_install']
[0.222s] Level 1:colcon.colcon_core.package_identification:_identify(install) by extension 'ignore'
[0.222s] Level 1:colcon.colcon_core.package_identification:_identify(install) ignored
[0.222s] Level 1:colcon.colcon_core.package_identification:_identify(log) by extensions ['ignore', 'ignore_ament_install']
[0.223s] Level 1:colcon.colcon_core.package_identification:_identify(log) by extension 'ignore'
[0.223s] Level 1:colcon.colcon_core.package_identification:_identify(log) ignored
[0.223s] Level 1:colcon.colcon_core.package_identification:_identify(scripts) by extensions ['ignore', 'ignore_ament_install']
[0.223s] Level 1:colcon.colcon_core.package_identification:_identify(scripts) by extension 'ignore'
[0.223s] Level 1:colcon.colcon_core.package_identification:_identify(scripts) by extension 'ignore_ament_install'
[0.223s] Level 1:colcon.colcon_core.package_identification:_identify(scripts) by extensions ['colcon_pkg']
[0.223s] Level 1:colcon.colcon_core.package_identification:_identify(scripts) by extension 'colcon_pkg'
[0.223s] Level 1:colcon.colcon_core.package_identification:_identify(scripts) by extensions ['colcon_meta']
[0.223s] Level 1:colcon.colcon_core.package_identification:_identify(scripts) by extension 'colcon_meta'
[0.223s] Level 1:colcon.colcon_core.package_identification:_identify(scripts) by extensions ['ros']
[0.223s] Level 1:colcon.colcon_core.package_identification:_identify(scripts) by extension 'ros'
[0.223s] Level 1:colcon.colcon_core.package_identification:_identify(scripts) by extensions ['cmake', 'python']
[0.224s] Level 1:colcon.colcon_core.package_identification:_identify(scripts) by extension 'cmake'
[0.224s] Level 1:colcon.colcon_core.package_identification:_identify(scripts) by extension 'python'
[0.224s] Level 1:colcon.colcon_core.package_identification:_identify(scripts) by extensions ['python_setup_py']
[0.224s] Level 1:colcon.colcon_core.package_identification:_identify(scripts) by extension 'python_setup_py'
[0.224s] Level 1:colcon.colcon_core.package_discovery:discover_packages(recursive) using defaults
[0.224s] Level 1:colcon.colcon_core.package_discovery:discover_packages(ignore) discover
[0.224s] Level 1:colcon.colcon_core.package_discovery:discover_packages(ignore) using defaults
[0.224s] Level 1:colcon.colcon_core.package_discovery:discover_packages(path) discover
[0.224s] Level 1:colcon.colcon_core.package_discovery:discover_packages(path) using defaults
[0.244s] Level 1:colcon.colcon_core.package_discovery:discover_packages(prefix_path) check parameters
[0.244s] Level 1:colcon.colcon_core.package_discovery:discover_packages(prefix_path) discover
[0.247s] DEBUG:colcon.colcon_installed_package_information.package_discovery:Found 405 installed packages in /opt/ros/humble
[0.248s] Level 1:colcon.colcon_core.package_discovery:discover_packages(prefix_path) using defaults
[0.295s] Level 5:colcon.colcon_core.verb:set package 'cw1_world_spawner' build argument 'cmake_args' from command line to '['-DCMAKE_BUILD_TYPE=Release']'
[0.295s] Level 5:colcon.colcon_core.verb:set package 'cw1_world_spawner' build argument 'cmake_target' from command line to 'None'
[0.295s] Level 5:colcon.colcon_core.verb:set package 'cw1_world_spawner' build argument 'cmake_target_skip_unavailable' from command line to 'False'
[0.295s] Level 5:colcon.colcon_core.verb:set package 'cw1_world_spawner' build argument 'cmake_clean_cache' from command line to 'False'
[0.295s] Level 5:colcon.colcon_core.verb:set package 'cw1_world_spawner' build argument 'cmake_clean_first' from command line to 'False'
[0.295s] Level 5:colcon.colcon_core.verb:set package 'cw1_world_spawner' build argument 'cmake_force_configure' from command line to 'False'
[0.295s] Level 5:colcon.colcon_core.verb:set package 'cw1_world_spawner' build argument 'ament_cmake_args' from command line to 'None'
[0.295s] Level 5:colcon.colcon_core.verb:set package 'cw1_world_spawner' build argument 'catkin_cmake_args' from command line to 'None'
[0.295s] Level 5:colcon.colcon_core.verb:set package 'cw1_world_spawner' build argument 'catkin_skip_building_tests' from command line to 'False'
[0.295s] DEBUG:colcon.colcon_core.verb:Building package 'cw1_world_spawner' with the following arguments: {'ament_cmake_args': None, 'build_base': '/home/charvi/comp0250_s26_labs/build/cw1_world_spawner', 'catkin_cmake_args': None, 'catkin_skip_building_tests': False, 'cmake_args': ['-DCMAKE_BUILD_TYPE=Release'], 'cmake_clean_cache': False, 'cmake_clean_first': False, 'cmake_force_configure': False, 'cmake_target': None, 'cmake_target_skip_unavailable': False, 'install_base': '/home/charvi/comp0250_s26_labs/install/cw1_world_spawner', 'merge_install': False, 'path': '/home/charvi/comp0250_s26_labs/courseworks/cw1_world_spawner', 'symlink_install': False, 'test_result_base': None}
[0.295s] Level 5:colcon.colcon_core.verb:set package 'panda_description' build argument 'cmake_args' from command line to '['-DCMAKE_BUILD_TYPE=Release']'
[0.295s] Level 5:colcon.colcon_core.verb:set package 'panda_description' build argument 'cmake_target' from command line to 'None'
[0.295s] Level 5:colcon.colcon_core.verb:set package 'panda_description' build argument 'cmake_target_skip_unavailable' from command line to 'False'
[0.295s] Level 5:colcon.colcon_core.verb:set package 'panda_description' build argument 'cmake_clean_cache' from command line to 'False'
[0.295s] Level 5:colcon.colcon_core.verb:set package 'panda_description' build argument 'cmake_clean_first' from command line to 'False'
[0.295s] Level 5:colcon.colcon_core.verb:set package 'panda_description' build argument 'cmake_force_configure' from command line to 'False'
[0.295s] Level 5:colcon.colcon_core.verb:set package 'panda_description' build argument 'ament_cmake_args' from command line to 'None'
[0.295s] Level 5:colcon.colcon_core.verb:set package 'panda_description' build argument 'catkin_cmake_args' from command line to 'None'
[0.295s] Level 5:colcon.colcon_core.verb:set package 'panda_description' build argument 'catkin_skip_building_tests' from command line to 'False'
[0.295s] DEBUG:colcon.colcon_core.verb:Building package 'panda_description' with the following arguments: {'ament_cmake_args': None, 'build_base': '/home/charvi/comp0250_s26_labs/build/panda_description', 'catkin_cmake_args': None, 'catkin_skip_building_tests': False, 'cmake_args': ['-DCMAKE_BUILD_TYPE=Release'], 'cmake_clean_cache': False, 'cmake_clean_first': False, 'cmake_force_configure': False, 'cmake_target': None, 'cmake_target_skip_unavailable': False, 'install_base': '/home/charvi/comp0250_s26_labs/install/panda_description', 'merge_install': False, 'path': '/home/charvi/comp0250_s26_labs/courseworks/panda_description', 'symlink_install': False, 'test_result_base': None}
[0.296s] Level 5:colcon.colcon_core.verb:set package 'panda_moveit_config' build argument 'cmake_args' from command line to '['-DCMAKE_BUILD_TYPE=Release']'
[0.296s] Level 5:colcon.colcon_core.verb:set package 'panda_moveit_config' build argument 'cmake_target' from command line to 'None'
[0.296s] Level 5:colcon.colcon_core.verb:set package 'panda_moveit_config' build argument 'cmake_target_skip_unavailable' from command line to 'False'
[0.296s] Level 5:colcon.colcon_core.verb:set package 'panda_moveit_config' build argument 'cmake_clean_cache' from command line to 'False'
[0.296s] Level 5:colcon.colcon_core.verb:set package 'panda_moveit_config' build argument 'cmake_clean_first' from command line to 'False'
[0.296s] Level 5:colcon.colcon_core.verb:set package 'panda_moveit_config' build argument 'cmake_force_configure' from command line to 'False'
[0.296s] Level 5:colcon.colcon_core.verb:set package 'panda_moveit_config' build argument 'ament_cmake_args' from command line to 'None'
[0.296s] Level 5:colcon.colcon_core.verb:set package 'panda_moveit_config' build argument 'catkin_cmake_args' from command line to 'None'
[0.296s] Level 5:colcon.colcon_core.verb:set package 'panda_moveit_config' build argument 'catkin_skip_building_tests' from command line to 'False'
[0.296s] DEBUG:colcon.colcon_core.verb:Building package 'panda_moveit_config' with the following arguments: {'ament_cmake_args': None, 'build_base': '/home/charvi/comp0250_s26_labs/build/panda_moveit_config', 'catkin_cmake_args': None, 'catkin_skip_building_tests': False, 'cmake_args': ['-DCMAKE_BUILD_TYPE=Release'], 'cmake_clean_cache': False, 'cmake_clean_first': False, 'cmake_force_configure': False, 'cmake_target': None, 'cmake_target_skip_unavailable': False, 'install_base': '/home/charvi/comp0250_s26_labs/install/panda_moveit_config', 'merge_install': False, 'path': '/home/charvi/comp0250_s26_labs/courseworks/panda_moveit_config', 'symlink_install': False, 'test_result_base': None}
[0.296s] Level 5:colcon.colcon_core.verb:set package 'realsense_gazebo_plugin' build argument 'cmake_args' from command line to '['-DCMAKE_BUILD_TYPE=Release']'
[0.296s] Level 5:colcon.colcon_core.verb:set package 'realsense_gazebo_plugin' build argument 'cmake_target' from command line to 'None'
[0.296s] Level 5:colcon.colcon_core.verb:set package 'realsense_gazebo_plugin' build argument 'cmake_target_skip_unavailable' from command line to 'False'
[0.296s] Level 5:colcon.colcon_core.verb:set package 'realsense_gazebo_plugin' build argument 'cmake_clean_cache' from command line to 'False'
[0.296s] Level 5:colcon.colcon_core.verb:set package 'realsense_gazebo_plugin' build argument 'cmake_clean_first' from command line to 'False'
[0.297s] Level 5:colcon.colcon_core.verb:set package 'realsense_gazebo_plugin' build argument 'cmake_force_configure' from command line to 'False'
[0.297s] Level 5:colcon.colcon_core.verb:set package 'realsense_gazebo_plugin' build argument 'ament_cmake_args' from command line to 'None'
[0.297s] Level 5:colcon.colcon_core.verb:set package 'realsense_gazebo_plugin' build argument 'catkin_cmake_args' from command line to 'None'
[0.297s] Level 5:colcon.colcon_core.verb:set package 'realsense_gazebo_plugin' build argument 'catkin_skip_building_tests' from command line to 'False'
[0.297s] DEBUG:colcon.colcon_core.verb:Building package 'realsense_gazebo_plugin' with the following arguments: {'ament_cmake_args': None, 'build_base': '/home/charvi/comp0250_s26_labs/build/realsense_gazebo_plugin', 'catkin_cmake_args': None, 'catkin_skip_building_tests': False, 'cmake_args': ['-DCMAKE_BUILD_TYPE=Release'], 'cmake_clean_cache': False, 'cmake_clean_first': False, 'cmake_force_configure': False, 'cmake_target': None, 'cmake_target_skip_unavailable': False, 'install_base': '/home/charvi/comp0250_s26_labs/install/realsense_gazebo_plugin', 'merge_install': False, 'path': '/home/charvi/comp0250_s26_labs/courseworks/realsense_gazebo_plugin', 'symlink_install': False, 'test_result_base': None}
[0.297s] Level 5:colcon.colcon_core.verb:set package 'cw1_team_30' build argument 'cmake_args' from command line to '['-DCMAKE_BUILD_TYPE=Release']'
[0.297s] Level 5:colcon.colcon_core.verb:set package 'cw1_team_30' build argument 'cmake_target' from command line to 'None'
[0.297s] Level 5:colcon.colcon_core.verb:set package 'cw1_team_30' build argument 'cmake_target_skip_unavailable' from command line to 'False'
[0.297s] Level 5:colcon.colcon_core.verb:set package 'cw1_team_30' build argument 'cmake_clean_cache' from command line to 'False'
[0.297s] Level 5:colcon.colcon_core.verb:set package 'cw1_team_30' build argument 'cmake_clean_first' from command line to 'False'
[0.297s] Level 5:colcon.colcon_core.verb:set package 'cw1_team_30' build argument 'cmake_force_configure' from command line to 'False'
[0.297s] Level 5:colcon.colcon_core.verb:set package 'cw1_team_30' build argument 'ament_cmake_args' from command line to 'None'
[0.297s] Level 5:colcon.colcon_core.verb:set package 'cw1_team_30' build argument 'catkin_cmake_args' from command line to 'None'
[0.297s] Level 5:colcon.colcon_core.verb:set package 'cw1_team_30' build argument 'catkin_skip_building_tests' from command line to 'False'
[0.297s] DEBUG:colcon.colcon_core.verb:Building package 'cw1_team_30' with the following arguments: {'ament_cmake_args': None, 'build_base': '/home/charvi/comp0250_s26_labs/build/cw1_team_30', 'catkin_cmake_args': None, 'catkin_skip_building_tests': False, 'cmake_args': ['-DCMAKE_BUILD_TYPE=Release'], 'cmake_clean_cache': False, 'cmake_clean_first': False, 'cmake_force_configure': False, 'cmake_target': None, 'cmake_target_skip_unavailable': False, 'install_base': '/home/charvi/comp0250_s26_labs/install/cw1_team_30', 'merge_install': False, 'path': '/home/charvi/comp0250_s26_labs/courseworks/cw1_team_30', 'symlink_install': False, 'test_result_base': None}
[0.298s] Level 5:colcon.colcon_core.verb:set package 'rpl_panda_with_rs' build argument 'cmake_args' from command line to '['-DCMAKE_BUILD_TYPE=Release']'
[0.298s] Level 5:colcon.colcon_core.verb:set package 'rpl_panda_with_rs' build argument 'cmake_target' from command line to 'None'
[0.298s] Level 5:colcon.colcon_core.verb:set package 'rpl_panda_with_rs' build argument 'cmake_target_skip_unavailable' from command line to 'False'
[0.298s] Level 5:colcon.colcon_core.verb:set package 'rpl_panda_with_rs' build argument 'cmake_clean_cache' from command line to 'False'
[0.298s] Level 5:colcon.colcon_core.verb:set package 'rpl_panda_with_rs' build argument 'cmake_clean_first' from command line to 'False'
[0.298s] Level 5:colcon.colcon_core.verb:set package 'rpl_panda_with_rs' build argument 'cmake_force_configure' from command line to 'False'
[0.298s] Level 5:colcon.colcon_core.verb:set package 'rpl_panda_with_rs' build argument 'ament_cmake_args' from command line to 'None'
[0.298s] Level 5:colcon.colcon_core.verb:set package 'rpl_panda_with_rs' build argument 'catkin_cmake_args' from command line to 'None'
[0.298s] Level 5:colcon.colcon_core.verb:set package 'rpl_panda_with_rs' build argument 'catkin_skip_building_tests' from command line to 'False'
[0.298s] DEBUG:colcon.colcon_core.verb:Building package 'rpl_panda_with_rs' with the following arguments: {'ament_cmake_args': None, 'build_base': '/home/charvi/comp0250_s26_labs/build/rpl_panda_with_rs', 'catkin_cmake_args': None, 'catkin_skip_building_tests': False, 'cmake_args': ['-DCMAKE_BUILD_TYPE=Release'], 'cmake_clean_cache': False, 'cmake_clean_first': False, 'cmake_force_configure': False, 'cmake_target': None, 'cmake_target_skip_unavailable': False, 'install_base': '/home/charvi/comp0250_s26_labs/install/rpl_panda_with_rs', 'merge_install': False, 'path': '/home/charvi/comp0250_s26_labs/courseworks/rpl_panda_with_rs', 'symlink_install': False, 'test_result_base': None}
[0.298s] INFO:colcon.colcon_core.executor:Executing jobs using 'parallel' executor
[0.299s] DEBUG:colcon.colcon_parallel_executor.executor.parallel:run_until_complete
[0.299s] INFO:colcon.colcon_ros.task.ament_cmake.build:Building ROS package in '/home/charvi/comp0250_s26_labs/courseworks/cw1_world_spawner' with build type 'ament_cmake'
[0.299s] INFO:colcon.colcon_cmake.task.cmake.build:Building CMake package in '/home/charvi/comp0250_s26_labs/courseworks/cw1_world_spawner'
[0.301s] INFO:colcon.colcon_core.plugin_system:Skipping extension 'colcon_core.shell.bat': Not used on non-Windows systems
[0.301s] INFO:colcon.colcon_core.shell:Skip shell extension 'powershell' for command environment: Not usable outside of PowerShell
[0.301s] DEBUG:colcon.colcon_core.shell:Skip shell extension 'dsv' for command environment
[0.304s] INFO:colcon.colcon_ros.task.ament_cmake.build:Building ROS package in '/home/charvi/comp0250_s26_labs/courseworks/panda_moveit_config' with build type 'ament_cmake'
[0.304s] INFO:colcon.colcon_cmake.task.cmake.build:Building CMake package in '/home/charvi/comp0250_s26_labs/courseworks/panda_moveit_config'
[0.305s] INFO:colcon.colcon_core.shell:Skip shell extension 'powershell' for command environment: Not usable outside of PowerShell
[0.305s] DEBUG:colcon.colcon_core.shell:Skip shell extension 'dsv' for command environment
[0.307s] INFO:colcon.colcon_ros.task.ament_cmake.build:Building ROS package in '/home/charvi/comp0250_s26_labs/courseworks/realsense_gazebo_plugin' with build type 'ament_cmake'
[0.307s] INFO:colcon.colcon_cmake.task.cmake.build:Building CMake package in '/home/charvi/comp0250_s26_labs/courseworks/realsense_gazebo_plugin'
[0.308s] INFO:colcon.colcon_core.shell:Skip shell extension 'powershell' for command environment: Not usable outside of PowerShell
[0.308s] DEBUG:colcon.colcon_core.shell:Skip shell extension 'dsv' for command environment
[0.310s] INFO:colcon.colcon_ros.task.ament_cmake.build:Building ROS package in '/home/charvi/comp0250_s26_labs/courseworks/panda_description' with build type 'ament_cmake'
[0.310s] INFO:colcon.colcon_cmake.task.cmake.build:Building CMake package in '/home/charvi/comp0250_s26_labs/courseworks/panda_description'
[0.310s] INFO:colcon.colcon_core.shell:Skip shell extension 'powershell' for command environment: Not usable outside of PowerShell
[0.311s] DEBUG:colcon.colcon_core.shell:Skip shell extension 'dsv' for command environment
[0.326s] DEBUG:colcon.colcon_core.event_handler.log_command:Invoking command in '/home/charvi/comp0250_s26_labs/build/cw1_world_spawner': CMAKE_PREFIX_PATH=/opt/ros/humble /usr/bin/cmake --build /home/charvi/comp0250_s26_labs/build/cw1_world_spawner -- -j12 -l12
[0.328s] DEBUG:colcon.colcon_core.event_handler.log_command:Invoking command in '/home/charvi/comp0250_s26_labs/build/panda_moveit_config': CMAKE_PREFIX_PATH=/opt/ros/humble /usr/bin/cmake --build /home/charvi/comp0250_s26_labs/build/panda_moveit_config -- -j12 -l12
[0.332s] DEBUG:colcon.colcon_core.event_handler.log_command:Invoking command in '/home/charvi/comp0250_s26_labs/build/realsense_gazebo_plugin': CMAKE_PREFIX_PATH=/opt/ros/humble /usr/bin/cmake --build /home/charvi/comp0250_s26_labs/build/realsense_gazebo_plugin -- -j12 -l12
[0.336s] DEBUG:colcon.colcon_core.event_handler.log_command:Invoking command in '/home/charvi/comp0250_s26_labs/build/panda_description': CMAKE_PREFIX_PATH=/opt/ros/humble /usr/bin/cmake --build /home/charvi/comp0250_s26_labs/build/panda_description -- -j12 -l12
[0.364s] DEBUG:colcon.colcon_core.event_handler.log_command:Invoked command in '/home/charvi/comp0250_s26_labs/build/panda_moveit_config' returned '0': CMAKE_PREFIX_PATH=/opt/ros/humble /usr/bin/cmake --build /home/charvi/comp0250_s26_labs/build/panda_moveit_config -- -j12 -l12
[0.377s] DEBUG:colcon.colcon_core.event_handler.log_command:Invoking command in '/home/charvi/comp0250_s26_labs/build/panda_moveit_config': CMAKE_PREFIX_PATH=/opt/ros/humble /usr/bin/cmake --install /home/charvi/comp0250_s26_labs/build/panda_moveit_config
[0.378s] DEBUG:colcon.colcon_core.event_handler.log_command:Invoked command in '/home/charvi/comp0250_s26_labs/build/panda_description' returned '0': CMAKE_PREFIX_PATH=/opt/ros/humble /usr/bin/cmake --build /home/charvi/comp0250_s26_labs/build/panda_description -- -j12 -l12
[0.383s] DEBUG:colcon.colcon_core.event_handler.log_command:Invoking command in '/home/charvi/comp0250_s26_labs/build/panda_description': CMAKE_PREFIX_PATH=/opt/ros/humble /usr/bin/cmake --install /home/charvi/comp0250_s26_labs/build/panda_description
[0.395s] Level 1:colcon.colcon_core.environment:create_environment_scripts_only(panda_moveit_config)
[0.403s] Level 1:colcon.colcon_core.environment:checking '/home/charvi/comp0250_s26_labs/install/panda_moveit_config' for CMake module files
[0.404s] Level 1:colcon.colcon_core.environment:checking '/home/charvi/comp0250_s26_labs/install/panda_moveit_config' for CMake config files
[0.404s] Level 1:colcon.colcon_core.shell:create_environment_hook('panda_moveit_config', 'cmake_prefix_path')
[0.405s] INFO:colcon.colcon_core.shell:Creating environment hook '/home/charvi/comp0250_s26_labs/install/panda_moveit_config/share/panda_moveit_config/hook/cmake_prefix_path.ps1'
[0.411s] INFO:colcon.colcon_core.shell:Creating environment descriptor '/home/charvi/comp0250_s26_labs/install/panda_moveit_config/share/panda_moveit_config/hook/cmake_prefix_path.dsv'
[0.414s] INFO:colcon.colcon_core.shell:Creating environment hook '/home/charvi/comp0250_s26_labs/install/panda_moveit_config/share/panda_moveit_config/hook/cmake_prefix_path.sh'
[0.418s] Level 1:colcon.colcon_core.environment:checking '/home/charvi/comp0250_s26_labs/install/panda_moveit_config/bin'
[0.418s] Level 1:colcon.colcon_core.environment:checking '/home/charvi/comp0250_s26_labs/install/panda_moveit_config/lib/pkgconfig/panda_moveit_config.pc'
[0.418s] Level 1:colcon.colcon_core.environment:checking '/home/charvi/comp0250_s26_labs/install/panda_moveit_config/lib/python3.10/site-packages'
[0.419s] Level 1:colcon.colcon_core.environment:checking '/home/charvi/comp0250_s26_labs/install/panda_moveit_config/bin'
[0.423s] INFO:colcon.colcon_core.shell:Creating package script '/home/charvi/comp0250_s26_labs/install/panda_moveit_config/share/panda_moveit_config/package.ps1'
[0.424s] INFO:colcon.colcon_core.shell:Creating package descriptor '/home/charvi/comp0250_s26_labs/install/panda_moveit_config/share/panda_moveit_config/package.dsv'
[0.428s] INFO:colcon.colcon_core.shell:Creating package script '/home/charvi/comp0250_s26_labs/install/panda_moveit_config/share/panda_moveit_config/package.sh'
[0.430s] INFO:colcon.colcon_core.shell:Creating package script '/home/charvi/comp0250_s26_labs/install/panda_moveit_config/share/panda_moveit_config/package.bash'
[0.432s] DEBUG:colcon.colcon_core.event_handler.log_command:Invoked command in '/home/charvi/comp0250_s26_labs/build/panda_moveit_config' returned '0': CMAKE_PREFIX_PATH=/opt/ros/humble /usr/bin/cmake --install /home/charvi/comp0250_s26_labs/build/panda_moveit_config
[0.434s] INFO:colcon.colcon_core.shell:Creating package script '/home/charvi/comp0250_s26_labs/install/panda_moveit_config/share/panda_moveit_config/package.zsh'
[0.435s] Level 1:colcon.colcon_core.environment:create_file_with_runtime_dependencies(/home/charvi/comp0250_s26_labs/install/panda_moveit_config/share/colcon-core/packages/panda_moveit_config)
[0.436s] Level 1:colcon.colcon_core.environment:create_environment_scripts_only(panda_moveit_config)
[0.436s] Level 1:colcon.colcon_core.environment:checking '/home/charvi/comp0250_s26_labs/install/panda_moveit_config' for CMake module files
[0.438s] Level 1:colcon.colcon_core.environment:checking '/home/charvi/comp0250_s26_labs/install/panda_moveit_config' for CMake config files
[0.438s] Level 1:colcon.colcon_core.shell:create_environment_hook('panda_moveit_config', 'cmake_prefix_path')
[0.439s] INFO:colcon.colcon_core.shell:Creating environment hook '/home/charvi/comp0250_s26_labs/install/panda_moveit_config/share/panda_moveit_config/hook/cmake_prefix_path.ps1'
[0.440s] INFO:colcon.colcon_core.shell:Creating environment descriptor '/home/charvi/comp0250_s26_labs/install/panda_moveit_config/share/panda_moveit_config/hook/cmake_prefix_path.dsv'
[0.440s] INFO:colcon.colcon_core.shell:Creating environment hook '/home/charvi/comp0250_s26_labs/install/panda_moveit_config/share/panda_moveit_config/hook/cmake_prefix_path.sh'
[0.441s] Level 1:colcon.colcon_core.environment:checking '/home/charvi/comp0250_s26_labs/install/panda_moveit_config/bin'
[0.441s] Level 1:colcon.colcon_core.environment:checking '/home/charvi/comp0250_s26_labs/install/panda_moveit_config/lib/pkgconfig/panda_moveit_config.pc'
[0.442s] Level 1:colcon.colcon_core.environment:checking '/home/charvi/comp0250_s26_labs/install/panda_moveit_config/lib/python3.10/site-packages'
[0.442s] Level 1:colcon.colcon_core.environment:checking '/home/charvi/comp0250_s26_labs/install/panda_moveit_config/bin'
[0.443s] INFO:colcon.colcon_core.shell:Creating package script '/home/charvi/comp0250_s26_labs/install/panda_moveit_config/share/panda_moveit_config/package.ps1'
[0.444s] INFO:colcon.colcon_core.shell:Creating package descriptor '/home/charvi/comp0250_s26_labs/install/panda_moveit_config/share/panda_moveit_config/package.dsv'
[0.445s] INFO:colcon.colcon_core.shell:Creating package script '/home/charvi/comp0250_s26_labs/install/panda_moveit_config/share/panda_moveit_config/package.sh'
[0.445s] INFO:colcon.colcon_core.shell:Creating package script '/home/charvi/comp0250_s26_labs/install/panda_moveit_config/share/panda_moveit_config/package.bash'
[0.446s] INFO:colcon.colcon_core.shell:Creating package script '/home/charvi/comp0250_s26_labs/install/panda_moveit_config/share/panda_moveit_config/package.zsh'
[0.447s] Level 1:colcon.colcon_core.environment:create_file_with_runtime_dependencies(/home/charvi/comp0250_s26_labs/install/panda_moveit_config/share/colcon-core/packages/panda_moveit_config)
[0.448s] Level 1:colcon.colcon_core.environment:create_environment_scripts_only(panda_description)
[0.449s] Level 1:colcon.colcon_core.environment:checking '/home/charvi/comp0250_s26_labs/install/panda_description' for CMake module files
[0.450s] DEBUG:colcon.colcon_core.event_handler.log_command:Invoked command in '/home/charvi/comp0250_s26_labs/build/panda_description' returned '0': CMAKE_PREFIX_PATH=/opt/ros/humble /usr/bin/cmake --install /home/charvi/comp0250_s26_labs/build/panda_description
[0.450s] Level 1:colcon.colcon_core.environment:checking '/home/charvi/comp0250_s26_labs/install/panda_description' for CMake config files
[0.451s] Level 1:colcon.colcon_core.shell:create_environment_hook('panda_description', 'cmake_prefix_path')
[0.451s] INFO:colcon.colcon_core.shell:Creating environment hook '/home/charvi/comp0250_s26_labs/install/panda_description/share/panda_description/hook/cmake_prefix_path.ps1'
[0.452s] INFO:colcon.colcon_core.shell:Creating environment descriptor '/home/charvi/comp0250_s26_labs/install/panda_description/share/panda_description/hook/cmake_prefix_path.dsv'
[0.452s] INFO:colcon.colcon_core.shell:Creating environment hook '/home/charvi/comp0250_s26_labs/install/panda_description/share/panda_description/hook/cmake_prefix_path.sh'
[0.453s] Level 1:colcon.colcon_core.environment:checking '/home/charvi/comp0250_s26_labs/install/panda_description/bin'
[0.453s] Level 1:colcon.colcon_core.environment:checking '/home/charvi/comp0250_s26_labs/install/panda_description/lib/pkgconfig/panda_description.pc'
[0.454s] Level 1:colcon.colcon_core.environment:checking '/home/charvi/comp0250_s26_labs/install/panda_description/lib/python3.10/site-packages'
[0.454s] Level 1:colcon.colcon_core.environment:checking '/home/charvi/comp0250_s26_labs/install/panda_description/bin'
[0.455s] INFO:colcon.colcon_core.shell:Creating package script '/home/charvi/comp0250_s26_labs/install/panda_description/share/panda_description/package.ps1'
[0.455s] INFO:colcon.colcon_core.shell:Creating package descriptor '/home/charvi/comp0250_s26_labs/install/panda_description/share/panda_description/package.dsv'
[0.456s] INFO:colcon.colcon_core.shell:Creating package script '/home/charvi/comp0250_s26_labs/install/panda_description/share/panda_description/package.sh'
[0.456s] INFO:colcon.colcon_core.shell:Creating package script '/home/charvi/comp0250_s26_labs/install/panda_description/share/panda_description/package.bash'
[0.457s] INFO:colcon.colcon_core.shell:Creating package script '/home/charvi/comp0250_s26_labs/install/panda_description/share/panda_description/package.zsh'
[0.457s] Level 1:colcon.colcon_core.environment:create_file_with_runtime_dependencies(/home/charvi/comp0250_s26_labs/install/panda_description/share/colcon-core/packages/panda_description)
[0.458s] Level 1:colcon.colcon_core.environment:create_environment_scripts_only(panda_description)
[0.458s] Level 1:colcon.colcon_core.environment:checking '/home/charvi/comp0250_s26_labs/install/panda_description' for CMake module files
[0.458s] Level 1:colcon.colcon_core.environment:checking '/home/charvi/comp0250_s26_labs/install/panda_description' for CMake config files
[0.459s] Level 1:colcon.colcon_core.shell:create_environment_hook('panda_description', 'cmake_prefix_path')
[0.459s] INFO:colcon.colcon_core.shell:Creating environment hook '/home/charvi/comp0250_s26_labs/install/panda_description/share/panda_description/hook/cmake_prefix_path.ps1'
[0.459s] INFO:colcon.colcon_core.shell:Creating environment descriptor '/home/charvi/comp0250_s26_labs/install/panda_description/share/panda_description/hook/cmake_prefix_path.dsv'
[0.460s] INFO:colcon.colcon_core.shell:Creating environment hook '/home/charvi/comp0250_s26_labs/install/panda_description/share/panda_description/hook/cmake_prefix_path.sh'
[0.461s] Level 1:colcon.colcon_core.environment:checking '/home/charvi/comp0250_s26_labs/install/panda_description/bin'
[0.461s] Level 1:colcon.colcon_core.environment:checking '/home/charvi/comp0250_s26_labs/install/panda_description/lib/pkgconfig/panda_description.pc'
[0.461s] Level 1:colcon.colcon_core.environment:checking '/home/charvi/comp0250_s26_labs/install/panda_description/lib/python3.10/site-packages'
[0.461s] Level 1:colcon.colcon_core.environment:checking '/home/charvi/comp0250_s26_labs/install/panda_description/bin'
[0.462s] INFO:colcon.colcon_core.shell:Creating package script '/home/charvi/comp0250_s26_labs/install/panda_description/share/panda_description/package.ps1'
[0.462s] INFO:colcon.colcon_core.shell:Creating package descriptor '/home/charvi/comp0250_s26_labs/install/panda_description/share/panda_description/package.dsv'
[0.463s] INFO:colcon.colcon_core.shell:Creating package script '/home/charvi/comp0250_s26_labs/install/panda_description/share/panda_description/package.sh'
[0.463s] INFO:colcon.colcon_core.shell:Creating package script '/home/charvi/comp0250_s26_labs/install/panda_description/share/panda_description/package.bash'
[0.464s] INFO:colcon.colcon_core.shell:Creating package script '/home/charvi/comp0250_s26_labs/install/panda_description/share/panda_description/package.zsh'
[0.465s] Level 1:colcon.colcon_core.environment:create_file_with_runtime_dependencies(/home/charvi/comp0250_s26_labs/install/panda_description/share/colcon-core/packages/panda_description)
[0.480s] DEBUG:colcon.colcon_core.event_handler.log_command:Invoked command in '/home/charvi/comp0250_s26_labs/build/realsense_gazebo_plugin' returned '0': CMAKE_PREFIX_PATH=/opt/ros/humble /usr/bin/cmake --build /home/charvi/comp0250_s26_labs/build/realsense_gazebo_plugin -- -j12 -l12
[0.481s] DEBUG:colcon.colcon_core.event_handler.log_command:Invoking command in '/home/charvi/comp0250_s26_labs/build/realsense_gazebo_plugin': CMAKE_PREFIX_PATH=/opt/ros/humble /usr/bin/cmake --install /home/charvi/comp0250_s26_labs/build/realsense_gazebo_plugin
[0.495s] Level 1:colcon.colcon_core.environment:create_environment_scripts_only(realsense_gazebo_plugin)
[0.495s] Level 1:colcon.colcon_core.environment:checking '/home/charvi/comp0250_s26_labs/install/realsense_gazebo_plugin' for CMake module files
[0.498s] DEBUG:colcon.colcon_core.event_handler.log_command:Invoked command in '/home/charvi/comp0250_s26_labs/build/realsense_gazebo_plugin' returned '0': CMAKE_PREFIX_PATH=/opt/ros/humble /usr/bin/cmake --install /home/charvi/comp0250_s26_labs/build/realsense_gazebo_plugin
[0.498s] Level 1:colcon.colcon_core.environment:checking '/home/charvi/comp0250_s26_labs/install/realsense_gazebo_plugin' for CMake config files
[0.499s] Level 1:colcon.colcon_core.shell:create_environment_hook('realsense_gazebo_plugin', 'cmake_prefix_path')
[0.499s] INFO:colcon.colcon_core.shell:Creating environment hook '/home/charvi/comp0250_s26_labs/install/realsense_gazebo_plugin/share/realsense_gazebo_plugin/hook/cmake_prefix_path.ps1'
[0.500s] INFO:colcon.colcon_core.shell:Creating environment descriptor '/home/charvi/comp0250_s26_labs/install/realsense_gazebo_plugin/share/realsense_gazebo_plugin/hook/cmake_prefix_path.dsv'
[0.500s] INFO:colcon.colcon_core.shell:Creating environment hook '/home/charvi/comp0250_s26_labs/install/realsense_gazebo_plugin/share/realsense_gazebo_plugin/hook/cmake_prefix_path.sh'
[0.501s] Level 1:colcon.colcon_core.environment:checking '/home/charvi/comp0250_s26_labs/install/realsense_gazebo_plugin/lib'
[0.501s] Level 1:colcon.colcon_core.shell:create_environment_hook('realsense_gazebo_plugin', 'ld_library_path_lib')
[0.501s] INFO:colcon.colcon_core.shell:Creating environment hook '/home/charvi/comp0250_s26_labs/install/realsense_gazebo_plugin/share/realsense_gazebo_plugin/hook/ld_library_path_lib.ps1'
[0.502s] INFO:colcon.colcon_core.shell:Creating environment descriptor '/home/charvi/comp0250_s26_labs/install/realsense_gazebo_plugin/share/realsense_gazebo_plugin/hook/ld_library_path_lib.dsv'
[0.502s] INFO:colcon.colcon_core.shell:Creating environment hook '/home/charvi/comp0250_s26_labs/install/realsense_gazebo_plugin/share/realsense_gazebo_plugin/hook/ld_library_path_lib.sh'
[0.503s] Level 1:colcon.colcon_core.environment:checking '/home/charvi/comp0250_s26_labs/install/realsense_gazebo_plugin/bin'
[0.503s] Level 1:colcon.colcon_core.environment:checking '/home/charvi/comp0250_s26_labs/install/realsense_gazebo_plugin/lib/pkgconfig/realsense_gazebo_plugin.pc'
[0.503s] Level 1:colcon.colcon_core.environment:checking '/home/charvi/comp0250_s26_labs/install/realsense_gazebo_plugin/lib/python3.10/site-packages'
[0.504s] Level 1:colcon.colcon_core.environment:checking '/home/charvi/comp0250_s26_labs/install/realsense_gazebo_plugin/bin'
[0.504s] INFO:colcon.colcon_core.shell:Creating package script '/home/charvi/comp0250_s26_labs/install/realsense_gazebo_plugin/share/realsense_gazebo_plugin/package.ps1'
[0.505s] INFO:colcon.colcon_core.shell:Creating package descriptor '/home/charvi/comp0250_s26_labs/install/realsense_gazebo_plugin/share/realsense_gazebo_plugin/package.dsv'
[0.505s] INFO:colcon.colcon_core.shell:Creating package script '/home/charvi/comp0250_s26_labs/install/realsense_gazebo_plugin/share/realsense_gazebo_plugin/package.sh'
[0.506s] INFO:colcon.colcon_core.shell:Creating package script '/home/charvi/comp0250_s26_labs/install/realsense_gazebo_plugin/share/realsense_gazebo_plugin/package.bash'
[0.506s] INFO:colcon.colcon_core.shell:Creating package script '/home/charvi/comp0250_s26_labs/install/realsense_gazebo_plugin/share/realsense_gazebo_plugin/package.zsh'
[0.506s] Level 1:colcon.colcon_core.environment:create_file_with_runtime_dependencies(/home/charvi/comp0250_s26_labs/install/realsense_gazebo_plugin/share/colcon-core/packages/realsense_gazebo_plugin)
[0.507s] Level 1:colcon.colcon_core.environment:create_environment_scripts_only(realsense_gazebo_plugin)
[0.507s] Level 1:colcon.colcon_core.environment:checking '/home/charvi/comp0250_s26_labs/install/realsense_gazebo_plugin' for CMake module files
[0.508s] Level 1:colcon.colcon_core.environment:checking '/home/charvi/comp0250_s26_labs/install/realsense_gazebo_plugin' for CMake config files
[0.508s] Level 1:colcon.colcon_core.shell:create_environment_hook('realsense_gazebo_plugin', 'cmake_prefix_path')
[0.508s] INFO:colcon.colcon_core.shell:Creating environment hook '/home/charvi/comp0250_s26_labs/install/realsense_gazebo_plugin/share/realsense_gazebo_plugin/hook/cmake_prefix_path.ps1'
[0.509s] INFO:colcon.colcon_core.shell:Creating environment descriptor '/home/charvi/comp0250_s26_labs/install/realsense_gazebo_plugin/share/realsense_gazebo_plugin/hook/cmake_prefix_path.dsv'
[0.509s] INFO:colcon.colcon_core.shell:Creating environment hook '/home/charvi/comp0250_s26_labs/install/realsense_gazebo_plugin/share/realsense_gazebo_plugin/hook/cmake_prefix_path.sh'
[0.510s] Level 1:colcon.colcon_core.environment:checking '/home/charvi/comp0250_s26_labs/install/realsense_gazebo_plugin/lib'
[0.510s] Level 1:colcon.colcon_core.shell:create_environment_hook('realsense_gazebo_plugin', 'ld_library_path_lib')
[0.510s] INFO:colcon.colcon_core.shell:Creating environment hook '/home/charvi/comp0250_s26_labs/install/realsense_gazebo_plugin/share/realsense_gazebo_plugin/hook/ld_library_path_lib.ps1'
[0.510s] INFO:colcon.colcon_core.shell:Creating environment descriptor '/home/charvi/comp0250_s26_labs/install/realsense_gazebo_plugin/share/realsense_gazebo_plugin/hook/ld_library_path_lib.dsv'
[0.511s] INFO:colcon.colcon_core.shell:Creating environment hook '/home/charvi/comp0250_s26_labs/install/realsense_gazebo_plugin/share/realsense_gazebo_plugin/hook/ld_library_path_lib.sh'
[0.511s] Level 1:colcon.colcon_core.environment:checking '/home/charvi/comp0250_s26_labs/install/realsense_gazebo_plugin/bin'
[0.511s] Level 1:colcon.colcon_core.environment:checking '/home/charvi/comp0250_s26_labs/install/realsense_gazebo_plugin/lib/pkgconfig/realsense_gazebo_plugin.pc'
[0.512s] Level 1:colcon.colcon_core.environment:checking '/home/charvi/comp0250_s26_labs/install/realsense_gazebo_plugin/lib/python3.10/site-packages'
[0.512s] Level 1:colcon.colcon_core.environment:checking '/home/charvi/comp0250_s26_labs/install/realsense_gazebo_plugin/bin'
[0.512s] INFO:colcon.colcon_core.shell:Creating package script '/home/charvi/comp0250_s26_labs/install/realsense_gazebo_plugin/share/realsense_gazebo_plugin/package.ps1'
[0.513s] INFO:colcon.colcon_core.shell:Creating package descriptor '/home/charvi/comp0250_s26_labs/install/realsense_gazebo_plugin/share/realsense_gazebo_plugin/package.dsv'
[0.513s] INFO:colcon.colcon_core.shell:Creating package script '/home/charvi/comp0250_s26_labs/install/realsense_gazebo_plugin/share/realsense_gazebo_plugin/package.sh'
[0.514s] INFO:colcon.colcon_core.shell:Creating package script '/home/charvi/comp0250_s26_labs/install/realsense_gazebo_plugin/share/realsense_gazebo_plugin/package.bash'
[0.514s] INFO:colcon.colcon_core.shell:Creating package script '/home/charvi/comp0250_s26_labs/install/realsense_gazebo_plugin/share/realsense_gazebo_plugin/package.zsh'
[0.515s] Level 1:colcon.colcon_core.environment:create_file_with_runtime_dependencies(/home/charvi/comp0250_s26_labs/install/realsense_gazebo_plugin/share/colcon-core/packages/realsense_gazebo_plugin)
[0.515s] INFO:colcon.colcon_ros.task.ament_cmake.build:Building ROS package in '/home/charvi/comp0250_s26_labs/courseworks/rpl_panda_with_rs' with build type 'ament_cmake'
[0.515s] INFO:colcon.colcon_cmake.task.cmake.build:Building CMake package in '/home/charvi/comp0250_s26_labs/courseworks/rpl_panda_with_rs'
[0.515s] INFO:colcon.colcon_core.shell:Skip shell extension 'powershell' for command environment: Not usable outside of PowerShell
[0.516s] DEBUG:colcon.colcon_core.shell:Skip shell extension 'dsv' for command environment
[0.531s] DEBUG:colcon.colcon_core.event_handler.log_command:Invoking command in '/home/charvi/comp0250_s26_labs/build/rpl_panda_with_rs': AMENT_PREFIX_PATH=/home/charvi/comp0250_s26_labs/install/realsense_gazebo_plugin:/home/charvi/comp0250_s26_labs/install/panda_moveit_config:${AMENT_PREFIX_PATH} CMAKE_PREFIX_PATH=/home/charvi/comp0250_s26_labs/install/realsense_gazebo_plugin:/home/charvi/comp0250_s26_labs/install/panda_moveit_config:/opt/ros/humble LD_LIBRARY_PATH=/home/charvi/comp0250_s26_labs/install/realsense_gazebo_plugin/lib:${LD_LIBRARY_PATH} /usr/bin/cmake --build /home/charvi/comp0250_s26_labs/build/rpl_panda_with_rs -- -j12 -l12
[0.573s] DEBUG:colcon.colcon_core.event_handler.log_command:Invoked command in '/home/charvi/comp0250_s26_labs/build/rpl_panda_with_rs' returned '0': AMENT_PREFIX_PATH=/home/charvi/comp0250_s26_labs/install/realsense_gazebo_plugin:/home/charvi/comp0250_s26_labs/install/panda_moveit_config:${AMENT_PREFIX_PATH} CMAKE_PREFIX_PATH=/home/charvi/comp0250_s26_labs/install/realsense_gazebo_plugin:/home/charvi/comp0250_s26_labs/install/panda_moveit_config:/opt/ros/humble LD_LIBRARY_PATH=/home/charvi/comp0250_s26_labs/install/realsense_gazebo_plugin/lib:${LD_LIBRARY_PATH} /usr/bin/cmake --build /home/charvi/comp0250_s26_labs/build/rpl_panda_with_rs -- -j12 -l12
[0.575s] DEBUG:colcon.colcon_core.event_handler.log_command:Invoking command in '/home/charvi/comp0250_s26_labs/build/rpl_panda_with_rs': AMENT_PREFIX_PATH=/home/charvi/comp0250_s26_labs/install/realsense_gazebo_plugin:/home/charvi/comp0250_s26_labs/install/panda_moveit_config:${AMENT_PREFIX_PATH} CMAKE_PREFIX_PATH=/home/charvi/comp0250_s26_labs/install/realsense_gazebo_plugin:/home/charvi/comp0250_s26_labs/install/panda_moveit_config:/opt/ros/humble LD_LIBRARY_PATH=/home/charvi/comp0250_s26_labs/install/realsense_gazebo_plugin/lib:${LD_LIBRARY_PATH} /usr/bin/cmake --install /home/charvi/comp0250_s26_labs/build/rpl_panda_with_rs
[0.587s] Level 1:colcon.colcon_core.environment:create_environment_scripts_only(rpl_panda_with_rs)
[0.588s] Level 1:colcon.colcon_core.environment:checking '/home/charvi/comp0250_s26_labs/install/rpl_panda_with_rs' for CMake module files
[0.588s] DEBUG:colcon.colcon_core.event_handler.log_command:Invoked command in '/home/charvi/comp0250_s26_labs/build/rpl_panda_with_rs' returned '0': AMENT_PREFIX_PATH=/home/charvi/comp0250_s26_labs/install/realsense_gazebo_plugin:/home/charvi/comp0250_s26_labs/install/panda_moveit_config:${AMENT_PREFIX_PATH} CMAKE_PREFIX_PATH=/home/charvi/comp0250_s26_labs/install/realsense_gazebo_plugin:/home/charvi/comp0250_s26_labs/install/panda_moveit_config:/opt/ros/humble LD_LIBRARY_PATH=/home/charvi/comp0250_s26_labs/install/realsense_gazebo_plugin/lib:${LD_LIBRARY_PATH} /usr/bin/cmake --install /home/charvi/comp0250_s26_labs/build/rpl_panda_with_rs
[0.589s] Level 1:colcon.colcon_core.environment:checking '/home/charvi/comp0250_s26_labs/install/rpl_panda_with_rs' for CMake config files
[0.589s] Level 1:colcon.colcon_core.shell:create_environment_hook('rpl_panda_with_rs', 'cmake_prefix_path')
[0.590s] INFO:colcon.colcon_core.shell:Creating environment hook '/home/charvi/comp0250_s26_labs/install/rpl_panda_with_rs/share/rpl_panda_with_rs/hook/cmake_prefix_path.ps1'
[0.590s] INFO:colcon.colcon_core.shell:Creating environment descriptor '/home/charvi/comp0250_s26_labs/install/rpl_panda_with_rs/share/rpl_panda_with_rs/hook/cmake_prefix_path.dsv'
[0.591s] INFO:colcon.colcon_core.shell:Creating environment hook '/home/charvi/comp0250_s26_labs/install/rpl_panda_with_rs/share/rpl_panda_with_rs/hook/cmake_prefix_path.sh'
[0.592s] Level 1:colcon.colcon_core.environment:checking '/home/charvi/comp0250_s26_labs/install/rpl_panda_with_rs/lib'
[0.592s] Level 1:colcon.colcon_core.environment:checking '/home/charvi/comp0250_s26_labs/install/rpl_panda_with_rs/bin'
[0.592s] Level 1:colcon.colcon_core.environment:checking '/home/charvi/comp0250_s26_labs/install/rpl_panda_with_rs/lib/pkgconfig/rpl_panda_with_rs.pc'
[0.592s] Level 1:colcon.colcon_core.environment:checking '/home/charvi/comp0250_s26_labs/install/rpl_panda_with_rs/lib/python3.10/site-packages'
[0.593s] Level 1:colcon.colcon_core.environment:checking '/home/charvi/comp0250_s26_labs/install/rpl_panda_with_rs/bin'
[0.594s] INFO:colcon.colcon_core.shell:Creating package script '/home/charvi/comp0250_s26_labs/install/rpl_panda_with_rs/share/rpl_panda_with_rs/package.ps1'
[0.594s] INFO:colcon.colcon_core.shell:Creating package descriptor '/home/charvi/comp0250_s26_labs/install/rpl_panda_with_rs/share/rpl_panda_with_rs/package.dsv'
[0.595s] INFO:colcon.colcon_core.shell:Creating package script '/home/charvi/comp0250_s26_labs/install/rpl_panda_with_rs/share/rpl_panda_with_rs/package.sh'
[0.595s] INFO:colcon.colcon_core.shell:Creating package script '/home/charvi/comp0250_s26_labs/install/rpl_panda_with_rs/share/rpl_panda_with_rs/package.bash'
[0.596s] INFO:colcon.colcon_core.shell:Creating package script '/home/charvi/comp0250_s26_labs/install/rpl_panda_with_rs/share/rpl_panda_with_rs/package.zsh'
[0.596s] Level 1:colcon.colcon_core.environment:create_file_with_runtime_dependencies(/home/charvi/comp0250_s26_labs/install/rpl_panda_with_rs/share/colcon-core/packages/rpl_panda_with_rs)
[0.597s] Level 1:colcon.colcon_core.environment:create_environment_scripts_only(rpl_panda_with_rs)
[0.598s] Level 1:colcon.colcon_core.environment:checking '/home/charvi/comp0250_s26_labs/install/rpl_panda_with_rs' for CMake module files
[0.599s] Level 1:colcon.colcon_core.environment:checking '/home/charvi/comp0250_s26_labs/install/rpl_panda_with_rs' for CMake config files
[0.599s] Level 1:colcon.colcon_core.shell:create_environment_hook('rpl_panda_with_rs', 'cmake_prefix_path')
[0.599s] INFO:colcon.colcon_core.shell:Creating environment hook '/home/charvi/comp0250_s26_labs/install/rpl_panda_with_rs/share/rpl_panda_with_rs/hook/cmake_prefix_path.ps1'
[0.600s] INFO:colcon.colcon_core.shell:Creating environment descriptor '/home/charvi/comp0250_s26_labs/install/rpl_panda_with_rs/share/rpl_panda_with_rs/hook/cmake_prefix_path.dsv'
[0.600s] INFO:colcon.colcon_core.shell:Creating environment hook '/home/charvi/comp0250_s26_labs/install/rpl_panda_with_rs/share/rpl_panda_with_rs/hook/cmake_prefix_path.sh'
[0.601s] Level 1:colcon.colcon_core.environment:checking '/home/charvi/comp0250_s26_labs/install/rpl_panda_with_rs/lib'
[0.601s] Level 1:colcon.colcon_core.environment:checking '/home/charvi/comp0250_s26_labs/install/rpl_panda_with_rs/bin'
[0.601s] Level 1:colcon.colcon_core.environment:checking '/home/charvi/comp0250_s26_labs/install/rpl_panda_with_rs/lib/pkgconfig/rpl_panda_with_rs.pc'
[0.601s] Level 1:colcon.colcon_core.environment:checking '/home/charvi/comp0250_s26_labs/install/rpl_panda_with_rs/lib/python3.10/site-packages'
[0.602s] Level 1:colcon.colcon_core.environment:checking '/home/charvi/comp0250_s26_labs/install/rpl_panda_with_rs/bin'
[0.603s] INFO:colcon.colcon_core.shell:Creating package script '/home/charvi/comp0250_s26_labs/install/rpl_panda_with_rs/share/rpl_panda_with_rs/package.ps1'
[0.603s] INFO:colcon.colcon_core.shell:Creating package descriptor '/home/charvi/comp0250_s26_labs/install/rpl_panda_with_rs/share/rpl_panda_with_rs/package.dsv'
[0.604s] INFO:colcon.colcon_core.shell:Creating package script '/home/charvi/comp0250_s26_labs/install/rpl_panda_with_rs/share/rpl_panda_with_rs/package.sh'
[0.604s] INFO:colcon.colcon_core.shell:Creating package script '/home/charvi/comp0250_s26_labs/install/rpl_panda_with_rs/share/rpl_panda_with_rs/package.bash'
[0.605s] INFO:colcon.colcon_core.shell:Creating package script '/home/charvi/comp0250_s26_labs/install/rpl_panda_with_rs/share/rpl_panda_with_rs/package.zsh'
[0.606s] Level 1:colcon.colcon_core.environment:create_file_with_runtime_dependencies(/home/charvi/comp0250_s26_labs/install/rpl_panda_with_rs/share/colcon-core/packages/rpl_panda_with_rs)
[0.843s] DEBUG:colcon.colcon_core.event_handler.log_command:Invoked command in '/home/charvi/comp0250_s26_labs/build/cw1_world_spawner' returned '0': CMAKE_PREFIX_PATH=/opt/ros/humble /usr/bin/cmake --build /home/charvi/comp0250_s26_labs/build/cw1_world_spawner -- -j12 -l12
[0.845s] DEBUG:colcon.colcon_core.event_handler.log_command:Invoking command in '/home/charvi/comp0250_s26_labs/build/cw1_world_spawner': CMAKE_PREFIX_PATH=/opt/ros/humble /usr/bin/cmake --install /home/charvi/comp0250_s26_labs/build/cw1_world_spawner
[1.085s] Level 1:colcon.colcon_core.environment:create_environment_scripts_only(cw1_world_spawner)
[1.087s] Level 1:colcon.colcon_core.environment:checking '/home/charvi/comp0250_s26_labs/install/cw1_world_spawner' for CMake module files
[1.093s] Level 1:colcon.colcon_core.environment:checking '/home/charvi/comp0250_s26_labs/install/cw1_world_spawner' for CMake config files
[1.104s] DEBUG:colcon.colcon_core.event_handler.log_command:Invoked command in '/home/charvi/comp0250_s26_labs/build/cw1_world_spawner' returned '0': CMAKE_PREFIX_PATH=/opt/ros/humble /usr/bin/cmake --install /home/charvi/comp0250_s26_labs/build/cw1_world_spawner
[1.106s] Level 1:colcon.colcon_core.shell:create_environment_hook('cw1_world_spawner', 'cmake_prefix_path')
[1.107s] INFO:colcon.colcon_core.shell:Creating environment hook '/home/charvi/comp0250_s26_labs/install/cw1_world_spawner/share/cw1_world_spawner/hook/cmake_prefix_path.ps1'
[1.110s] INFO:colcon.colcon_core.shell:Creating environment descriptor '/home/charvi/comp0250_s26_labs/install/cw1_world_spawner/share/cw1_world_spawner/hook/cmake_prefix_path.dsv'
[1.112s] INFO:colcon.colcon_core.shell:Creating environment hook '/home/charvi/comp0250_s26_labs/install/cw1_world_spawner/share/cw1_world_spawner/hook/cmake_prefix_path.sh'
[1.115s] Level 1:colcon.colcon_core.environment:checking '/home/charvi/comp0250_s26_labs/install/cw1_world_spawner/lib'
[1.116s] Level 1:colcon.colcon_core.shell:create_environment_hook('cw1_world_spawner', 'ld_library_path_lib')
[1.117s] INFO:colcon.colcon_core.shell:Creating environment hook '/home/charvi/comp0250_s26_labs/install/cw1_world_spawner/share/cw1_world_spawner/hook/ld_library_path_lib.ps1'
[1.120s] INFO:colcon.colcon_core.shell:Creating environment descriptor '/home/charvi/comp0250_s26_labs/install/cw1_world_spawner/share/cw1_world_spawner/hook/ld_library_path_lib.dsv'
[1.122s] INFO:colcon.colcon_core.shell:Creating environment hook '/home/charvi/comp0250_s26_labs/install/cw1_world_spawner/share/cw1_world_spawner/hook/ld_library_path_lib.sh'
[1.124s] Level 1:colcon.colcon_core.environment:checking '/home/charvi/comp0250_s26_labs/install/cw1_world_spawner/bin'
[1.125s] Level 1:colcon.colcon_core.environment:checking '/home/charvi/comp0250_s26_labs/install/cw1_world_spawner/lib/pkgconfig/cw1_world_spawner.pc'
[1.126s] Level 1:colcon.colcon_core.environment:checking '/home/charvi/comp0250_s26_labs/install/cw1_world_spawner/lib/python3.10/site-packages'
[1.129s] Level 1:colcon.colcon_core.environment:checking '/home/charvi/comp0250_s26_labs/install/cw1_world_spawner/bin'
[1.132s] INFO:colcon.colcon_core.shell:Creating package script '/home/charvi/comp0250_s26_labs/install/cw1_world_spawner/share/cw1_world_spawner/package.ps1'
[1.135s] INFO:colcon.colcon_core.shell:Creating package descriptor '/home/charvi/comp0250_s26_labs/install/cw1_world_spawner/share/cw1_world_spawner/package.dsv'
[1.138s] INFO:colcon.colcon_core.shell:Creating package script '/home/charvi/comp0250_s26_labs/install/cw1_world_spawner/share/cw1_world_spawner/package.sh'
[1.141s] INFO:colcon.colcon_core.shell:Creating package script '/home/charvi/comp0250_s26_labs/install/cw1_world_spawner/share/cw1_world_spawner/package.bash'
[1.143s] INFO:colcon.colcon_core.shell:Creating package script '/home/charvi/comp0250_s26_labs/install/cw1_world_spawner/share/cw1_world_spawner/package.zsh'
[1.145s] Level 1:colcon.colcon_core.environment:create_file_with_runtime_dependencies(/home/charvi/comp0250_s26_labs/install/cw1_world_spawner/share/colcon-core/packages/cw1_world_spawner)
[1.149s] Level 1:colcon.colcon_core.environment:create_environment_scripts_only(cw1_world_spawner)
[1.151s] Level 1:colcon.colcon_core.environment:checking '/home/charvi/comp0250_s26_labs/install/cw1_world_spawner' for CMake module files
[1.157s] Level 1:colcon.colcon_core.environment:checking '/home/charvi/comp0250_s26_labs/install/cw1_world_spawner' for CMake config files
[1.160s] Level 1:colcon.colcon_core.shell:create_environment_hook('cw1_world_spawner', 'cmake_prefix_path')
[1.161s] INFO:colcon.colcon_core.shell:Creating environment hook '/home/charvi/comp0250_s26_labs/install/cw1_world_spawner/share/cw1_world_spawner/hook/cmake_prefix_path.ps1'
[1.164s] INFO:colcon.colcon_core.shell:Creating environment descriptor '/home/charvi/comp0250_s26_labs/install/cw1_world_spawner/share/cw1_world_spawner/hook/cmake_prefix_path.dsv'
[1.166s] INFO:colcon.colcon_core.shell:Creating environment hook '/home/charvi/comp0250_s26_labs/install/cw1_world_spawner/share/cw1_world_spawner/hook/cmake_prefix_path.sh'
[1.169s] Level 1:colcon.colcon_core.environment:checking '/home/charvi/comp0250_s26_labs/install/cw1_world_spawner/lib'
[1.169s] Level 1:colcon.colcon_core.shell:create_environment_hook('cw1_world_spawner', 'ld_library_path_lib')
[1.171s] INFO:colcon.colcon_core.shell:Creating environment hook '/home/charvi/comp0250_s26_labs/install/cw1_world_spawner/share/cw1_world_spawner/hook/ld_library_path_lib.ps1'
[1.173s] INFO:colcon.colcon_core.shell:Creating environment descriptor '/home/charvi/comp0250_s26_labs/install/cw1_world_spawner/share/cw1_world_spawner/hook/ld_library_path_lib.dsv'
[1.176s] INFO:colcon.colcon_core.shell:Creating environment hook '/home/charvi/comp0250_s26_labs/install/cw1_world_spawner/share/cw1_world_spawner/hook/ld_library_path_lib.sh'
[1.178s] Level 1:colcon.colcon_core.environment:checking '/home/charvi/comp0250_s26_labs/install/cw1_world_spawner/bin'
[1.179s] Level 1:colcon.colcon_core.environment:checking '/home/charvi/comp0250_s26_labs/install/cw1_world_spawner/lib/pkgconfig/cw1_world_spawner.pc'
[1.181s] Level 1:colcon.colcon_core.environment:checking '/home/charvi/comp0250_s26_labs/install/cw1_world_spawner/lib/python3.10/site-packages'
[1.183s] Level 1:colcon.colcon_core.environment:checking '/home/charvi/comp0250_s26_labs/install/cw1_world_spawner/bin'
[1.186s] INFO:colcon.colcon_core.shell:Creating package script '/home/charvi/comp0250_s26_labs/install/cw1_world_spawner/share/cw1_world_spawner/package.ps1'
[1.189s] INFO:colcon.colcon_core.shell:Creating package descriptor '/home/charvi/comp0250_s26_labs/install/cw1_world_spawner/share/cw1_world_spawner/package.dsv'
[1.193s] INFO:colcon.colcon_core.shell:Creating package script '/home/charvi/comp0250_s26_labs/install/cw1_world_spawner/share/cw1_world_spawner/package.sh'
[1.195s] INFO:colcon.colcon_core.shell:Creating package script '/home/charvi/comp0250_s26_labs/install/cw1_world_spawner/share/cw1_world_spawner/package.bash'
[1.198s] INFO:colcon.colcon_core.shell:Creating package script '/home/charvi/comp0250_s26_labs/install/cw1_world_spawner/share/cw1_world_spawner/package.zsh'
[1.201s] Level 1:colcon.colcon_core.environment:create_file_with_runtime_dependencies(/home/charvi/comp0250_s26_labs/install/cw1_world_spawner/share/colcon-core/packages/cw1_world_spawner)
[1.202s] INFO:colcon.colcon_ros.task.ament_cmake.build:Building ROS package in '/home/charvi/comp0250_s26_labs/courseworks/cw1_team_30' with build type 'ament_cmake'
[1.203s] INFO:colcon.colcon_cmake.task.cmake.build:Building CMake package in '/home/charvi/comp0250_s26_labs/courseworks/cw1_team_30'
[1.205s] INFO:colcon.colcon_core.shell:Skip shell extension 'powershell' for command environment: Not usable outside of PowerShell
[1.205s] DEBUG:colcon.colcon_core.shell:Skip shell extension 'dsv' for command environment
[1.260s] DEBUG:colcon.colcon_core.event_handler.log_command:Invoking command in '/home/charvi/comp0250_s26_labs/build/cw1_team_30': AMENT_PREFIX_PATH=/home/charvi/comp0250_s26_labs/install/cw1_world_spawner:${AMENT_PREFIX_PATH} CMAKE_PREFIX_PATH=/home/charvi/comp0250_s26_labs/install/cw1_world_spawner:/opt/ros/humble LD_LIBRARY_PATH=/home/charvi/comp0250_s26_labs/install/cw1_world_spawner/lib:${LD_LIBRARY_PATH} PYTHONPATH=/home/charvi/comp0250_s26_labs/install/cw1_world_spawner/local/lib/python3.10/dist-packages:${PYTHONPATH} /usr/bin/cmake --build /home/charvi/comp0250_s26_labs/build/cw1_team_30 -- -j12 -l12
[14.203s] DEBUG:colcon.colcon_core.event_handler.log_command:Invoked command in '/home/charvi/comp0250_s26_labs/build/cw1_team_30' returned '2': AMENT_PREFIX_PATH=/home/charvi/comp0250_s26_labs/install/cw1_world_spawner:${AMENT_PREFIX_PATH} CMAKE_PREFIX_PATH=/home/charvi/comp0250_s26_labs/install/cw1_world_spawner:/opt/ros/humble LD_LIBRARY_PATH=/home/charvi/comp0250_s26_labs/install/cw1_world_spawner/lib:${LD_LIBRARY_PATH} PYTHONPATH=/home/charvi/comp0250_s26_labs/install/cw1_world_spawner/local/lib/python3.10/dist-packages:${PYTHONPATH} /usr/bin/cmake --build /home/charvi/comp0250_s26_labs/build/cw1_team_30 -- -j12 -l12
[14.203s] Level 1:colcon.colcon_core.environment:create_environment_scripts_only(cw1_team_30)
[14.203s] Level 1:colcon.colcon_core.environment:checking '/home/charvi/comp0250_s26_labs/install/cw1_team_30' for CMake module files
[14.204s] Level 1:colcon.colcon_core.environment:checking '/home/charvi/comp0250_s26_labs/install/cw1_team_30' for CMake config files
[14.204s] Level 1:colcon.colcon_core.shell:create_environment_hook('cw1_team_30', 'cmake_prefix_path')
[14.204s] INFO:colcon.colcon_core.shell:Creating environment hook '/home/charvi/comp0250_s26_labs/install/cw1_team_30/share/cw1_team_30/hook/cmake_prefix_path.ps1'
[14.205s] INFO:colcon.colcon_core.shell:Creating environment descriptor '/home/charvi/comp0250_s26_labs/install/cw1_team_30/share/cw1_team_30/hook/cmake_prefix_path.dsv'
[14.205s] INFO:colcon.colcon_core.shell:Creating environment hook '/home/charvi/comp0250_s26_labs/install/cw1_team_30/share/cw1_team_30/hook/cmake_prefix_path.sh'
[14.205s] Level 1:colcon.colcon_core.environment:checking '/home/charvi/comp0250_s26_labs/install/cw1_team_30/lib'
[14.206s] Level 1:colcon.colcon_core.shell:create_environment_hook('cw1_team_30', 'ld_library_path_lib')
[14.206s] INFO:colcon.colcon_core.shell:Creating environment hook '/home/charvi/comp0250_s26_labs/install/cw1_team_30/share/cw1_team_30/hook/ld_library_path_lib.ps1'
[14.206s] INFO:colcon.colcon_core.shell:Creating environment descriptor '/home/charvi/comp0250_s26_labs/install/cw1_team_30/share/cw1_team_30/hook/ld_library_path_lib.dsv'
[14.206s] INFO:colcon.colcon_core.shell:Creating environment hook '/home/charvi/comp0250_s26_labs/install/cw1_team_30/share/cw1_team_30/hook/ld_library_path_lib.sh'
[14.207s] Level 1:colcon.colcon_core.environment:checking '/home/charvi/comp0250_s26_labs/install/cw1_team_30/bin'
[14.207s] Level 1:colcon.colcon_core.environment:checking '/home/charvi/comp0250_s26_labs/install/cw1_team_30/lib/pkgconfig/cw1_team_30.pc'
[14.207s] Level 1:colcon.colcon_core.environment:checking '/home/charvi/comp0250_s26_labs/install/cw1_team_30/lib/python3.10/site-packages'
[14.207s] Level 1:colcon.colcon_core.environment:checking '/home/charvi/comp0250_s26_labs/install/cw1_team_30/bin'
[14.208s] INFO:colcon.colcon_core.shell:Creating package script '/home/charvi/comp0250_s26_labs/install/cw1_team_30/share/cw1_team_30/package.ps1'
[14.208s] INFO:colcon.colcon_core.shell:Creating package descriptor '/home/charvi/comp0250_s26_labs/install/cw1_team_30/share/cw1_team_30/package.dsv'
[14.208s] INFO:colcon.colcon_core.shell:Creating package script '/home/charvi/comp0250_s26_labs/install/cw1_team_30/share/cw1_team_30/package.sh'
[14.209s] INFO:colcon.colcon_core.shell:Creating package script '/home/charvi/comp0250_s26_labs/install/cw1_team_30/share/cw1_team_30/package.bash'
[14.209s] INFO:colcon.colcon_core.shell:Creating package script '/home/charvi/comp0250_s26_labs/install/cw1_team_30/share/cw1_team_30/package.zsh'
[14.209s] Level 1:colcon.colcon_core.environment:create_file_with_runtime_dependencies(/home/charvi/comp0250_s26_labs/install/cw1_team_30/share/colcon-core/packages/cw1_team_30)
[14.220s] DEBUG:colcon.colcon_parallel_executor.executor.parallel:closing loop
[14.220s] DEBUG:colcon.colcon_parallel_executor.executor.parallel:loop closed
[14.220s] DEBUG:colcon.colcon_parallel_executor.executor.parallel:run_until_complete finished with '2'
[14.220s] DEBUG:colcon.colcon_core.event_reactor:joining thread
[14.225s] INFO:colcon.colcon_core.plugin_system:Skipping extension 'colcon_notification.desktop_notification.terminal_notifier': Not used on non-Darwin systems
[14.225s] INFO:colcon.colcon_core.plugin_system:Skipping extension 'colcon_notification.desktop_notification.win32': Not used on non-Windows systems
[14.225s] INFO:colcon.colcon_notification.desktop_notification:Sending desktop notification using 'notify2'
[14.236s] DEBUG:colcon.colcon_core.event_reactor:joined thread
[14.236s] INFO:colcon.colcon_core.shell:Creating prefix script '/home/charvi/comp0250_s26_labs/install/local_setup.ps1'
[14.237s] INFO:colcon.colcon_core.shell:Creating prefix util module '/home/charvi/comp0250_s26_labs/install/_local_setup_util_ps1.py'
[14.238s] INFO:colcon.colcon_core.shell:Creating prefix chain script '/home/charvi/comp0250_s26_labs/install/setup.ps1'
[14.239s] INFO:colcon.colcon_core.shell:Creating prefix script '/home/charvi/comp0250_s26_labs/install/local_setup.sh'
[14.240s] INFO:colcon.colcon_core.shell:Creating prefix util module '/home/charvi/comp0250_s26_labs/install/_local_setup_util_sh.py'
[14.241s] INFO:colcon.colcon_core.shell:Creating prefix chain script '/home/charvi/comp0250_s26_labs/install/setup.sh'
[14.242s] INFO:colcon.colcon_core.shell:Creating prefix script '/home/charvi/comp0250_s26_labs/install/local_setup.bash'
[14.242s] INFO:colcon.colcon_core.shell:Creating prefix chain script '/home/charvi/comp0250_s26_labs/install/setup.bash'
[14.243s] INFO:colcon.colcon_core.shell:Creating prefix script '/home/charvi/comp0250_s26_labs/install/local_setup.zsh'
[14.243s] INFO:colcon.colcon_core.shell:Creating prefix chain script '/home/charvi/comp0250_s26_labs/install/setup.zsh'
