[0.015s] Invoking command in '/home/charvi/comp0250_s26_labs/build/cw1_team_30': CMAKE_PREFIX_PATH=/home/charvi/comp0250_s26_labs/install/cw1_world_spawner:/home/charvi/comp0250_s26_labs/install/rpl_panda_with_rs:/home/charvi/comp0250_s26_labs/install/realsense_gazebo_plugin:/home/charvi/comp0250_s26_labs/install/panda_moveit_config:/home/charvi/comp0250_s26_labs/install/panda_description:/home/charvi/comp0250_s26_labs/install/cw1_team_x:/home/charvi/comp0250_s26_labs/install/cw1_team_30:/opt/ros/humble LD_LIBRARY_PATH=/home/charvi/comp0250_s26_labs/install/cw1_world_spawner/lib:/home/charvi/comp0250_s26_labs/install/realsense_gazebo_plugin/lib:/home/charvi/comp0250_s26_labs/install/cw1_team_x/lib:/home/charvi/comp0250_s26_labs/install/cw1_team_30/lib:/usr/lib/x86_64-linux-gnu/gazebo-11/plugins:/opt/ros/humble/opt/rviz_ogre_vendor/lib:/opt/ros/humble/lib/x86_64-linux-gnu:/opt/ros/humble/lib /usr/bin/cmake --build /home/charvi/comp0250_s26_labs/build/cw1_team_30 -- -j12 -l12
[0.187s] [  2%] Built target cw1_team_30__cpp
[0.198s] [ 11%] Built target cw1_team_30__rosidl_generator_c
[0.226s] [ 11%] Built target ament_cmake_python_copy_cw1_team_30
[0.296s] [ 20%] Built target cw1_team_30__rosidl_typesupport_introspection_c
[0.299s] [ 28%] Built target cw1_team_30__rosidl_typesupport_fastrtps_c
[0.304s] [ 37%] Built target cw1_team_30__rosidl_typesupport_introspection_cpp
[0.305s] [ 45%] Built target cw1_team_30__rosidl_typesupport_c
[0.306s] [ 54%] Built target cw1_team_30__rosidl_typesupport_fastrtps_cpp
[0.310s] [ 62%] Built target cw1_team_30__rosidl_typesupport_cpp
[0.394s] [35m[1mConsolidate compiler generated dependencies of target cw1_team_30_cw1_class_lib[0m
[0.403s] [ 62%] Built target cw1_team_30
[0.444s] [ 65%] Built target cw1_team_30__py
[0.464s] [ 68%] [32mBuilding CXX object CMakeFiles/cw1_team_30_cw1_class_lib.dir/src/cw1_class.cpp.o[0m
[0.472s] [ 74%] Built target cw1_team_30__rosidl_generator_py
[0.497s] [ 85%] Built target cw1_team_30__rosidl_typesupport_c__pyext
[0.497s] [ 85%] Built target cw1_team_30__rosidl_typesupport_introspection_c__pyext
[0.498s] [ 91%] Built target cw1_team_30__rosidl_typesupport_fastrtps_c__pyext
[0.673s] running egg_info
[0.695s] writing cw1_team_30.egg-info/PKG-INFO
[0.695s] writing dependency_links to cw1_team_30.egg-info/dependency_links.txt
[0.695s] writing top-level names to cw1_team_30.egg-info/top_level.txt
[0.759s] reading manifest file 'cw1_team_30.egg-info/SOURCES.txt'
[0.760s] writing manifest file 'cw1_team_30.egg-info/SOURCES.txt'
[0.783s] [ 91%] Built target ament_cmake_python_build_cw1_team_30_egg
[8.743s] [01m[K/home/charvi/comp0250_s26_labs/courseworks/cw1_team_30/src/cw1_class.cpp:622:6:[m[K [01;31m[Kerror: [m[Kno declaration matches ‘[01m[Kbool cw1::moveToScanPose()[m[K’
[8.743s]   622 | bool [01;31m[Kcw1[m[K::moveToScanPose(){
[8.743s]       |      [01;31m[K^~~[m[K
[8.744s] [01m[K/home/charvi/comp0250_s26_labs/courseworks/cw1_team_30/src/cw1_class.cpp:622:6:[m[K [01;36m[Knote: [m[Kno functions named ‘[01m[Kbool cw1::moveToScanPose()[m[K’
[8.744s] In file included from [01m[K/home/charvi/comp0250_s26_labs/courseworks/cw1_team_30/src/cw1_class.cpp:6[m[K:
[8.744s] [01m[K/home/charvi/comp0250_s26_labs/courseworks/cw1_team_30/include/cw1_class.h:40:7:[m[K [01;36m[Knote: [m[K‘[01m[Kclass cw1[m[K’ defined here
[8.744s]    40 | class [01;36m[Kcw1[m[K
[8.744s]       |       [01;36m[K^~~[m[K
[8.744s] [01m[K/home/charvi/comp0250_s26_labs/courseworks/cw1_team_30/src/cw1_class.cpp:636:40:[m[K [01;31m[Kerror: [m[Kno declaration matches ‘[01m[Kpcl::PointCloud<pcl::PointXYZRGB>::Ptr cw1::applyVoxelFiltering(const Ptr&)[m[K’
[8.744s]   636 | pcl::PointCloud<pcl::PointXYZRGB>::Ptr [01;31m[Kcw1[m[K::applyVoxelFiltering(const pcl::PointCloud<pcl::PointXYZRGB>::Ptr &cloud)
[8.744s]       |                                        [01;31m[K^~~[m[K
[8.744s] [01m[K/home/charvi/comp0250_s26_labs/courseworks/cw1_team_30/src/cw1_class.cpp:636:40:[m[K [01;36m[Knote: [m[Kno functions named ‘[01m[Kpcl::PointCloud<pcl::PointXYZRGB>::Ptr cw1::applyVoxelFiltering(const Ptr&)[m[K’
[8.744s] In file included from [01m[K/home/charvi/comp0250_s26_labs/courseworks/cw1_team_30/src/cw1_class.cpp:6[m[K:
[8.744s] [01m[K/home/charvi/comp0250_s26_labs/courseworks/cw1_team_30/include/cw1_class.h:40:7:[m[K [01;36m[Knote: [m[K‘[01m[Kclass cw1[m[K’ defined here
[8.744s]    40 | class [01;36m[Kcw1[m[K
[8.744s]       |       [01;36m[K^~~[m[K
[8.744s] [01m[K/home/charvi/comp0250_s26_labs/courseworks/cw1_team_30/src/cw1_class.cpp:649:40:[m[K [01;31m[Kerror: [m[Kno declaration matches ‘[01m[Kpcl::PointCloud<pcl::PointXYZRGB>::Ptr cw1::applyStatisticalOutlierRemoval(const Ptr&)[m[K’
[8.744s]   649 | pcl::PointCloud<pcl::PointXYZRGB>::Ptr [01;31m[Kcw1[m[K::applyStatisticalOutlierRemoval(const pcl::PointCloud<pcl::PointXYZRGB>::Ptr &cloud)
[8.744s]       |                                        [01;31m[K^~~[m[K
[8.744s] [01m[K/home/charvi/comp0250_s26_labs/courseworks/cw1_team_30/src/cw1_class.cpp:649:40:[m[K [01;36m[Knote: [m[Kno functions named ‘[01m[Kpcl::PointCloud<pcl::PointXYZRGB>::Ptr cw1::applyStatisticalOutlierRemoval(const Ptr&)[m[K’
[8.744s] In file included from [01m[K/home/charvi/comp0250_s26_labs/courseworks/cw1_team_30/src/cw1_class.cpp:6[m[K:
[8.744s] [01m[K/home/charvi/comp0250_s26_labs/courseworks/cw1_team_30/include/cw1_class.h:40:7:[m[K [01;36m[Knote: [m[K‘[01m[Kclass cw1[m[K’ defined here
[8.745s]    40 | class [01;36m[Kcw1[m[K
[8.745s]       |       [01;36m[K^~~[m[K
[8.745s] [01m[K/home/charvi/comp0250_s26_labs/courseworks/cw1_team_30/src/cw1_class.cpp:662:40:[m[K [01;31m[Kerror: [m[Kno declaration matches ‘[01m[Kpcl::PointCloud<pcl::PointXYZRGB>::Ptr cw1::removeFloorWithRANSAC(const Ptr&)[m[K’
[8.745s]   662 | pcl::PointCloud<pcl::PointXYZRGB>::Ptr [01;31m[Kcw1[m[K::removeFloorWithRANSAC(const pcl::PointCloud<pcl::PointXYZRGB>::Ptr &sor_cloud)
[8.745s]       |                                        [01;31m[K^~~[m[K
[8.745s] [01m[K/home/charvi/comp0250_s26_labs/courseworks/cw1_team_30/src/cw1_class.cpp:662:40:[m[K [01;36m[Knote: [m[Kno functions named ‘[01m[Kpcl::PointCloud<pcl::PointXYZRGB>::Ptr cw1::removeFloorWithRANSAC(const Ptr&)[m[K’
[8.745s] In file included from [01m[K/home/charvi/comp0250_s26_labs/courseworks/cw1_team_30/src/cw1_class.cpp:6[m[K:
[8.745s] [01m[K/home/charvi/comp0250_s26_labs/courseworks/cw1_team_30/include/cw1_class.h:40:7:[m[K [01;36m[Knote: [m[K‘[01m[Kclass cw1[m[K’ defined here
[8.745s]    40 | class [01;36m[Kcw1[m[K
[8.745s]       |       [01;36m[K^~~[m[K
[8.745s] [01m[K/home/charvi/comp0250_s26_labs/courseworks/cw1_team_30/src/cw1_class.cpp:702:53:[m[K [01;31m[Kerror: [m[Kno declaration matches ‘[01m[Kstd::vector<std::shared_ptr<pcl::PointCloud<pcl::PointXYZRGB> > > cw1::clusterWithEuclidean(const Ptr&)[m[K’
[8.745s]   702 | std::vector<pcl::PointCloud<pcl::PointXYZRGB>::Ptr> [01;31m[Kcw1[m[K::clusterWithEuclidean(const pcl::PointCloud<pcl::PointXYZRGB>::Ptr &cloud)
[8.745s]       |                                                     [01;31m[K^~~[m[K
[8.745s] [01m[K/home/charvi/comp0250_s26_labs/courseworks/cw1_team_30/src/cw1_class.cpp:702:53:[m[K [01;36m[Knote: [m[Kno functions named ‘[01m[Kstd::vector<std::shared_ptr<pcl::PointCloud<pcl::PointXYZRGB> > > cw1::clusterWithEuclidean(const Ptr&)[m[K’
[8.745s] In file included from [01m[K/home/charvi/comp0250_s26_labs/courseworks/cw1_team_30/src/cw1_class.cpp:6[m[K:
[8.745s] [01m[K/home/charvi/comp0250_s26_labs/courseworks/cw1_team_30/include/cw1_class.h:40:7:[m[K [01;36m[Knote: [m[K‘[01m[Kclass cw1[m[K’ defined here
[8.745s]    40 | class [01;36m[Kcw1[m[K
[8.745s]       |       [01;36m[K^~~[m[K
[8.745s] [01m[K/home/charvi/comp0250_s26_labs/courseworks/cw1_team_30/src/cw1_class.cpp:731:34:[m[K [01;31m[Kerror: [m[Kno declaration matches ‘[01m[Kgeometry_msgs::msg::PointStamped cw1::calculateCentroidInWorldFrame(const Ptr&, std::string&, const rclcpp::Time&)[m[K’
[8.745s]   731 | geometry_msgs::msg::PointStamped [01;31m[Kcw1[m[K::calculateCentroidInWorldFrame(const pcl::PointCloud<pcl::PointXYZRGB>::Ptr &cluster, std::string & cloud_frame, const rclcpp::Time & cloud_timestamp)
[8.746s]       |                                  [01;31m[K^~~[m[K
[8.746s] [01m[K/home/charvi/comp0250_s26_labs/courseworks/cw1_team_30/src/cw1_class.cpp:731:34:[m[K [01;36m[Knote: [m[Kno functions named ‘[01m[Kgeometry_msgs::msg::PointStamped cw1::calculateCentroidInWorldFrame(const Ptr&, std::string&, const rclcpp::Time&)[m[K’
[8.746s] In file included from [01m[K/home/charvi/comp0250_s26_labs/courseworks/cw1_team_30/src/cw1_class.cpp:6[m[K:
[8.746s] [01m[K/home/charvi/comp0250_s26_labs/courseworks/cw1_team_30/include/cw1_class.h:40:7:[m[K [01;36m[Knote: [m[K‘[01m[Kclass cw1[m[K’ defined here
[8.746s]    40 | class [01;36m[Kcw1[m[K
[8.746s]       |       [01;36m[K^~~[m[K
[8.746s] [01m[K/home/charvi/comp0250_s26_labs/courseworks/cw1_team_30/src/cw1_class.cpp:755:13:[m[K [01;31m[Kerror: [m[Kno declaration matches ‘[01m[Kstd::string cw1::classifyColour(const Ptr&)[m[K’
[8.746s]   755 | std::string [01;31m[Kcw1[m[K::classifyColour(const pcl::PointCloud<pcl::PointXYZRGB>::Ptr &cluster)
[8.746s]       |             [01;31m[K^~~[m[K
[8.746s] [01m[K/home/charvi/comp0250_s26_labs/courseworks/cw1_team_30/src/cw1_class.cpp:755:13:[m[K [01;36m[Knote: [m[Kno functions named ‘[01m[Kstd::string cw1::classifyColour(const Ptr&)[m[K’
[8.746s] In file included from [01m[K/home/charvi/comp0250_s26_labs/courseworks/cw1_team_30/src/cw1_class.cpp:6[m[K:
[8.746s] [01m[K/home/charvi/comp0250_s26_labs/courseworks/cw1_team_30/include/cw1_class.h:40:7:[m[K [01;36m[Knote: [m[K‘[01m[Kclass cw1[m[K’ defined here
[8.746s]    40 | class [01;36m[Kcw1[m[K
[8.746s]       |       [01;36m[K^~~[m[K
[8.746s] [01m[K/home/charvi/comp0250_s26_labs/courseworks/cw1_team_30/src/cw1_class.cpp:808:13:[m[K [01;31m[Kerror: [m[Kno declaration matches ‘[01m[Kstd::string cw1::classifyCubeOrBasket(const Ptr&, float&, float&, float&)[m[K’
[8.746s]   808 | std::string [01;31m[Kcw1[m[K::classifyCubeOrBasket(const pcl::PointCloud<pcl::PointXYZRGB>::Ptr &cluster, float & size_x, float & size_y, float & size_z)
[8.746s]       |             [01;31m[K^~~[m[K
[8.746s] [01m[K/home/charvi/comp0250_s26_labs/courseworks/cw1_team_30/src/cw1_class.cpp:808:13:[m[K [01;36m[Knote: [m[Kno functions named ‘[01m[Kstd::string cw1::classifyCubeOrBasket(const Ptr&, float&, float&, float&)[m[K’
[8.746s] In file included from [01m[K/home/charvi/comp0250_s26_labs/courseworks/cw1_team_30/src/cw1_class.cpp:6[m[K:
[8.746s] [01m[K/home/charvi/comp0250_s26_labs/courseworks/cw1_team_30/include/cw1_class.h:40:7:[m[K [01;36m[Knote: [m[K‘[01m[Kclass cw1[m[K’ defined here
[8.746s]    40 | class [01;36m[Kcw1[m[K
[8.747s]       |       [01;36m[K^~~[m[K
[8.761s] [01m[K/home/charvi/comp0250_s26_labs/courseworks/cw1_team_30/src/cw1_class.cpp:[m[K In member function ‘[01m[Kvoid cw1::t3_callback(std::shared_ptr<cw1_world_spawner::srv::Task3Service_Request_<std::allocator<void> > >, std::shared_ptr<cw1_world_spawner::srv::Task3Service_Response_<std::allocator<void> > >)[m[K’:
[8.761s] [01m[K/home/charvi/comp0250_s26_labs/courseworks/cw1_team_30/src/cw1_class.cpp:860:8:[m[K [01;31m[Kerror: [m[K‘[01m[KmoveToScanPose[m[K’ was not declared in this scope; did you mean ‘[01m[KmoveToPose[m[K’?
[8.761s]   860 |   if (![01;31m[KmoveToScanPose[m[K()) {
[8.761s]       |        [01;31m[K^~~~~~~~~~~~~~[m[K
[8.761s]       |        [32m[KmoveToPose[m[K
[8.784s] [01m[K/home/charvi/comp0250_s26_labs/courseworks/cw1_team_30/src/cw1_class.cpp:877:25:[m[K [01;31m[Kerror: [m[K‘[01m[KapplyVoxelFiltering[m[K’ was not declared in this scope
[8.784s]   877 |   auto voxel_filtered = [01;31m[KapplyVoxelFiltering[m[K(pcl_cloud);
[8.784s]       |                         [01;31m[K^~~~~~~~~~~~~~~~~~~[m[K
[8.825s] [01m[K/home/charvi/comp0250_s26_labs/courseworks/cw1_team_30/src/cw1_class.cpp:878:24:[m[K [01;31m[Kerror: [m[K‘[01m[KapplyStatisticalOutlierRemoval[m[K’ was not declared in this scope
[8.825s]   878 |   auto cleaned_cloud = [01;31m[KapplyStatisticalOutlierRemoval[m[K(voxel_filtered);
[8.825s]       |                        [01;31m[K^~~~~~~~~~~~~~~~~~~~~~~~~~~~~~[m[K
[8.853s] [01m[K/home/charvi/comp0250_s26_labs/courseworks/cw1_team_30/src/cw1_class.cpp:881:30:[m[K [01;31m[Kerror: [m[K‘[01m[KremoveFloorWithRANSAC[m[K’ was not declared in this scope
[8.853s]   881 |   auto cloud_without_floor = [01;31m[KremoveFloorWithRANSAC[m[K(cleaned_cloud);
[8.853s]       |                              [01;31m[K^~~~~~~~~~~~~~~~~~~~~[m[K
[8.880s] [01m[K/home/charvi/comp0250_s26_labs/courseworks/cw1_team_30/src/cw1_class.cpp:884:19:[m[K [01;31m[Kerror: [m[K‘[01m[KclusterWithEuclidean[m[K’ was not declared in this scope
[8.880s]   884 |   auto clusters = [01;31m[KclusterWithEuclidean[m[K(cloud_without_floor);
[8.880s]       |                   [01;31m[K^~~~~~~~~~~~~~~~~~~~[m[K
[8.921s] [01m[K/home/charvi/comp0250_s26_labs/courseworks/cw1_team_30/src/cw1_class.cpp:890:26:[m[K [01;31m[Kerror: [m[K‘[01m[KcalculateCentroidInWorldFrame[m[K’ was not declared in this scope
[8.922s]   890 |     obj.location_world = [01;31m[KcalculateCentroidInWorldFrame[m[K(cluster, fresh_cloud->header.frame_id, fresh_cloud->header.stamp);
[8.922s]       |                          [01;31m[K^~~~~~~~~~~~~~~~~~~~~~~~~~~~~[m[K
[8.937s] [01m[K/home/charvi/comp0250_s26_labs/courseworks/cw1_team_30/src/cw1_class.cpp:891:18:[m[K [01;31m[Kerror: [m[K‘[01m[KclassifyColour[m[K’ was not declared in this scope
[8.937s]   891 |     obj.colour = [01;31m[KclassifyColour[m[K(cluster);
[8.937s]       |                  [01;31m[K^~~~~~~~~~~~~~[m[K
[8.963s] [01m[K/home/charvi/comp0250_s26_labs/courseworks/cw1_team_30/src/cw1_class.cpp:892:24:[m[K [01;31m[Kerror: [m[K‘[01m[KclassifyCubeOrBasket[m[K’ was not declared in this scope
[8.963s]   892 |     obj.typeOfObject = [01;31m[KclassifyCubeOrBasket[m[K(cluster, obj.size_of_object_x, obj.size_of_object_y, obj.size_of_object_z);
[8.963s]       |                        [01;31m[K^~~~~~~~~~~~~~~~~~~~[m[K
[8.973s] In file included from [01m[K/opt/ros/humble/include/rclcpp/rclcpp/client.hpp:40[m[K,
[8.973s]                  from [01m[K/opt/ros/humble/include/rclcpp/rclcpp/callback_group.hpp:24[m[K,
[8.973s]                  from [01m[K/opt/ros/humble/include/rclcpp/rclcpp/any_executable.hpp:20[m[K,
[8.973s]                  from [01m[K/opt/ros/humble/include/rclcpp/rclcpp/memory_strategy.hpp:25[m[K,
[8.973s]                  from [01m[K/opt/ros/humble/include/rclcpp/rclcpp/memory_strategies.hpp:18[m[K,
[8.973s]                  from [01m[K/opt/ros/humble/include/rclcpp/rclcpp/executor_options.hpp:20[m[K,
[8.973s]                  from [01m[K/opt/ros/humble/include/rclcpp/rclcpp/executor.hpp:37[m[K,
[8.973s]                  from [01m[K/opt/ros/humble/include/rclcpp/rclcpp/executors/multi_threaded_executor.hpp:25[m[K,
[8.973s]                  from [01m[K/opt/ros/humble/include/rclcpp/rclcpp/executors.hpp:21[m[K,
[8.973s]                  from [01m[K/opt/ros/humble/include/rclcpp/rclcpp/rclcpp.hpp:155[m[K,
[8.973s]                  from [01m[K/home/charvi/comp0250_s26_labs/courseworks/cw1_team_30/include/cw1_class.h:16[m[K,
[8.973s]                  from [01m[K/home/charvi/comp0250_s26_labs/courseworks/cw1_team_30/src/cw1_class.cpp:6[m[K:
[8.973s] [01m[K/home/charvi/comp0250_s26_labs/courseworks/cw1_team_30/src/cw1_class.cpp:933:5:[m[K [01;31m[Kerror: [m[Kexpected ‘[01m[K;[m[K’ before ‘[01m[Kdo[m[K’
[8.973s]   933 |     [01;31m[KRCLCPP_INFO[m[K(node_->get_logger(), " Open gripper");
[8.973s]       |     [01;31m[K^~~~~~~~~~~[m[K
[14.061s] gmake[2]: *** [CMakeFiles/cw1_team_30_cw1_class_lib.dir/build.make:76: CMakeFiles/cw1_team_30_cw1_class_lib.dir/src/cw1_class.cpp.o] Error 1
[14.062s] gmake[1]: *** [CMakeFiles/Makefile2:595: CMakeFiles/cw1_team_30_cw1_class_lib.dir/all] Error 2
[14.062s] gmake: *** [Makefile:146: all] Error 2
[14.064s] Invoked command in '/home/charvi/comp0250_s26_labs/build/cw1_team_30' returned '2': CMAKE_PREFIX_PATH=/home/charvi/comp0250_s26_labs/install/cw1_world_spawner:/home/charvi/comp0250_s26_labs/install/rpl_panda_with_rs:/home/charvi/comp0250_s26_labs/install/realsense_gazebo_plugin:/home/charvi/comp0250_s26_labs/install/panda_moveit_config:/home/charvi/comp0250_s26_labs/install/panda_description:/home/charvi/comp0250_s26_labs/install/cw1_team_x:/home/charvi/comp0250_s26_labs/install/cw1_team_30:/opt/ros/humble LD_LIBRARY_PATH=/home/charvi/comp0250_s26_labs/install/cw1_world_spawner/lib:/home/charvi/comp0250_s26_labs/install/realsense_gazebo_plugin/lib:/home/charvi/comp0250_s26_labs/install/cw1_team_x/lib:/home/charvi/comp0250_s26_labs/install/cw1_team_30/lib:/usr/lib/x86_64-linux-gnu/gazebo-11/plugins:/opt/ros/humble/opt/rviz_ogre_vendor/lib:/opt/ros/humble/lib/x86_64-linux-gnu:/opt/ros/humble/lib /usr/bin/cmake --build /home/charvi/comp0250_s26_labs/build/cw1_team_30 -- -j12 -l12
