[0.013s] Invoking command in '/home/charvi/comp0250_s26_labs/build/cw1_team_30': CMAKE_PREFIX_PATH=/home/charvi/comp0250_s26_labs/install/cw1_world_spawner:/home/charvi/comp0250_s26_labs/install/rpl_panda_with_rs:/home/charvi/comp0250_s26_labs/install/realsense_gazebo_plugin:/home/charvi/comp0250_s26_labs/install/panda_moveit_config:/home/charvi/comp0250_s26_labs/install/panda_description:/home/charvi/comp0250_s26_labs/install/cw1_team_x:/home/charvi/comp0250_s26_labs/install/cw1_team_30:/opt/ros/humble LD_LIBRARY_PATH=/home/charvi/comp0250_s26_labs/install/cw1_world_spawner/lib:/home/charvi/comp0250_s26_labs/install/realsense_gazebo_plugin/lib:/home/charvi/comp0250_s26_labs/install/cw1_team_x/lib:/home/charvi/comp0250_s26_labs/install/cw1_team_30/lib:/usr/lib/x86_64-linux-gnu/gazebo-11/plugins:/opt/ros/humble/opt/rviz_ogre_vendor/lib:/opt/ros/humble/lib/x86_64-linux-gnu:/opt/ros/humble/lib /usr/bin/cmake --build /home/charvi/comp0250_s26_labs/build/cw1_team_30 -- -j12 -l12
[0.081s] [  2%] Built target cw1_team_30__cpp
[0.082s] [ 11%] Built target cw1_team_30__rosidl_generator_c
[0.097s] [ 11%] Built target ament_cmake_python_copy_cw1_team_30
[0.116s] [ 20%] Built target cw1_team_30__rosidl_typesupport_introspection_c
[0.116s] [ 28%] Built target cw1_team_30__rosidl_typesupport_cpp
[0.117s] [ 37%] Built target cw1_team_30__rosidl_typesupport_c
[0.117s] [ 45%] Built target cw1_team_30__rosidl_typesupport_fastrtps_cpp
[0.117s] [ 62%] Built target cw1_team_30__rosidl_typesupport_fastrtps_c
[0.117s] [ 62%] Built target cw1_team_30__rosidl_typesupport_introspection_cpp
[0.140s] [35m[1mConsolidate compiler generated dependencies of target cw1_team_30_cw1_class_lib[0m
[0.142s] [ 62%] Built target cw1_team_30
[0.169s] [ 65%] Built target cw1_team_30__py
[0.171s] [ 68%] [32mBuilding CXX object CMakeFiles/cw1_team_30_cw1_class_lib.dir/src/cw1_class.cpp.o[0m
[0.194s] [ 74%] Built target cw1_team_30__rosidl_generator_py
[0.219s] [ 91%] Built target cw1_team_30__rosidl_typesupport_fastrtps_c__pyext
[0.219s] [ 91%] Built target cw1_team_30__rosidl_typesupport_c__pyext
[0.219s] [ 91%] Built target cw1_team_30__rosidl_typesupport_introspection_c__pyext
[0.379s] running egg_info
[0.403s] writing cw1_team_30.egg-info/PKG-INFO
[0.403s] writing dependency_links to cw1_team_30.egg-info/dependency_links.txt
[0.403s] writing top-level names to cw1_team_30.egg-info/top_level.txt
[0.469s] reading manifest file 'cw1_team_30.egg-info/SOURCES.txt'
[0.470s] writing manifest file 'cw1_team_30.egg-info/SOURCES.txt'
[0.493s] [ 91%] Built target ament_cmake_python_build_cw1_team_30_egg
[5.230s] [01m[K/home/charvi/comp0250_s26_labs/courseworks/cw1_team_30/src/cw1_class.cpp:[m[K In constructor ‘[01m[Kcw1::cw1(const SharedPtr&)[m[K’:
[5.230s] [01m[K/home/charvi/comp0250_s26_labs/courseworks/cw1_team_30/src/cw1_class.cpp:124:13:[m[K [01;31m[Kerror: [m[K‘[01m[KsetPoseReferenceFrame[m[K’ was not declared in this scope
[5.231s]   124 |   arm_group>[01;31m[KsetPoseReferenceFrame[m[K("world");
[5.231s]       |             [01;31m[K^~~~~~~~~~~~~~~~~~~~~[m[K
[5.233s] [01m[K/home/charvi/comp0250_s26_labs/courseworks/cw1_team_30/src/cw1_class.cpp:[m[K In member function ‘[01m[Kgeometry_msgs::msg::Quaternion cw1::makeQuaternionFromRPY(double, double, double)[m[K’:
[5.233s] [01m[K/home/charvi/comp0250_s26_labs/courseworks/cw1_team_30/src/cw1_class.cpp:137:20:[m[K [01;31m[Kerror: [m[Kno matching function for call to ‘[01m[KtoMsg(tf2::Quaternion&)[m[K’
[5.233s]   137 |   return [01;31m[Ktf2::toMsg(q)[m[K;
[5.234s]       |          [01;31m[K~~~~~~~~~~^~~[m[K
[5.234s] In file included from [01m[K/opt/ros/humble/include/tf2_ros/tf2_ros/buffer_interface.hpp:45[m[K,
[5.234s]                  from [01m[K/opt/ros/humble/include/tf2_ros/tf2_ros/buffer.hpp:44[m[K,
[5.234s]                  from [01m[K/opt/ros/humble/include/tf2_ros/tf2_ros/buffer.h:35[m[K,
[5.234s]                  from [01m[K/opt/ros/humble/include/moveit/move_group_interface/move_group_interface.h:62[m[K,
[5.234s]                  from [01m[K/home/charvi/comp0250_s26_labs/courseworks/cw1_team_30/include/cw1_class.h:25[m[K,
[5.234s]                  from [01m[K/home/charvi/comp0250_s26_labs/courseworks/cw1_team_30/src/cw1_class.cpp:6[m[K:
[5.234s] [01m[K/opt/ros/humble/include/tf2/tf2/convert.hpp:129:3:[m[K [01;36m[Knote: [m[Kcandidate: ‘[01m[Ktemplate<class A, class B> B tf2::toMsg(const A&)[m[K’
[5.234s]   129 | B [01;36m[KtoMsg[m[K(const A & a);
[5.234s]       |   [01;36m[K^~~~~[m[K
[5.234s] [01m[K/opt/ros/humble/include/tf2/tf2/convert.hpp:129:3:[m[K [01;36m[Knote: [m[K  template argument deduction/substitution failed:
[5.234s] [01m[K/home/charvi/comp0250_s26_labs/courseworks/cw1_team_30/src/cw1_class.cpp:137:20:[m[K [01;36m[Knote: [m[K  couldn’t deduce template parameter ‘[01m[KB[m[K’
[5.234s]   137 |   return [01;36m[Ktf2::toMsg(q)[m[K;
[5.234s]       |          [01;36m[K~~~~~~~~~~^~~[m[K
[10.164s] gmake[2]: *** [CMakeFiles/cw1_team_30_cw1_class_lib.dir/build.make:76: CMakeFiles/cw1_team_30_cw1_class_lib.dir/src/cw1_class.cpp.o] Error 1
[10.164s] gmake[1]: *** [CMakeFiles/Makefile2:595: CMakeFiles/cw1_team_30_cw1_class_lib.dir/all] Error 2
[10.164s] gmake: *** [Makefile:146: all] Error 2
[10.166s] Invoked command in '/home/charvi/comp0250_s26_labs/build/cw1_team_30' returned '2': CMAKE_PREFIX_PATH=/home/charvi/comp0250_s26_labs/install/cw1_world_spawner:/home/charvi/comp0250_s26_labs/install/rpl_panda_with_rs:/home/charvi/comp0250_s26_labs/install/realsense_gazebo_plugin:/home/charvi/comp0250_s26_labs/install/panda_moveit_config:/home/charvi/comp0250_s26_labs/install/panda_description:/home/charvi/comp0250_s26_labs/install/cw1_team_x:/home/charvi/comp0250_s26_labs/install/cw1_team_30:/opt/ros/humble LD_LIBRARY_PATH=/home/charvi/comp0250_s26_labs/install/cw1_world_spawner/lib:/home/charvi/comp0250_s26_labs/install/realsense_gazebo_plugin/lib:/home/charvi/comp0250_s26_labs/install/cw1_team_x/lib:/home/charvi/comp0250_s26_labs/install/cw1_team_30/lib:/usr/lib/x86_64-linux-gnu/gazebo-11/plugins:/opt/ros/humble/opt/rviz_ogre_vendor/lib:/opt/ros/humble/lib/x86_64-linux-gnu:/opt/ros/humble/lib /usr/bin/cmake --build /home/charvi/comp0250_s26_labs/build/cw1_team_30 -- -j12 -l12
