[0.017s] Invoking command in '/home/charvi/comp0250_s26_labs/build/cw1_team_30': CMAKE_PREFIX_PATH=/home/charvi/comp0250_s26_labs/install/cw1_world_spawner:/home/charvi/comp0250_s26_labs/install/rpl_panda_with_rs:/home/charvi/comp0250_s26_labs/install/realsense_gazebo_plugin:/home/charvi/comp0250_s26_labs/install/panda_moveit_config:/home/charvi/comp0250_s26_labs/install/panda_description:/home/charvi/comp0250_s26_labs/install/cw1_team_x:/home/charvi/comp0250_s26_labs/install/cw1_team_30:/opt/ros/humble LD_LIBRARY_PATH=/home/charvi/comp0250_s26_labs/install/cw1_world_spawner/lib:/home/charvi/comp0250_s26_labs/install/realsense_gazebo_plugin/lib:/home/charvi/comp0250_s26_labs/install/cw1_team_x/lib:/home/charvi/comp0250_s26_labs/install/cw1_team_30/lib:/usr/lib/x86_64-linux-gnu/gazebo-11/plugins:/opt/ros/humble/opt/rviz_ogre_vendor/lib:/opt/ros/humble/lib/x86_64-linux-gnu:/opt/ros/humble/lib /usr/bin/cmake --build /home/charvi/comp0250_s26_labs/build/cw1_team_30 -- -j12 -l12
[0.118s] [  2%] Built target cw1_team_30__cpp
[0.186s] [  2%] Built target ament_cmake_python_copy_cw1_team_30
[0.227s] [ 11%] Built target cw1_team_30__rosidl_typesupport_introspection_cpp
[0.664s] running egg_info
[0.702s] writing cw1_team_30.egg-info/PKG-INFO
[0.703s] writing dependency_links to cw1_team_30.egg-info/dependency_links.txt
[0.703s] writing top-level names to cw1_team_30.egg-info/top_level.txt
[0.836s] reading manifest file 'cw1_team_30.egg-info/SOURCES.txt'
[0.838s] writing manifest file 'cw1_team_30.egg-info/SOURCES.txt'
[0.906s] [ 11%] Built target ament_cmake_python_build_cw1_team_30_egg
[0.940s] [ 20%] Built target cw1_team_30__rosidl_typesupport_fastrtps_cpp
[0.975s] [ 28%] Built target cw1_team_30__rosidl_typesupport_cpp
[1.013s] [ 37%] Built target cw1_team_30__rosidl_generator_c
[1.041s] [35m[1mConsolidate compiler generated dependencies of target cw1_team_30_cw1_class_lib[0m
[1.083s] [ 40%] [32mBuilding CXX object CMakeFiles/cw1_team_30_cw1_class_lib.dir/src/cw1_class.cpp.o[0m
[35.216s] [ 42%] [32m[1mLinking CXX shared library libcw1_team_30_cw1_class_lib.so[0m
[36.284s] [ 42%] Built target cw1_team_30_cw1_class_lib
[36.317s] [ 57%] Built target cw1_team_30__rosidl_typesupport_introspection_c
[36.317s] [ 60%] Built target cw1_team_30__rosidl_typesupport_c
[36.317s] [ 68%] Built target cw1_team_30__rosidl_typesupport_fastrtps_c
[36.333s] [ 71%] [32m[1mLinking CXX executable cw1_solution_node[0m
[36.344s] [ 71%] Built target cw1_team_30
[36.381s] [ 74%] Built target cw1_team_30__py
[36.437s] [ 80%] Built target cw1_team_30__rosidl_generator_py
[36.500s] [ 85%] Built target cw1_team_30__rosidl_typesupport_fastrtps_c__pyext
[36.506s] [ 91%] Built target cw1_team_30__rosidl_typesupport_c__pyext
[36.510s] [ 97%] Built target cw1_team_30__rosidl_typesupport_introspection_c__pyext
[37.446s] [100%] Built target cw1_solution_node
[37.463s] Invoked command in '/home/charvi/comp0250_s26_labs/build/cw1_team_30' returned '0': CMAKE_PREFIX_PATH=/home/charvi/comp0250_s26_labs/install/cw1_world_spawner:/home/charvi/comp0250_s26_labs/install/rpl_panda_with_rs:/home/charvi/comp0250_s26_labs/install/realsense_gazebo_plugin:/home/charvi/comp0250_s26_labs/install/panda_moveit_config:/home/charvi/comp0250_s26_labs/install/panda_description:/home/charvi/comp0250_s26_labs/install/cw1_team_x:/home/charvi/comp0250_s26_labs/install/cw1_team_30:/opt/ros/humble LD_LIBRARY_PATH=/home/charvi/comp0250_s26_labs/install/cw1_world_spawner/lib:/home/charvi/comp0250_s26_labs/install/realsense_gazebo_plugin/lib:/home/charvi/comp0250_s26_labs/install/cw1_team_x/lib:/home/charvi/comp0250_s26_labs/install/cw1_team_30/lib:/usr/lib/x86_64-linux-gnu/gazebo-11/plugins:/opt/ros/humble/opt/rviz_ogre_vendor/lib:/opt/ros/humble/lib/x86_64-linux-gnu:/opt/ros/humble/lib /usr/bin/cmake --build /home/charvi/comp0250_s26_labs/build/cw1_team_30 -- -j12 -l12
[37.467s] Invoking command in '/home/charvi/comp0250_s26_labs/build/cw1_team_30': CMAKE_PREFIX_PATH=/home/charvi/comp0250_s26_labs/install/cw1_world_spawner:/home/charvi/comp0250_s26_labs/install/rpl_panda_with_rs:/home/charvi/comp0250_s26_labs/install/realsense_gazebo_plugin:/home/charvi/comp0250_s26_labs/install/panda_moveit_config:/home/charvi/comp0250_s26_labs/install/panda_description:/home/charvi/comp0250_s26_labs/install/cw1_team_x:/home/charvi/comp0250_s26_labs/install/cw1_team_30:/opt/ros/humble LD_LIBRARY_PATH=/home/charvi/comp0250_s26_labs/install/cw1_world_spawner/lib:/home/charvi/comp0250_s26_labs/install/realsense_gazebo_plugin/lib:/home/charvi/comp0250_s26_labs/install/cw1_team_x/lib:/home/charvi/comp0250_s26_labs/install/cw1_team_30/lib:/usr/lib/x86_64-linux-gnu/gazebo-11/plugins:/opt/ros/humble/opt/rviz_ogre_vendor/lib:/opt/ros/humble/lib/x86_64-linux-gnu:/opt/ros/humble/lib /usr/bin/cmake --install /home/charvi/comp0250_s26_labs/build/cw1_team_30
[37.477s] -- Install configuration: "Release"
[37.477s] -- Up-to-date: /home/charvi/comp0250_s26_labs/install/cw1_team_30/share/ament_index/resource_index/rosidl_interfaces/cw1_team_30
[37.477s] -- Up-to-date: /home/charvi/comp0250_s26_labs/install/cw1_team_30/include/cw1_team_30/cw1_team_30
[37.477s] -- Up-to-date: /home/charvi/comp0250_s26_labs/install/cw1_team_30/include/cw1_team_30/cw1_team_30/srv
[37.477s] -- Up-to-date: /home/charvi/comp0250_s26_labs/install/cw1_team_30/include/cw1_team_30/cw1_team_30/srv/example.h
[37.477s] -- Up-to-date: /home/charvi/comp0250_s26_labs/install/cw1_team_30/include/cw1_team_30/cw1_team_30/srv/detail
[37.477s] -- Up-to-date: /home/charvi/comp0250_s26_labs/install/cw1_team_30/include/cw1_team_30/cw1_team_30/srv/detail/example__struct.h
[37.478s] -- Up-to-date: /home/charvi/comp0250_s26_labs/install/cw1_team_30/include/cw1_team_30/cw1_team_30/srv/detail/example__functions.h
[37.478s] -- Up-to-date: /home/charvi/comp0250_s26_labs/install/cw1_team_30/include/cw1_team_30/cw1_team_30/srv/detail/example__type_support.h
[37.478s] -- Up-to-date: /home/charvi/comp0250_s26_labs/install/cw1_team_30/include/cw1_team_30/cw1_team_30/srv/detail/example__functions.c
[37.478s] -- Up-to-date: /home/charvi/comp0250_s26_labs/install/cw1_team_30/include/cw1_team_30/cw1_team_30/msg
[37.478s] -- Up-to-date: /home/charvi/comp0250_s26_labs/install/cw1_team_30/include/cw1_team_30/cw1_team_30/msg/rosidl_generator_c__visibility_control.h
[37.478s] -- Up-to-date: /home/charvi/comp0250_s26_labs/install/cw1_team_30/share/cw1_team_30/environment/library_path.sh
[37.478s] -- Up-to-date: /home/charvi/comp0250_s26_labs/install/cw1_team_30/share/cw1_team_30/environment/library_path.dsv
[37.479s] -- Up-to-date: /home/charvi/comp0250_s26_labs/install/cw1_team_30/lib/libcw1_team_30__rosidl_generator_c.so
[37.479s] -- Up-to-date: /home/charvi/comp0250_s26_labs/install/cw1_team_30/include/cw1_team_30/cw1_team_30
[37.479s] -- Up-to-date: /home/charvi/comp0250_s26_labs/install/cw1_team_30/include/cw1_team_30/cw1_team_30/srv
[37.479s] -- Up-to-date: /home/charvi/comp0250_s26_labs/install/cw1_team_30/include/cw1_team_30/cw1_team_30/srv/detail
[37.479s] -- Up-to-date: /home/charvi/comp0250_s26_labs/install/cw1_team_30/include/cw1_team_30/cw1_team_30/srv/detail/example__rosidl_typesupport_fastrtps_c.h
[37.479s] -- Up-to-date: /home/charvi/comp0250_s26_labs/install/cw1_team_30/include/cw1_team_30/cw1_team_30/msg
[37.479s] -- Up-to-date: /home/charvi/comp0250_s26_labs/install/cw1_team_30/include/cw1_team_30/cw1_team_30/msg/rosidl_typesupport_fastrtps_c__visibility_control.h
[37.479s] -- Up-to-date: /home/charvi/comp0250_s26_labs/install/cw1_team_30/lib/libcw1_team_30__rosidl_typesupport_fastrtps_c.so
[37.479s] -- Up-to-date: /home/charvi/comp0250_s26_labs/install/cw1_team_30/include/cw1_team_30/cw1_team_30
[37.479s] -- Up-to-date: /home/charvi/comp0250_s26_labs/install/cw1_team_30/include/cw1_team_30/cw1_team_30/srv
[37.479s] -- Up-to-date: /home/charvi/comp0250_s26_labs/install/cw1_team_30/include/cw1_team_30/cw1_team_30/srv/detail
[37.480s] -- Up-to-date: /home/charvi/comp0250_s26_labs/install/cw1_team_30/include/cw1_team_30/cw1_team_30/srv/detail/example__type_support.c
[37.480s] -- Up-to-date: /home/charvi/comp0250_s26_labs/install/cw1_team_30/include/cw1_team_30/cw1_team_30/srv/detail/example__rosidl_typesupport_introspection_c.h
[37.480s] -- Up-to-date: /home/charvi/comp0250_s26_labs/install/cw1_team_30/include/cw1_team_30/cw1_team_30/msg
[37.480s] -- Up-to-date: /home/charvi/comp0250_s26_labs/install/cw1_team_30/include/cw1_team_30/cw1_team_30/msg/rosidl_typesupport_introspection_c__visibility_control.h
[37.480s] -- Up-to-date: /home/charvi/comp0250_s26_labs/install/cw1_team_30/lib/libcw1_team_30__rosidl_typesupport_introspection_c.so
[37.480s] -- Up-to-date: /home/charvi/comp0250_s26_labs/install/cw1_team_30/lib/libcw1_team_30__rosidl_typesupport_c.so
[37.480s] -- Up-to-date: /home/charvi/comp0250_s26_labs/install/cw1_team_30/include/cw1_team_30/cw1_team_30
[37.480s] -- Up-to-date: /home/charvi/comp0250_s26_labs/install/cw1_team_30/include/cw1_team_30/cw1_team_30/srv
[37.480s] -- Up-to-date: /home/charvi/comp0250_s26_labs/install/cw1_team_30/include/cw1_team_30/cw1_team_30/srv/example.hpp
[37.480s] -- Up-to-date: /home/charvi/comp0250_s26_labs/install/cw1_team_30/include/cw1_team_30/cw1_team_30/srv/detail
[37.480s] -- Up-to-date: /home/charvi/comp0250_s26_labs/install/cw1_team_30/include/cw1_team_30/cw1_team_30/srv/detail/example__type_support.hpp
[37.480s] -- Up-to-date: /home/charvi/comp0250_s26_labs/install/cw1_team_30/include/cw1_team_30/cw1_team_30/srv/detail/example__struct.hpp
[37.480s] -- Up-to-date: /home/charvi/comp0250_s26_labs/install/cw1_team_30/include/cw1_team_30/cw1_team_30/srv/detail/example__traits.hpp
[37.480s] -- Up-to-date: /home/charvi/comp0250_s26_labs/install/cw1_team_30/include/cw1_team_30/cw1_team_30/srv/detail/example__builder.hpp
[37.481s] -- Up-to-date: /home/charvi/comp0250_s26_labs/install/cw1_team_30/include/cw1_team_30/cw1_team_30/msg
[37.481s] -- Up-to-date: /home/charvi/comp0250_s26_labs/install/cw1_team_30/include/cw1_team_30/cw1_team_30/msg/rosidl_generator_cpp__visibility_control.hpp
[37.481s] -- Up-to-date: /home/charvi/comp0250_s26_labs/install/cw1_team_30/include/cw1_team_30/cw1_team_30
[37.481s] -- Up-to-date: /home/charvi/comp0250_s26_labs/install/cw1_team_30/include/cw1_team_30/cw1_team_30/srv
[37.481s] -- Up-to-date: /home/charvi/comp0250_s26_labs/install/cw1_team_30/include/cw1_team_30/cw1_team_30/srv/detail
[37.481s] -- Up-to-date: /home/charvi/comp0250_s26_labs/install/cw1_team_30/include/cw1_team_30/cw1_team_30/srv/detail/example__rosidl_typesupport_fastrtps_cpp.hpp
[37.481s] -- Up-to-date: /home/charvi/comp0250_s26_labs/install/cw1_team_30/include/cw1_team_30/cw1_team_30/srv/detail/dds_fastrtps
[37.481s] -- Up-to-date: /home/charvi/comp0250_s26_labs/install/cw1_team_30/include/cw1_team_30/cw1_team_30/msg
[37.481s] -- Up-to-date: /home/charvi/comp0250_s26_labs/install/cw1_team_30/include/cw1_team_30/cw1_team_30/msg/rosidl_typesupport_fastrtps_cpp__visibility_control.h
[37.481s] -- Up-to-date: /home/charvi/comp0250_s26_labs/install/cw1_team_30/lib/libcw1_team_30__rosidl_typesupport_fastrtps_cpp.so
[37.481s] -- Up-to-date: /home/charvi/comp0250_s26_labs/install/cw1_team_30/include/cw1_team_30/cw1_team_30
[37.481s] -- Up-to-date: /home/charvi/comp0250_s26_labs/install/cw1_team_30/include/cw1_team_30/cw1_team_30/srv
[37.481s] -- Up-to-date: /home/charvi/comp0250_s26_labs/install/cw1_team_30/include/cw1_team_30/cw1_team_30/srv/detail
[37.481s] -- Up-to-date: /home/charvi/comp0250_s26_labs/install/cw1_team_30/include/cw1_team_30/cw1_team_30/srv/detail/example__type_support.cpp
[37.481s] -- Up-to-date: /home/charvi/comp0250_s26_labs/install/cw1_team_30/include/cw1_team_30/cw1_team_30/srv/detail/example__rosidl_typesupport_introspection_cpp.hpp
[37.482s] -- Up-to-date: /home/charvi/comp0250_s26_labs/install/cw1_team_30/lib/libcw1_team_30__rosidl_typesupport_introspection_cpp.so
[37.482s] -- Up-to-date: /home/charvi/comp0250_s26_labs/install/cw1_team_30/lib/libcw1_team_30__rosidl_typesupport_cpp.so
[37.482s] -- Up-to-date: /home/charvi/comp0250_s26_labs/install/cw1_team_30/share/cw1_team_30/environment/pythonpath.sh
[37.482s] -- Up-to-date: /home/charvi/comp0250_s26_labs/install/cw1_team_30/share/cw1_team_30/environment/pythonpath.dsv
[37.482s] -- Up-to-date: /home/charvi/comp0250_s26_labs/install/cw1_team_30/local/lib/python3.10/dist-packages/cw1_team_30-0.1.0-py3.10.egg-info
[37.482s] -- Installing: /home/charvi/comp0250_s26_labs/install/cw1_team_30/local/lib/python3.10/dist-packages/cw1_team_30-0.1.0-py3.10.egg-info/SOURCES.txt
[37.482s] -- Installing: /home/charvi/comp0250_s26_labs/install/cw1_team_30/local/lib/python3.10/dist-packages/cw1_team_30-0.1.0-py3.10.egg-info/PKG-INFO
[37.482s] -- Installing: /home/charvi/comp0250_s26_labs/install/cw1_team_30/local/lib/python3.10/dist-packages/cw1_team_30-0.1.0-py3.10.egg-info/top_level.txt
[37.482s] -- Installing: /home/charvi/comp0250_s26_labs/install/cw1_team_30/local/lib/python3.10/dist-packages/cw1_team_30-0.1.0-py3.10.egg-info/dependency_links.txt
[37.482s] -- Up-to-date: /home/charvi/comp0250_s26_labs/install/cw1_team_30/local/lib/python3.10/dist-packages/cw1_team_30
[37.482s] -- Up-to-date: /home/charvi/comp0250_s26_labs/install/cw1_team_30/local/lib/python3.10/dist-packages/cw1_team_30/cw1_team_30_s__rosidl_typesupport_c.cpython-310-x86_64-linux-gnu.so
[37.483s] -- Up-to-date: /home/charvi/comp0250_s26_labs/install/cw1_team_30/local/lib/python3.10/dist-packages/cw1_team_30/srv
[37.483s] -- Up-to-date: /home/charvi/comp0250_s26_labs/install/cw1_team_30/local/lib/python3.10/dist-packages/cw1_team_30/srv/_example.py
[37.483s] -- Up-to-date: /home/charvi/comp0250_s26_labs/install/cw1_team_30/local/lib/python3.10/dist-packages/cw1_team_30/srv/__init__.py
[37.483s] -- Up-to-date: /home/charvi/comp0250_s26_labs/install/cw1_team_30/local/lib/python3.10/dist-packages/cw1_team_30/srv/_example_s.c
[37.483s] -- Up-to-date: /home/charvi/comp0250_s26_labs/install/cw1_team_30/local/lib/python3.10/dist-packages/cw1_team_30/_cw1_team_30_s.ep.rosidl_typesupport_fastrtps_c.c
[37.483s] -- Up-to-date: /home/charvi/comp0250_s26_labs/install/cw1_team_30/local/lib/python3.10/dist-packages/cw1_team_30/__init__.py
[37.483s] -- Up-to-date: /home/charvi/comp0250_s26_labs/install/cw1_team_30/local/lib/python3.10/dist-packages/cw1_team_30/cw1_team_30_s__rosidl_typesupport_introspection_c.cpython-310-x86_64-linux-gnu.so
[37.483s] -- Up-to-date: /home/charvi/comp0250_s26_labs/install/cw1_team_30/local/lib/python3.10/dist-packages/cw1_team_30/_cw1_team_30_s.ep.rosidl_typesupport_introspection_c.c
[37.483s] -- Up-to-date: /home/charvi/comp0250_s26_labs/install/cw1_team_30/local/lib/python3.10/dist-packages/cw1_team_30/libcw1_team_30__rosidl_generator_py.so
[37.483s] -- Up-to-date: /home/charvi/comp0250_s26_labs/install/cw1_team_30/local/lib/python3.10/dist-packages/cw1_team_30/cw1_team_30_s__rosidl_typesupport_fastrtps_c.cpython-310-x86_64-linux-gnu.so
[37.483s] -- Up-to-date: /home/charvi/comp0250_s26_labs/install/cw1_team_30/local/lib/python3.10/dist-packages/cw1_team_30/_cw1_team_30_s.ep.rosidl_typesupport_c.c
[37.543s] Listing '/home/charvi/comp0250_s26_labs/install/cw1_team_30/local/lib/python3.10/dist-packages/cw1_team_30'...
[37.543s] Listing '/home/charvi/comp0250_s26_labs/install/cw1_team_30/local/lib/python3.10/dist-packages/cw1_team_30/srv'...
[37.549s] -- Up-to-date: /home/charvi/comp0250_s26_labs/install/cw1_team_30/local/lib/python3.10/dist-packages/cw1_team_30/cw1_team_30_s__rosidl_typesupport_fastrtps_c.cpython-310-x86_64-linux-gnu.so
[37.549s] -- Up-to-date: /home/charvi/comp0250_s26_labs/install/cw1_team_30/local/lib/python3.10/dist-packages/cw1_team_30/cw1_team_30_s__rosidl_typesupport_introspection_c.cpython-310-x86_64-linux-gnu.so
[37.550s] -- Up-to-date: /home/charvi/comp0250_s26_labs/install/cw1_team_30/local/lib/python3.10/dist-packages/cw1_team_30/cw1_team_30_s__rosidl_typesupport_c.cpython-310-x86_64-linux-gnu.so
[37.550s] -- Up-to-date: /home/charvi/comp0250_s26_labs/install/cw1_team_30/lib/libcw1_team_30__rosidl_generator_py.so
[37.551s] -- Up-to-date: /home/charvi/comp0250_s26_labs/install/cw1_team_30/share/cw1_team_30/srv/Example.idl
[37.551s] -- Up-to-date: /home/charvi/comp0250_s26_labs/install/cw1_team_30/share/cw1_team_30/srv/Example.srv
[37.551s] -- Up-to-date: /home/charvi/comp0250_s26_labs/install/cw1_team_30/share/cw1_team_30/srv/Example_Request.msg
[37.552s] -- Up-to-date: /home/charvi/comp0250_s26_labs/install/cw1_team_30/share/cw1_team_30/srv/Example_Response.msg
[37.552s] -- Installing: /home/charvi/comp0250_s26_labs/install/cw1_team_30/lib/libcw1_team_30_cw1_class_lib.so
[37.555s] -- Set runtime path of "/home/charvi/comp0250_s26_labs/install/cw1_team_30/lib/libcw1_team_30_cw1_class_lib.so" to ""
[37.556s] -- Installing: /home/charvi/comp0250_s26_labs/install/cw1_team_30/lib/cw1_team_30/cw1_solution_node
[37.557s] -- Set runtime path of "/home/charvi/comp0250_s26_labs/install/cw1_team_30/lib/cw1_team_30/cw1_solution_node" to ""
[37.557s] -- Up-to-date: /home/charvi/comp0250_s26_labs/install/cw1_team_30/share/cw1_team_30/launch
[37.557s] -- Up-to-date: /home/charvi/comp0250_s26_labs/install/cw1_team_30/share/cw1_team_30/launch/run_solution.launch.py
[37.557s] -- Up-to-date: /home/charvi/comp0250_s26_labs/install/cw1_team_30/share/ament_index/resource_index/package_run_dependencies/cw1_team_30
[37.557s] -- Up-to-date: /home/charvi/comp0250_s26_labs/install/cw1_team_30/share/ament_index/resource_index/parent_prefix_path/cw1_team_30
[37.558s] -- Up-to-date: /home/charvi/comp0250_s26_labs/install/cw1_team_30/share/cw1_team_30/environment/ament_prefix_path.sh
[37.558s] -- Up-to-date: /home/charvi/comp0250_s26_labs/install/cw1_team_30/share/cw1_team_30/environment/ament_prefix_path.dsv
[37.558s] -- Up-to-date: /home/charvi/comp0250_s26_labs/install/cw1_team_30/share/cw1_team_30/environment/path.sh
[37.559s] -- Up-to-date: /home/charvi/comp0250_s26_labs/install/cw1_team_30/share/cw1_team_30/environment/path.dsv
[37.559s] -- Up-to-date: /home/charvi/comp0250_s26_labs/install/cw1_team_30/share/cw1_team_30/local_setup.bash
[37.559s] -- Up-to-date: /home/charvi/comp0250_s26_labs/install/cw1_team_30/share/cw1_team_30/local_setup.sh
[37.559s] -- Up-to-date: /home/charvi/comp0250_s26_labs/install/cw1_team_30/share/cw1_team_30/local_setup.zsh
[37.559s] -- Up-to-date: /home/charvi/comp0250_s26_labs/install/cw1_team_30/share/cw1_team_30/local_setup.dsv
[37.559s] -- Installing: /home/charvi/comp0250_s26_labs/install/cw1_team_30/share/cw1_team_30/package.dsv
[37.559s] -- Up-to-date: /home/charvi/comp0250_s26_labs/install/cw1_team_30/share/ament_index/resource_index/packages/cw1_team_30
[37.559s] -- Up-to-date: /home/charvi/comp0250_s26_labs/install/cw1_team_30/share/cw1_team_30/cmake/export_cw1_team_30__rosidl_generator_cExport.cmake
[37.559s] -- Up-to-date: /home/charvi/comp0250_s26_labs/install/cw1_team_30/share/cw1_team_30/cmake/export_cw1_team_30__rosidl_generator_cExport-release.cmake
[37.559s] -- Up-to-date: /home/charvi/comp0250_s26_labs/install/cw1_team_30/share/cw1_team_30/cmake/export_cw1_team_30__rosidl_typesupport_fastrtps_cExport.cmake
[37.560s] -- Up-to-date: /home/charvi/comp0250_s26_labs/install/cw1_team_30/share/cw1_team_30/cmake/export_cw1_team_30__rosidl_typesupport_fastrtps_cExport-release.cmake
[37.560s] -- Up-to-date: /home/charvi/comp0250_s26_labs/install/cw1_team_30/share/cw1_team_30/cmake/cw1_team_30__rosidl_typesupport_introspection_cExport.cmake
[37.560s] -- Up-to-date: /home/charvi/comp0250_s26_labs/install/cw1_team_30/share/cw1_team_30/cmake/cw1_team_30__rosidl_typesupport_introspection_cExport-release.cmake
[37.560s] -- Up-to-date: /home/charvi/comp0250_s26_labs/install/cw1_team_30/share/cw1_team_30/cmake/cw1_team_30__rosidl_typesupport_cExport.cmake
[37.560s] -- Up-to-date: /home/charvi/comp0250_s26_labs/install/cw1_team_30/share/cw1_team_30/cmake/cw1_team_30__rosidl_typesupport_cExport-release.cmake
[37.560s] -- Up-to-date: /home/charvi/comp0250_s26_labs/install/cw1_team_30/share/cw1_team_30/cmake/export_cw1_team_30__rosidl_generator_cppExport.cmake
[37.560s] -- Up-to-date: /home/charvi/comp0250_s26_labs/install/cw1_team_30/share/cw1_team_30/cmake/export_cw1_team_30__rosidl_typesupport_fastrtps_cppExport.cmake
[37.560s] -- Up-to-date: /home/charvi/comp0250_s26_labs/install/cw1_team_30/share/cw1_team_30/cmake/export_cw1_team_30__rosidl_typesupport_fastrtps_cppExport-release.cmake
[37.560s] -- Up-to-date: /home/charvi/comp0250_s26_labs/install/cw1_team_30/share/cw1_team_30/cmake/cw1_team_30__rosidl_typesupport_introspection_cppExport.cmake
[37.560s] -- Up-to-date: /home/charvi/comp0250_s26_labs/install/cw1_team_30/share/cw1_team_30/cmake/cw1_team_30__rosidl_typesupport_introspection_cppExport-release.cmake
[37.561s] -- Up-to-date: /home/charvi/comp0250_s26_labs/install/cw1_team_30/share/cw1_team_30/cmake/cw1_team_30__rosidl_typesupport_cppExport.cmake
[37.561s] -- Up-to-date: /home/charvi/comp0250_s26_labs/install/cw1_team_30/share/cw1_team_30/cmake/cw1_team_30__rosidl_typesupport_cppExport-release.cmake
[37.561s] -- Up-to-date: /home/charvi/comp0250_s26_labs/install/cw1_team_30/share/cw1_team_30/cmake/export_cw1_team_30__rosidl_generator_pyExport.cmake
[37.561s] -- Up-to-date: /home/charvi/comp0250_s26_labs/install/cw1_team_30/share/cw1_team_30/cmake/export_cw1_team_30__rosidl_generator_pyExport-release.cmake
[37.561s] -- Up-to-date: /home/charvi/comp0250_s26_labs/install/cw1_team_30/share/cw1_team_30/cmake/rosidl_cmake-extras.cmake
[37.561s] -- Up-to-date: /home/charvi/comp0250_s26_labs/install/cw1_team_30/share/cw1_team_30/cmake/ament_cmake_export_dependencies-extras.cmake
[37.561s] -- Up-to-date: /home/charvi/comp0250_s26_labs/install/cw1_team_30/share/cw1_team_30/cmake/ament_cmake_export_include_directories-extras.cmake
[37.561s] -- Up-to-date: /home/charvi/comp0250_s26_labs/install/cw1_team_30/share/cw1_team_30/cmake/ament_cmake_export_libraries-extras.cmake
[37.561s] -- Up-to-date: /home/charvi/comp0250_s26_labs/install/cw1_team_30/share/cw1_team_30/cmake/ament_cmake_export_targets-extras.cmake
[37.561s] -- Up-to-date: /home/charvi/comp0250_s26_labs/install/cw1_team_30/share/cw1_team_30/cmake/rosidl_cmake_export_typesupport_targets-extras.cmake
[37.561s] -- Up-to-date: /home/charvi/comp0250_s26_labs/install/cw1_team_30/share/cw1_team_30/cmake/rosidl_cmake_export_typesupport_libraries-extras.cmake
[37.562s] -- Up-to-date: /home/charvi/comp0250_s26_labs/install/cw1_team_30/share/cw1_team_30/cmake/cw1_team_30Config.cmake
[37.562s] -- Up-to-date: /home/charvi/comp0250_s26_labs/install/cw1_team_30/share/cw1_team_30/cmake/cw1_team_30Config-version.cmake
[37.562s] -- Up-to-date: /home/charvi/comp0250_s26_labs/install/cw1_team_30/share/cw1_team_30/package.xml
[37.566s] Invoked command in '/home/charvi/comp0250_s26_labs/build/cw1_team_30' returned '0': CMAKE_PREFIX_PATH=/home/charvi/comp0250_s26_labs/install/cw1_world_spawner:/home/charvi/comp0250_s26_labs/install/rpl_panda_with_rs:/home/charvi/comp0250_s26_labs/install/realsense_gazebo_plugin:/home/charvi/comp0250_s26_labs/install/panda_moveit_config:/home/charvi/comp0250_s26_labs/install/panda_description:/home/charvi/comp0250_s26_labs/install/cw1_team_x:/home/charvi/comp0250_s26_labs/install/cw1_team_30:/opt/ros/humble LD_LIBRARY_PATH=/home/charvi/comp0250_s26_labs/install/cw1_world_spawner/lib:/home/charvi/comp0250_s26_labs/install/realsense_gazebo_plugin/lib:/home/charvi/comp0250_s26_labs/install/cw1_team_x/lib:/home/charvi/comp0250_s26_labs/install/cw1_team_30/lib:/usr/lib/x86_64-linux-gnu/gazebo-11/plugins:/opt/ros/humble/opt/rviz_ogre_vendor/lib:/opt/ros/humble/lib/x86_64-linux-gnu:/opt/ros/humble/lib /usr/bin/cmake --install /home/charvi/comp0250_s26_labs/build/cw1_team_30
