[0.164s] DEBUG:colcon:Command line arguments: ['/usr/bin/colcon', 'build', '--mixin', 'release']
[0.164s] DEBUG:colcon:Parsed command line arguments: Namespace(log_base=None, log_level=None, verb_name='build', build_base='build', install_base='install', merge_install=False, symlink_install=False, test_result_base=None, continue_on_error=False, executor='parallel', parallel_workers=12, event_handlers=None, ignore_user_meta=False, metas=['./colcon.meta'], base_paths=['.'], packages_ignore=None, packages_ignore_regex=None, paths=None, packages_up_to=None, packages_up_to_regex=None, packages_above=None, packages_above_and_dependencies=None, packages_above_depth=None, packages_select_by_dep=None, packages_skip_by_dep=None, packages_skip_up_to=None, packages_select_build_failed=False, packages_skip_build_finished=False, packages_select_test_failures=False, packages_skip_test_passed=False, packages_select=None, packages_skip=None, packages_select_regex=None, packages_skip_regex=None, packages_start=None, packages_end=None, allow_overriding=[], cmake_args=['-DCMAKE_BUILD_TYPE=Release'], cmake_target=None, cmake_target_skip_unavailable=False, cmake_clean_cache=False, cmake_clean_first=False, cmake_force_configure=False, ament_cmake_args=None, catkin_cmake_args=None, catkin_skip_building_tests=False, mixin_files=None, mixin=['release'], verb_parser=<colcon_mixin.mixin.mixin_argument.MixinArgumentDecorator object at 0x72c770521120>, verb_extension=<colcon_core.verb.build.BuildVerb object at 0x72c770520c70>, main=<bound method BuildVerb.main of <colcon_core.verb.build.BuildVerb object at 0x72c770520c70>>, mixin_verb=('build',))
[0.195s] Level 1:colcon.colcon_core.package_discovery:discover_packages(colcon_meta) check parameters
[0.195s] Level 1:colcon.colcon_core.package_discovery:discover_packages(recursive) check parameters
[0.195s] Level 1:colcon.colcon_core.package_discovery:discover_packages(ignore) check parameters
[0.195s] Level 1:colcon.colcon_core.package_discovery:discover_packages(path) check parameters
[0.195s] Level 1:colcon.colcon_core.package_discovery:discover_packages(colcon_meta) discover
[0.195s] Level 1:colcon.colcon_core.package_discovery:discover_packages(recursive) discover
[0.195s] INFO:colcon.colcon_core.package_discovery:Crawling recursively for packages in '/home/charvi/comp0250_s26_labs'
[0.196s] Level 1:colcon.colcon_core.package_identification:_identify(.) by extensions ['ignore', 'ignore_ament_install']
[0.196s] Level 1:colcon.colcon_core.package_identification:_identify(.) by extension 'ignore'
[0.196s] Level 1:colcon.colcon_core.package_identification:_identify(.) by extension 'ignore_ament_install'
[0.196s] Level 1:colcon.colcon_core.package_identification:_identify(.) by extensions ['colcon_pkg']
[0.196s] Level 1:colcon.colcon_core.package_identification:_identify(.) by extension 'colcon_pkg'
[0.196s] Level 1:colcon.colcon_core.package_identification:_identify(.) by extensions ['colcon_meta']
[0.196s] Level 1:colcon.colcon_core.package_identification:_identify(.) by extension 'colcon_meta'
[0.196s] Level 1:colcon.colcon_core.package_identification:_identify(.) by extensions ['ros']
[0.196s] Level 1:colcon.colcon_core.package_identification:_identify(.) by extension 'ros'
[0.208s] Level 1:colcon.colcon_core.package_identification:_identify(.) by extensions ['cmake', 'python']
[0.208s] Level 1:colcon.colcon_core.package_identification:_identify(.) by extension 'cmake'
[0.208s] Level 1:colcon.colcon_core.package_identification:_identify(.) by extension 'python'
[0.208s] Level 1:colcon.colcon_core.package_identification:_identify(.) by extensions ['python_setup_py']
[0.208s] Level 1:colcon.colcon_core.package_identification:_identify(.) by extension 'python_setup_py'
[0.208s] Level 1:colcon.colcon_core.package_identification:_identify(build) by extensions ['ignore', 'ignore_ament_install']
[0.209s] Level 1:colcon.colcon_core.package_identification:_identify(build) by extension 'ignore'
[0.209s] Level 1:colcon.colcon_core.package_identification:_identify(build) ignored
[0.209s] Level 1:colcon.colcon_core.package_identification:_identify(courseworks) by extensions ['ignore', 'ignore_ament_install']
[0.209s] Level 1:colcon.colcon_core.package_identification:_identify(courseworks) by extension 'ignore'
[0.209s] Level 1:colcon.colcon_core.package_identification:_identify(courseworks) by extension 'ignore_ament_install'
[0.209s] Level 1:colcon.colcon_core.package_identification:_identify(courseworks) by extensions ['colcon_pkg']
[0.209s] Level 1:colcon.colcon_core.package_identification:_identify(courseworks) by extension 'colcon_pkg'
[0.209s] Level 1:colcon.colcon_core.package_identification:_identify(courseworks) by extensions ['colcon_meta']
[0.209s] Level 1:colcon.colcon_core.package_identification:_identify(courseworks) by extension 'colcon_meta'
[0.209s] Level 1:colcon.colcon_core.package_identification:_identify(courseworks) by extensions ['ros']
[0.209s] Level 1:colcon.colcon_core.package_identification:_identify(courseworks) by extension 'ros'
[0.209s] Level 1:colcon.colcon_core.package_identification:_identify(courseworks) by extensions ['cmake', 'python']
[0.209s] Level 1:colcon.colcon_core.package_identification:_identify(courseworks) by extension 'cmake'
[0.209s] Level 1:colcon.colcon_core.package_identification:_identify(courseworks) by extension 'python'
[0.209s] Level 1:colcon.colcon_core.package_identification:_identify(courseworks) by extensions ['python_setup_py']
[0.209s] Level 1:colcon.colcon_core.package_identification:_identify(courseworks) by extension 'python_setup_py'
[0.210s] Level 1:colcon.colcon_core.package_identification:_identify(courseworks/cw1_team_30) by extensions ['ignore', 'ignore_ament_install']
[0.210s] Level 1:colcon.colcon_core.package_identification:_identify(courseworks/cw1_team_30) by extension 'ignore'
[0.210s] Level 1:colcon.colcon_core.package_identification:_identify(courseworks/cw1_team_30) by extension 'ignore_ament_install'
[0.210s] Level 1:colcon.colcon_core.package_identification:_identify(courseworks/cw1_team_30) by extensions ['colcon_pkg']
[0.210s] Level 1:colcon.colcon_core.package_identification:_identify(courseworks/cw1_team_30) by extension 'colcon_pkg'
[0.210s] Level 1:colcon.colcon_core.package_identification:_identify(courseworks/cw1_team_30) by extensions ['colcon_meta']
[0.210s] Level 1:colcon.colcon_core.package_identification:_identify(courseworks/cw1_team_30) by extension 'colcon_meta'
[0.210s] Level 1:colcon.colcon_core.package_identification:_identify(courseworks/cw1_team_30) by extensions ['ros']
[0.210s] Level 1:colcon.colcon_core.package_identification:_identify(courseworks/cw1_team_30) by extension 'ros'
[0.213s] DEBUG:colcon.colcon_core.package_identification:Package 'courseworks/cw1_team_30' with type 'ros.ament_cmake' and name 'cw1_team_30'
[0.213s] Level 1:colcon.colcon_core.package_identification:_identify(courseworks/cw1_world_spawner) by extensions ['ignore', 'ignore_ament_install']
[0.213s] Level 1:colcon.colcon_core.package_identification:_identify(courseworks/cw1_world_spawner) by extension 'ignore'
[0.213s] Level 1:colcon.colcon_core.package_identification:_identify(courseworks/cw1_world_spawner) by extension 'ignore_ament_install'
[0.213s] Level 1:colcon.colcon_core.package_identification:_identify(courseworks/cw1_world_spawner) by extensions ['colcon_pkg']
[0.213s] Level 1:colcon.colcon_core.package_identification:_identify(courseworks/cw1_world_spawner) by extension 'colcon_pkg'
[0.213s] Level 1:colcon.colcon_core.package_identification:_identify(courseworks/cw1_world_spawner) by extensions ['colcon_meta']
[0.213s] Level 1:colcon.colcon_core.package_identification:_identify(courseworks/cw1_world_spawner) by extension 'colcon_meta'
[0.213s] Level 1:colcon.colcon_core.package_identification:_identify(courseworks/cw1_world_spawner) by extensions ['ros']
[0.213s] Level 1:colcon.colcon_core.package_identification:_identify(courseworks/cw1_world_spawner) by extension 'ros'
[0.214s] DEBUG:colcon.colcon_core.package_identification:Package 'courseworks/cw1_world_spawner' with type 'ros.ament_cmake' and name 'cw1_world_spawner'
[0.214s] Level 1:colcon.colcon_core.package_identification:_identify(courseworks/panda_description) by extensions ['ignore', 'ignore_ament_install']
[0.214s] Level 1:colcon.colcon_core.package_identification:_identify(courseworks/panda_description) by extension 'ignore'
[0.214s] Level 1:colcon.colcon_core.package_identification:_identify(courseworks/panda_description) by extension 'ignore_ament_install'
[0.214s] Level 1:colcon.colcon_core.package_identification:_identify(courseworks/panda_description) by extensions ['colcon_pkg']
[0.214s] Level 1:colcon.colcon_core.package_identification:_identify(courseworks/panda_description) by extension 'colcon_pkg'
[0.214s] Level 1:colcon.colcon_core.package_identification:_identify(courseworks/panda_description) by extensions ['colcon_meta']
[0.214s] Level 1:colcon.colcon_core.package_identification:_identify(courseworks/panda_description) by extension 'colcon_meta'
[0.214s] Level 1:colcon.colcon_core.package_identification:_identify(courseworks/panda_description) by extensions ['ros']
[0.214s] Level 1:colcon.colcon_core.package_identification:_identify(courseworks/panda_description) by extension 'ros'
[0.215s] DEBUG:colcon.colcon_core.package_identification:Package 'courseworks/panda_description' with type 'ros.ament_cmake' and name 'panda_description'
[0.215s] Level 1:colcon.colcon_core.package_identification:_identify(courseworks/panda_moveit_config) by extensions ['ignore', 'ignore_ament_install']
[0.215s] Level 1:colcon.colcon_core.package_identification:_identify(courseworks/panda_moveit_config) by extension 'ignore'
[0.215s] Level 1:colcon.colcon_core.package_identification:_identify(courseworks/panda_moveit_config) by extension 'ignore_ament_install'
[0.215s] Level 1:colcon.colcon_core.package_identification:_identify(courseworks/panda_moveit_config) by extensions ['colcon_pkg']
[0.215s] Level 1:colcon.colcon_core.package_identification:_identify(courseworks/panda_moveit_config) by extension 'colcon_pkg'
[0.215s] Level 1:colcon.colcon_core.package_identification:_identify(courseworks/panda_moveit_config) by extensions ['colcon_meta']
[0.215s] Level 1:colcon.colcon_core.package_identification:_identify(courseworks/panda_moveit_config) by extension 'colcon_meta'
[0.215s] Level 1:colcon.colcon_core.package_identification:_identify(courseworks/panda_moveit_config) by extensions ['ros']
[0.215s] Level 1:colcon.colcon_core.package_identification:_identify(courseworks/panda_moveit_config) by extension 'ros'
[0.216s] DEBUG:colcon.colcon_core.package_identification:Package 'courseworks/panda_moveit_config' with type 'ros.ament_cmake' and name 'panda_moveit_config'
[0.216s] Level 1:colcon.colcon_core.package_identification:_identify(courseworks/realsense_gazebo_plugin) by extensions ['ignore', 'ignore_ament_install']
[0.216s] Level 1:colcon.colcon_core.package_identification:_identify(courseworks/realsense_gazebo_plugin) by extension 'ignore'
[0.216s] Level 1:colcon.colcon_core.package_identification:_identify(courseworks/realsense_gazebo_plugin) by extension 'ignore_ament_install'
[0.217s] Level 1:colcon.colcon_core.package_identification:_identify(courseworks/realsense_gazebo_plugin) by extensions ['colcon_pkg']
[0.217s] Level 1:colcon.colcon_core.package_identification:_identify(courseworks/realsense_gazebo_plugin) by extension 'colcon_pkg'
[0.217s] Level 1:colcon.colcon_core.package_identification:_identify(courseworks/realsense_gazebo_plugin) by extensions ['colcon_meta']
[0.217s] Level 1:colcon.colcon_core.package_identification:_identify(courseworks/realsense_gazebo_plugin) by extension 'colcon_meta'
[0.217s] Level 1:colcon.colcon_core.package_identification:_identify(courseworks/realsense_gazebo_plugin) by extensions ['ros']
[0.217s] Level 1:colcon.colcon_core.package_identification:_identify(courseworks/realsense_gazebo_plugin) by extension 'ros'
[0.218s] DEBUG:colcon.colcon_core.package_identification:Package 'courseworks/realsense_gazebo_plugin' with type 'ros.ament_cmake' and name 'realsense_gazebo_plugin'
[0.218s] Level 1:colcon.colcon_core.package_identification:_identify(courseworks/rpl_panda_with_rs) by extensions ['ignore', 'ignore_ament_install']
[0.218s] Level 1:colcon.colcon_core.package_identification:_identify(courseworks/rpl_panda_with_rs) by extension 'ignore'
[0.218s] Level 1:colcon.colcon_core.package_identification:_identify(courseworks/rpl_panda_with_rs) by extension 'ignore_ament_install'
[0.218s] Level 1:colcon.colcon_core.package_identification:_identify(courseworks/rpl_panda_with_rs) by extensions ['colcon_pkg']
[0.218s] Level 1:colcon.colcon_core.package_identification:_identify(courseworks/rpl_panda_with_rs) by extension 'colcon_pkg'
[0.218s] Level 1:colcon.colcon_core.package_identification:_identify(courseworks/rpl_panda_with_rs) by extensions ['colcon_meta']
[0.218s] Level 1:colcon.colcon_core.package_identification:_identify(courseworks/rpl_panda_with_rs) by extension 'colcon_meta'
[0.218s] Level 1:colcon.colcon_core.package_identification:_identify(courseworks/rpl_panda_with_rs) by extensions ['ros']
[0.218s] Level 1:colcon.colcon_core.package_identification:_identify(courseworks/rpl_panda_with_rs) by extension 'ros'
[0.219s] DEBUG:colcon.colcon_core.package_identification:Package 'courseworks/rpl_panda_with_rs' with type 'ros.ament_cmake' and name 'rpl_panda_with_rs'
[0.219s] Level 1:colcon.colcon_core.package_identification:_identify(install) by extensions ['ignore', 'ignore_ament_install']
[0.219s] Level 1:colcon.colcon_core.package_identification:_identify(install) by extension 'ignore'
[0.219s] Level 1:colcon.colcon_core.package_identification:_identify(install) ignored
[0.219s] Level 1:colcon.colcon_core.package_identification:_identify(log) by extensions ['ignore', 'ignore_ament_install']
[0.219s] Level 1:colcon.colcon_core.package_identification:_identify(log) by extension 'ignore'
[0.219s] Level 1:colcon.colcon_core.package_identification:_identify(log) ignored
[0.219s] Level 1:colcon.colcon_core.package_identification:_identify(scripts) by extensions ['ignore', 'ignore_ament_install']
[0.219s] Level 1:colcon.colcon_core.package_identification:_identify(scripts) by extension 'ignore'
[0.219s] Level 1:colcon.colcon_core.package_identification:_identify(scripts) by extension 'ignore_ament_install'
[0.219s] Level 1:colcon.colcon_core.package_identification:_identify(scripts) by extensions ['colcon_pkg']
[0.220s] Level 1:colcon.colcon_core.package_identification:_identify(scripts) by extension 'colcon_pkg'
[0.220s] Level 1:colcon.colcon_core.package_identification:_identify(scripts) by extensions ['colcon_meta']
[0.220s] Level 1:colcon.colcon_core.package_identification:_identify(scripts) by extension 'colcon_meta'
[0.220s] Level 1:colcon.colcon_core.package_identification:_identify(scripts) by extensions ['ros']
[0.220s] Level 1:colcon.colcon_core.package_identification:_identify(scripts) by extension 'ros'
[0.220s] Level 1:colcon.colcon_core.package_identification:_identify(scripts) by extensions ['cmake', 'python']
[0.220s] Level 1:colcon.colcon_core.package_identification:_identify(scripts) by extension 'cmake'
[0.220s] Level 1:colcon.colcon_core.package_identification:_identify(scripts) by extension 'python'
[0.220s] Level 1:colcon.colcon_core.package_identification:_identify(scripts) by extensions ['python_setup_py']
[0.220s] Level 1:colcon.colcon_core.package_identification:_identify(scripts) by extension 'python_setup_py'
[0.220s] Level 1:colcon.colcon_core.package_discovery:discover_packages(recursive) using defaults
[0.220s] Level 1:colcon.colcon_core.package_discovery:discover_packages(ignore) discover
[0.220s] Level 1:colcon.colcon_core.package_discovery:discover_packages(ignore) using defaults
[0.220s] Level 1:colcon.colcon_core.package_discovery:discover_packages(path) discover
[0.220s] Level 1:colcon.colcon_core.package_discovery:discover_packages(path) using defaults
[0.237s] Level 1:colcon.colcon_core.package_discovery:discover_packages(prefix_path) check parameters
[0.237s] Level 1:colcon.colcon_core.package_discovery:discover_packages(prefix_path) discover
[0.239s] DEBUG:colcon.colcon_installed_package_information.package_discovery:Found 405 installed packages in /opt/ros/humble
[0.242s] Level 1:colcon.colcon_core.package_discovery:discover_packages(prefix_path) using defaults
[0.284s] Level 5:colcon.colcon_core.verb:set package 'cw1_world_spawner' build argument 'cmake_args' from command line to '['-DCMAKE_BUILD_TYPE=Release']'
[0.284s] Level 5:colcon.colcon_core.verb:set package 'cw1_world_spawner' build argument 'cmake_target' from command line to 'None'
[0.284s] Level 5:colcon.colcon_core.verb:set package 'cw1_world_spawner' build argument 'cmake_target_skip_unavailable' from command line to 'False'
[0.284s] Level 5:colcon.colcon_core.verb:set package 'cw1_world_spawner' build argument 'cmake_clean_cache' from command line to 'False'
[0.284s] Level 5:colcon.colcon_core.verb:set package 'cw1_world_spawner' build argument 'cmake_clean_first' from command line to 'False'
[0.284s] Level 5:colcon.colcon_core.verb:set package 'cw1_world_spawner' build argument 'cmake_force_configure' from command line to 'False'
[0.284s] Level 5:colcon.colcon_core.verb:set package 'cw1_world_spawner' build argument 'ament_cmake_args' from command line to 'None'
[0.284s] Level 5:colcon.colcon_core.verb:set package 'cw1_world_spawner' build argument 'catkin_cmake_args' from command line to 'None'
[0.285s] Level 5:colcon.colcon_core.verb:set package 'cw1_world_spawner' build argument 'catkin_skip_building_tests' from command line to 'False'
[0.285s] DEBUG:colcon.colcon_core.verb:Building package 'cw1_world_spawner' with the following arguments: {'ament_cmake_args': None, 'build_base': '/home/charvi/comp0250_s26_labs/build/cw1_world_spawner', 'catkin_cmake_args': None, 'catkin_skip_building_tests': False, 'cmake_args': ['-DCMAKE_BUILD_TYPE=Release'], 'cmake_clean_cache': False, 'cmake_clean_first': False, 'cmake_force_configure': False, 'cmake_target': None, 'cmake_target_skip_unavailable': False, 'install_base': '/home/charvi/comp0250_s26_labs/install/cw1_world_spawner', 'merge_install': False, 'path': '/home/charvi/comp0250_s26_labs/courseworks/cw1_world_spawner', 'symlink_install': False, 'test_result_base': None}
[0.285s] Level 5:colcon.colcon_core.verb:set package 'panda_description' build argument 'cmake_args' from command line to '['-DCMAKE_BUILD_TYPE=Release']'
[0.285s] Level 5:colcon.colcon_core.verb:set package 'panda_description' build argument 'cmake_target' from command line to 'None'
[0.285s] Level 5:colcon.colcon_core.verb:set package 'panda_description' build argument 'cmake_target_skip_unavailable' from command line to 'False'
[0.285s] Level 5:colcon.colcon_core.verb:set package 'panda_description' build argument 'cmake_clean_cache' from command line to 'False'
[0.285s] Level 5:colcon.colcon_core.verb:set package 'panda_description' build argument 'cmake_clean_first' from command line to 'False'
[0.285s] Level 5:colcon.colcon_core.verb:set package 'panda_description' build argument 'cmake_force_configure' from command line to 'False'
[0.285s] Level 5:colcon.colcon_core.verb:set package 'panda_description' build argument 'ament_cmake_args' from command line to 'None'
[0.285s] Level 5:colcon.colcon_core.verb:set package 'panda_description' build argument 'catkin_cmake_args' from command line to 'None'
[0.285s] Level 5:colcon.colcon_core.verb:set package 'panda_description' build argument 'catkin_skip_building_tests' from command line to 'False'
[0.285s] DEBUG:colcon.colcon_core.verb:Building package 'panda_description' with the following arguments: {'ament_cmake_args': None, 'build_base': '/home/charvi/comp0250_s26_labs/build/panda_description', 'catkin_cmake_args': None, 'catkin_skip_building_tests': False, 'cmake_args': ['-DCMAKE_BUILD_TYPE=Release'], 'cmake_clean_cache': False, 'cmake_clean_first': False, 'cmake_force_configure': False, 'cmake_target': None, 'cmake_target_skip_unavailable': False, 'install_base': '/home/charvi/comp0250_s26_labs/install/panda_description', 'merge_install': False, 'path': '/home/charvi/comp0250_s26_labs/courseworks/panda_description', 'symlink_install': False, 'test_result_base': None}
[0.285s] Level 5:colcon.colcon_core.verb:set package 'panda_moveit_config' build argument 'cmake_args' from command line to '['-DCMAKE_BUILD_TYPE=Release']'
[0.285s] Level 5:colcon.colcon_core.verb:set package 'panda_moveit_config' build argument 'cmake_target' from command line to 'None'
[0.285s] Level 5:colcon.colcon_core.verb:set package 'panda_moveit_config' build argument 'cmake_target_skip_unavailable' from command line to 'False'
[0.285s] Level 5:colcon.colcon_core.verb:set package 'panda_moveit_config' build argument 'cmake_clean_cache' from command line to 'False'
[0.285s] Level 5:colcon.colcon_core.verb:set package 'panda_moveit_config' build argument 'cmake_clean_first' from command line to 'False'
[0.285s] Level 5:colcon.colcon_core.verb:set package 'panda_moveit_config' build argument 'cmake_force_configure' from command line to 'False'
[0.286s] Level 5:colcon.colcon_core.verb:set package 'panda_moveit_config' build argument 'ament_cmake_args' from command line to 'None'
[0.286s] Level 5:colcon.colcon_core.verb:set package 'panda_moveit_config' build argument 'catkin_cmake_args' from command line to 'None'
[0.286s] Level 5:colcon.colcon_core.verb:set package 'panda_moveit_config' build argument 'catkin_skip_building_tests' from command line to 'False'
[0.286s] DEBUG:colcon.colcon_core.verb:Building package 'panda_moveit_config' with the following arguments: {'ament_cmake_args': None, 'build_base': '/home/charvi/comp0250_s26_labs/build/panda_moveit_config', 'catkin_cmake_args': None, 'catkin_skip_building_tests': False, 'cmake_args': ['-DCMAKE_BUILD_TYPE=Release'], 'cmake_clean_cache': False, 'cmake_clean_first': False, 'cmake_force_configure': False, 'cmake_target': None, 'cmake_target_skip_unavailable': False, 'install_base': '/home/charvi/comp0250_s26_labs/install/panda_moveit_config', 'merge_install': False, 'path': '/home/charvi/comp0250_s26_labs/courseworks/panda_moveit_config', 'symlink_install': False, 'test_result_base': None}
[0.286s] Level 5:colcon.colcon_core.verb:set package 'realsense_gazebo_plugin' build argument 'cmake_args' from command line to '['-DCMAKE_BUILD_TYPE=Release']'
[0.286s] Level 5:colcon.colcon_core.verb:set package 'realsense_gazebo_plugin' build argument 'cmake_target' from command line to 'None'
[0.286s] Level 5:colcon.colcon_core.verb:set package 'realsense_gazebo_plugin' build argument 'cmake_target_skip_unavailable' from command line to 'False'
[0.286s] Level 5:colcon.colcon_core.verb:set package 'realsense_gazebo_plugin' build argument 'cmake_clean_cache' from command line to 'False'
[0.286s] Level 5:colcon.colcon_core.verb:set package 'realsense_gazebo_plugin' build argument 'cmake_clean_first' from command line to 'False'
[0.286s] Level 5:colcon.colcon_core.verb:set package 'realsense_gazebo_plugin' build argument 'cmake_force_configure' from command line to 'False'
[0.286s] Level 5:colcon.colcon_core.verb:set package 'realsense_gazebo_plugin' build argument 'ament_cmake_args' from command line to 'None'
[0.286s] Level 5:colcon.colcon_core.verb:set package 'realsense_gazebo_plugin' build argument 'catkin_cmake_args' from command line to 'None'
[0.286s] Level 5:colcon.colcon_core.verb:set package 'realsense_gazebo_plugin' build argument 'catkin_skip_building_tests' from command line to 'False'
[0.286s] DEBUG:colcon.colcon_core.verb:Building package 'realsense_gazebo_plugin' with the following arguments: {'ament_cmake_args': None, 'build_base': '/home/charvi/comp0250_s26_labs/build/realsense_gazebo_plugin', 'catkin_cmake_args': None, 'catkin_skip_building_tests': False, 'cmake_args': ['-DCMAKE_BUILD_TYPE=Release'], 'cmake_clean_cache': False, 'cmake_clean_first': False, 'cmake_force_configure': False, 'cmake_target': None, 'cmake_target_skip_unavailable': False, 'install_base': '/home/charvi/comp0250_s26_labs/install/realsense_gazebo_plugin', 'merge_install': False, 'path': '/home/charvi/comp0250_s26_labs/courseworks/realsense_gazebo_plugin', 'symlink_install': False, 'test_result_base': None}
[0.286s] Level 5:colcon.colcon_core.verb:set package 'cw1_team_30' build argument 'cmake_args' from command line to '['-DCMAKE_BUILD_TYPE=Release']'
[0.286s] Level 5:colcon.colcon_core.verb:set package 'cw1_team_30' build argument 'cmake_target' from command line to 'None'
[0.286s] Level 5:colcon.colcon_core.verb:set package 'cw1_team_30' build argument 'cmake_target_skip_unavailable' from command line to 'False'
[0.286s] Level 5:colcon.colcon_core.verb:set package 'cw1_team_30' build argument 'cmake_clean_cache' from command line to 'False'
[0.286s] Level 5:colcon.colcon_core.verb:set package 'cw1_team_30' build argument 'cmake_clean_first' from command line to 'False'
[0.286s] Level 5:colcon.colcon_core.verb:set package 'cw1_team_30' build argument 'cmake_force_configure' from command line to 'False'
[0.286s] Level 5:colcon.colcon_core.verb:set package 'cw1_team_30' build argument 'ament_cmake_args' from command line to 'None'
[0.287s] Level 5:colcon.colcon_core.verb:set package 'cw1_team_30' build argument 'catkin_cmake_args' from command line to 'None'
[0.287s] Level 5:colcon.colcon_core.verb:set package 'cw1_team_30' build argument 'catkin_skip_building_tests' from command line to 'False'
[0.287s] DEBUG:colcon.colcon_core.verb:Building package 'cw1_team_30' with the following arguments: {'ament_cmake_args': None, 'build_base': '/home/charvi/comp0250_s26_labs/build/cw1_team_30', 'catkin_cmake_args': None, 'catkin_skip_building_tests': False, 'cmake_args': ['-DCMAKE_BUILD_TYPE=Release'], 'cmake_clean_cache': False, 'cmake_clean_first': False, 'cmake_force_configure': False, 'cmake_target': None, 'cmake_target_skip_unavailable': False, 'install_base': '/home/charvi/comp0250_s26_labs/install/cw1_team_30', 'merge_install': False, 'path': '/home/charvi/comp0250_s26_labs/courseworks/cw1_team_30', 'symlink_install': False, 'test_result_base': None}
[0.287s] Level 5:colcon.colcon_core.verb:set package 'rpl_panda_with_rs' build argument 'cmake_args' from command line to '['-DCMAKE_BUILD_TYPE=Release']'
[0.287s] Level 5:colcon.colcon_core.verb:set package 'rpl_panda_with_rs' build argument 'cmake_target' from command line to 'None'
[0.287s] Level 5:colcon.colcon_core.verb:set package 'rpl_panda_with_rs' build argument 'cmake_target_skip_unavailable' from command line to 'False'
[0.287s] Level 5:colcon.colcon_core.verb:set package 'rpl_panda_with_rs' build argument 'cmake_clean_cache' from command line to 'False'
[0.287s] Level 5:colcon.colcon_core.verb:set package 'rpl_panda_with_rs' build argument 'cmake_clean_first' from command line to 'False'
[0.287s] Level 5:colcon.colcon_core.verb:set package 'rpl_panda_with_rs' build argument 'cmake_force_configure' from command line to 'False'
[0.287s] Level 5:colcon.colcon_core.verb:set package 'rpl_panda_with_rs' build argument 'ament_cmake_args' from command line to 'None'
[0.287s] Level 5:colcon.colcon_core.verb:set package 'rpl_panda_with_rs' build argument 'catkin_cmake_args' from command line to 'None'
[0.287s] Level 5:colcon.colcon_core.verb:set package 'rpl_panda_with_rs' build argument 'catkin_skip_building_tests' from command line to 'False'
[0.287s] DEBUG:colcon.colcon_core.verb:Building package 'rpl_panda_with_rs' with the following arguments: {'ament_cmake_args': None, 'build_base': '/home/charvi/comp0250_s26_labs/build/rpl_panda_with_rs', 'catkin_cmake_args': None, 'catkin_skip_building_tests': False, 'cmake_args': ['-DCMAKE_BUILD_TYPE=Release'], 'cmake_clean_cache': False, 'cmake_clean_first': False, 'cmake_force_configure': False, 'cmake_target': None, 'cmake_target_skip_unavailable': False, 'install_base': '/home/charvi/comp0250_s26_labs/install/rpl_panda_with_rs', 'merge_install': False, 'path': '/home/charvi/comp0250_s26_labs/courseworks/rpl_panda_with_rs', 'symlink_install': False, 'test_result_base': None}
[0.287s] INFO:colcon.colcon_core.executor:Executing jobs using 'parallel' executor
[0.288s] DEBUG:colcon.colcon_parallel_executor.executor.parallel:run_until_complete
[0.288s] INFO:colcon.colcon_ros.task.ament_cmake.build:Building ROS package in '/home/charvi/comp0250_s26_labs/courseworks/cw1_world_spawner' with build type 'ament_cmake'
[0.288s] INFO:colcon.colcon_cmake.task.cmake.build:Building CMake package in '/home/charvi/comp0250_s26_labs/courseworks/cw1_world_spawner'
[0.290s] INFO:colcon.colcon_core.plugin_system:Skipping extension 'colcon_core.shell.bat': Not used on non-Windows systems
[0.290s] INFO:colcon.colcon_core.shell:Skip shell extension 'powershell' for command environment: Not usable outside of PowerShell
[0.290s] DEBUG:colcon.colcon_core.shell:Skip shell extension 'dsv' for command environment
[0.293s] INFO:colcon.colcon_ros.task.ament_cmake.build:Building ROS package in '/home/charvi/comp0250_s26_labs/courseworks/panda_moveit_config' with build type 'ament_cmake'
[0.293s] INFO:colcon.colcon_cmake.task.cmake.build:Building CMake package in '/home/charvi/comp0250_s26_labs/courseworks/panda_moveit_config'
[0.294s] INFO:colcon.colcon_core.shell:Skip shell extension 'powershell' for command environment: Not usable outside of PowerShell
[0.294s] DEBUG:colcon.colcon_core.shell:Skip shell extension 'dsv' for command environment
[0.296s] INFO:colcon.colcon_ros.task.ament_cmake.build:Building ROS package in '/home/charvi/comp0250_s26_labs/courseworks/realsense_gazebo_plugin' with build type 'ament_cmake'
[0.297s] INFO:colcon.colcon_cmake.task.cmake.build:Building CMake package in '/home/charvi/comp0250_s26_labs/courseworks/realsense_gazebo_plugin'
[0.297s] INFO:colcon.colcon_core.shell:Skip shell extension 'powershell' for command environment: Not usable outside of PowerShell
[0.297s] DEBUG:colcon.colcon_core.shell:Skip shell extension 'dsv' for command environment
[0.299s] INFO:colcon.colcon_ros.task.ament_cmake.build:Building ROS package in '/home/charvi/comp0250_s26_labs/courseworks/panda_description' with build type 'ament_cmake'
[0.300s] INFO:colcon.colcon_cmake.task.cmake.build:Building CMake package in '/home/charvi/comp0250_s26_labs/courseworks/panda_description'
[0.300s] INFO:colcon.colcon_core.shell:Skip shell extension 'powershell' for command environment: Not usable outside of PowerShell
[0.300s] DEBUG:colcon.colcon_core.shell:Skip shell extension 'dsv' for command environment
[0.315s] DEBUG:colcon.colcon_core.event_handler.log_command:Invoking command in '/home/charvi/comp0250_s26_labs/build/cw1_world_spawner': CMAKE_PREFIX_PATH=/opt/ros/humble /usr/bin/cmake --build /home/charvi/comp0250_s26_labs/build/cw1_world_spawner -- -j12 -l12
[0.318s] DEBUG:colcon.colcon_core.event_handler.log_command:Invoking command in '/home/charvi/comp0250_s26_labs/build/panda_moveit_config': CMAKE_PREFIX_PATH=/opt/ros/humble /usr/bin/cmake --build /home/charvi/comp0250_s26_labs/build/panda_moveit_config -- -j12 -l12
[0.321s] DEBUG:colcon.colcon_core.event_handler.log_command:Invoking command in '/home/charvi/comp0250_s26_labs/build/realsense_gazebo_plugin': CMAKE_PREFIX_PATH=/opt/ros/humble /usr/bin/cmake --build /home/charvi/comp0250_s26_labs/build/realsense_gazebo_plugin -- -j12 -l12
[0.326s] DEBUG:colcon.colcon_core.event_handler.log_command:Invoking command in '/home/charvi/comp0250_s26_labs/build/panda_description': CMAKE_PREFIX_PATH=/opt/ros/humble /usr/bin/cmake --build /home/charvi/comp0250_s26_labs/build/panda_description -- -j12 -l12
[0.352s] DEBUG:colcon.colcon_core.event_handler.log_command:Invoked command in '/home/charvi/comp0250_s26_labs/build/panda_moveit_config' returned '0': CMAKE_PREFIX_PATH=/opt/ros/humble /usr/bin/cmake --build /home/charvi/comp0250_s26_labs/build/panda_moveit_config -- -j12 -l12
[0.362s] DEBUG:colcon.colcon_core.event_handler.log_command:Invoking command in '/home/charvi/comp0250_s26_labs/build/panda_moveit_config': CMAKE_PREFIX_PATH=/opt/ros/humble /usr/bin/cmake --install /home/charvi/comp0250_s26_labs/build/panda_moveit_config
[0.364s] DEBUG:colcon.colcon_core.event_handler.log_command:Invoked command in '/home/charvi/comp0250_s26_labs/build/panda_description' returned '0': CMAKE_PREFIX_PATH=/opt/ros/humble /usr/bin/cmake --build /home/charvi/comp0250_s26_labs/build/panda_description -- -j12 -l12
[0.366s] DEBUG:colcon.colcon_core.event_handler.log_command:Invoking command in '/home/charvi/comp0250_s26_labs/build/panda_description': CMAKE_PREFIX_PATH=/opt/ros/humble /usr/bin/cmake --install /home/charvi/comp0250_s26_labs/build/panda_description
[0.377s] Level 1:colcon.colcon_core.environment:create_environment_scripts_only(panda_moveit_config)
[0.390s] Level 1:colcon.colcon_core.environment:checking '/home/charvi/comp0250_s26_labs/install/panda_moveit_config' for CMake module files
[0.391s] Level 1:colcon.colcon_core.environment:checking '/home/charvi/comp0250_s26_labs/install/panda_moveit_config' for CMake config files
[0.391s] Level 1:colcon.colcon_core.shell:create_environment_hook('panda_moveit_config', 'cmake_prefix_path')
[0.392s] INFO:colcon.colcon_core.shell:Creating environment hook '/home/charvi/comp0250_s26_labs/install/panda_moveit_config/share/panda_moveit_config/hook/cmake_prefix_path.ps1'
[0.393s] INFO:colcon.colcon_core.shell:Creating environment descriptor '/home/charvi/comp0250_s26_labs/install/panda_moveit_config/share/panda_moveit_config/hook/cmake_prefix_path.dsv'
[0.395s] DEBUG:colcon.colcon_core.event_handler.log_command:Invoked command in '/home/charvi/comp0250_s26_labs/build/panda_moveit_config' returned '0': CMAKE_PREFIX_PATH=/opt/ros/humble /usr/bin/cmake --install /home/charvi/comp0250_s26_labs/build/panda_moveit_config
[0.395s] INFO:colcon.colcon_core.shell:Creating environment hook '/home/charvi/comp0250_s26_labs/install/panda_moveit_config/share/panda_moveit_config/hook/cmake_prefix_path.sh'
[0.397s] Level 1:colcon.colcon_core.environment:checking '/home/charvi/comp0250_s26_labs/install/panda_moveit_config/bin'
[0.397s] Level 1:colcon.colcon_core.environment:checking '/home/charvi/comp0250_s26_labs/install/panda_moveit_config/lib/pkgconfig/panda_moveit_config.pc'
[0.397s] Level 1:colcon.colcon_core.environment:checking '/home/charvi/comp0250_s26_labs/install/panda_moveit_config/lib/python3.10/site-packages'
[0.398s] Level 1:colcon.colcon_core.environment:checking '/home/charvi/comp0250_s26_labs/install/panda_moveit_config/bin'
[0.398s] INFO:colcon.colcon_core.shell:Creating package script '/home/charvi/comp0250_s26_labs/install/panda_moveit_config/share/panda_moveit_config/package.ps1'
[0.400s] INFO:colcon.colcon_core.shell:Creating package descriptor '/home/charvi/comp0250_s26_labs/install/panda_moveit_config/share/panda_moveit_config/package.dsv'
[0.401s] INFO:colcon.colcon_core.shell:Creating package script '/home/charvi/comp0250_s26_labs/install/panda_moveit_config/share/panda_moveit_config/package.sh'
[0.402s] INFO:colcon.colcon_core.shell:Creating package script '/home/charvi/comp0250_s26_labs/install/panda_moveit_config/share/panda_moveit_config/package.bash'
[0.403s] INFO:colcon.colcon_core.shell:Creating package script '/home/charvi/comp0250_s26_labs/install/panda_moveit_config/share/panda_moveit_config/package.zsh'
[0.405s] Level 1:colcon.colcon_core.environment:create_file_with_runtime_dependencies(/home/charvi/comp0250_s26_labs/install/panda_moveit_config/share/colcon-core/packages/panda_moveit_config)
[0.405s] Level 1:colcon.colcon_core.environment:create_environment_scripts_only(panda_moveit_config)
[0.406s] Level 1:colcon.colcon_core.environment:checking '/home/charvi/comp0250_s26_labs/install/panda_moveit_config' for CMake module files
[0.406s] Level 1:colcon.colcon_core.environment:checking '/home/charvi/comp0250_s26_labs/install/panda_moveit_config' for CMake config files
[0.407s] Level 1:colcon.colcon_core.shell:create_environment_hook('panda_moveit_config', 'cmake_prefix_path')
[0.407s] INFO:colcon.colcon_core.shell:Creating environment hook '/home/charvi/comp0250_s26_labs/install/panda_moveit_config/share/panda_moveit_config/hook/cmake_prefix_path.ps1'
[0.407s] INFO:colcon.colcon_core.shell:Creating environment descriptor '/home/charvi/comp0250_s26_labs/install/panda_moveit_config/share/panda_moveit_config/hook/cmake_prefix_path.dsv'
[0.408s] INFO:colcon.colcon_core.shell:Creating environment hook '/home/charvi/comp0250_s26_labs/install/panda_moveit_config/share/panda_moveit_config/hook/cmake_prefix_path.sh'
[0.409s] Level 1:colcon.colcon_core.environment:checking '/home/charvi/comp0250_s26_labs/install/panda_moveit_config/bin'
[0.409s] Level 1:colcon.colcon_core.environment:checking '/home/charvi/comp0250_s26_labs/install/panda_moveit_config/lib/pkgconfig/panda_moveit_config.pc'
[0.409s] Level 1:colcon.colcon_core.environment:checking '/home/charvi/comp0250_s26_labs/install/panda_moveit_config/lib/python3.10/site-packages'
[0.410s] Level 1:colcon.colcon_core.environment:checking '/home/charvi/comp0250_s26_labs/install/panda_moveit_config/bin'
[0.410s] INFO:colcon.colcon_core.shell:Creating package script '/home/charvi/comp0250_s26_labs/install/panda_moveit_config/share/panda_moveit_config/package.ps1'
[0.411s] INFO:colcon.colcon_core.shell:Creating package descriptor '/home/charvi/comp0250_s26_labs/install/panda_moveit_config/share/panda_moveit_config/package.dsv'
[0.411s] INFO:colcon.colcon_core.shell:Creating package script '/home/charvi/comp0250_s26_labs/install/panda_moveit_config/share/panda_moveit_config/package.sh'
[0.412s] INFO:colcon.colcon_core.shell:Creating package script '/home/charvi/comp0250_s26_labs/install/panda_moveit_config/share/panda_moveit_config/package.bash'
[0.413s] INFO:colcon.colcon_core.shell:Creating package script '/home/charvi/comp0250_s26_labs/install/panda_moveit_config/share/panda_moveit_config/package.zsh'
[0.413s] Level 1:colcon.colcon_core.environment:create_file_with_runtime_dependencies(/home/charvi/comp0250_s26_labs/install/panda_moveit_config/share/colcon-core/packages/panda_moveit_config)
[0.414s] Level 1:colcon.colcon_core.environment:create_environment_scripts_only(panda_description)
[0.415s] Level 1:colcon.colcon_core.environment:checking '/home/charvi/comp0250_s26_labs/install/panda_description' for CMake module files
[0.416s] DEBUG:colcon.colcon_core.event_handler.log_command:Invoked command in '/home/charvi/comp0250_s26_labs/build/panda_description' returned '0': CMAKE_PREFIX_PATH=/opt/ros/humble /usr/bin/cmake --install /home/charvi/comp0250_s26_labs/build/panda_description
[0.417s] Level 1:colcon.colcon_core.environment:checking '/home/charvi/comp0250_s26_labs/install/panda_description' for CMake config files
[0.417s] Level 1:colcon.colcon_core.shell:create_environment_hook('panda_description', 'cmake_prefix_path')
[0.418s] INFO:colcon.colcon_core.shell:Creating environment hook '/home/charvi/comp0250_s26_labs/install/panda_description/share/panda_description/hook/cmake_prefix_path.ps1'
[0.418s] INFO:colcon.colcon_core.shell:Creating environment descriptor '/home/charvi/comp0250_s26_labs/install/panda_description/share/panda_description/hook/cmake_prefix_path.dsv'
[0.419s] INFO:colcon.colcon_core.shell:Creating environment hook '/home/charvi/comp0250_s26_labs/install/panda_description/share/panda_description/hook/cmake_prefix_path.sh'
[0.419s] Level 1:colcon.colcon_core.environment:checking '/home/charvi/comp0250_s26_labs/install/panda_description/bin'
[0.419s] Level 1:colcon.colcon_core.environment:checking '/home/charvi/comp0250_s26_labs/install/panda_description/lib/pkgconfig/panda_description.pc'
[0.420s] Level 1:colcon.colcon_core.environment:checking '/home/charvi/comp0250_s26_labs/install/panda_description/lib/python3.10/site-packages'
[0.420s] Level 1:colcon.colcon_core.environment:checking '/home/charvi/comp0250_s26_labs/install/panda_description/bin'
[0.421s] INFO:colcon.colcon_core.shell:Creating package script '/home/charvi/comp0250_s26_labs/install/panda_description/share/panda_description/package.ps1'
[0.421s] INFO:colcon.colcon_core.shell:Creating package descriptor '/home/charvi/comp0250_s26_labs/install/panda_description/share/panda_description/package.dsv'
[0.422s] INFO:colcon.colcon_core.shell:Creating package script '/home/charvi/comp0250_s26_labs/install/panda_description/share/panda_description/package.sh'
[0.422s] INFO:colcon.colcon_core.shell:Creating package script '/home/charvi/comp0250_s26_labs/install/panda_description/share/panda_description/package.bash'
[0.423s] INFO:colcon.colcon_core.shell:Creating package script '/home/charvi/comp0250_s26_labs/install/panda_description/share/panda_description/package.zsh'
[0.423s] Level 1:colcon.colcon_core.environment:create_file_with_runtime_dependencies(/home/charvi/comp0250_s26_labs/install/panda_description/share/colcon-core/packages/panda_description)
[0.424s] Level 1:colcon.colcon_core.environment:create_environment_scripts_only(panda_description)
[0.424s] Level 1:colcon.colcon_core.environment:checking '/home/charvi/comp0250_s26_labs/install/panda_description' for CMake module files
[0.425s] Level 1:colcon.colcon_core.environment:checking '/home/charvi/comp0250_s26_labs/install/panda_description' for CMake config files
[0.426s] Level 1:colcon.colcon_core.shell:create_environment_hook('panda_description', 'cmake_prefix_path')
[0.426s] INFO:colcon.colcon_core.shell:Creating environment hook '/home/charvi/comp0250_s26_labs/install/panda_description/share/panda_description/hook/cmake_prefix_path.ps1'
[0.427s] INFO:colcon.colcon_core.shell:Creating environment descriptor '/home/charvi/comp0250_s26_labs/install/panda_description/share/panda_description/hook/cmake_prefix_path.dsv'
[0.427s] INFO:colcon.colcon_core.shell:Creating environment hook '/home/charvi/comp0250_s26_labs/install/panda_description/share/panda_description/hook/cmake_prefix_path.sh'
[0.428s] Level 1:colcon.colcon_core.environment:checking '/home/charvi/comp0250_s26_labs/install/panda_description/bin'
[0.428s] Level 1:colcon.colcon_core.environment:checking '/home/charvi/comp0250_s26_labs/install/panda_description/lib/pkgconfig/panda_description.pc'
[0.428s] Level 1:colcon.colcon_core.environment:checking '/home/charvi/comp0250_s26_labs/install/panda_description/lib/python3.10/site-packages'
[0.429s] Level 1:colcon.colcon_core.environment:checking '/home/charvi/comp0250_s26_labs/install/panda_description/bin'
[0.429s] INFO:colcon.colcon_core.shell:Creating package script '/home/charvi/comp0250_s26_labs/install/panda_description/share/panda_description/package.ps1'
[0.430s] INFO:colcon.colcon_core.shell:Creating package descriptor '/home/charvi/comp0250_s26_labs/install/panda_description/share/panda_description/package.dsv'
[0.431s] INFO:colcon.colcon_core.shell:Creating package script '/home/charvi/comp0250_s26_labs/install/panda_description/share/panda_description/package.sh'
[0.431s] INFO:colcon.colcon_core.shell:Creating package script '/home/charvi/comp0250_s26_labs/install/panda_description/share/panda_description/package.bash'
[0.432s] INFO:colcon.colcon_core.shell:Creating package script '/home/charvi/comp0250_s26_labs/install/panda_description/share/panda_description/package.zsh'
[0.432s] Level 1:colcon.colcon_core.environment:create_file_with_runtime_dependencies(/home/charvi/comp0250_s26_labs/install/panda_description/share/colcon-core/packages/panda_description)
[0.436s] DEBUG:colcon.colcon_core.event_handler.log_command:Invoked command in '/home/charvi/comp0250_s26_labs/build/realsense_gazebo_plugin' returned '0': CMAKE_PREFIX_PATH=/opt/ros/humble /usr/bin/cmake --build /home/charvi/comp0250_s26_labs/build/realsense_gazebo_plugin -- -j12 -l12
[0.438s] DEBUG:colcon.colcon_core.event_handler.log_command:Invoking command in '/home/charvi/comp0250_s26_labs/build/realsense_gazebo_plugin': CMAKE_PREFIX_PATH=/opt/ros/humble /usr/bin/cmake --install /home/charvi/comp0250_s26_labs/build/realsense_gazebo_plugin
[0.449s] Level 1:colcon.colcon_core.environment:create_environment_scripts_only(realsense_gazebo_plugin)
[0.450s] Level 1:colcon.colcon_core.environment:checking '/home/charvi/comp0250_s26_labs/install/realsense_gazebo_plugin' for CMake module files
[0.450s] DEBUG:colcon.colcon_core.event_handler.log_command:Invoked command in '/home/charvi/comp0250_s26_labs/build/realsense_gazebo_plugin' returned '0': CMAKE_PREFIX_PATH=/opt/ros/humble /usr/bin/cmake --install /home/charvi/comp0250_s26_labs/build/realsense_gazebo_plugin
[0.451s] Level 1:colcon.colcon_core.environment:checking '/home/charvi/comp0250_s26_labs/install/realsense_gazebo_plugin' for CMake config files
[0.451s] Level 1:colcon.colcon_core.shell:create_environment_hook('realsense_gazebo_plugin', 'cmake_prefix_path')
[0.451s] INFO:colcon.colcon_core.shell:Creating environment hook '/home/charvi/comp0250_s26_labs/install/realsense_gazebo_plugin/share/realsense_gazebo_plugin/hook/cmake_prefix_path.ps1'
[0.452s] INFO:colcon.colcon_core.shell:Creating environment descriptor '/home/charvi/comp0250_s26_labs/install/realsense_gazebo_plugin/share/realsense_gazebo_plugin/hook/cmake_prefix_path.dsv'
[0.452s] INFO:colcon.colcon_core.shell:Creating environment hook '/home/charvi/comp0250_s26_labs/install/realsense_gazebo_plugin/share/realsense_gazebo_plugin/hook/cmake_prefix_path.sh'
[0.453s] Level 1:colcon.colcon_core.environment:checking '/home/charvi/comp0250_s26_labs/install/realsense_gazebo_plugin/lib'
[0.453s] Level 1:colcon.colcon_core.shell:create_environment_hook('realsense_gazebo_plugin', 'ld_library_path_lib')
[0.454s] INFO:colcon.colcon_core.shell:Creating environment hook '/home/charvi/comp0250_s26_labs/install/realsense_gazebo_plugin/share/realsense_gazebo_plugin/hook/ld_library_path_lib.ps1'
[0.454s] INFO:colcon.colcon_core.shell:Creating environment descriptor '/home/charvi/comp0250_s26_labs/install/realsense_gazebo_plugin/share/realsense_gazebo_plugin/hook/ld_library_path_lib.dsv'
[0.454s] INFO:colcon.colcon_core.shell:Creating environment hook '/home/charvi/comp0250_s26_labs/install/realsense_gazebo_plugin/share/realsense_gazebo_plugin/hook/ld_library_path_lib.sh'
[0.455s] Level 1:colcon.colcon_core.environment:checking '/home/charvi/comp0250_s26_labs/install/realsense_gazebo_plugin/bin'
[0.455s] Level 1:colcon.colcon_core.environment:checking '/home/charvi/comp0250_s26_labs/install/realsense_gazebo_plugin/lib/pkgconfig/realsense_gazebo_plugin.pc'
[0.455s] Level 1:colcon.colcon_core.environment:checking '/home/charvi/comp0250_s26_labs/install/realsense_gazebo_plugin/lib/python3.10/site-packages'
[0.455s] Level 1:colcon.colcon_core.environment:checking '/home/charvi/comp0250_s26_labs/install/realsense_gazebo_plugin/bin'
[0.456s] INFO:colcon.colcon_core.shell:Creating package script '/home/charvi/comp0250_s26_labs/install/realsense_gazebo_plugin/share/realsense_gazebo_plugin/package.ps1'
[0.456s] INFO:colcon.colcon_core.shell:Creating package descriptor '/home/charvi/comp0250_s26_labs/install/realsense_gazebo_plugin/share/realsense_gazebo_plugin/package.dsv'
[0.456s] INFO:colcon.colcon_core.shell:Creating package script '/home/charvi/comp0250_s26_labs/install/realsense_gazebo_plugin/share/realsense_gazebo_plugin/package.sh'
[0.457s] INFO:colcon.colcon_core.shell:Creating package script '/home/charvi/comp0250_s26_labs/install/realsense_gazebo_plugin/share/realsense_gazebo_plugin/package.bash'
[0.457s] INFO:colcon.colcon_core.shell:Creating package script '/home/charvi/comp0250_s26_labs/install/realsense_gazebo_plugin/share/realsense_gazebo_plugin/package.zsh'
[0.458s] Level 1:colcon.colcon_core.environment:create_file_with_runtime_dependencies(/home/charvi/comp0250_s26_labs/install/realsense_gazebo_plugin/share/colcon-core/packages/realsense_gazebo_plugin)
[0.459s] Level 1:colcon.colcon_core.environment:create_environment_scripts_only(realsense_gazebo_plugin)
[0.459s] Level 1:colcon.colcon_core.environment:checking '/home/charvi/comp0250_s26_labs/install/realsense_gazebo_plugin' for CMake module files
[0.460s] Level 1:colcon.colcon_core.environment:checking '/home/charvi/comp0250_s26_labs/install/realsense_gazebo_plugin' for CMake config files
[0.460s] Level 1:colcon.colcon_core.shell:create_environment_hook('realsense_gazebo_plugin', 'cmake_prefix_path')
[0.460s] INFO:colcon.colcon_core.shell:Creating environment hook '/home/charvi/comp0250_s26_labs/install/realsense_gazebo_plugin/share/realsense_gazebo_plugin/hook/cmake_prefix_path.ps1'
[0.461s] INFO:colcon.colcon_core.shell:Creating environment descriptor '/home/charvi/comp0250_s26_labs/install/realsense_gazebo_plugin/share/realsense_gazebo_plugin/hook/cmake_prefix_path.dsv'
[0.461s] INFO:colcon.colcon_core.shell:Creating environment hook '/home/charvi/comp0250_s26_labs/install/realsense_gazebo_plugin/share/realsense_gazebo_plugin/hook/cmake_prefix_path.sh'
[0.462s] Level 1:colcon.colcon_core.environment:checking '/home/charvi/comp0250_s26_labs/install/realsense_gazebo_plugin/lib'
[0.462s] Level 1:colcon.colcon_core.shell:create_environment_hook('realsense_gazebo_plugin', 'ld_library_path_lib')
[0.462s] INFO:colcon.colcon_core.shell:Creating environment hook '/home/charvi/comp0250_s26_labs/install/realsense_gazebo_plugin/share/realsense_gazebo_plugin/hook/ld_library_path_lib.ps1'
[0.462s] INFO:colcon.colcon_core.shell:Creating environment descriptor '/home/charvi/comp0250_s26_labs/install/realsense_gazebo_plugin/share/realsense_gazebo_plugin/hook/ld_library_path_lib.dsv'
[0.463s] INFO:colcon.colcon_core.shell:Creating environment hook '/home/charvi/comp0250_s26_labs/install/realsense_gazebo_plugin/share/realsense_gazebo_plugin/hook/ld_library_path_lib.sh'
[0.463s] Level 1:colcon.colcon_core.environment:checking '/home/charvi/comp0250_s26_labs/install/realsense_gazebo_plugin/bin'
[0.463s] Level 1:colcon.colcon_core.environment:checking '/home/charvi/comp0250_s26_labs/install/realsense_gazebo_plugin/lib/pkgconfig/realsense_gazebo_plugin.pc'
[0.463s] Level 1:colcon.colcon_core.environment:checking '/home/charvi/comp0250_s26_labs/install/realsense_gazebo_plugin/lib/python3.10/site-packages'
[0.464s] Level 1:colcon.colcon_core.environment:checking '/home/charvi/comp0250_s26_labs/install/realsense_gazebo_plugin/bin'
[0.464s] INFO:colcon.colcon_core.shell:Creating package script '/home/charvi/comp0250_s26_labs/install/realsense_gazebo_plugin/share/realsense_gazebo_plugin/package.ps1'
[0.464s] INFO:colcon.colcon_core.shell:Creating package descriptor '/home/charvi/comp0250_s26_labs/install/realsense_gazebo_plugin/share/realsense_gazebo_plugin/package.dsv'
[0.465s] INFO:colcon.colcon_core.shell:Creating package script '/home/charvi/comp0250_s26_labs/install/realsense_gazebo_plugin/share/realsense_gazebo_plugin/package.sh'
[0.465s] INFO:colcon.colcon_core.shell:Creating package script '/home/charvi/comp0250_s26_labs/install/realsense_gazebo_plugin/share/realsense_gazebo_plugin/package.bash'
[0.466s] INFO:colcon.colcon_core.shell:Creating package script '/home/charvi/comp0250_s26_labs/install/realsense_gazebo_plugin/share/realsense_gazebo_plugin/package.zsh'
[0.466s] Level 1:colcon.colcon_core.environment:create_file_with_runtime_dependencies(/home/charvi/comp0250_s26_labs/install/realsense_gazebo_plugin/share/colcon-core/packages/realsense_gazebo_plugin)
[0.466s] INFO:colcon.colcon_ros.task.ament_cmake.build:Building ROS package in '/home/charvi/comp0250_s26_labs/courseworks/rpl_panda_with_rs' with build type 'ament_cmake'
[0.467s] INFO:colcon.colcon_cmake.task.cmake.build:Building CMake package in '/home/charvi/comp0250_s26_labs/courseworks/rpl_panda_with_rs'
[0.467s] INFO:colcon.colcon_core.shell:Skip shell extension 'powershell' for command environment: Not usable outside of PowerShell
[0.467s] DEBUG:colcon.colcon_core.shell:Skip shell extension 'dsv' for command environment
[0.478s] DEBUG:colcon.colcon_core.event_handler.log_command:Invoking command in '/home/charvi/comp0250_s26_labs/build/rpl_panda_with_rs': AMENT_PREFIX_PATH=/home/charvi/comp0250_s26_labs/install/realsense_gazebo_plugin:/home/charvi/comp0250_s26_labs/install/panda_moveit_config:${AMENT_PREFIX_PATH} CMAKE_PREFIX_PATH=/home/charvi/comp0250_s26_labs/install/realsense_gazebo_plugin:/home/charvi/comp0250_s26_labs/install/panda_moveit_config:/opt/ros/humble LD_LIBRARY_PATH=/home/charvi/comp0250_s26_labs/install/realsense_gazebo_plugin/lib:${LD_LIBRARY_PATH} /usr/bin/cmake --build /home/charvi/comp0250_s26_labs/build/rpl_panda_with_rs -- -j12 -l12
[0.514s] DEBUG:colcon.colcon_core.event_handler.log_command:Invoked command in '/home/charvi/comp0250_s26_labs/build/rpl_panda_with_rs' returned '0': AMENT_PREFIX_PATH=/home/charvi/comp0250_s26_labs/install/realsense_gazebo_plugin:/home/charvi/comp0250_s26_labs/install/panda_moveit_config:${AMENT_PREFIX_PATH} CMAKE_PREFIX_PATH=/home/charvi/comp0250_s26_labs/install/realsense_gazebo_plugin:/home/charvi/comp0250_s26_labs/install/panda_moveit_config:/opt/ros/humble LD_LIBRARY_PATH=/home/charvi/comp0250_s26_labs/install/realsense_gazebo_plugin/lib:${LD_LIBRARY_PATH} /usr/bin/cmake --build /home/charvi/comp0250_s26_labs/build/rpl_panda_with_rs -- -j12 -l12
[0.516s] DEBUG:colcon.colcon_core.event_handler.log_command:Invoking command in '/home/charvi/comp0250_s26_labs/build/rpl_panda_with_rs': AMENT_PREFIX_PATH=/home/charvi/comp0250_s26_labs/install/realsense_gazebo_plugin:/home/charvi/comp0250_s26_labs/install/panda_moveit_config:${AMENT_PREFIX_PATH} CMAKE_PREFIX_PATH=/home/charvi/comp0250_s26_labs/install/realsense_gazebo_plugin:/home/charvi/comp0250_s26_labs/install/panda_moveit_config:/opt/ros/humble LD_LIBRARY_PATH=/home/charvi/comp0250_s26_labs/install/realsense_gazebo_plugin/lib:${LD_LIBRARY_PATH} /usr/bin/cmake --install /home/charvi/comp0250_s26_labs/build/rpl_panda_with_rs
[0.526s] Level 1:colcon.colcon_core.environment:create_environment_scripts_only(rpl_panda_with_rs)
[0.527s] Level 1:colcon.colcon_core.environment:checking '/home/charvi/comp0250_s26_labs/install/rpl_panda_with_rs' for CMake module files
[0.527s] DEBUG:colcon.colcon_core.event_handler.log_command:Invoked command in '/home/charvi/comp0250_s26_labs/build/rpl_panda_with_rs' returned '0': AMENT_PREFIX_PATH=/home/charvi/comp0250_s26_labs/install/realsense_gazebo_plugin:/home/charvi/comp0250_s26_labs/install/panda_moveit_config:${AMENT_PREFIX_PATH} CMAKE_PREFIX_PATH=/home/charvi/comp0250_s26_labs/install/realsense_gazebo_plugin:/home/charvi/comp0250_s26_labs/install/panda_moveit_config:/opt/ros/humble LD_LIBRARY_PATH=/home/charvi/comp0250_s26_labs/install/realsense_gazebo_plugin/lib:${LD_LIBRARY_PATH} /usr/bin/cmake --install /home/charvi/comp0250_s26_labs/build/rpl_panda_with_rs
[0.528s] Level 1:colcon.colcon_core.environment:checking '/home/charvi/comp0250_s26_labs/install/rpl_panda_with_rs' for CMake config files
[0.528s] Level 1:colcon.colcon_core.shell:create_environment_hook('rpl_panda_with_rs', 'cmake_prefix_path')
[0.528s] INFO:colcon.colcon_core.shell:Creating environment hook '/home/charvi/comp0250_s26_labs/install/rpl_panda_with_rs/share/rpl_panda_with_rs/hook/cmake_prefix_path.ps1'
[0.529s] INFO:colcon.colcon_core.shell:Creating environment descriptor '/home/charvi/comp0250_s26_labs/install/rpl_panda_with_rs/share/rpl_panda_with_rs/hook/cmake_prefix_path.dsv'
[0.529s] INFO:colcon.colcon_core.shell:Creating environment hook '/home/charvi/comp0250_s26_labs/install/rpl_panda_with_rs/share/rpl_panda_with_rs/hook/cmake_prefix_path.sh'
[0.530s] Level 1:colcon.colcon_core.environment:checking '/home/charvi/comp0250_s26_labs/install/rpl_panda_with_rs/lib'
[0.530s] Level 1:colcon.colcon_core.environment:checking '/home/charvi/comp0250_s26_labs/install/rpl_panda_with_rs/bin'
[0.530s] Level 1:colcon.colcon_core.environment:checking '/home/charvi/comp0250_s26_labs/install/rpl_panda_with_rs/lib/pkgconfig/rpl_panda_with_rs.pc'
[0.530s] Level 1:colcon.colcon_core.environment:checking '/home/charvi/comp0250_s26_labs/install/rpl_panda_with_rs/lib/python3.10/site-packages'
[0.530s] Level 1:colcon.colcon_core.environment:checking '/home/charvi/comp0250_s26_labs/install/rpl_panda_with_rs/bin'
[0.531s] INFO:colcon.colcon_core.shell:Creating package script '/home/charvi/comp0250_s26_labs/install/rpl_panda_with_rs/share/rpl_panda_with_rs/package.ps1'
[0.531s] INFO:colcon.colcon_core.shell:Creating package descriptor '/home/charvi/comp0250_s26_labs/install/rpl_panda_with_rs/share/rpl_panda_with_rs/package.dsv'
[0.532s] INFO:colcon.colcon_core.shell:Creating package script '/home/charvi/comp0250_s26_labs/install/rpl_panda_with_rs/share/rpl_panda_with_rs/package.sh'
[0.532s] INFO:colcon.colcon_core.shell:Creating package script '/home/charvi/comp0250_s26_labs/install/rpl_panda_with_rs/share/rpl_panda_with_rs/package.bash'
[0.533s] INFO:colcon.colcon_core.shell:Creating package script '/home/charvi/comp0250_s26_labs/install/rpl_panda_with_rs/share/rpl_panda_with_rs/package.zsh'
[0.533s] Level 1:colcon.colcon_core.environment:create_file_with_runtime_dependencies(/home/charvi/comp0250_s26_labs/install/rpl_panda_with_rs/share/colcon-core/packages/rpl_panda_with_rs)
[0.534s] Level 1:colcon.colcon_core.environment:create_environment_scripts_only(rpl_panda_with_rs)
[0.534s] Level 1:colcon.colcon_core.environment:checking '/home/charvi/comp0250_s26_labs/install/rpl_panda_with_rs' for CMake module files
[0.534s] Level 1:colcon.colcon_core.environment:checking '/home/charvi/comp0250_s26_labs/install/rpl_panda_with_rs' for CMake config files
[0.535s] Level 1:colcon.colcon_core.shell:create_environment_hook('rpl_panda_with_rs', 'cmake_prefix_path')
[0.535s] INFO:colcon.colcon_core.shell:Creating environment hook '/home/charvi/comp0250_s26_labs/install/rpl_panda_with_rs/share/rpl_panda_with_rs/hook/cmake_prefix_path.ps1'
[0.535s] INFO:colcon.colcon_core.shell:Creating environment descriptor '/home/charvi/comp0250_s26_labs/install/rpl_panda_with_rs/share/rpl_panda_with_rs/hook/cmake_prefix_path.dsv'
[0.535s] INFO:colcon.colcon_core.shell:Creating environment hook '/home/charvi/comp0250_s26_labs/install/rpl_panda_with_rs/share/rpl_panda_with_rs/hook/cmake_prefix_path.sh'
[0.536s] Level 1:colcon.colcon_core.environment:checking '/home/charvi/comp0250_s26_labs/install/rpl_panda_with_rs/lib'
[0.536s] Level 1:colcon.colcon_core.environment:checking '/home/charvi/comp0250_s26_labs/install/rpl_panda_with_rs/bin'
[0.536s] Level 1:colcon.colcon_core.environment:checking '/home/charvi/comp0250_s26_labs/install/rpl_panda_with_rs/lib/pkgconfig/rpl_panda_with_rs.pc'
[0.536s] Level 1:colcon.colcon_core.environment:checking '/home/charvi/comp0250_s26_labs/install/rpl_panda_with_rs/lib/python3.10/site-packages'
[0.537s] Level 1:colcon.colcon_core.environment:checking '/home/charvi/comp0250_s26_labs/install/rpl_panda_with_rs/bin'
[0.537s] INFO:colcon.colcon_core.shell:Creating package script '/home/charvi/comp0250_s26_labs/install/rpl_panda_with_rs/share/rpl_panda_with_rs/package.ps1'
[0.537s] INFO:colcon.colcon_core.shell:Creating package descriptor '/home/charvi/comp0250_s26_labs/install/rpl_panda_with_rs/share/rpl_panda_with_rs/package.dsv'
[0.538s] INFO:colcon.colcon_core.shell:Creating package script '/home/charvi/comp0250_s26_labs/install/rpl_panda_with_rs/share/rpl_panda_with_rs/package.sh'
[0.538s] INFO:colcon.colcon_core.shell:Creating package script '/home/charvi/comp0250_s26_labs/install/rpl_panda_with_rs/share/rpl_panda_with_rs/package.bash'
[0.538s] INFO:colcon.colcon_core.shell:Creating package script '/home/charvi/comp0250_s26_labs/install/rpl_panda_with_rs/share/rpl_panda_with_rs/package.zsh'
[0.539s] Level 1:colcon.colcon_core.environment:create_file_with_runtime_dependencies(/home/charvi/comp0250_s26_labs/install/rpl_panda_with_rs/share/colcon-core/packages/rpl_panda_with_rs)
[0.780s] DEBUG:colcon.colcon_core.event_handler.log_command:Invoked command in '/home/charvi/comp0250_s26_labs/build/cw1_world_spawner' returned '0': CMAKE_PREFIX_PATH=/opt/ros/humble /usr/bin/cmake --build /home/charvi/comp0250_s26_labs/build/cw1_world_spawner -- -j12 -l12
[0.781s] DEBUG:colcon.colcon_core.event_handler.log_command:Invoking command in '/home/charvi/comp0250_s26_labs/build/cw1_world_spawner': CMAKE_PREFIX_PATH=/opt/ros/humble /usr/bin/cmake --install /home/charvi/comp0250_s26_labs/build/cw1_world_spawner
[0.886s] Level 1:colcon.colcon_core.environment:create_environment_scripts_only(cw1_world_spawner)
[0.886s] Level 1:colcon.colcon_core.environment:checking '/home/charvi/comp0250_s26_labs/install/cw1_world_spawner' for CMake module files
[0.889s] Level 1:colcon.colcon_core.environment:checking '/home/charvi/comp0250_s26_labs/install/cw1_world_spawner' for CMake config files
[0.890s] DEBUG:colcon.colcon_core.event_handler.log_command:Invoked command in '/home/charvi/comp0250_s26_labs/build/cw1_world_spawner' returned '0': CMAKE_PREFIX_PATH=/opt/ros/humble /usr/bin/cmake --install /home/charvi/comp0250_s26_labs/build/cw1_world_spawner
[0.890s] Level 1:colcon.colcon_core.shell:create_environment_hook('cw1_world_spawner', 'cmake_prefix_path')
[0.890s] INFO:colcon.colcon_core.shell:Creating environment hook '/home/charvi/comp0250_s26_labs/install/cw1_world_spawner/share/cw1_world_spawner/hook/cmake_prefix_path.ps1'
[0.891s] INFO:colcon.colcon_core.shell:Creating environment descriptor '/home/charvi/comp0250_s26_labs/install/cw1_world_spawner/share/cw1_world_spawner/hook/cmake_prefix_path.dsv'
[0.891s] INFO:colcon.colcon_core.shell:Creating environment hook '/home/charvi/comp0250_s26_labs/install/cw1_world_spawner/share/cw1_world_spawner/hook/cmake_prefix_path.sh'
[0.891s] Level 1:colcon.colcon_core.environment:checking '/home/charvi/comp0250_s26_labs/install/cw1_world_spawner/lib'
[0.892s] Level 1:colcon.colcon_core.shell:create_environment_hook('cw1_world_spawner', 'ld_library_path_lib')
[0.892s] INFO:colcon.colcon_core.shell:Creating environment hook '/home/charvi/comp0250_s26_labs/install/cw1_world_spawner/share/cw1_world_spawner/hook/ld_library_path_lib.ps1'
[0.892s] INFO:colcon.colcon_core.shell:Creating environment descriptor '/home/charvi/comp0250_s26_labs/install/cw1_world_spawner/share/cw1_world_spawner/hook/ld_library_path_lib.dsv'
[0.892s] INFO:colcon.colcon_core.shell:Creating environment hook '/home/charvi/comp0250_s26_labs/install/cw1_world_spawner/share/cw1_world_spawner/hook/ld_library_path_lib.sh'
[0.893s] Level 1:colcon.colcon_core.environment:checking '/home/charvi/comp0250_s26_labs/install/cw1_world_spawner/bin'
[0.893s] Level 1:colcon.colcon_core.environment:checking '/home/charvi/comp0250_s26_labs/install/cw1_world_spawner/lib/pkgconfig/cw1_world_spawner.pc'
[0.893s] Level 1:colcon.colcon_core.environment:checking '/home/charvi/comp0250_s26_labs/install/cw1_world_spawner/lib/python3.10/site-packages'
[0.893s] Level 1:colcon.colcon_core.environment:checking '/home/charvi/comp0250_s26_labs/install/cw1_world_spawner/bin'
[0.894s] INFO:colcon.colcon_core.shell:Creating package script '/home/charvi/comp0250_s26_labs/install/cw1_world_spawner/share/cw1_world_spawner/package.ps1'
[0.894s] INFO:colcon.colcon_core.shell:Creating package descriptor '/home/charvi/comp0250_s26_labs/install/cw1_world_spawner/share/cw1_world_spawner/package.dsv'
[0.895s] INFO:colcon.colcon_core.shell:Creating package script '/home/charvi/comp0250_s26_labs/install/cw1_world_spawner/share/cw1_world_spawner/package.sh'
[0.895s] INFO:colcon.colcon_core.shell:Creating package script '/home/charvi/comp0250_s26_labs/install/cw1_world_spawner/share/cw1_world_spawner/package.bash'
[0.895s] INFO:colcon.colcon_core.shell:Creating package script '/home/charvi/comp0250_s26_labs/install/cw1_world_spawner/share/cw1_world_spawner/package.zsh'
[0.896s] Level 1:colcon.colcon_core.environment:create_file_with_runtime_dependencies(/home/charvi/comp0250_s26_labs/install/cw1_world_spawner/share/colcon-core/packages/cw1_world_spawner)
[0.896s] Level 1:colcon.colcon_core.environment:create_environment_scripts_only(cw1_world_spawner)
[0.896s] Level 1:colcon.colcon_core.environment:checking '/home/charvi/comp0250_s26_labs/install/cw1_world_spawner' for CMake module files
[0.897s] Level 1:colcon.colcon_core.environment:checking '/home/charvi/comp0250_s26_labs/install/cw1_world_spawner' for CMake config files
[0.897s] Level 1:colcon.colcon_core.shell:create_environment_hook('cw1_world_spawner', 'cmake_prefix_path')
[0.898s] INFO:colcon.colcon_core.shell:Creating environment hook '/home/charvi/comp0250_s26_labs/install/cw1_world_spawner/share/cw1_world_spawner/hook/cmake_prefix_path.ps1'
[0.898s] INFO:colcon.colcon_core.shell:Creating environment descriptor '/home/charvi/comp0250_s26_labs/install/cw1_world_spawner/share/cw1_world_spawner/hook/cmake_prefix_path.dsv'
[0.898s] INFO:colcon.colcon_core.shell:Creating environment hook '/home/charvi/comp0250_s26_labs/install/cw1_world_spawner/share/cw1_world_spawner/hook/cmake_prefix_path.sh'
[0.899s] Level 1:colcon.colcon_core.environment:checking '/home/charvi/comp0250_s26_labs/install/cw1_world_spawner/lib'
[0.899s] Level 1:colcon.colcon_core.shell:create_environment_hook('cw1_world_spawner', 'ld_library_path_lib')
[0.899s] INFO:colcon.colcon_core.shell:Creating environment hook '/home/charvi/comp0250_s26_labs/install/cw1_world_spawner/share/cw1_world_spawner/hook/ld_library_path_lib.ps1'
[0.900s] INFO:colcon.colcon_core.shell:Creating environment descriptor '/home/charvi/comp0250_s26_labs/install/cw1_world_spawner/share/cw1_world_spawner/hook/ld_library_path_lib.dsv'
[0.900s] INFO:colcon.colcon_core.shell:Creating environment hook '/home/charvi/comp0250_s26_labs/install/cw1_world_spawner/share/cw1_world_spawner/hook/ld_library_path_lib.sh'
[0.900s] Level 1:colcon.colcon_core.environment:checking '/home/charvi/comp0250_s26_labs/install/cw1_world_spawner/bin'
[0.901s] Level 1:colcon.colcon_core.environment:checking '/home/charvi/comp0250_s26_labs/install/cw1_world_spawner/lib/pkgconfig/cw1_world_spawner.pc'
[0.901s] Level 1:colcon.colcon_core.environment:checking '/home/charvi/comp0250_s26_labs/install/cw1_world_spawner/lib/python3.10/site-packages'
[0.901s] Level 1:colcon.colcon_core.environment:checking '/home/charvi/comp0250_s26_labs/install/cw1_world_spawner/bin'
[0.901s] INFO:colcon.colcon_core.shell:Creating package script '/home/charvi/comp0250_s26_labs/install/cw1_world_spawner/share/cw1_world_spawner/package.ps1'
[0.902s] INFO:colcon.colcon_core.shell:Creating package descriptor '/home/charvi/comp0250_s26_labs/install/cw1_world_spawner/share/cw1_world_spawner/package.dsv'
[0.903s] INFO:colcon.colcon_core.shell:Creating package script '/home/charvi/comp0250_s26_labs/install/cw1_world_spawner/share/cw1_world_spawner/package.sh'
[0.903s] INFO:colcon.colcon_core.shell:Creating package script '/home/charvi/comp0250_s26_labs/install/cw1_world_spawner/share/cw1_world_spawner/package.bash'
[0.903s] INFO:colcon.colcon_core.shell:Creating package script '/home/charvi/comp0250_s26_labs/install/cw1_world_spawner/share/cw1_world_spawner/package.zsh'
[0.904s] Level 1:colcon.colcon_core.environment:create_file_with_runtime_dependencies(/home/charvi/comp0250_s26_labs/install/cw1_world_spawner/share/colcon-core/packages/cw1_world_spawner)
[0.904s] INFO:colcon.colcon_ros.task.ament_cmake.build:Building ROS package in '/home/charvi/comp0250_s26_labs/courseworks/cw1_team_30' with build type 'ament_cmake'
[0.904s] INFO:colcon.colcon_cmake.task.cmake.build:Building CMake package in '/home/charvi/comp0250_s26_labs/courseworks/cw1_team_30'
[0.905s] INFO:colcon.colcon_core.shell:Skip shell extension 'powershell' for command environment: Not usable outside of PowerShell
[0.905s] DEBUG:colcon.colcon_core.shell:Skip shell extension 'dsv' for command environment
[0.915s] DEBUG:colcon.colcon_core.event_handler.log_command:Invoking command in '/home/charvi/comp0250_s26_labs/build/cw1_team_30': AMENT_PREFIX_PATH=/home/charvi/comp0250_s26_labs/install/cw1_world_spawner:${AMENT_PREFIX_PATH} CMAKE_PREFIX_PATH=/home/charvi/comp0250_s26_labs/install/cw1_world_spawner:/opt/ros/humble LD_LIBRARY_PATH=/home/charvi/comp0250_s26_labs/install/cw1_world_spawner/lib:${LD_LIBRARY_PATH} PYTHONPATH=/home/charvi/comp0250_s26_labs/install/cw1_world_spawner/local/lib/python3.10/dist-packages:${PYTHONPATH} /usr/bin/cmake --build /home/charvi/comp0250_s26_labs/build/cw1_team_30 -- -j12 -l12
[13.946s] DEBUG:colcon.colcon_core.event_handler.log_command:Invoked command in '/home/charvi/comp0250_s26_labs/build/cw1_team_30' returned '2': AMENT_PREFIX_PATH=/home/charvi/comp0250_s26_labs/install/cw1_world_spawner:${AMENT_PREFIX_PATH} CMAKE_PREFIX_PATH=/home/charvi/comp0250_s26_labs/install/cw1_world_spawner:/opt/ros/humble LD_LIBRARY_PATH=/home/charvi/comp0250_s26_labs/install/cw1_world_spawner/lib:${LD_LIBRARY_PATH} PYTHONPATH=/home/charvi/comp0250_s26_labs/install/cw1_world_spawner/local/lib/python3.10/dist-packages:${PYTHONPATH} /usr/bin/cmake --build /home/charvi/comp0250_s26_labs/build/cw1_team_30 -- -j12 -l12
[13.946s] Level 1:colcon.colcon_core.environment:create_environment_scripts_only(cw1_team_30)
[13.946s] Level 1:colcon.colcon_core.environment:checking '/home/charvi/comp0250_s26_labs/install/cw1_team_30' for CMake module files
[13.947s] Level 1:colcon.colcon_core.environment:checking '/home/charvi/comp0250_s26_labs/install/cw1_team_30' for CMake config files
[13.947s] Level 1:colcon.colcon_core.shell:create_environment_hook('cw1_team_30', 'cmake_prefix_path')
[13.947s] INFO:colcon.colcon_core.shell:Creating environment hook '/home/charvi/comp0250_s26_labs/install/cw1_team_30/share/cw1_team_30/hook/cmake_prefix_path.ps1'
[13.948s] INFO:colcon.colcon_core.shell:Creating environment descriptor '/home/charvi/comp0250_s26_labs/install/cw1_team_30/share/cw1_team_30/hook/cmake_prefix_path.dsv'
[13.948s] INFO:colcon.colcon_core.shell:Creating environment hook '/home/charvi/comp0250_s26_labs/install/cw1_team_30/share/cw1_team_30/hook/cmake_prefix_path.sh'
[13.948s] Level 1:colcon.colcon_core.environment:checking '/home/charvi/comp0250_s26_labs/install/cw1_team_30/lib'
[13.948s] Level 1:colcon.colcon_core.shell:create_environment_hook('cw1_team_30', 'ld_library_path_lib')
[13.949s] INFO:colcon.colcon_core.shell:Creating environment hook '/home/charvi/comp0250_s26_labs/install/cw1_team_30/share/cw1_team_30/hook/ld_library_path_lib.ps1'
[13.949s] INFO:colcon.colcon_core.shell:Creating environment descriptor '/home/charvi/comp0250_s26_labs/install/cw1_team_30/share/cw1_team_30/hook/ld_library_path_lib.dsv'
[13.949s] INFO:colcon.colcon_core.shell:Creating environment hook '/home/charvi/comp0250_s26_labs/install/cw1_team_30/share/cw1_team_30/hook/ld_library_path_lib.sh'
[13.950s] Level 1:colcon.colcon_core.environment:checking '/home/charvi/comp0250_s26_labs/install/cw1_team_30/bin'
[13.950s] Level 1:colcon.colcon_core.environment:checking '/home/charvi/comp0250_s26_labs/install/cw1_team_30/lib/pkgconfig/cw1_team_30.pc'
[13.950s] Level 1:colcon.colcon_core.environment:checking '/home/charvi/comp0250_s26_labs/install/cw1_team_30/lib/python3.10/site-packages'
[13.950s] Level 1:colcon.colcon_core.environment:checking '/home/charvi/comp0250_s26_labs/install/cw1_team_30/bin'
[13.951s] INFO:colcon.colcon_core.shell:Creating package script '/home/charvi/comp0250_s26_labs/install/cw1_team_30/share/cw1_team_30/package.ps1'
[13.951s] INFO:colcon.colcon_core.shell:Creating package descriptor '/home/charvi/comp0250_s26_labs/install/cw1_team_30/share/cw1_team_30/package.dsv'
[13.952s] INFO:colcon.colcon_core.shell:Creating package script '/home/charvi/comp0250_s26_labs/install/cw1_team_30/share/cw1_team_30/package.sh'
[13.952s] INFO:colcon.colcon_core.shell:Creating package script '/home/charvi/comp0250_s26_labs/install/cw1_team_30/share/cw1_team_30/package.bash'
[13.952s] INFO:colcon.colcon_core.shell:Creating package script '/home/charvi/comp0250_s26_labs/install/cw1_team_30/share/cw1_team_30/package.zsh'
[13.953s] Level 1:colcon.colcon_core.environment:create_file_with_runtime_dependencies(/home/charvi/comp0250_s26_labs/install/cw1_team_30/share/colcon-core/packages/cw1_team_30)
[13.963s] DEBUG:colcon.colcon_parallel_executor.executor.parallel:closing loop
[13.963s] DEBUG:colcon.colcon_parallel_executor.executor.parallel:loop closed
[13.964s] DEBUG:colcon.colcon_parallel_executor.executor.parallel:run_until_complete finished with '2'
[13.964s] DEBUG:colcon.colcon_core.event_reactor:joining thread
[13.968s] INFO:colcon.colcon_core.plugin_system:Skipping extension 'colcon_notification.desktop_notification.terminal_notifier': Not used on non-Darwin systems
[13.969s] INFO:colcon.colcon_core.plugin_system:Skipping extension 'colcon_notification.desktop_notification.win32': Not used on non-Windows systems
[13.969s] INFO:colcon.colcon_notification.desktop_notification:Sending desktop notification using 'notify2'
[13.979s] DEBUG:colcon.colcon_core.event_reactor:joined thread
[13.980s] INFO:colcon.colcon_core.shell:Creating prefix script '/home/charvi/comp0250_s26_labs/install/local_setup.ps1'
[13.981s] INFO:colcon.colcon_core.shell:Creating prefix util module '/home/charvi/comp0250_s26_labs/install/_local_setup_util_ps1.py'
[13.982s] INFO:colcon.colcon_core.shell:Creating prefix chain script '/home/charvi/comp0250_s26_labs/install/setup.ps1'
[13.983s] INFO:colcon.colcon_core.shell:Creating prefix script '/home/charvi/comp0250_s26_labs/install/local_setup.sh'
[13.984s] INFO:colcon.colcon_core.shell:Creating prefix util module '/home/charvi/comp0250_s26_labs/install/_local_setup_util_sh.py'
[13.984s] INFO:colcon.colcon_core.shell:Creating prefix chain script '/home/charvi/comp0250_s26_labs/install/setup.sh'
[13.985s] INFO:colcon.colcon_core.shell:Creating prefix script '/home/charvi/comp0250_s26_labs/install/local_setup.bash'
[13.986s] INFO:colcon.colcon_core.shell:Creating prefix chain script '/home/charvi/comp0250_s26_labs/install/setup.bash'
[13.987s] INFO:colcon.colcon_core.shell:Creating prefix script '/home/charvi/comp0250_s26_labs/install/local_setup.zsh'
[13.987s] INFO:colcon.colcon_core.shell:Creating prefix chain script '/home/charvi/comp0250_s26_labs/install/setup.zsh'
