[0.059s] Invoking command in '/home/charvi/comp0250_s26_labs/build/cw1_world_spawner': CMAKE_PREFIX_PATH=${CMAKE_PREFIX_PATH}:/opt/ros/humble /usr/bin/cmake --build /home/charvi/comp0250_s26_labs/build/cw1_world_spawner -- -j12 -l12
[0.161s] [  1%] Built target cw1_world_spawner__cpp
[0.177s] [ 12%] Built target cw1_world_spawner__rosidl_generator_c
[0.202s] [ 12%] Built target ament_cmake_python_copy_cw1_world_spawner
[0.202s] [ 12%] Built target ament_cmake_python_copy_coursework_world_spawner_lib
[0.235s] [ 34%] Built target cw1_world_spawner__rosidl_typesupport_introspection_cpp
[0.235s] [ 34%] Built target cw1_world_spawner__rosidl_typesupport_cpp
[0.235s] [ 45%] Built target cw1_world_spawner__rosidl_typesupport_fastrtps_cpp
[0.235s] [ 56%] Built target cw1_world_spawner__rosidl_typesupport_introspection_c
[0.237s] [ 78%] Built target cw1_world_spawner__rosidl_typesupport_c
[0.238s] [ 78%] Built target cw1_world_spawner__rosidl_typesupport_fastrtps_c
[0.281s] [ 78%] Built target cw1_world_spawner
[0.320s] [ 80%] Built target cw1_world_spawner__py
[0.379s] [ 89%] Built target cw1_world_spawner__rosidl_generator_py
[0.416s] [ 92%] Built target cw1_world_spawner__rosidl_typesupport_introspection_c__pyext
[0.417s] [ 96%] Built target cw1_world_spawner__rosidl_typesupport_c__pyext
[0.419s] [100%] Built target cw1_world_spawner__rosidl_typesupport_fastrtps_c__pyext
[0.650s] running egg_info
[0.652s] running egg_info
[0.685s] writing coursework_world_spawner_lib.egg-info/PKG-INFO
[0.687s] writing dependency_links to coursework_world_spawner_lib.egg-info/dependency_links.txt
[0.687s] writing top-level names to coursework_world_spawner_lib.egg-info/top_level.txt
[0.687s] writing cw1_world_spawner.egg-info/PKG-INFO
[0.688s] writing dependency_links to cw1_world_spawner.egg-info/dependency_links.txt
[0.689s] writing top-level names to cw1_world_spawner.egg-info/top_level.txt
[0.781s] reading manifest file 'cw1_world_spawner.egg-info/SOURCES.txt'
[0.781s] reading manifest file 'coursework_world_spawner_lib.egg-info/SOURCES.txt'
[0.783s] writing manifest file 'cw1_world_spawner.egg-info/SOURCES.txt'
[0.784s] writing manifest file 'coursework_world_spawner_lib.egg-info/SOURCES.txt'
[0.841s] [100%] Built target ament_cmake_python_build_coursework_world_spawner_lib_egg
[0.844s] [100%] Built target ament_cmake_python_build_cw1_world_spawner_egg
[0.861s] Invoked command in '/home/charvi/comp0250_s26_labs/build/cw1_world_spawner' returned '0': CMAKE_PREFIX_PATH=${CMAKE_PREFIX_PATH}:/opt/ros/humble /usr/bin/cmake --build /home/charvi/comp0250_s26_labs/build/cw1_world_spawner -- -j12 -l12
[0.863s] Invoking command in '/home/charvi/comp0250_s26_labs/build/cw1_world_spawner': CMAKE_PREFIX_PATH=${CMAKE_PREFIX_PATH}:/opt/ros/humble /usr/bin/cmake --install /home/charvi/comp0250_s26_labs/build/cw1_world_spawner
[0.875s] -- Install configuration: "Release"
[0.876s] -- Up-to-date: /home/charvi/comp0250_s26_labs/install/cw1_world_spawner/share/ament_index/resource_index/rosidl_interfaces/cw1_world_spawner
[0.876s] -- Up-to-date: /home/charvi/comp0250_s26_labs/install/cw1_world_spawner/include/cw1_world_spawner/cw1_world_spawner
[0.876s] -- Up-to-date: /home/charvi/comp0250_s26_labs/install/cw1_world_spawner/include/cw1_world_spawner/cw1_world_spawner/srv
[0.876s] -- Up-to-date: /home/charvi/comp0250_s26_labs/install/cw1_world_spawner/include/cw1_world_spawner/cw1_world_spawner/srv/task1_service.h
[0.876s] -- Up-to-date: /home/charvi/comp0250_s26_labs/install/cw1_world_spawner/include/cw1_world_spawner/cw1_world_spawner/srv/detail
[0.876s] -- Up-to-date: /home/charvi/comp0250_s26_labs/install/cw1_world_spawner/include/cw1_world_spawner/cw1_world_spawner/srv/detail/task3_service__struct.h
[0.876s] -- Up-to-date: /home/charvi/comp0250_s26_labs/install/cw1_world_spawner/include/cw1_world_spawner/cw1_world_spawner/srv/detail/task1_service__functions.h
[0.876s] -- Up-to-date: /home/charvi/comp0250_s26_labs/install/cw1_world_spawner/include/cw1_world_spawner/cw1_world_spawner/srv/detail/task2_service__functions.c
[0.876s] -- Up-to-date: /home/charvi/comp0250_s26_labs/install/cw1_world_spawner/include/cw1_world_spawner/cw1_world_spawner/srv/detail/task1_service__struct.h
[0.877s] -- Up-to-date: /home/charvi/comp0250_s26_labs/install/cw1_world_spawner/include/cw1_world_spawner/cw1_world_spawner/srv/detail/task1_service__functions.c
[0.877s] -- Up-to-date: /home/charvi/comp0250_s26_labs/install/cw1_world_spawner/include/cw1_world_spawner/cw1_world_spawner/srv/detail/task2_service__struct.h
[0.877s] -- Up-to-date: /home/charvi/comp0250_s26_labs/install/cw1_world_spawner/include/cw1_world_spawner/cw1_world_spawner/srv/detail/task3_service__functions.c
[0.877s] -- Up-to-date: /home/charvi/comp0250_s26_labs/install/cw1_world_spawner/include/cw1_world_spawner/cw1_world_spawner/srv/detail/task_setup__type_support.h
[0.877s] -- Up-to-date: /home/charvi/comp0250_s26_labs/install/cw1_world_spawner/include/cw1_world_spawner/cw1_world_spawner/srv/detail/task_setup__functions.c
[0.877s] -- Up-to-date: /home/charvi/comp0250_s26_labs/install/cw1_world_spawner/include/cw1_world_spawner/cw1_world_spawner/srv/detail/task_setup__functions.h
[0.877s] -- Up-to-date: /home/charvi/comp0250_s26_labs/install/cw1_world_spawner/include/cw1_world_spawner/cw1_world_spawner/srv/detail/task2_service__type_support.h
[0.877s] -- Up-to-date: /home/charvi/comp0250_s26_labs/install/cw1_world_spawner/include/cw1_world_spawner/cw1_world_spawner/srv/detail/task_setup__struct.h
[0.877s] -- Up-to-date: /home/charvi/comp0250_s26_labs/install/cw1_world_spawner/include/cw1_world_spawner/cw1_world_spawner/srv/detail/task3_service__functions.h
[0.877s] -- Up-to-date: /home/charvi/comp0250_s26_labs/install/cw1_world_spawner/include/cw1_world_spawner/cw1_world_spawner/srv/detail/task2_service__functions.h
[0.877s] -- Up-to-date: /home/charvi/comp0250_s26_labs/install/cw1_world_spawner/include/cw1_world_spawner/cw1_world_spawner/srv/detail/task3_service__type_support.h
[0.877s] -- Up-to-date: /home/charvi/comp0250_s26_labs/install/cw1_world_spawner/include/cw1_world_spawner/cw1_world_spawner/srv/detail/task1_service__type_support.h
[0.877s] -- Up-to-date: /home/charvi/comp0250_s26_labs/install/cw1_world_spawner/include/cw1_world_spawner/cw1_world_spawner/srv/task_setup.h
[0.877s] -- Up-to-date: /home/charvi/comp0250_s26_labs/install/cw1_world_spawner/include/cw1_world_spawner/cw1_world_spawner/srv/task3_service.h
[0.878s] -- Up-to-date: /home/charvi/comp0250_s26_labs/install/cw1_world_spawner/include/cw1_world_spawner/cw1_world_spawner/srv/task2_service.h
[0.878s] -- Up-to-date: /home/charvi/comp0250_s26_labs/install/cw1_world_spawner/include/cw1_world_spawner/cw1_world_spawner/msg
[0.878s] -- Up-to-date: /home/charvi/comp0250_s26_labs/install/cw1_world_spawner/include/cw1_world_spawner/cw1_world_spawner/msg/rosidl_generator_c__visibility_control.h
[0.878s] -- Up-to-date: /home/charvi/comp0250_s26_labs/install/cw1_world_spawner/share/cw1_world_spawner/environment/library_path.sh
[0.878s] -- Up-to-date: /home/charvi/comp0250_s26_labs/install/cw1_world_spawner/share/cw1_world_spawner/environment/library_path.dsv
[0.878s] -- Up-to-date: /home/charvi/comp0250_s26_labs/install/cw1_world_spawner/lib/libcw1_world_spawner__rosidl_generator_c.so
[0.878s] -- Up-to-date: /home/charvi/comp0250_s26_labs/install/cw1_world_spawner/include/cw1_world_spawner/cw1_world_spawner
[0.878s] -- Up-to-date: /home/charvi/comp0250_s26_labs/install/cw1_world_spawner/include/cw1_world_spawner/cw1_world_spawner/srv
[0.878s] -- Up-to-date: /home/charvi/comp0250_s26_labs/install/cw1_world_spawner/include/cw1_world_spawner/cw1_world_spawner/srv/detail
[0.878s] -- Up-to-date: /home/charvi/comp0250_s26_labs/install/cw1_world_spawner/include/cw1_world_spawner/cw1_world_spawner/srv/detail/task3_service__rosidl_typesupport_fastrtps_c.h
[0.878s] -- Up-to-date: /home/charvi/comp0250_s26_labs/install/cw1_world_spawner/include/cw1_world_spawner/cw1_world_spawner/srv/detail/task_setup__rosidl_typesupport_fastrtps_c.h
[0.878s] -- Up-to-date: /home/charvi/comp0250_s26_labs/install/cw1_world_spawner/include/cw1_world_spawner/cw1_world_spawner/srv/detail/task2_service__rosidl_typesupport_fastrtps_c.h
[0.878s] -- Up-to-date: /home/charvi/comp0250_s26_labs/install/cw1_world_spawner/include/cw1_world_spawner/cw1_world_spawner/srv/detail/task1_service__rosidl_typesupport_fastrtps_c.h
[0.878s] -- Up-to-date: /home/charvi/comp0250_s26_labs/install/cw1_world_spawner/include/cw1_world_spawner/cw1_world_spawner/msg
[0.879s] -- Up-to-date: /home/charvi/comp0250_s26_labs/install/cw1_world_spawner/include/cw1_world_spawner/cw1_world_spawner/msg/rosidl_typesupport_fastrtps_c__visibility_control.h
[0.879s] -- Up-to-date: /home/charvi/comp0250_s26_labs/install/cw1_world_spawner/lib/libcw1_world_spawner__rosidl_typesupport_fastrtps_c.so
[0.879s] -- Up-to-date: /home/charvi/comp0250_s26_labs/install/cw1_world_spawner/include/cw1_world_spawner/cw1_world_spawner
[0.879s] -- Up-to-date: /home/charvi/comp0250_s26_labs/install/cw1_world_spawner/include/cw1_world_spawner/cw1_world_spawner/srv
[0.879s] -- Up-to-date: /home/charvi/comp0250_s26_labs/install/cw1_world_spawner/include/cw1_world_spawner/cw1_world_spawner/srv/detail
[0.879s] -- Up-to-date: /home/charvi/comp0250_s26_labs/install/cw1_world_spawner/include/cw1_world_spawner/cw1_world_spawner/srv/detail/task2_service__type_support.c
[0.879s] -- Up-to-date: /home/charvi/comp0250_s26_labs/install/cw1_world_spawner/include/cw1_world_spawner/cw1_world_spawner/srv/detail/task_setup__rosidl_typesupport_introspection_c.h
[0.879s] -- Up-to-date: /home/charvi/comp0250_s26_labs/install/cw1_world_spawner/include/cw1_world_spawner/cw1_world_spawner/srv/detail/task1_service__type_support.c
[0.879s] -- Up-to-date: /home/charvi/comp0250_s26_labs/install/cw1_world_spawner/include/cw1_world_spawner/cw1_world_spawner/srv/detail/task3_service__type_support.c
[0.879s] -- Up-to-date: /home/charvi/comp0250_s26_labs/install/cw1_world_spawner/include/cw1_world_spawner/cw1_world_spawner/srv/detail/task1_service__rosidl_typesupport_introspection_c.h
[0.880s] -- Up-to-date: /home/charvi/comp0250_s26_labs/install/cw1_world_spawner/include/cw1_world_spawner/cw1_world_spawner/srv/detail/task2_service__rosidl_typesupport_introspection_c.h
[0.880s] -- Up-to-date: /home/charvi/comp0250_s26_labs/install/cw1_world_spawner/include/cw1_world_spawner/cw1_world_spawner/srv/detail/task3_service__rosidl_typesupport_introspection_c.h
[0.880s] -- Up-to-date: /home/charvi/comp0250_s26_labs/install/cw1_world_spawner/include/cw1_world_spawner/cw1_world_spawner/srv/detail/task_setup__type_support.c
[0.880s] -- Up-to-date: /home/charvi/comp0250_s26_labs/install/cw1_world_spawner/include/cw1_world_spawner/cw1_world_spawner/msg
[0.880s] -- Up-to-date: /home/charvi/comp0250_s26_labs/install/cw1_world_spawner/include/cw1_world_spawner/cw1_world_spawner/msg/rosidl_typesupport_introspection_c__visibility_control.h
[0.880s] -- Up-to-date: /home/charvi/comp0250_s26_labs/install/cw1_world_spawner/lib/libcw1_world_spawner__rosidl_typesupport_introspection_c.so
[0.880s] -- Up-to-date: /home/charvi/comp0250_s26_labs/install/cw1_world_spawner/lib/libcw1_world_spawner__rosidl_typesupport_c.so
[0.880s] -- Up-to-date: /home/charvi/comp0250_s26_labs/install/cw1_world_spawner/include/cw1_world_spawner/cw1_world_spawner
[0.880s] -- Up-to-date: /home/charvi/comp0250_s26_labs/install/cw1_world_spawner/include/cw1_world_spawner/cw1_world_spawner/srv
[0.880s] -- Up-to-date: /home/charvi/comp0250_s26_labs/install/cw1_world_spawner/include/cw1_world_spawner/cw1_world_spawner/srv/task2_service.hpp
[0.881s] -- Up-to-date: /home/charvi/comp0250_s26_labs/install/cw1_world_spawner/include/cw1_world_spawner/cw1_world_spawner/srv/task3_service.hpp
[0.881s] -- Up-to-date: /home/charvi/comp0250_s26_labs/install/cw1_world_spawner/include/cw1_world_spawner/cw1_world_spawner/srv/detail
[0.881s] -- Up-to-date: /home/charvi/comp0250_s26_labs/install/cw1_world_spawner/include/cw1_world_spawner/cw1_world_spawner/srv/detail/task_setup__traits.hpp
[0.881s] -- Up-to-date: /home/charvi/comp0250_s26_labs/install/cw1_world_spawner/include/cw1_world_spawner/cw1_world_spawner/srv/detail/task1_service__traits.hpp
[0.881s] -- Up-to-date: /home/charvi/comp0250_s26_labs/install/cw1_world_spawner/include/cw1_world_spawner/cw1_world_spawner/srv/detail/task1_service__builder.hpp
[0.881s] -- Up-to-date: /home/charvi/comp0250_s26_labs/install/cw1_world_spawner/include/cw1_world_spawner/cw1_world_spawner/srv/detail/task2_service__traits.hpp
[0.881s] -- Up-to-date: /home/charvi/comp0250_s26_labs/install/cw1_world_spawner/include/cw1_world_spawner/cw1_world_spawner/srv/detail/task3_service__type_support.hpp
[0.882s] -- Up-to-date: /home/charvi/comp0250_s26_labs/install/cw1_world_spawner/include/cw1_world_spawner/cw1_world_spawner/srv/detail/task3_service__traits.hpp
[0.882s] -- Up-to-date: /home/charvi/comp0250_s26_labs/install/cw1_world_spawner/include/cw1_world_spawner/cw1_world_spawner/srv/detail/task2_service__builder.hpp
[0.882s] -- Up-to-date: /home/charvi/comp0250_s26_labs/install/cw1_world_spawner/include/cw1_world_spawner/cw1_world_spawner/srv/detail/task2_service__type_support.hpp
[0.882s] -- Up-to-date: /home/charvi/comp0250_s26_labs/install/cw1_world_spawner/include/cw1_world_spawner/cw1_world_spawner/srv/detail/task1_service__type_support.hpp
[0.882s] -- Up-to-date: /home/charvi/comp0250_s26_labs/install/cw1_world_spawner/include/cw1_world_spawner/cw1_world_spawner/srv/detail/task3_service__struct.hpp
[0.882s] -- Up-to-date: /home/charvi/comp0250_s26_labs/install/cw1_world_spawner/include/cw1_world_spawner/cw1_world_spawner/srv/detail/task_setup__type_support.hpp
[0.882s] -- Up-to-date: /home/charvi/comp0250_s26_labs/install/cw1_world_spawner/include/cw1_world_spawner/cw1_world_spawner/srv/detail/task2_service__struct.hpp
[0.883s] -- Up-to-date: /home/charvi/comp0250_s26_labs/install/cw1_world_spawner/include/cw1_world_spawner/cw1_world_spawner/srv/detail/task_setup__struct.hpp
[0.883s] -- Up-to-date: /home/charvi/comp0250_s26_labs/install/cw1_world_spawner/include/cw1_world_spawner/cw1_world_spawner/srv/detail/task_setup__builder.hpp
[0.883s] -- Up-to-date: /home/charvi/comp0250_s26_labs/install/cw1_world_spawner/include/cw1_world_spawner/cw1_world_spawner/srv/detail/task3_service__builder.hpp
[0.883s] -- Up-to-date: /home/charvi/comp0250_s26_labs/install/cw1_world_spawner/include/cw1_world_spawner/cw1_world_spawner/srv/detail/task1_service__struct.hpp
[0.883s] -- Up-to-date: /home/charvi/comp0250_s26_labs/install/cw1_world_spawner/include/cw1_world_spawner/cw1_world_spawner/srv/task1_service.hpp
[0.883s] -- Up-to-date: /home/charvi/comp0250_s26_labs/install/cw1_world_spawner/include/cw1_world_spawner/cw1_world_spawner/srv/task_setup.hpp
[0.884s] -- Up-to-date: /home/charvi/comp0250_s26_labs/install/cw1_world_spawner/include/cw1_world_spawner/cw1_world_spawner/msg
[0.884s] -- Up-to-date: /home/charvi/comp0250_s26_labs/install/cw1_world_spawner/include/cw1_world_spawner/cw1_world_spawner/msg/rosidl_generator_cpp__visibility_control.hpp
[0.885s] -- Up-to-date: /home/charvi/comp0250_s26_labs/install/cw1_world_spawner/include/cw1_world_spawner/cw1_world_spawner
[0.885s] -- Up-to-date: /home/charvi/comp0250_s26_labs/install/cw1_world_spawner/include/cw1_world_spawner/cw1_world_spawner/srv
[0.885s] -- Up-to-date: /home/charvi/comp0250_s26_labs/install/cw1_world_spawner/include/cw1_world_spawner/cw1_world_spawner/srv/detail
[0.885s] -- Up-to-date: /home/charvi/comp0250_s26_labs/install/cw1_world_spawner/include/cw1_world_spawner/cw1_world_spawner/srv/detail/task2_service__rosidl_typesupport_fastrtps_cpp.hpp
[0.885s] -- Up-to-date: /home/charvi/comp0250_s26_labs/install/cw1_world_spawner/include/cw1_world_spawner/cw1_world_spawner/srv/detail/task3_service__rosidl_typesupport_fastrtps_cpp.hpp
[0.885s] -- Up-to-date: /home/charvi/comp0250_s26_labs/install/cw1_world_spawner/include/cw1_world_spawner/cw1_world_spawner/srv/detail/task_setup__rosidl_typesupport_fastrtps_cpp.hpp
[0.885s] -- Up-to-date: /home/charvi/comp0250_s26_labs/install/cw1_world_spawner/include/cw1_world_spawner/cw1_world_spawner/srv/detail/task1_service__rosidl_typesupport_fastrtps_cpp.hpp
[0.885s] -- Up-to-date: /home/charvi/comp0250_s26_labs/install/cw1_world_spawner/include/cw1_world_spawner/cw1_world_spawner/srv/detail/dds_fastrtps
[0.885s] -- Up-to-date: /home/charvi/comp0250_s26_labs/install/cw1_world_spawner/include/cw1_world_spawner/cw1_world_spawner/msg
[0.886s] -- Up-to-date: /home/charvi/comp0250_s26_labs/install/cw1_world_spawner/include/cw1_world_spawner/cw1_world_spawner/msg/rosidl_typesupport_fastrtps_cpp__visibility_control.h
[0.886s] -- Up-to-date: /home/charvi/comp0250_s26_labs/install/cw1_world_spawner/lib/libcw1_world_spawner__rosidl_typesupport_fastrtps_cpp.so
[0.886s] -- Up-to-date: /home/charvi/comp0250_s26_labs/install/cw1_world_spawner/include/cw1_world_spawner/cw1_world_spawner
[0.886s] -- Up-to-date: /home/charvi/comp0250_s26_labs/install/cw1_world_spawner/include/cw1_world_spawner/cw1_world_spawner/srv
[0.886s] -- Up-to-date: /home/charvi/comp0250_s26_labs/install/cw1_world_spawner/include/cw1_world_spawner/cw1_world_spawner/srv/detail
[0.886s] -- Up-to-date: /home/charvi/comp0250_s26_labs/install/cw1_world_spawner/include/cw1_world_spawner/cw1_world_spawner/srv/detail/task2_service__type_support.cpp
[0.886s] -- Up-to-date: /home/charvi/comp0250_s26_labs/install/cw1_world_spawner/include/cw1_world_spawner/cw1_world_spawner/srv/detail/task3_service__type_support.cpp
[0.886s] -- Up-to-date: /home/charvi/comp0250_s26_labs/install/cw1_world_spawner/include/cw1_world_spawner/cw1_world_spawner/srv/detail/task1_service__rosidl_typesupport_introspection_cpp.hpp
[0.886s] -- Up-to-date: /home/charvi/comp0250_s26_labs/install/cw1_world_spawner/include/cw1_world_spawner/cw1_world_spawner/srv/detail/task1_service__type_support.cpp
[0.886s] -- Up-to-date: /home/charvi/comp0250_s26_labs/install/cw1_world_spawner/include/cw1_world_spawner/cw1_world_spawner/srv/detail/task_setup__type_support.cpp
[0.886s] -- Up-to-date: /home/charvi/comp0250_s26_labs/install/cw1_world_spawner/include/cw1_world_spawner/cw1_world_spawner/srv/detail/task2_service__rosidl_typesupport_introspection_cpp.hpp
[0.886s] -- Up-to-date: /home/charvi/comp0250_s26_labs/install/cw1_world_spawner/include/cw1_world_spawner/cw1_world_spawner/srv/detail/task_setup__rosidl_typesupport_introspection_cpp.hpp
[0.887s] -- Up-to-date: /home/charvi/comp0250_s26_labs/install/cw1_world_spawner/include/cw1_world_spawner/cw1_world_spawner/srv/detail/task3_service__rosidl_typesupport_introspection_cpp.hpp
[0.887s] -- Up-to-date: /home/charvi/comp0250_s26_labs/install/cw1_world_spawner/lib/libcw1_world_spawner__rosidl_typesupport_introspection_cpp.so
[0.887s] -- Up-to-date: /home/charvi/comp0250_s26_labs/install/cw1_world_spawner/lib/libcw1_world_spawner__rosidl_typesupport_cpp.so
[0.887s] -- Up-to-date: /home/charvi/comp0250_s26_labs/install/cw1_world_spawner/share/cw1_world_spawner/environment/pythonpath.sh
[0.887s] -- Up-to-date: /home/charvi/comp0250_s26_labs/install/cw1_world_spawner/share/cw1_world_spawner/environment/pythonpath.dsv
[0.887s] -- Up-to-date: /home/charvi/comp0250_s26_labs/install/cw1_world_spawner/local/lib/python3.10/dist-packages/cw1_world_spawner-0.1.0-py3.10.egg-info
[0.887s] -- Installing: /home/charvi/comp0250_s26_labs/install/cw1_world_spawner/local/lib/python3.10/dist-packages/cw1_world_spawner-0.1.0-py3.10.egg-info/SOURCES.txt
[0.888s] -- Installing: /home/charvi/comp0250_s26_labs/install/cw1_world_spawner/local/lib/python3.10/dist-packages/cw1_world_spawner-0.1.0-py3.10.egg-info/PKG-INFO
[0.888s] -- Installing: /home/charvi/comp0250_s26_labs/install/cw1_world_spawner/local/lib/python3.10/dist-packages/cw1_world_spawner-0.1.0-py3.10.egg-info/top_level.txt
[0.888s] -- Installing: /home/charvi/comp0250_s26_labs/install/cw1_world_spawner/local/lib/python3.10/dist-packages/cw1_world_spawner-0.1.0-py3.10.egg-info/dependency_links.txt
[0.888s] -- Up-to-date: /home/charvi/comp0250_s26_labs/install/cw1_world_spawner/local/lib/python3.10/dist-packages/cw1_world_spawner
[0.888s] -- Up-to-date: /home/charvi/comp0250_s26_labs/install/cw1_world_spawner/local/lib/python3.10/dist-packages/cw1_world_spawner/_cw1_world_spawner_s.ep.rosidl_typesupport_c.c
[0.888s] -- Up-to-date: /home/charvi/comp0250_s26_labs/install/cw1_world_spawner/local/lib/python3.10/dist-packages/cw1_world_spawner/_cw1_world_spawner_s.ep.rosidl_typesupport_fastrtps_c.c
[0.889s] -- Up-to-date: /home/charvi/comp0250_s26_labs/install/cw1_world_spawner/local/lib/python3.10/dist-packages/cw1_world_spawner/srv
[0.889s] -- Up-to-date: /home/charvi/comp0250_s26_labs/install/cw1_world_spawner/local/lib/python3.10/dist-packages/cw1_world_spawner/srv/_task2_service_s.c
[0.889s] -- Up-to-date: /home/charvi/comp0250_s26_labs/install/cw1_world_spawner/local/lib/python3.10/dist-packages/cw1_world_spawner/srv/_task3_service_s.c
[0.889s] -- Up-to-date: /home/charvi/comp0250_s26_labs/install/cw1_world_spawner/local/lib/python3.10/dist-packages/cw1_world_spawner/srv/_task_setup.py
[0.889s] -- Up-to-date: /home/charvi/comp0250_s26_labs/install/cw1_world_spawner/local/lib/python3.10/dist-packages/cw1_world_spawner/srv/_task1_service_s.c
[0.889s] -- Up-to-date: /home/charvi/comp0250_s26_labs/install/cw1_world_spawner/local/lib/python3.10/dist-packages/cw1_world_spawner/srv/_task1_service.py
[0.889s] -- Up-to-date: /home/charvi/comp0250_s26_labs/install/cw1_world_spawner/local/lib/python3.10/dist-packages/cw1_world_spawner/srv/__init__.py
[0.890s] -- Up-to-date: /home/charvi/comp0250_s26_labs/install/cw1_world_spawner/local/lib/python3.10/dist-packages/cw1_world_spawner/srv/_task3_service.py
[0.890s] -- Up-to-date: /home/charvi/comp0250_s26_labs/install/cw1_world_spawner/local/lib/python3.10/dist-packages/cw1_world_spawner/srv/_task2_service.py
[0.890s] -- Up-to-date: /home/charvi/comp0250_s26_labs/install/cw1_world_spawner/local/lib/python3.10/dist-packages/cw1_world_spawner/srv/_task_setup_s.c
[0.890s] -- Up-to-date: /home/charvi/comp0250_s26_labs/install/cw1_world_spawner/local/lib/python3.10/dist-packages/cw1_world_spawner/cw1_world_spawner_s__rosidl_typesupport_fastrtps_c.cpython-310-x86_64-linux-gnu.so
[0.890s] -- Up-to-date: /home/charvi/comp0250_s26_labs/install/cw1_world_spawner/local/lib/python3.10/dist-packages/cw1_world_spawner/__init__.py
[0.890s] -- Up-to-date: /home/charvi/comp0250_s26_labs/install/cw1_world_spawner/local/lib/python3.10/dist-packages/cw1_world_spawner/_cw1_world_spawner_s.ep.rosidl_typesupport_introspection_c.c
[0.891s] -- Up-to-date: /home/charvi/comp0250_s26_labs/install/cw1_world_spawner/local/lib/python3.10/dist-packages/cw1_world_spawner/libcw1_world_spawner__rosidl_generator_py.so
[0.891s] -- Up-to-date: /home/charvi/comp0250_s26_labs/install/cw1_world_spawner/local/lib/python3.10/dist-packages/cw1_world_spawner/cw1_world_spawner_s__rosidl_typesupport_c.cpython-310-x86_64-linux-gnu.so
[0.891s] -- Up-to-date: /home/charvi/comp0250_s26_labs/install/cw1_world_spawner/local/lib/python3.10/dist-packages/cw1_world_spawner/cw1_world_spawner_s__rosidl_typesupport_introspection_c.cpython-310-x86_64-linux-gnu.so
[0.968s] Listing '/home/charvi/comp0250_s26_labs/install/cw1_world_spawner/local/lib/python3.10/dist-packages/cw1_world_spawner'...
[0.968s] Listing '/home/charvi/comp0250_s26_labs/install/cw1_world_spawner/local/lib/python3.10/dist-packages/cw1_world_spawner/srv'...
[0.983s] -- Up-to-date: /home/charvi/comp0250_s26_labs/install/cw1_world_spawner/local/lib/python3.10/dist-packages/cw1_world_spawner/cw1_world_spawner_s__rosidl_typesupport_fastrtps_c.cpython-310-x86_64-linux-gnu.so
[0.983s] -- Up-to-date: /home/charvi/comp0250_s26_labs/install/cw1_world_spawner/local/lib/python3.10/dist-packages/cw1_world_spawner/cw1_world_spawner_s__rosidl_typesupport_introspection_c.cpython-310-x86_64-linux-gnu.so
[0.984s] -- Up-to-date: /home/charvi/comp0250_s26_labs/install/cw1_world_spawner/local/lib/python3.10/dist-packages/cw1_world_spawner/cw1_world_spawner_s__rosidl_typesupport_c.cpython-310-x86_64-linux-gnu.so
[0.984s] -- Up-to-date: /home/charvi/comp0250_s26_labs/install/cw1_world_spawner/lib/libcw1_world_spawner__rosidl_generator_py.so
[0.985s] -- Up-to-date: /home/charvi/comp0250_s26_labs/install/cw1_world_spawner/share/cw1_world_spawner/srv/TaskSetup.idl
[0.985s] -- Up-to-date: /home/charvi/comp0250_s26_labs/install/cw1_world_spawner/share/cw1_world_spawner/srv/Task1Service.idl
[0.985s] -- Up-to-date: /home/charvi/comp0250_s26_labs/install/cw1_world_spawner/share/cw1_world_spawner/srv/Task2Service.idl
[0.985s] -- Up-to-date: /home/charvi/comp0250_s26_labs/install/cw1_world_spawner/share/cw1_world_spawner/srv/Task3Service.idl
[0.986s] -- Up-to-date: /home/charvi/comp0250_s26_labs/install/cw1_world_spawner/share/cw1_world_spawner/srv/TaskSetup.srv
[0.986s] -- Up-to-date: /home/charvi/comp0250_s26_labs/install/cw1_world_spawner/share/cw1_world_spawner/srv/TaskSetup_Request.msg
[0.986s] -- Up-to-date: /home/charvi/comp0250_s26_labs/install/cw1_world_spawner/share/cw1_world_spawner/srv/TaskSetup_Response.msg
[0.986s] -- Up-to-date: /home/charvi/comp0250_s26_labs/install/cw1_world_spawner/share/cw1_world_spawner/srv/Task1Service.srv
[0.986s] -- Up-to-date: /home/charvi/comp0250_s26_labs/install/cw1_world_spawner/share/cw1_world_spawner/srv/Task1Service_Request.msg
[0.987s] -- Up-to-date: /home/charvi/comp0250_s26_labs/install/cw1_world_spawner/share/cw1_world_spawner/srv/Task1Service_Response.msg
[0.987s] -- Up-to-date: /home/charvi/comp0250_s26_labs/install/cw1_world_spawner/share/cw1_world_spawner/srv/Task2Service.srv
[0.987s] -- Up-to-date: /home/charvi/comp0250_s26_labs/install/cw1_world_spawner/share/cw1_world_spawner/srv/Task2Service_Request.msg
[0.987s] -- Up-to-date: /home/charvi/comp0250_s26_labs/install/cw1_world_spawner/share/cw1_world_spawner/srv/Task2Service_Response.msg
[0.987s] -- Up-to-date: /home/charvi/comp0250_s26_labs/install/cw1_world_spawner/share/cw1_world_spawner/srv/Task3Service.srv
[0.987s] -- Up-to-date: /home/charvi/comp0250_s26_labs/install/cw1_world_spawner/share/cw1_world_spawner/srv/Task3Service_Request.msg
[0.988s] -- Up-to-date: /home/charvi/comp0250_s26_labs/install/cw1_world_spawner/share/cw1_world_spawner/srv/Task3Service_Response.msg
[0.988s] -- Up-to-date: /home/charvi/comp0250_s26_labs/install/cw1_world_spawner/local/lib/python3.10/dist-packages/coursework_world_spawner_lib-0.1.0-py3.10.egg-info
[0.988s] -- Installing: /home/charvi/comp0250_s26_labs/install/cw1_world_spawner/local/lib/python3.10/dist-packages/coursework_world_spawner_lib-0.1.0-py3.10.egg-info/SOURCES.txt
[0.988s] -- Installing: /home/charvi/comp0250_s26_labs/install/cw1_world_spawner/local/lib/python3.10/dist-packages/coursework_world_spawner_lib-0.1.0-py3.10.egg-info/PKG-INFO
[0.988s] -- Installing: /home/charvi/comp0250_s26_labs/install/cw1_world_spawner/local/lib/python3.10/dist-packages/coursework_world_spawner_lib-0.1.0-py3.10.egg-info/top_level.txt
[0.988s] -- Installing: /home/charvi/comp0250_s26_labs/install/cw1_world_spawner/local/lib/python3.10/dist-packages/coursework_world_spawner_lib-0.1.0-py3.10.egg-info/dependency_links.txt
[0.988s] -- Up-to-date: /home/charvi/comp0250_s26_labs/install/cw1_world_spawner/local/lib/python3.10/dist-packages/coursework_world_spawner_lib
[0.989s] -- Up-to-date: /home/charvi/comp0250_s26_labs/install/cw1_world_spawner/local/lib/python3.10/dist-packages/coursework_world_spawner_lib/__init__.py
[0.989s] -- Up-to-date: /home/charvi/comp0250_s26_labs/install/cw1_world_spawner/local/lib/python3.10/dist-packages/coursework_world_spawner_lib/coursework_world_spawner.py
[1.058s] Listing '/home/charvi/comp0250_s26_labs/install/cw1_world_spawner/local/lib/python3.10/dist-packages/coursework_world_spawner_lib'...
[1.067s] -- Up-to-date: /home/charvi/comp0250_s26_labs/install/cw1_world_spawner/lib/cw1_world_spawner/world_spawner.py
[1.068s] -- Up-to-date: /home/charvi/comp0250_s26_labs/install/cw1_world_spawner/lib/cw1_world_spawner/test_coursework.py
[1.069s] -- Up-to-date: /home/charvi/comp0250_s26_labs/install/cw1_world_spawner/share/cw1_world_spawner/models
[1.069s] -- Up-to-date: /home/charvi/comp0250_s26_labs/install/cw1_world_spawner/share/cw1_world_spawner/models/basket_blue
[1.070s] -- Up-to-date: /home/charvi/comp0250_s26_labs/install/cw1_world_spawner/share/cw1_world_spawner/models/basket_blue/model.sdf
[1.070s] -- Up-to-date: /home/charvi/comp0250_s26_labs/install/cw1_world_spawner/share/cw1_world_spawner/models/basket_blue/model.sdf.xmacro
[1.071s] -- Up-to-date: /home/charvi/comp0250_s26_labs/install/cw1_world_spawner/share/cw1_world_spawner/models/basket_blue/model.config
[1.071s] -- Up-to-date: /home/charvi/comp0250_s26_labs/install/cw1_world_spawner/share/cw1_world_spawner/models/basket_purple
[1.072s] -- Up-to-date: /home/charvi/comp0250_s26_labs/install/cw1_world_spawner/share/cw1_world_spawner/models/basket_purple/model.sdf
[1.072s] -- Up-to-date: /home/charvi/comp0250_s26_labs/install/cw1_world_spawner/share/cw1_world_spawner/models/basket_purple/model.sdf.xmacro
[1.073s] -- Up-to-date: /home/charvi/comp0250_s26_labs/install/cw1_world_spawner/share/cw1_world_spawner/models/basket_purple/model.config
[1.073s] -- Up-to-date: /home/charvi/comp0250_s26_labs/install/cw1_world_spawner/share/cw1_world_spawner/models/basket
[1.073s] -- Up-to-date: /home/charvi/comp0250_s26_labs/install/cw1_world_spawner/share/cw1_world_spawner/models/basket/model.sdf
[1.074s] -- Up-to-date: /home/charvi/comp0250_s26_labs/install/cw1_world_spawner/share/cw1_world_spawner/models/basket/model.sdf.xmacro
[1.074s] -- Up-to-date: /home/charvi/comp0250_s26_labs/install/cw1_world_spawner/share/cw1_world_spawner/models/basket/model.config
[1.074s] -- Up-to-date: /home/charvi/comp0250_s26_labs/install/cw1_world_spawner/share/cw1_world_spawner/models/box
[1.075s] -- Up-to-date: /home/charvi/comp0250_s26_labs/install/cw1_world_spawner/share/cw1_world_spawner/models/box/model.sdf
[1.075s] -- Up-to-date: /home/charvi/comp0250_s26_labs/install/cw1_world_spawner/share/cw1_world_spawner/models/box/model.config
[1.076s] -- Up-to-date: /home/charvi/comp0250_s26_labs/install/cw1_world_spawner/share/cw1_world_spawner/models/all_tiles
[1.077s] -- Up-to-date: /home/charvi/comp0250_s26_labs/install/cw1_world_spawner/share/cw1_world_spawner/models/all_tiles/model.sdf
[1.077s] -- Up-to-date: /home/charvi/comp0250_s26_labs/install/cw1_world_spawner/share/cw1_world_spawner/models/all_tiles/model.sdf.xmacro
[1.078s] -- Up-to-date: /home/charvi/comp0250_s26_labs/install/cw1_world_spawner/share/cw1_world_spawner/models/all_tiles/model.config
[1.078s] -- Up-to-date: /home/charvi/comp0250_s26_labs/install/cw1_world_spawner/share/cw1_world_spawner/models/basket_red
[1.079s] -- Up-to-date: /home/charvi/comp0250_s26_labs/install/cw1_world_spawner/share/cw1_world_spawner/models/basket_red/model.sdf
[1.079s] -- Up-to-date: /home/charvi/comp0250_s26_labs/install/cw1_world_spawner/share/cw1_world_spawner/models/basket_red/model.sdf.xmacro
[1.080s] -- Up-to-date: /home/charvi/comp0250_s26_labs/install/cw1_world_spawner/share/cw1_world_spawner/models/basket_red/model.config
[1.080s] -- Up-to-date: /home/charvi/comp0250_s26_labs/install/cw1_world_spawner/share/cw1_world_spawner/models/box_purple
[1.080s] -- Up-to-date: /home/charvi/comp0250_s26_labs/install/cw1_world_spawner/share/cw1_world_spawner/models/box_purple/model.sdf
[1.081s] -- Up-to-date: /home/charvi/comp0250_s26_labs/install/cw1_world_spawner/share/cw1_world_spawner/models/box_purple/model.config
[1.081s] -- Up-to-date: /home/charvi/comp0250_s26_labs/install/cw1_world_spawner/share/cw1_world_spawner/models/box_blue
[1.081s] -- Up-to-date: /home/charvi/comp0250_s26_labs/install/cw1_world_spawner/share/cw1_world_spawner/models/box_blue/model.sdf
[1.081s] -- Up-to-date: /home/charvi/comp0250_s26_labs/install/cw1_world_spawner/share/cw1_world_spawner/models/box_blue/model.config
[1.081s] -- Up-to-date: /home/charvi/comp0250_s26_labs/install/cw1_world_spawner/share/cw1_world_spawner/models/box_red
[1.081s] -- Up-to-date: /home/charvi/comp0250_s26_labs/install/cw1_world_spawner/share/cw1_world_spawner/models/box_red/model.sdf
[1.082s] -- Up-to-date: /home/charvi/comp0250_s26_labs/install/cw1_world_spawner/share/cw1_world_spawner/models/box_red/model.config
[1.082s] -- Up-to-date: /home/charvi/comp0250_s26_labs/install/cw1_world_spawner/share/cw1_world_spawner/models/object-golf-tile
[1.082s] -- Up-to-date: /home/charvi/comp0250_s26_labs/install/cw1_world_spawner/share/cw1_world_spawner/models/object-golf-tile/model.sdf
[1.082s] -- Up-to-date: /home/charvi/comp0250_s26_labs/install/cw1_world_spawner/share/cw1_world_spawner/models/object-golf-tile/model.config
[1.083s] -- Up-to-date: /home/charvi/comp0250_s26_labs/install/cw1_world_spawner/share/cw1_world_spawner/launch
[1.083s] -- Up-to-date: /home/charvi/comp0250_s26_labs/install/cw1_world_spawner/share/cw1_world_spawner/launch/world_spawner.launch.py
[1.084s] -- Up-to-date: /home/charvi/comp0250_s26_labs/install/cw1_world_spawner/share/cw1_world_spawner/launch/test_coursework.launch.py
[1.084s] -- Up-to-date: /home/charvi/comp0250_s26_labs/install/cw1_world_spawner/share/ament_index/resource_index/package_run_dependencies/cw1_world_spawner
[1.084s] -- Up-to-date: /home/charvi/comp0250_s26_labs/install/cw1_world_spawner/share/ament_index/resource_index/parent_prefix_path/cw1_world_spawner
[1.084s] -- Up-to-date: /home/charvi/comp0250_s26_labs/install/cw1_world_spawner/share/cw1_world_spawner/environment/ament_prefix_path.sh
[1.084s] -- Up-to-date: /home/charvi/comp0250_s26_labs/install/cw1_world_spawner/share/cw1_world_spawner/environment/ament_prefix_path.dsv
[1.085s] -- Up-to-date: /home/charvi/comp0250_s26_labs/install/cw1_world_spawner/share/cw1_world_spawner/environment/path.sh
[1.085s] -- Up-to-date: /home/charvi/comp0250_s26_labs/install/cw1_world_spawner/share/cw1_world_spawner/environment/path.dsv
[1.085s] -- Up-to-date: /home/charvi/comp0250_s26_labs/install/cw1_world_spawner/share/cw1_world_spawner/local_setup.bash
[1.086s] -- Up-to-date: /home/charvi/comp0250_s26_labs/install/cw1_world_spawner/share/cw1_world_spawner/local_setup.sh
[1.087s] -- Up-to-date: /home/charvi/comp0250_s26_labs/install/cw1_world_spawner/share/cw1_world_spawner/local_setup.zsh
[1.087s] -- Up-to-date: /home/charvi/comp0250_s26_labs/install/cw1_world_spawner/share/cw1_world_spawner/local_setup.dsv
[1.089s] -- Installing: /home/charvi/comp0250_s26_labs/install/cw1_world_spawner/share/cw1_world_spawner/package.dsv
[1.090s] -- Up-to-date: /home/charvi/comp0250_s26_labs/install/cw1_world_spawner/share/ament_index/resource_index/packages/cw1_world_spawner
[1.090s] -- Up-to-date: /home/charvi/comp0250_s26_labs/install/cw1_world_spawner/share/cw1_world_spawner/cmake/export_cw1_world_spawner__rosidl_generator_cExport.cmake
[1.091s] -- Up-to-date: /home/charvi/comp0250_s26_labs/install/cw1_world_spawner/share/cw1_world_spawner/cmake/export_cw1_world_spawner__rosidl_generator_cExport-release.cmake
[1.091s] -- Up-to-date: /home/charvi/comp0250_s26_labs/install/cw1_world_spawner/share/cw1_world_spawner/cmake/export_cw1_world_spawner__rosidl_typesupport_fastrtps_cExport.cmake
[1.091s] -- Up-to-date: /home/charvi/comp0250_s26_labs/install/cw1_world_spawner/share/cw1_world_spawner/cmake/export_cw1_world_spawner__rosidl_typesupport_fastrtps_cExport-release.cmake
[1.092s] -- Up-to-date: /home/charvi/comp0250_s26_labs/install/cw1_world_spawner/share/cw1_world_spawner/cmake/cw1_world_spawner__rosidl_typesupport_introspection_cExport.cmake
[1.093s] -- Up-to-date: /home/charvi/comp0250_s26_labs/install/cw1_world_spawner/share/cw1_world_spawner/cmake/cw1_world_spawner__rosidl_typesupport_introspection_cExport-release.cmake
[1.094s] -- Up-to-date: /home/charvi/comp0250_s26_labs/install/cw1_world_spawner/share/cw1_world_spawner/cmake/cw1_world_spawner__rosidl_typesupport_cExport.cmake
[1.095s] -- Up-to-date: /home/charvi/comp0250_s26_labs/install/cw1_world_spawner/share/cw1_world_spawner/cmake/cw1_world_spawner__rosidl_typesupport_cExport-release.cmake
[1.095s] -- Up-to-date: /home/charvi/comp0250_s26_labs/install/cw1_world_spawner/share/cw1_world_spawner/cmake/export_cw1_world_spawner__rosidl_generator_cppExport.cmake
[1.096s] -- Up-to-date: /home/charvi/comp0250_s26_labs/install/cw1_world_spawner/share/cw1_world_spawner/cmake/export_cw1_world_spawner__rosidl_typesupport_fastrtps_cppExport.cmake
[1.096s] -- Up-to-date: /home/charvi/comp0250_s26_labs/install/cw1_world_spawner/share/cw1_world_spawner/cmake/export_cw1_world_spawner__rosidl_typesupport_fastrtps_cppExport-release.cmake
[1.097s] -- Up-to-date: /home/charvi/comp0250_s26_labs/install/cw1_world_spawner/share/cw1_world_spawner/cmake/cw1_world_spawner__rosidl_typesupport_introspection_cppExport.cmake
[1.097s] -- Up-to-date: /home/charvi/comp0250_s26_labs/install/cw1_world_spawner/share/cw1_world_spawner/cmake/cw1_world_spawner__rosidl_typesupport_introspection_cppExport-release.cmake
[1.098s] -- Up-to-date: /home/charvi/comp0250_s26_labs/install/cw1_world_spawner/share/cw1_world_spawner/cmake/cw1_world_spawner__rosidl_typesupport_cppExport.cmake
[1.098s] -- Up-to-date: /home/charvi/comp0250_s26_labs/install/cw1_world_spawner/share/cw1_world_spawner/cmake/cw1_world_spawner__rosidl_typesupport_cppExport-release.cmake
[1.098s] -- Up-to-date: /home/charvi/comp0250_s26_labs/install/cw1_world_spawner/share/cw1_world_spawner/cmake/export_cw1_world_spawner__rosidl_generator_pyExport.cmake
[1.099s] -- Up-to-date: /home/charvi/comp0250_s26_labs/install/cw1_world_spawner/share/cw1_world_spawner/cmake/export_cw1_world_spawner__rosidl_generator_pyExport-release.cmake
[1.099s] -- Up-to-date: /home/charvi/comp0250_s26_labs/install/cw1_world_spawner/share/cw1_world_spawner/cmake/rosidl_cmake-extras.cmake
[1.099s] -- Up-to-date: /home/charvi/comp0250_s26_labs/install/cw1_world_spawner/share/cw1_world_spawner/cmake/ament_cmake_export_dependencies-extras.cmake
[1.100s] -- Up-to-date: /home/charvi/comp0250_s26_labs/install/cw1_world_spawner/share/cw1_world_spawner/cmake/ament_cmake_export_include_directories-extras.cmake
[1.100s] -- Up-to-date: /home/charvi/comp0250_s26_labs/install/cw1_world_spawner/share/cw1_world_spawner/cmake/ament_cmake_export_libraries-extras.cmake
[1.100s] -- Up-to-date: /home/charvi/comp0250_s26_labs/install/cw1_world_spawner/share/cw1_world_spawner/cmake/ament_cmake_export_targets-extras.cmake
[1.101s] -- Up-to-date: /home/charvi/comp0250_s26_labs/install/cw1_world_spawner/share/cw1_world_spawner/cmake/rosidl_cmake_export_typesupport_targets-extras.cmake
[1.101s] -- Up-to-date: /home/charvi/comp0250_s26_labs/install/cw1_world_spawner/share/cw1_world_spawner/cmake/rosidl_cmake_export_typesupport_libraries-extras.cmake
[1.102s] -- Up-to-date: /home/charvi/comp0250_s26_labs/install/cw1_world_spawner/share/cw1_world_spawner/cmake/cw1_world_spawnerConfig.cmake
[1.102s] -- Up-to-date: /home/charvi/comp0250_s26_labs/install/cw1_world_spawner/share/cw1_world_spawner/cmake/cw1_world_spawnerConfig-version.cmake
[1.102s] -- Up-to-date: /home/charvi/comp0250_s26_labs/install/cw1_world_spawner/share/cw1_world_spawner/package.xml
[1.103s] Invoked command in '/home/charvi/comp0250_s26_labs/build/cw1_world_spawner' returned '0': CMAKE_PREFIX_PATH=${CMAKE_PREFIX_PATH}:/opt/ros/humble /usr/bin/cmake --install /home/charvi/comp0250_s26_labs/build/cw1_world_spawner
