[0.020s] Invoking command in '/home/charvi/comp0250_s26_labs/build/realsense_gazebo_plugin': CMAKE_PREFIX_PATH=${CMAKE_PREFIX_PATH}:/opt/ros/humble /usr/bin/cmake --build /home/charvi/comp0250_s26_labs/build/realsense_gazebo_plugin -- -j12 -l12
[0.140s] [100%] Built target realsense_gazebo_plugin
[0.163s] Invoked command in '/home/charvi/comp0250_s26_labs/build/realsense_gazebo_plugin' returned '0': CMAKE_PREFIX_PATH=${CMAKE_PREFIX_PATH}:/opt/ros/humble /usr/bin/cmake --build /home/charvi/comp0250_s26_labs/build/realsense_gazebo_plugin -- -j12 -l12
[0.165s] Invoking command in '/home/charvi/comp0250_s26_labs/build/realsense_gazebo_plugin': CMAKE_PREFIX_PATH=${CMAKE_PREFIX_PATH}:/opt/ros/humble /usr/bin/cmake --install /home/charvi/comp0250_s26_labs/build/realsense_gazebo_plugin
[0.174s] -- Install configuration: "Release"
[0.174s] -- Up-to-date: /home/charvi/comp0250_s26_labs/install/realsense_gazebo_plugin/lib/librealsense_gazebo_plugin.so
[0.175s] -- Up-to-date: /home/charvi/comp0250_s26_labs/install/realsense_gazebo_plugin/include/
[0.175s] -- Up-to-date: /home/charvi/comp0250_s26_labs/install/realsense_gazebo_plugin/include//realsense_gazebo_plugin
[0.175s] -- Up-to-date: /home/charvi/comp0250_s26_labs/install/realsense_gazebo_plugin/include//realsense_gazebo_plugin/gazebo_ros_realsense.hpp
[0.175s] -- Up-to-date: /home/charvi/comp0250_s26_labs/install/realsense_gazebo_plugin/include//realsense_gazebo_plugin/RealSensePlugin.hpp
[0.176s] -- Up-to-date: /home/charvi/comp0250_s26_labs/install/realsense_gazebo_plugin/share/realsense_gazebo_plugin/models
[0.176s] -- Up-to-date: /home/charvi/comp0250_s26_labs/install/realsense_gazebo_plugin/share/realsense_gazebo_plugin/models/realsense_camera
[0.176s] -- Up-to-date: /home/charvi/comp0250_s26_labs/install/realsense_gazebo_plugin/share/realsense_gazebo_plugin/models/realsense_camera/model.sdf
[0.176s] -- Up-to-date: /home/charvi/comp0250_s26_labs/install/realsense_gazebo_plugin/share/realsense_gazebo_plugin/models/realsense_camera/materials
[0.176s] -- Up-to-date: /home/charvi/comp0250_s26_labs/install/realsense_gazebo_plugin/share/realsense_gazebo_plugin/models/realsense_camera/materials/textures
[0.176s] -- Up-to-date: /home/charvi/comp0250_s26_labs/install/realsense_gazebo_plugin/share/realsense_gazebo_plugin/models/realsense_camera/materials/textures/realsense_diffuse.png
[0.177s] -- Up-to-date: /home/charvi/comp0250_s26_labs/install/realsense_gazebo_plugin/share/realsense_gazebo_plugin/models/realsense_camera/meshes
[0.177s] -- Up-to-date: /home/charvi/comp0250_s26_labs/install/realsense_gazebo_plugin/share/realsense_gazebo_plugin/models/realsense_camera/meshes/realsense.dae
[0.177s] -- Up-to-date: /home/charvi/comp0250_s26_labs/install/realsense_gazebo_plugin/share/realsense_gazebo_plugin/models/realsense_camera/model.config
[0.177s] -- Up-to-date: /home/charvi/comp0250_s26_labs/install/realsense_gazebo_plugin/share/realsense_gazebo_plugin/urdf
[0.177s] -- Up-to-date: /home/charvi/comp0250_s26_labs/install/realsense_gazebo_plugin/share/realsense_gazebo_plugin/urdf/realsense-D435.macro.xacro
[0.177s] -- Up-to-date: /home/charvi/comp0250_s26_labs/install/realsense_gazebo_plugin/share/realsense_gazebo_plugin/urdf/d435_simulation.xacro
[0.177s] -- Up-to-date: /home/charvi/comp0250_s26_labs/install/realsense_gazebo_plugin/share/realsense_gazebo_plugin/urdf/multi_d435_simulation.xacro
[0.178s] -- Up-to-date: /home/charvi/comp0250_s26_labs/install/realsense_gazebo_plugin/share/realsense_gazebo_plugin/worlds
[0.178s] -- Up-to-date: /home/charvi/comp0250_s26_labs/install/realsense_gazebo_plugin/share/realsense_gazebo_plugin/worlds/realsense.world
[0.178s] -- Up-to-date: /home/charvi/comp0250_s26_labs/install/realsense_gazebo_plugin/share/realsense_gazebo_plugin/environment/library_path.sh
[0.178s] -- Up-to-date: /home/charvi/comp0250_s26_labs/install/realsense_gazebo_plugin/share/realsense_gazebo_plugin/environment/library_path.dsv
[0.178s] -- Up-to-date: /home/charvi/comp0250_s26_labs/install/realsense_gazebo_plugin/share/ament_index/resource_index/package_run_dependencies/realsense_gazebo_plugin
[0.178s] -- Up-to-date: /home/charvi/comp0250_s26_labs/install/realsense_gazebo_plugin/share/ament_index/resource_index/parent_prefix_path/realsense_gazebo_plugin
[0.178s] -- Up-to-date: /home/charvi/comp0250_s26_labs/install/realsense_gazebo_plugin/share/realsense_gazebo_plugin/environment/ament_prefix_path.sh
[0.178s] -- Up-to-date: /home/charvi/comp0250_s26_labs/install/realsense_gazebo_plugin/share/realsense_gazebo_plugin/environment/ament_prefix_path.dsv
[0.179s] -- Up-to-date: /home/charvi/comp0250_s26_labs/install/realsense_gazebo_plugin/share/realsense_gazebo_plugin/environment/path.sh
[0.179s] -- Up-to-date: /home/charvi/comp0250_s26_labs/install/realsense_gazebo_plugin/share/realsense_gazebo_plugin/environment/path.dsv
[0.179s] -- Up-to-date: /home/charvi/comp0250_s26_labs/install/realsense_gazebo_plugin/share/realsense_gazebo_plugin/local_setup.bash
[0.180s] -- Up-to-date: /home/charvi/comp0250_s26_labs/install/realsense_gazebo_plugin/share/realsense_gazebo_plugin/local_setup.sh
[0.181s] -- Up-to-date: /home/charvi/comp0250_s26_labs/install/realsense_gazebo_plugin/share/realsense_gazebo_plugin/local_setup.zsh
[0.181s] -- Up-to-date: /home/charvi/comp0250_s26_labs/install/realsense_gazebo_plugin/share/realsense_gazebo_plugin/local_setup.dsv
[0.181s] -- Installing: /home/charvi/comp0250_s26_labs/install/realsense_gazebo_plugin/share/realsense_gazebo_plugin/package.dsv
[0.182s] -- Up-to-date: /home/charvi/comp0250_s26_labs/install/realsense_gazebo_plugin/share/ament_index/resource_index/packages/realsense_gazebo_plugin
[0.182s] -- Up-to-date: /home/charvi/comp0250_s26_labs/install/realsense_gazebo_plugin/share/realsense_gazebo_plugin/cmake/ament_cmake_export_include_directories-extras.cmake
[0.182s] -- Up-to-date: /home/charvi/comp0250_s26_labs/install/realsense_gazebo_plugin/share/realsense_gazebo_plugin/cmake/ament_cmake_export_libraries-extras.cmake
[0.182s] -- Up-to-date: /home/charvi/comp0250_s26_labs/install/realsense_gazebo_plugin/share/realsense_gazebo_plugin/cmake/realsense_gazebo_pluginConfig.cmake
[0.182s] -- Up-to-date: /home/charvi/comp0250_s26_labs/install/realsense_gazebo_plugin/share/realsense_gazebo_plugin/cmake/realsense_gazebo_pluginConfig-version.cmake
[0.183s] -- Up-to-date: /home/charvi/comp0250_s26_labs/install/realsense_gazebo_plugin/share/realsense_gazebo_plugin/package.xml
[0.183s] Invoked command in '/home/charvi/comp0250_s26_labs/build/realsense_gazebo_plugin' returned '0': CMAKE_PREFIX_PATH=${CMAKE_PREFIX_PATH}:/opt/ros/humble /usr/bin/cmake --install /home/charvi/comp0250_s26_labs/build/realsense_gazebo_plugin
