[0.165s] DEBUG:colcon:Command line arguments: ['/usr/bin/colcon', 'build', '--mixin', 'release']
[0.165s] DEBUG:colcon:Parsed command line arguments: Namespace(log_base=None, log_level=None, verb_name='build', build_base='build', install_base='install', merge_install=False, symlink_install=False, test_result_base=None, continue_on_error=False, executor='parallel', parallel_workers=12, event_handlers=None, ignore_user_meta=False, metas=['./colcon.meta'], base_paths=['.'], packages_ignore=None, packages_ignore_regex=None, paths=None, packages_up_to=None, packages_up_to_regex=None, packages_above=None, packages_above_and_dependencies=None, packages_above_depth=None, packages_select_by_dep=None, packages_skip_by_dep=None, packages_skip_up_to=None, packages_select_build_failed=False, packages_skip_build_finished=False, packages_select_test_failures=False, packages_skip_test_passed=False, packages_select=None, packages_skip=None, packages_select_regex=None, packages_skip_regex=None, packages_start=None, packages_end=None, allow_overriding=[], cmake_args=['-DCMAKE_BUILD_TYPE=Release'], cmake_target=None, cmake_target_skip_unavailable=False, cmake_clean_cache=False, cmake_clean_first=False, cmake_force_configure=False, ament_cmake_args=None, catkin_cmake_args=None, catkin_skip_building_tests=False, mixin_files=None, mixin=['release'], verb_parser=<colcon_mixin.mixin.mixin_argument.MixinArgumentDecorator object at 0x7eb540219180>, verb_extension=<colcon_core.verb.build.BuildVerb object at 0x7eb540218cd0>, main=<bound method BuildVerb.main of <colcon_core.verb.build.BuildVerb object at 0x7eb540218cd0>>, mixin_verb=('build',))
[0.197s] Level 1:colcon.colcon_core.package_discovery:discover_packages(colcon_meta) check parameters
[0.197s] Level 1:colcon.colcon_core.package_discovery:discover_packages(recursive) check parameters
[0.197s] Level 1:colcon.colcon_core.package_discovery:discover_packages(ignore) check parameters
[0.197s] Level 1:colcon.colcon_core.package_discovery:discover_packages(path) check parameters
[0.197s] Level 1:colcon.colcon_core.package_discovery:discover_packages(colcon_meta) discover
[0.197s] Level 1:colcon.colcon_core.package_discovery:discover_packages(recursive) discover
[0.198s] INFO:colcon.colcon_core.package_discovery:Crawling recursively for packages in '/home/charvi/comp0250_s26_labs'
[0.198s] Level 1:colcon.colcon_core.package_identification:_identify(.) by extensions ['ignore', 'ignore_ament_install']
[0.198s] Level 1:colcon.colcon_core.package_identification:_identify(.) by extension 'ignore'
[0.198s] Level 1:colcon.colcon_core.package_identification:_identify(.) by extension 'ignore_ament_install'
[0.198s] Level 1:colcon.colcon_core.package_identification:_identify(.) by extensions ['colcon_pkg']
[0.198s] Level 1:colcon.colcon_core.package_identification:_identify(.) by extension 'colcon_pkg'
[0.198s] Level 1:colcon.colcon_core.package_identification:_identify(.) by extensions ['colcon_meta']
[0.198s] Level 1:colcon.colcon_core.package_identification:_identify(.) by extension 'colcon_meta'
[0.198s] Level 1:colcon.colcon_core.package_identification:_identify(.) by extensions ['ros']
[0.198s] Level 1:colcon.colcon_core.package_identification:_identify(.) by extension 'ros'
[0.210s] Level 1:colcon.colcon_core.package_identification:_identify(.) by extensions ['cmake', 'python']
[0.210s] Level 1:colcon.colcon_core.package_identification:_identify(.) by extension 'cmake'
[0.210s] Level 1:colcon.colcon_core.package_identification:_identify(.) by extension 'python'
[0.210s] Level 1:colcon.colcon_core.package_identification:_identify(.) by extensions ['python_setup_py']
[0.210s] Level 1:colcon.colcon_core.package_identification:_identify(.) by extension 'python_setup_py'
[0.211s] Level 1:colcon.colcon_core.package_identification:_identify(build) by extensions ['ignore', 'ignore_ament_install']
[0.211s] Level 1:colcon.colcon_core.package_identification:_identify(build) by extension 'ignore'
[0.211s] Level 1:colcon.colcon_core.package_identification:_identify(build) ignored
[0.211s] Level 1:colcon.colcon_core.package_identification:_identify(courseworks) by extensions ['ignore', 'ignore_ament_install']
[0.211s] Level 1:colcon.colcon_core.package_identification:_identify(courseworks) by extension 'ignore'
[0.211s] Level 1:colcon.colcon_core.package_identification:_identify(courseworks) by extension 'ignore_ament_install'
[0.211s] Level 1:colcon.colcon_core.package_identification:_identify(courseworks) by extensions ['colcon_pkg']
[0.211s] Level 1:colcon.colcon_core.package_identification:_identify(courseworks) by extension 'colcon_pkg'
[0.211s] Level 1:colcon.colcon_core.package_identification:_identify(courseworks) by extensions ['colcon_meta']
[0.211s] Level 1:colcon.colcon_core.package_identification:_identify(courseworks) by extension 'colcon_meta'
[0.211s] Level 1:colcon.colcon_core.package_identification:_identify(courseworks) by extensions ['ros']
[0.211s] Level 1:colcon.colcon_core.package_identification:_identify(courseworks) by extension 'ros'
[0.211s] Level 1:colcon.colcon_core.package_identification:_identify(courseworks) by extensions ['cmake', 'python']
[0.211s] Level 1:colcon.colcon_core.package_identification:_identify(courseworks) by extension 'cmake'
[0.211s] Level 1:colcon.colcon_core.package_identification:_identify(courseworks) by extension 'python'
[0.211s] Level 1:colcon.colcon_core.package_identification:_identify(courseworks) by extensions ['python_setup_py']
[0.211s] Level 1:colcon.colcon_core.package_identification:_identify(courseworks) by extension 'python_setup_py'
[0.211s] Level 1:colcon.colcon_core.package_identification:_identify(courseworks/cw1_team_30) by extensions ['ignore', 'ignore_ament_install']
[0.211s] Level 1:colcon.colcon_core.package_identification:_identify(courseworks/cw1_team_30) by extension 'ignore'
[0.212s] Level 1:colcon.colcon_core.package_identification:_identify(courseworks/cw1_team_30) by extension 'ignore_ament_install'
[0.212s] Level 1:colcon.colcon_core.package_identification:_identify(courseworks/cw1_team_30) by extensions ['colcon_pkg']
[0.212s] Level 1:colcon.colcon_core.package_identification:_identify(courseworks/cw1_team_30) by extension 'colcon_pkg'
[0.212s] Level 1:colcon.colcon_core.package_identification:_identify(courseworks/cw1_team_30) by extensions ['colcon_meta']
[0.212s] Level 1:colcon.colcon_core.package_identification:_identify(courseworks/cw1_team_30) by extension 'colcon_meta'
[0.212s] Level 1:colcon.colcon_core.package_identification:_identify(courseworks/cw1_team_30) by extensions ['ros']
[0.212s] Level 1:colcon.colcon_core.package_identification:_identify(courseworks/cw1_team_30) by extension 'ros'
[0.214s] DEBUG:colcon.colcon_core.package_identification:Package 'courseworks/cw1_team_30' with type 'ros.ament_cmake' and name 'cw1_team_30'
[0.214s] Level 1:colcon.colcon_core.package_identification:_identify(courseworks/cw1_world_spawner) by extensions ['ignore', 'ignore_ament_install']
[0.215s] Level 1:colcon.colcon_core.package_identification:_identify(courseworks/cw1_world_spawner) by extension 'ignore'
[0.215s] Level 1:colcon.colcon_core.package_identification:_identify(courseworks/cw1_world_spawner) by extension 'ignore_ament_install'
[0.215s] Level 1:colcon.colcon_core.package_identification:_identify(courseworks/cw1_world_spawner) by extensions ['colcon_pkg']
[0.215s] Level 1:colcon.colcon_core.package_identification:_identify(courseworks/cw1_world_spawner) by extension 'colcon_pkg'
[0.215s] Level 1:colcon.colcon_core.package_identification:_identify(courseworks/cw1_world_spawner) by extensions ['colcon_meta']
[0.215s] Level 1:colcon.colcon_core.package_identification:_identify(courseworks/cw1_world_spawner) by extension 'colcon_meta'
[0.215s] Level 1:colcon.colcon_core.package_identification:_identify(courseworks/cw1_world_spawner) by extensions ['ros']
[0.215s] Level 1:colcon.colcon_core.package_identification:_identify(courseworks/cw1_world_spawner) by extension 'ros'
[0.215s] DEBUG:colcon.colcon_core.package_identification:Package 'courseworks/cw1_world_spawner' with type 'ros.ament_cmake' and name 'cw1_world_spawner'
[0.216s] Level 1:colcon.colcon_core.package_identification:_identify(courseworks/panda_description) by extensions ['ignore', 'ignore_ament_install']
[0.216s] Level 1:colcon.colcon_core.package_identification:_identify(courseworks/panda_description) by extension 'ignore'
[0.216s] Level 1:colcon.colcon_core.package_identification:_identify(courseworks/panda_description) by extension 'ignore_ament_install'
[0.216s] Level 1:colcon.colcon_core.package_identification:_identify(courseworks/panda_description) by extensions ['colcon_pkg']
[0.216s] Level 1:colcon.colcon_core.package_identification:_identify(courseworks/panda_description) by extension 'colcon_pkg'
[0.216s] Level 1:colcon.colcon_core.package_identification:_identify(courseworks/panda_description) by extensions ['colcon_meta']
[0.216s] Level 1:colcon.colcon_core.package_identification:_identify(courseworks/panda_description) by extension 'colcon_meta'
[0.216s] Level 1:colcon.colcon_core.package_identification:_identify(courseworks/panda_description) by extensions ['ros']
[0.216s] Level 1:colcon.colcon_core.package_identification:_identify(courseworks/panda_description) by extension 'ros'
[0.216s] DEBUG:colcon.colcon_core.package_identification:Package 'courseworks/panda_description' with type 'ros.ament_cmake' and name 'panda_description'
[0.216s] Level 1:colcon.colcon_core.package_identification:_identify(courseworks/panda_moveit_config) by extensions ['ignore', 'ignore_ament_install']
[0.217s] Level 1:colcon.colcon_core.package_identification:_identify(courseworks/panda_moveit_config) by extension 'ignore'
[0.217s] Level 1:colcon.colcon_core.package_identification:_identify(courseworks/panda_moveit_config) by extension 'ignore_ament_install'
[0.217s] Level 1:colcon.colcon_core.package_identification:_identify(courseworks/panda_moveit_config) by extensions ['colcon_pkg']
[0.217s] Level 1:colcon.colcon_core.package_identification:_identify(courseworks/panda_moveit_config) by extension 'colcon_pkg'
[0.217s] Level 1:colcon.colcon_core.package_identification:_identify(courseworks/panda_moveit_config) by extensions ['colcon_meta']
[0.217s] Level 1:colcon.colcon_core.package_identification:_identify(courseworks/panda_moveit_config) by extension 'colcon_meta'
[0.217s] Level 1:colcon.colcon_core.package_identification:_identify(courseworks/panda_moveit_config) by extensions ['ros']
[0.217s] Level 1:colcon.colcon_core.package_identification:_identify(courseworks/panda_moveit_config) by extension 'ros'
[0.218s] DEBUG:colcon.colcon_core.package_identification:Package 'courseworks/panda_moveit_config' with type 'ros.ament_cmake' and name 'panda_moveit_config'
[0.218s] Level 1:colcon.colcon_core.package_identification:_identify(courseworks/realsense_gazebo_plugin) by extensions ['ignore', 'ignore_ament_install']
[0.218s] Level 1:colcon.colcon_core.package_identification:_identify(courseworks/realsense_gazebo_plugin) by extension 'ignore'
[0.218s] Level 1:colcon.colcon_core.package_identification:_identify(courseworks/realsense_gazebo_plugin) by extension 'ignore_ament_install'
[0.218s] Level 1:colcon.colcon_core.package_identification:_identify(courseworks/realsense_gazebo_plugin) by extensions ['colcon_pkg']
[0.218s] Level 1:colcon.colcon_core.package_identification:_identify(courseworks/realsense_gazebo_plugin) by extension 'colcon_pkg'
[0.218s] Level 1:colcon.colcon_core.package_identification:_identify(courseworks/realsense_gazebo_plugin) by extensions ['colcon_meta']
[0.218s] Level 1:colcon.colcon_core.package_identification:_identify(courseworks/realsense_gazebo_plugin) by extension 'colcon_meta'
[0.218s] Level 1:colcon.colcon_core.package_identification:_identify(courseworks/realsense_gazebo_plugin) by extensions ['ros']
[0.218s] Level 1:colcon.colcon_core.package_identification:_identify(courseworks/realsense_gazebo_plugin) by extension 'ros'
[0.219s] DEBUG:colcon.colcon_core.package_identification:Package 'courseworks/realsense_gazebo_plugin' with type 'ros.ament_cmake' and name 'realsense_gazebo_plugin'
[0.219s] Level 1:colcon.colcon_core.package_identification:_identify(courseworks/rpl_panda_with_rs) by extensions ['ignore', 'ignore_ament_install']
[0.219s] Level 1:colcon.colcon_core.package_identification:_identify(courseworks/rpl_panda_with_rs) by extension 'ignore'
[0.219s] Level 1:colcon.colcon_core.package_identification:_identify(courseworks/rpl_panda_with_rs) by extension 'ignore_ament_install'
[0.219s] Level 1:colcon.colcon_core.package_identification:_identify(courseworks/rpl_panda_with_rs) by extensions ['colcon_pkg']
[0.219s] Level 1:colcon.colcon_core.package_identification:_identify(courseworks/rpl_panda_with_rs) by extension 'colcon_pkg'
[0.220s] Level 1:colcon.colcon_core.package_identification:_identify(courseworks/rpl_panda_with_rs) by extensions ['colcon_meta']
[0.220s] Level 1:colcon.colcon_core.package_identification:_identify(courseworks/rpl_panda_with_rs) by extension 'colcon_meta'
[0.220s] Level 1:colcon.colcon_core.package_identification:_identify(courseworks/rpl_panda_with_rs) by extensions ['ros']
[0.220s] Level 1:colcon.colcon_core.package_identification:_identify(courseworks/rpl_panda_with_rs) by extension 'ros'
[0.220s] DEBUG:colcon.colcon_core.package_identification:Package 'courseworks/rpl_panda_with_rs' with type 'ros.ament_cmake' and name 'rpl_panda_with_rs'
[0.220s] Level 1:colcon.colcon_core.package_identification:_identify(install) by extensions ['ignore', 'ignore_ament_install']
[0.220s] Level 1:colcon.colcon_core.package_identification:_identify(install) by extension 'ignore'
[0.220s] Level 1:colcon.colcon_core.package_identification:_identify(install) ignored
[0.221s] Level 1:colcon.colcon_core.package_identification:_identify(log) by extensions ['ignore', 'ignore_ament_install']
[0.221s] Level 1:colcon.colcon_core.package_identification:_identify(log) by extension 'ignore'
[0.221s] Level 1:colcon.colcon_core.package_identification:_identify(log) ignored
[0.221s] Level 1:colcon.colcon_core.package_identification:_identify(scripts) by extensions ['ignore', 'ignore_ament_install']
[0.221s] Level 1:colcon.colcon_core.package_identification:_identify(scripts) by extension 'ignore'
[0.221s] Level 1:colcon.colcon_core.package_identification:_identify(scripts) by extension 'ignore_ament_install'
[0.221s] Level 1:colcon.colcon_core.package_identification:_identify(scripts) by extensions ['colcon_pkg']
[0.221s] Level 1:colcon.colcon_core.package_identification:_identify(scripts) by extension 'colcon_pkg'
[0.221s] Level 1:colcon.colcon_core.package_identification:_identify(scripts) by extensions ['colcon_meta']
[0.221s] Level 1:colcon.colcon_core.package_identification:_identify(scripts) by extension 'colcon_meta'
[0.221s] Level 1:colcon.colcon_core.package_identification:_identify(scripts) by extensions ['ros']
[0.221s] Level 1:colcon.colcon_core.package_identification:_identify(scripts) by extension 'ros'
[0.221s] Level 1:colcon.colcon_core.package_identification:_identify(scripts) by extensions ['cmake', 'python']
[0.221s] Level 1:colcon.colcon_core.package_identification:_identify(scripts) by extension 'cmake'
[0.221s] Level 1:colcon.colcon_core.package_identification:_identify(scripts) by extension 'python'
[0.221s] Level 1:colcon.colcon_core.package_identification:_identify(scripts) by extensions ['python_setup_py']
[0.221s] Level 1:colcon.colcon_core.package_identification:_identify(scripts) by extension 'python_setup_py'
[0.221s] Level 1:colcon.colcon_core.package_discovery:discover_packages(recursive) using defaults
[0.221s] Level 1:colcon.colcon_core.package_discovery:discover_packages(ignore) discover
[0.221s] Level 1:colcon.colcon_core.package_discovery:discover_packages(ignore) using defaults
[0.221s] Level 1:colcon.colcon_core.package_discovery:discover_packages(path) discover
[0.221s] Level 1:colcon.colcon_core.package_discovery:discover_packages(path) using defaults
[0.239s] Level 1:colcon.colcon_core.package_discovery:discover_packages(prefix_path) check parameters
[0.239s] Level 1:colcon.colcon_core.package_discovery:discover_packages(prefix_path) discover
[0.241s] DEBUG:colcon.colcon_installed_package_information.package_discovery:Found 405 installed packages in /opt/ros/humble
[0.245s] Level 1:colcon.colcon_core.package_discovery:discover_packages(prefix_path) using defaults
[0.288s] Level 5:colcon.colcon_core.verb:set package 'cw1_world_spawner' build argument 'cmake_args' from command line to '['-DCMAKE_BUILD_TYPE=Release']'
[0.288s] Level 5:colcon.colcon_core.verb:set package 'cw1_world_spawner' build argument 'cmake_target' from command line to 'None'
[0.288s] Level 5:colcon.colcon_core.verb:set package 'cw1_world_spawner' build argument 'cmake_target_skip_unavailable' from command line to 'False'
[0.288s] Level 5:colcon.colcon_core.verb:set package 'cw1_world_spawner' build argument 'cmake_clean_cache' from command line to 'False'
[0.288s] Level 5:colcon.colcon_core.verb:set package 'cw1_world_spawner' build argument 'cmake_clean_first' from command line to 'False'
[0.288s] Level 5:colcon.colcon_core.verb:set package 'cw1_world_spawner' build argument 'cmake_force_configure' from command line to 'False'
[0.288s] Level 5:colcon.colcon_core.verb:set package 'cw1_world_spawner' build argument 'ament_cmake_args' from command line to 'None'
[0.288s] Level 5:colcon.colcon_core.verb:set package 'cw1_world_spawner' build argument 'catkin_cmake_args' from command line to 'None'
[0.288s] Level 5:colcon.colcon_core.verb:set package 'cw1_world_spawner' build argument 'catkin_skip_building_tests' from command line to 'False'
[0.288s] DEBUG:colcon.colcon_core.verb:Building package 'cw1_world_spawner' with the following arguments: {'ament_cmake_args': None, 'build_base': '/home/charvi/comp0250_s26_labs/build/cw1_world_spawner', 'catkin_cmake_args': None, 'catkin_skip_building_tests': False, 'cmake_args': ['-DCMAKE_BUILD_TYPE=Release'], 'cmake_clean_cache': False, 'cmake_clean_first': False, 'cmake_force_configure': False, 'cmake_target': None, 'cmake_target_skip_unavailable': False, 'install_base': '/home/charvi/comp0250_s26_labs/install/cw1_world_spawner', 'merge_install': False, 'path': '/home/charvi/comp0250_s26_labs/courseworks/cw1_world_spawner', 'symlink_install': False, 'test_result_base': None}
[0.289s] Level 5:colcon.colcon_core.verb:set package 'panda_description' build argument 'cmake_args' from command line to '['-DCMAKE_BUILD_TYPE=Release']'
[0.289s] Level 5:colcon.colcon_core.verb:set package 'panda_description' build argument 'cmake_target' from command line to 'None'
[0.289s] Level 5:colcon.colcon_core.verb:set package 'panda_description' build argument 'cmake_target_skip_unavailable' from command line to 'False'
[0.289s] Level 5:colcon.colcon_core.verb:set package 'panda_description' build argument 'cmake_clean_cache' from command line to 'False'
[0.289s] Level 5:colcon.colcon_core.verb:set package 'panda_description' build argument 'cmake_clean_first' from command line to 'False'
[0.289s] Level 5:colcon.colcon_core.verb:set package 'panda_description' build argument 'cmake_force_configure' from command line to 'False'
[0.289s] Level 5:colcon.colcon_core.verb:set package 'panda_description' build argument 'ament_cmake_args' from command line to 'None'
[0.289s] Level 5:colcon.colcon_core.verb:set package 'panda_description' build argument 'catkin_cmake_args' from command line to 'None'
[0.289s] Level 5:colcon.colcon_core.verb:set package 'panda_description' build argument 'catkin_skip_building_tests' from command line to 'False'
[0.289s] DEBUG:colcon.colcon_core.verb:Building package 'panda_description' with the following arguments: {'ament_cmake_args': None, 'build_base': '/home/charvi/comp0250_s26_labs/build/panda_description', 'catkin_cmake_args': None, 'catkin_skip_building_tests': False, 'cmake_args': ['-DCMAKE_BUILD_TYPE=Release'], 'cmake_clean_cache': False, 'cmake_clean_first': False, 'cmake_force_configure': False, 'cmake_target': None, 'cmake_target_skip_unavailable': False, 'install_base': '/home/charvi/comp0250_s26_labs/install/panda_description', 'merge_install': False, 'path': '/home/charvi/comp0250_s26_labs/courseworks/panda_description', 'symlink_install': False, 'test_result_base': None}
[0.289s] Level 5:colcon.colcon_core.verb:set package 'panda_moveit_config' build argument 'cmake_args' from command line to '['-DCMAKE_BUILD_TYPE=Release']'
[0.289s] Level 5:colcon.colcon_core.verb:set package 'panda_moveit_config' build argument 'cmake_target' from command line to 'None'
[0.289s] Level 5:colcon.colcon_core.verb:set package 'panda_moveit_config' build argument 'cmake_target_skip_unavailable' from command line to 'False'
[0.289s] Level 5:colcon.colcon_core.verb:set package 'panda_moveit_config' build argument 'cmake_clean_cache' from command line to 'False'
[0.289s] Level 5:colcon.colcon_core.verb:set package 'panda_moveit_config' build argument 'cmake_clean_first' from command line to 'False'
[0.289s] Level 5:colcon.colcon_core.verb:set package 'panda_moveit_config' build argument 'cmake_force_configure' from command line to 'False'
[0.289s] Level 5:colcon.colcon_core.verb:set package 'panda_moveit_config' build argument 'ament_cmake_args' from command line to 'None'
[0.289s] Level 5:colcon.colcon_core.verb:set package 'panda_moveit_config' build argument 'catkin_cmake_args' from command line to 'None'
[0.289s] Level 5:colcon.colcon_core.verb:set package 'panda_moveit_config' build argument 'catkin_skip_building_tests' from command line to 'False'
[0.289s] DEBUG:colcon.colcon_core.verb:Building package 'panda_moveit_config' with the following arguments: {'ament_cmake_args': None, 'build_base': '/home/charvi/comp0250_s26_labs/build/panda_moveit_config', 'catkin_cmake_args': None, 'catkin_skip_building_tests': False, 'cmake_args': ['-DCMAKE_BUILD_TYPE=Release'], 'cmake_clean_cache': False, 'cmake_clean_first': False, 'cmake_force_configure': False, 'cmake_target': None, 'cmake_target_skip_unavailable': False, 'install_base': '/home/charvi/comp0250_s26_labs/install/panda_moveit_config', 'merge_install': False, 'path': '/home/charvi/comp0250_s26_labs/courseworks/panda_moveit_config', 'symlink_install': False, 'test_result_base': None}
[0.290s] Level 5:colcon.colcon_core.verb:set package 'realsense_gazebo_plugin' build argument 'cmake_args' from command line to '['-DCMAKE_BUILD_TYPE=Release']'
[0.290s] Level 5:colcon.colcon_core.verb:set package 'realsense_gazebo_plugin' build argument 'cmake_target' from command line to 'None'
[0.290s] Level 5:colcon.colcon_core.verb:set package 'realsense_gazebo_plugin' build argument 'cmake_target_skip_unavailable' from command line to 'False'
[0.290s] Level 5:colcon.colcon_core.verb:set package 'realsense_gazebo_plugin' build argument 'cmake_clean_cache' from command line to 'False'
[0.290s] Level 5:colcon.colcon_core.verb:set package 'realsense_gazebo_plugin' build argument 'cmake_clean_first' from command line to 'False'
[0.290s] Level 5:colcon.colcon_core.verb:set package 'realsense_gazebo_plugin' build argument 'cmake_force_configure' from command line to 'False'
[0.290s] Level 5:colcon.colcon_core.verb:set package 'realsense_gazebo_plugin' build argument 'ament_cmake_args' from command line to 'None'
[0.290s] Level 5:colcon.colcon_core.verb:set package 'realsense_gazebo_plugin' build argument 'catkin_cmake_args' from command line to 'None'
[0.290s] Level 5:colcon.colcon_core.verb:set package 'realsense_gazebo_plugin' build argument 'catkin_skip_building_tests' from command line to 'False'
[0.290s] DEBUG:colcon.colcon_core.verb:Building package 'realsense_gazebo_plugin' with the following arguments: {'ament_cmake_args': None, 'build_base': '/home/charvi/comp0250_s26_labs/build/realsense_gazebo_plugin', 'catkin_cmake_args': None, 'catkin_skip_building_tests': False, 'cmake_args': ['-DCMAKE_BUILD_TYPE=Release'], 'cmake_clean_cache': False, 'cmake_clean_first': False, 'cmake_force_configure': False, 'cmake_target': None, 'cmake_target_skip_unavailable': False, 'install_base': '/home/charvi/comp0250_s26_labs/install/realsense_gazebo_plugin', 'merge_install': False, 'path': '/home/charvi/comp0250_s26_labs/courseworks/realsense_gazebo_plugin', 'symlink_install': False, 'test_result_base': None}
[0.290s] Level 5:colcon.colcon_core.verb:set package 'cw1_team_30' build argument 'cmake_args' from command line to '['-DCMAKE_BUILD_TYPE=Release']'
[0.290s] Level 5:colcon.colcon_core.verb:set package 'cw1_team_30' build argument 'cmake_target' from command line to 'None'
[0.290s] Level 5:colcon.colcon_core.verb:set package 'cw1_team_30' build argument 'cmake_target_skip_unavailable' from command line to 'False'
[0.290s] Level 5:colcon.colcon_core.verb:set package 'cw1_team_30' build argument 'cmake_clean_cache' from command line to 'False'
[0.290s] Level 5:colcon.colcon_core.verb:set package 'cw1_team_30' build argument 'cmake_clean_first' from command line to 'False'
[0.290s] Level 5:colcon.colcon_core.verb:set package 'cw1_team_30' build argument 'cmake_force_configure' from command line to 'False'
[0.290s] Level 5:colcon.colcon_core.verb:set package 'cw1_team_30' build argument 'ament_cmake_args' from command line to 'None'
[0.290s] Level 5:colcon.colcon_core.verb:set package 'cw1_team_30' build argument 'catkin_cmake_args' from command line to 'None'
[0.290s] Level 5:colcon.colcon_core.verb:set package 'cw1_team_30' build argument 'catkin_skip_building_tests' from command line to 'False'
[0.290s] DEBUG:colcon.colcon_core.verb:Building package 'cw1_team_30' with the following arguments: {'ament_cmake_args': None, 'build_base': '/home/charvi/comp0250_s26_labs/build/cw1_team_30', 'catkin_cmake_args': None, 'catkin_skip_building_tests': False, 'cmake_args': ['-DCMAKE_BUILD_TYPE=Release'], 'cmake_clean_cache': False, 'cmake_clean_first': False, 'cmake_force_configure': False, 'cmake_target': None, 'cmake_target_skip_unavailable': False, 'install_base': '/home/charvi/comp0250_s26_labs/install/cw1_team_30', 'merge_install': False, 'path': '/home/charvi/comp0250_s26_labs/courseworks/cw1_team_30', 'symlink_install': False, 'test_result_base': None}
[0.291s] Level 5:colcon.colcon_core.verb:set package 'rpl_panda_with_rs' build argument 'cmake_args' from command line to '['-DCMAKE_BUILD_TYPE=Release']'
[0.291s] Level 5:colcon.colcon_core.verb:set package 'rpl_panda_with_rs' build argument 'cmake_target' from command line to 'None'
[0.291s] Level 5:colcon.colcon_core.verb:set package 'rpl_panda_with_rs' build argument 'cmake_target_skip_unavailable' from command line to 'False'
[0.291s] Level 5:colcon.colcon_core.verb:set package 'rpl_panda_with_rs' build argument 'cmake_clean_cache' from command line to 'False'
[0.291s] Level 5:colcon.colcon_core.verb:set package 'rpl_panda_with_rs' build argument 'cmake_clean_first' from command line to 'False'
[0.291s] Level 5:colcon.colcon_core.verb:set package 'rpl_panda_with_rs' build argument 'cmake_force_configure' from command line to 'False'
[0.291s] Level 5:colcon.colcon_core.verb:set package 'rpl_panda_with_rs' build argument 'ament_cmake_args' from command line to 'None'
[0.291s] Level 5:colcon.colcon_core.verb:set package 'rpl_panda_with_rs' build argument 'catkin_cmake_args' from command line to 'None'
[0.291s] Level 5:colcon.colcon_core.verb:set package 'rpl_panda_with_rs' build argument 'catkin_skip_building_tests' from command line to 'False'
[0.291s] DEBUG:colcon.colcon_core.verb:Building package 'rpl_panda_with_rs' with the following arguments: {'ament_cmake_args': None, 'build_base': '/home/charvi/comp0250_s26_labs/build/rpl_panda_with_rs', 'catkin_cmake_args': None, 'catkin_skip_building_tests': False, 'cmake_args': ['-DCMAKE_BUILD_TYPE=Release'], 'cmake_clean_cache': False, 'cmake_clean_first': False, 'cmake_force_configure': False, 'cmake_target': None, 'cmake_target_skip_unavailable': False, 'install_base': '/home/charvi/comp0250_s26_labs/install/rpl_panda_with_rs', 'merge_install': False, 'path': '/home/charvi/comp0250_s26_labs/courseworks/rpl_panda_with_rs', 'symlink_install': False, 'test_result_base': None}
[0.291s] INFO:colcon.colcon_core.executor:Executing jobs using 'parallel' executor
[0.292s] DEBUG:colcon.colcon_parallel_executor.executor.parallel:run_until_complete
[0.292s] INFO:colcon.colcon_ros.task.ament_cmake.build:Building ROS package in '/home/charvi/comp0250_s26_labs/courseworks/cw1_world_spawner' with build type 'ament_cmake'
[0.292s] INFO:colcon.colcon_cmake.task.cmake.build:Building CMake package in '/home/charvi/comp0250_s26_labs/courseworks/cw1_world_spawner'
[0.294s] INFO:colcon.colcon_core.plugin_system:Skipping extension 'colcon_core.shell.bat': Not used on non-Windows systems
[0.294s] INFO:colcon.colcon_core.shell:Skip shell extension 'powershell' for command environment: Not usable outside of PowerShell
[0.294s] DEBUG:colcon.colcon_core.shell:Skip shell extension 'dsv' for command environment
[0.297s] INFO:colcon.colcon_ros.task.ament_cmake.build:Building ROS package in '/home/charvi/comp0250_s26_labs/courseworks/panda_moveit_config' with build type 'ament_cmake'
[0.297s] INFO:colcon.colcon_cmake.task.cmake.build:Building CMake package in '/home/charvi/comp0250_s26_labs/courseworks/panda_moveit_config'
[0.297s] INFO:colcon.colcon_core.shell:Skip shell extension 'powershell' for command environment: Not usable outside of PowerShell
[0.297s] DEBUG:colcon.colcon_core.shell:Skip shell extension 'dsv' for command environment
[0.300s] INFO:colcon.colcon_ros.task.ament_cmake.build:Building ROS package in '/home/charvi/comp0250_s26_labs/courseworks/realsense_gazebo_plugin' with build type 'ament_cmake'
[0.300s] INFO:colcon.colcon_cmake.task.cmake.build:Building CMake package in '/home/charvi/comp0250_s26_labs/courseworks/realsense_gazebo_plugin'
[0.301s] INFO:colcon.colcon_core.shell:Skip shell extension 'powershell' for command environment: Not usable outside of PowerShell
[0.301s] DEBUG:colcon.colcon_core.shell:Skip shell extension 'dsv' for command environment
[0.304s] INFO:colcon.colcon_ros.task.ament_cmake.build:Building ROS package in '/home/charvi/comp0250_s26_labs/courseworks/panda_description' with build type 'ament_cmake'
[0.304s] INFO:colcon.colcon_cmake.task.cmake.build:Building CMake package in '/home/charvi/comp0250_s26_labs/courseworks/panda_description'
[0.304s] INFO:colcon.colcon_core.shell:Skip shell extension 'powershell' for command environment: Not usable outside of PowerShell
[0.304s] DEBUG:colcon.colcon_core.shell:Skip shell extension 'dsv' for command environment
[0.320s] DEBUG:colcon.colcon_core.event_handler.log_command:Invoking command in '/home/charvi/comp0250_s26_labs/build/cw1_world_spawner': CMAKE_PREFIX_PATH=/opt/ros/humble /usr/bin/cmake --build /home/charvi/comp0250_s26_labs/build/cw1_world_spawner -- -j12 -l12
[0.324s] DEBUG:colcon.colcon_core.event_handler.log_command:Invoking command in '/home/charvi/comp0250_s26_labs/build/panda_moveit_config': CMAKE_PREFIX_PATH=/opt/ros/humble /usr/bin/cmake --build /home/charvi/comp0250_s26_labs/build/panda_moveit_config -- -j12 -l12
[0.327s] DEBUG:colcon.colcon_core.event_handler.log_command:Invoking command in '/home/charvi/comp0250_s26_labs/build/realsense_gazebo_plugin': CMAKE_PREFIX_PATH=/opt/ros/humble /usr/bin/cmake --build /home/charvi/comp0250_s26_labs/build/realsense_gazebo_plugin -- -j12 -l12
[0.331s] DEBUG:colcon.colcon_core.event_handler.log_command:Invoking command in '/home/charvi/comp0250_s26_labs/build/panda_description': CMAKE_PREFIX_PATH=/opt/ros/humble /usr/bin/cmake --build /home/charvi/comp0250_s26_labs/build/panda_description -- -j12 -l12
[0.360s] DEBUG:colcon.colcon_core.event_handler.log_command:Invoked command in '/home/charvi/comp0250_s26_labs/build/panda_moveit_config' returned '0': CMAKE_PREFIX_PATH=/opt/ros/humble /usr/bin/cmake --build /home/charvi/comp0250_s26_labs/build/panda_moveit_config -- -j12 -l12
[0.371s] DEBUG:colcon.colcon_core.event_handler.log_command:Invoking command in '/home/charvi/comp0250_s26_labs/build/panda_moveit_config': CMAKE_PREFIX_PATH=/opt/ros/humble /usr/bin/cmake --install /home/charvi/comp0250_s26_labs/build/panda_moveit_config
[0.374s] DEBUG:colcon.colcon_core.event_handler.log_command:Invoked command in '/home/charvi/comp0250_s26_labs/build/panda_description' returned '0': CMAKE_PREFIX_PATH=/opt/ros/humble /usr/bin/cmake --build /home/charvi/comp0250_s26_labs/build/panda_description -- -j12 -l12
[0.379s] DEBUG:colcon.colcon_core.event_handler.log_command:Invoking command in '/home/charvi/comp0250_s26_labs/build/panda_description': CMAKE_PREFIX_PATH=/opt/ros/humble /usr/bin/cmake --install /home/charvi/comp0250_s26_labs/build/panda_description
[0.395s] Level 1:colcon.colcon_core.environment:create_environment_scripts_only(panda_moveit_config)
[0.405s] Level 1:colcon.colcon_core.environment:checking '/home/charvi/comp0250_s26_labs/install/panda_moveit_config' for CMake module files
[0.406s] Level 1:colcon.colcon_core.environment:checking '/home/charvi/comp0250_s26_labs/install/panda_moveit_config' for CMake config files
[0.406s] Level 1:colcon.colcon_core.shell:create_environment_hook('panda_moveit_config', 'cmake_prefix_path')
[0.407s] INFO:colcon.colcon_core.shell:Creating environment hook '/home/charvi/comp0250_s26_labs/install/panda_moveit_config/share/panda_moveit_config/hook/cmake_prefix_path.ps1'
[0.410s] INFO:colcon.colcon_core.shell:Creating environment descriptor '/home/charvi/comp0250_s26_labs/install/panda_moveit_config/share/panda_moveit_config/hook/cmake_prefix_path.dsv'
[0.413s] INFO:colcon.colcon_core.shell:Creating environment hook '/home/charvi/comp0250_s26_labs/install/panda_moveit_config/share/panda_moveit_config/hook/cmake_prefix_path.sh'
[0.413s] DEBUG:colcon.colcon_core.event_handler.log_command:Invoked command in '/home/charvi/comp0250_s26_labs/build/panda_moveit_config' returned '0': CMAKE_PREFIX_PATH=/opt/ros/humble /usr/bin/cmake --install /home/charvi/comp0250_s26_labs/build/panda_moveit_config
[0.414s] Level 1:colcon.colcon_core.environment:checking '/home/charvi/comp0250_s26_labs/install/panda_moveit_config/bin'
[0.414s] Level 1:colcon.colcon_core.environment:checking '/home/charvi/comp0250_s26_labs/install/panda_moveit_config/lib/pkgconfig/panda_moveit_config.pc'
[0.415s] Level 1:colcon.colcon_core.environment:checking '/home/charvi/comp0250_s26_labs/install/panda_moveit_config/lib/python3.10/site-packages'
[0.415s] Level 1:colcon.colcon_core.environment:checking '/home/charvi/comp0250_s26_labs/install/panda_moveit_config/bin'
[0.415s] INFO:colcon.colcon_core.shell:Creating package script '/home/charvi/comp0250_s26_labs/install/panda_moveit_config/share/panda_moveit_config/package.ps1'
[0.416s] INFO:colcon.colcon_core.shell:Creating package descriptor '/home/charvi/comp0250_s26_labs/install/panda_moveit_config/share/panda_moveit_config/package.dsv'
[0.417s] INFO:colcon.colcon_core.shell:Creating package script '/home/charvi/comp0250_s26_labs/install/panda_moveit_config/share/panda_moveit_config/package.sh'
[0.418s] INFO:colcon.colcon_core.shell:Creating package script '/home/charvi/comp0250_s26_labs/install/panda_moveit_config/share/panda_moveit_config/package.bash'
[0.420s] INFO:colcon.colcon_core.shell:Creating package script '/home/charvi/comp0250_s26_labs/install/panda_moveit_config/share/panda_moveit_config/package.zsh'
[0.421s] Level 1:colcon.colcon_core.environment:create_file_with_runtime_dependencies(/home/charvi/comp0250_s26_labs/install/panda_moveit_config/share/colcon-core/packages/panda_moveit_config)
[0.422s] Level 1:colcon.colcon_core.environment:create_environment_scripts_only(panda_moveit_config)
[0.423s] Level 1:colcon.colcon_core.environment:checking '/home/charvi/comp0250_s26_labs/install/panda_moveit_config' for CMake module files
[0.423s] Level 1:colcon.colcon_core.environment:checking '/home/charvi/comp0250_s26_labs/install/panda_moveit_config' for CMake config files
[0.424s] Level 1:colcon.colcon_core.shell:create_environment_hook('panda_moveit_config', 'cmake_prefix_path')
[0.424s] INFO:colcon.colcon_core.shell:Creating environment hook '/home/charvi/comp0250_s26_labs/install/panda_moveit_config/share/panda_moveit_config/hook/cmake_prefix_path.ps1'
[0.424s] INFO:colcon.colcon_core.shell:Creating environment descriptor '/home/charvi/comp0250_s26_labs/install/panda_moveit_config/share/panda_moveit_config/hook/cmake_prefix_path.dsv'
[0.425s] INFO:colcon.colcon_core.shell:Creating environment hook '/home/charvi/comp0250_s26_labs/install/panda_moveit_config/share/panda_moveit_config/hook/cmake_prefix_path.sh'
[0.426s] Level 1:colcon.colcon_core.environment:checking '/home/charvi/comp0250_s26_labs/install/panda_moveit_config/bin'
[0.426s] Level 1:colcon.colcon_core.environment:checking '/home/charvi/comp0250_s26_labs/install/panda_moveit_config/lib/pkgconfig/panda_moveit_config.pc'
[0.426s] Level 1:colcon.colcon_core.environment:checking '/home/charvi/comp0250_s26_labs/install/panda_moveit_config/lib/python3.10/site-packages'
[0.427s] Level 1:colcon.colcon_core.environment:checking '/home/charvi/comp0250_s26_labs/install/panda_moveit_config/bin'
[0.427s] INFO:colcon.colcon_core.shell:Creating package script '/home/charvi/comp0250_s26_labs/install/panda_moveit_config/share/panda_moveit_config/package.ps1'
[0.428s] INFO:colcon.colcon_core.shell:Creating package descriptor '/home/charvi/comp0250_s26_labs/install/panda_moveit_config/share/panda_moveit_config/package.dsv'
[0.429s] INFO:colcon.colcon_core.shell:Creating package script '/home/charvi/comp0250_s26_labs/install/panda_moveit_config/share/panda_moveit_config/package.sh'
[0.429s] INFO:colcon.colcon_core.shell:Creating package script '/home/charvi/comp0250_s26_labs/install/panda_moveit_config/share/panda_moveit_config/package.bash'
[0.430s] INFO:colcon.colcon_core.shell:Creating package script '/home/charvi/comp0250_s26_labs/install/panda_moveit_config/share/panda_moveit_config/package.zsh'
[0.430s] Level 1:colcon.colcon_core.environment:create_file_with_runtime_dependencies(/home/charvi/comp0250_s26_labs/install/panda_moveit_config/share/colcon-core/packages/panda_moveit_config)
[0.432s] Level 1:colcon.colcon_core.environment:create_environment_scripts_only(panda_description)
[0.432s] Level 1:colcon.colcon_core.environment:checking '/home/charvi/comp0250_s26_labs/install/panda_description' for CMake module files
[0.433s] DEBUG:colcon.colcon_core.event_handler.log_command:Invoked command in '/home/charvi/comp0250_s26_labs/build/panda_description' returned '0': CMAKE_PREFIX_PATH=/opt/ros/humble /usr/bin/cmake --install /home/charvi/comp0250_s26_labs/build/panda_description
[0.433s] Level 1:colcon.colcon_core.environment:checking '/home/charvi/comp0250_s26_labs/install/panda_description' for CMake config files
[0.434s] Level 1:colcon.colcon_core.shell:create_environment_hook('panda_description', 'cmake_prefix_path')
[0.434s] INFO:colcon.colcon_core.shell:Creating environment hook '/home/charvi/comp0250_s26_labs/install/panda_description/share/panda_description/hook/cmake_prefix_path.ps1'
[0.435s] INFO:colcon.colcon_core.shell:Creating environment descriptor '/home/charvi/comp0250_s26_labs/install/panda_description/share/panda_description/hook/cmake_prefix_path.dsv'
[0.435s] INFO:colcon.colcon_core.shell:Creating environment hook '/home/charvi/comp0250_s26_labs/install/panda_description/share/panda_description/hook/cmake_prefix_path.sh'
[0.436s] Level 1:colcon.colcon_core.environment:checking '/home/charvi/comp0250_s26_labs/install/panda_description/bin'
[0.436s] Level 1:colcon.colcon_core.environment:checking '/home/charvi/comp0250_s26_labs/install/panda_description/lib/pkgconfig/panda_description.pc'
[0.436s] Level 1:colcon.colcon_core.environment:checking '/home/charvi/comp0250_s26_labs/install/panda_description/lib/python3.10/site-packages'
[0.437s] Level 1:colcon.colcon_core.environment:checking '/home/charvi/comp0250_s26_labs/install/panda_description/bin'
[0.438s] INFO:colcon.colcon_core.shell:Creating package script '/home/charvi/comp0250_s26_labs/install/panda_description/share/panda_description/package.ps1'
[0.438s] INFO:colcon.colcon_core.shell:Creating package descriptor '/home/charvi/comp0250_s26_labs/install/panda_description/share/panda_description/package.dsv'
[0.439s] INFO:colcon.colcon_core.shell:Creating package script '/home/charvi/comp0250_s26_labs/install/panda_description/share/panda_description/package.sh'
[0.439s] INFO:colcon.colcon_core.shell:Creating package script '/home/charvi/comp0250_s26_labs/install/panda_description/share/panda_description/package.bash'
[0.440s] INFO:colcon.colcon_core.shell:Creating package script '/home/charvi/comp0250_s26_labs/install/panda_description/share/panda_description/package.zsh'
[0.440s] Level 1:colcon.colcon_core.environment:create_file_with_runtime_dependencies(/home/charvi/comp0250_s26_labs/install/panda_description/share/colcon-core/packages/panda_description)
[0.441s] Level 1:colcon.colcon_core.environment:create_environment_scripts_only(panda_description)
[0.442s] Level 1:colcon.colcon_core.environment:checking '/home/charvi/comp0250_s26_labs/install/panda_description' for CMake module files
[0.443s] Level 1:colcon.colcon_core.environment:checking '/home/charvi/comp0250_s26_labs/install/panda_description' for CMake config files
[0.443s] Level 1:colcon.colcon_core.shell:create_environment_hook('panda_description', 'cmake_prefix_path')
[0.443s] INFO:colcon.colcon_core.shell:Creating environment hook '/home/charvi/comp0250_s26_labs/install/panda_description/share/panda_description/hook/cmake_prefix_path.ps1'
[0.444s] INFO:colcon.colcon_core.shell:Creating environment descriptor '/home/charvi/comp0250_s26_labs/install/panda_description/share/panda_description/hook/cmake_prefix_path.dsv'
[0.444s] INFO:colcon.colcon_core.shell:Creating environment hook '/home/charvi/comp0250_s26_labs/install/panda_description/share/panda_description/hook/cmake_prefix_path.sh'
[0.445s] Level 1:colcon.colcon_core.environment:checking '/home/charvi/comp0250_s26_labs/install/panda_description/bin'
[0.445s] Level 1:colcon.colcon_core.environment:checking '/home/charvi/comp0250_s26_labs/install/panda_description/lib/pkgconfig/panda_description.pc'
[0.446s] Level 1:colcon.colcon_core.environment:checking '/home/charvi/comp0250_s26_labs/install/panda_description/lib/python3.10/site-packages'
[0.446s] Level 1:colcon.colcon_core.environment:checking '/home/charvi/comp0250_s26_labs/install/panda_description/bin'
[0.447s] INFO:colcon.colcon_core.shell:Creating package script '/home/charvi/comp0250_s26_labs/install/panda_description/share/panda_description/package.ps1'
[0.448s] INFO:colcon.colcon_core.shell:Creating package descriptor '/home/charvi/comp0250_s26_labs/install/panda_description/share/panda_description/package.dsv'
[0.448s] INFO:colcon.colcon_core.shell:Creating package script '/home/charvi/comp0250_s26_labs/install/panda_description/share/panda_description/package.sh'
[0.449s] INFO:colcon.colcon_core.shell:Creating package script '/home/charvi/comp0250_s26_labs/install/panda_description/share/panda_description/package.bash'
[0.449s] INFO:colcon.colcon_core.shell:Creating package script '/home/charvi/comp0250_s26_labs/install/panda_description/share/panda_description/package.zsh'
[0.450s] Level 1:colcon.colcon_core.environment:create_file_with_runtime_dependencies(/home/charvi/comp0250_s26_labs/install/panda_description/share/colcon-core/packages/panda_description)
[0.463s] DEBUG:colcon.colcon_core.event_handler.log_command:Invoked command in '/home/charvi/comp0250_s26_labs/build/realsense_gazebo_plugin' returned '0': CMAKE_PREFIX_PATH=/opt/ros/humble /usr/bin/cmake --build /home/charvi/comp0250_s26_labs/build/realsense_gazebo_plugin -- -j12 -l12
[0.465s] DEBUG:colcon.colcon_core.event_handler.log_command:Invoking command in '/home/charvi/comp0250_s26_labs/build/realsense_gazebo_plugin': CMAKE_PREFIX_PATH=/opt/ros/humble /usr/bin/cmake --install /home/charvi/comp0250_s26_labs/build/realsense_gazebo_plugin
[0.477s] Level 1:colcon.colcon_core.environment:create_environment_scripts_only(realsense_gazebo_plugin)
[0.477s] Level 1:colcon.colcon_core.environment:checking '/home/charvi/comp0250_s26_labs/install/realsense_gazebo_plugin' for CMake module files
[0.479s] Level 1:colcon.colcon_core.environment:checking '/home/charvi/comp0250_s26_labs/install/realsense_gazebo_plugin' for CMake config files
[0.480s] DEBUG:colcon.colcon_core.event_handler.log_command:Invoked command in '/home/charvi/comp0250_s26_labs/build/realsense_gazebo_plugin' returned '0': CMAKE_PREFIX_PATH=/opt/ros/humble /usr/bin/cmake --install /home/charvi/comp0250_s26_labs/build/realsense_gazebo_plugin
[0.480s] Level 1:colcon.colcon_core.shell:create_environment_hook('realsense_gazebo_plugin', 'cmake_prefix_path')
[0.481s] INFO:colcon.colcon_core.shell:Creating environment hook '/home/charvi/comp0250_s26_labs/install/realsense_gazebo_plugin/share/realsense_gazebo_plugin/hook/cmake_prefix_path.ps1'
[0.481s] INFO:colcon.colcon_core.shell:Creating environment descriptor '/home/charvi/comp0250_s26_labs/install/realsense_gazebo_plugin/share/realsense_gazebo_plugin/hook/cmake_prefix_path.dsv'
[0.482s] INFO:colcon.colcon_core.shell:Creating environment hook '/home/charvi/comp0250_s26_labs/install/realsense_gazebo_plugin/share/realsense_gazebo_plugin/hook/cmake_prefix_path.sh'
[0.483s] Level 1:colcon.colcon_core.environment:checking '/home/charvi/comp0250_s26_labs/install/realsense_gazebo_plugin/lib'
[0.483s] Level 1:colcon.colcon_core.shell:create_environment_hook('realsense_gazebo_plugin', 'ld_library_path_lib')
[0.483s] INFO:colcon.colcon_core.shell:Creating environment hook '/home/charvi/comp0250_s26_labs/install/realsense_gazebo_plugin/share/realsense_gazebo_plugin/hook/ld_library_path_lib.ps1'
[0.484s] INFO:colcon.colcon_core.shell:Creating environment descriptor '/home/charvi/comp0250_s26_labs/install/realsense_gazebo_plugin/share/realsense_gazebo_plugin/hook/ld_library_path_lib.dsv'
[0.484s] INFO:colcon.colcon_core.shell:Creating environment hook '/home/charvi/comp0250_s26_labs/install/realsense_gazebo_plugin/share/realsense_gazebo_plugin/hook/ld_library_path_lib.sh'
[0.485s] Level 1:colcon.colcon_core.environment:checking '/home/charvi/comp0250_s26_labs/install/realsense_gazebo_plugin/bin'
[0.485s] Level 1:colcon.colcon_core.environment:checking '/home/charvi/comp0250_s26_labs/install/realsense_gazebo_plugin/lib/pkgconfig/realsense_gazebo_plugin.pc'
[0.485s] Level 1:colcon.colcon_core.environment:checking '/home/charvi/comp0250_s26_labs/install/realsense_gazebo_plugin/lib/python3.10/site-packages'
[0.486s] Level 1:colcon.colcon_core.environment:checking '/home/charvi/comp0250_s26_labs/install/realsense_gazebo_plugin/bin'
[0.486s] INFO:colcon.colcon_core.shell:Creating package script '/home/charvi/comp0250_s26_labs/install/realsense_gazebo_plugin/share/realsense_gazebo_plugin/package.ps1'
[0.487s] INFO:colcon.colcon_core.shell:Creating package descriptor '/home/charvi/comp0250_s26_labs/install/realsense_gazebo_plugin/share/realsense_gazebo_plugin/package.dsv'
[0.488s] INFO:colcon.colcon_core.shell:Creating package script '/home/charvi/comp0250_s26_labs/install/realsense_gazebo_plugin/share/realsense_gazebo_plugin/package.sh'
[0.488s] INFO:colcon.colcon_core.shell:Creating package script '/home/charvi/comp0250_s26_labs/install/realsense_gazebo_plugin/share/realsense_gazebo_plugin/package.bash'
[0.489s] INFO:colcon.colcon_core.shell:Creating package script '/home/charvi/comp0250_s26_labs/install/realsense_gazebo_plugin/share/realsense_gazebo_plugin/package.zsh'
[0.489s] Level 1:colcon.colcon_core.environment:create_file_with_runtime_dependencies(/home/charvi/comp0250_s26_labs/install/realsense_gazebo_plugin/share/colcon-core/packages/realsense_gazebo_plugin)
[0.490s] Level 1:colcon.colcon_core.environment:create_environment_scripts_only(realsense_gazebo_plugin)
[0.491s] Level 1:colcon.colcon_core.environment:checking '/home/charvi/comp0250_s26_labs/install/realsense_gazebo_plugin' for CMake module files
[0.491s] Level 1:colcon.colcon_core.environment:checking '/home/charvi/comp0250_s26_labs/install/realsense_gazebo_plugin' for CMake config files
[0.492s] Level 1:colcon.colcon_core.shell:create_environment_hook('realsense_gazebo_plugin', 'cmake_prefix_path')
[0.492s] INFO:colcon.colcon_core.shell:Creating environment hook '/home/charvi/comp0250_s26_labs/install/realsense_gazebo_plugin/share/realsense_gazebo_plugin/hook/cmake_prefix_path.ps1'
[0.493s] INFO:colcon.colcon_core.shell:Creating environment descriptor '/home/charvi/comp0250_s26_labs/install/realsense_gazebo_plugin/share/realsense_gazebo_plugin/hook/cmake_prefix_path.dsv'
[0.494s] INFO:colcon.colcon_core.shell:Creating environment hook '/home/charvi/comp0250_s26_labs/install/realsense_gazebo_plugin/share/realsense_gazebo_plugin/hook/cmake_prefix_path.sh'
[0.494s] Level 1:colcon.colcon_core.environment:checking '/home/charvi/comp0250_s26_labs/install/realsense_gazebo_plugin/lib'
[0.494s] Level 1:colcon.colcon_core.shell:create_environment_hook('realsense_gazebo_plugin', 'ld_library_path_lib')
[0.495s] INFO:colcon.colcon_core.shell:Creating environment hook '/home/charvi/comp0250_s26_labs/install/realsense_gazebo_plugin/share/realsense_gazebo_plugin/hook/ld_library_path_lib.ps1'
[0.495s] INFO:colcon.colcon_core.shell:Creating environment descriptor '/home/charvi/comp0250_s26_labs/install/realsense_gazebo_plugin/share/realsense_gazebo_plugin/hook/ld_library_path_lib.dsv'
[0.496s] INFO:colcon.colcon_core.shell:Creating environment hook '/home/charvi/comp0250_s26_labs/install/realsense_gazebo_plugin/share/realsense_gazebo_plugin/hook/ld_library_path_lib.sh'
[0.496s] Level 1:colcon.colcon_core.environment:checking '/home/charvi/comp0250_s26_labs/install/realsense_gazebo_plugin/bin'
[0.497s] Level 1:colcon.colcon_core.environment:checking '/home/charvi/comp0250_s26_labs/install/realsense_gazebo_plugin/lib/pkgconfig/realsense_gazebo_plugin.pc'
[0.497s] Level 1:colcon.colcon_core.environment:checking '/home/charvi/comp0250_s26_labs/install/realsense_gazebo_plugin/lib/python3.10/site-packages'
[0.498s] Level 1:colcon.colcon_core.environment:checking '/home/charvi/comp0250_s26_labs/install/realsense_gazebo_plugin/bin'
[0.498s] INFO:colcon.colcon_core.shell:Creating package script '/home/charvi/comp0250_s26_labs/install/realsense_gazebo_plugin/share/realsense_gazebo_plugin/package.ps1'
[0.499s] INFO:colcon.colcon_core.shell:Creating package descriptor '/home/charvi/comp0250_s26_labs/install/realsense_gazebo_plugin/share/realsense_gazebo_plugin/package.dsv'
[0.500s] INFO:colcon.colcon_core.shell:Creating package script '/home/charvi/comp0250_s26_labs/install/realsense_gazebo_plugin/share/realsense_gazebo_plugin/package.sh'
[0.500s] INFO:colcon.colcon_core.shell:Creating package script '/home/charvi/comp0250_s26_labs/install/realsense_gazebo_plugin/share/realsense_gazebo_plugin/package.bash'
[0.501s] INFO:colcon.colcon_core.shell:Creating package script '/home/charvi/comp0250_s26_labs/install/realsense_gazebo_plugin/share/realsense_gazebo_plugin/package.zsh'
[0.502s] Level 1:colcon.colcon_core.environment:create_file_with_runtime_dependencies(/home/charvi/comp0250_s26_labs/install/realsense_gazebo_plugin/share/colcon-core/packages/realsense_gazebo_plugin)
[0.502s] INFO:colcon.colcon_ros.task.ament_cmake.build:Building ROS package in '/home/charvi/comp0250_s26_labs/courseworks/rpl_panda_with_rs' with build type 'ament_cmake'
[0.502s] INFO:colcon.colcon_cmake.task.cmake.build:Building CMake package in '/home/charvi/comp0250_s26_labs/courseworks/rpl_panda_with_rs'
[0.503s] INFO:colcon.colcon_core.shell:Skip shell extension 'powershell' for command environment: Not usable outside of PowerShell
[0.503s] DEBUG:colcon.colcon_core.shell:Skip shell extension 'dsv' for command environment
[0.518s] DEBUG:colcon.colcon_core.event_handler.log_command:Invoking command in '/home/charvi/comp0250_s26_labs/build/rpl_panda_with_rs': AMENT_PREFIX_PATH=/home/charvi/comp0250_s26_labs/install/realsense_gazebo_plugin:/home/charvi/comp0250_s26_labs/install/panda_moveit_config:${AMENT_PREFIX_PATH} CMAKE_PREFIX_PATH=/home/charvi/comp0250_s26_labs/install/realsense_gazebo_plugin:/home/charvi/comp0250_s26_labs/install/panda_moveit_config:/opt/ros/humble LD_LIBRARY_PATH=/home/charvi/comp0250_s26_labs/install/realsense_gazebo_plugin/lib:${LD_LIBRARY_PATH} /usr/bin/cmake --build /home/charvi/comp0250_s26_labs/build/rpl_panda_with_rs -- -j12 -l12
[0.555s] DEBUG:colcon.colcon_core.event_handler.log_command:Invoked command in '/home/charvi/comp0250_s26_labs/build/rpl_panda_with_rs' returned '0': AMENT_PREFIX_PATH=/home/charvi/comp0250_s26_labs/install/realsense_gazebo_plugin:/home/charvi/comp0250_s26_labs/install/panda_moveit_config:${AMENT_PREFIX_PATH} CMAKE_PREFIX_PATH=/home/charvi/comp0250_s26_labs/install/realsense_gazebo_plugin:/home/charvi/comp0250_s26_labs/install/panda_moveit_config:/opt/ros/humble LD_LIBRARY_PATH=/home/charvi/comp0250_s26_labs/install/realsense_gazebo_plugin/lib:${LD_LIBRARY_PATH} /usr/bin/cmake --build /home/charvi/comp0250_s26_labs/build/rpl_panda_with_rs -- -j12 -l12
[0.557s] DEBUG:colcon.colcon_core.event_handler.log_command:Invoking command in '/home/charvi/comp0250_s26_labs/build/rpl_panda_with_rs': AMENT_PREFIX_PATH=/home/charvi/comp0250_s26_labs/install/realsense_gazebo_plugin:/home/charvi/comp0250_s26_labs/install/panda_moveit_config:${AMENT_PREFIX_PATH} CMAKE_PREFIX_PATH=/home/charvi/comp0250_s26_labs/install/realsense_gazebo_plugin:/home/charvi/comp0250_s26_labs/install/panda_moveit_config:/opt/ros/humble LD_LIBRARY_PATH=/home/charvi/comp0250_s26_labs/install/realsense_gazebo_plugin/lib:${LD_LIBRARY_PATH} /usr/bin/cmake --install /home/charvi/comp0250_s26_labs/build/rpl_panda_with_rs
[0.567s] Level 1:colcon.colcon_core.environment:create_environment_scripts_only(rpl_panda_with_rs)
[0.567s] Level 1:colcon.colcon_core.environment:checking '/home/charvi/comp0250_s26_labs/install/rpl_panda_with_rs' for CMake module files
[0.569s] Level 1:colcon.colcon_core.environment:checking '/home/charvi/comp0250_s26_labs/install/rpl_panda_with_rs' for CMake config files
[0.570s] Level 1:colcon.colcon_core.shell:create_environment_hook('rpl_panda_with_rs', 'cmake_prefix_path')
[0.570s] INFO:colcon.colcon_core.shell:Creating environment hook '/home/charvi/comp0250_s26_labs/install/rpl_panda_with_rs/share/rpl_panda_with_rs/hook/cmake_prefix_path.ps1'
[0.571s] INFO:colcon.colcon_core.shell:Creating environment descriptor '/home/charvi/comp0250_s26_labs/install/rpl_panda_with_rs/share/rpl_panda_with_rs/hook/cmake_prefix_path.dsv'
[0.571s] INFO:colcon.colcon_core.shell:Creating environment hook '/home/charvi/comp0250_s26_labs/install/rpl_panda_with_rs/share/rpl_panda_with_rs/hook/cmake_prefix_path.sh'
[0.573s] Level 1:colcon.colcon_core.environment:checking '/home/charvi/comp0250_s26_labs/install/rpl_panda_with_rs/lib'
[0.573s] Level 1:colcon.colcon_core.environment:checking '/home/charvi/comp0250_s26_labs/install/rpl_panda_with_rs/bin'
[0.573s] Level 1:colcon.colcon_core.environment:checking '/home/charvi/comp0250_s26_labs/install/rpl_panda_with_rs/lib/pkgconfig/rpl_panda_with_rs.pc'
[0.573s] Level 1:colcon.colcon_core.environment:checking '/home/charvi/comp0250_s26_labs/install/rpl_panda_with_rs/lib/python3.10/site-packages'
[0.573s] Level 1:colcon.colcon_core.environment:checking '/home/charvi/comp0250_s26_labs/install/rpl_panda_with_rs/bin'
[0.574s] INFO:colcon.colcon_core.shell:Creating package script '/home/charvi/comp0250_s26_labs/install/rpl_panda_with_rs/share/rpl_panda_with_rs/package.ps1'
[0.575s] DEBUG:colcon.colcon_core.event_handler.log_command:Invoked command in '/home/charvi/comp0250_s26_labs/build/rpl_panda_with_rs' returned '0': AMENT_PREFIX_PATH=/home/charvi/comp0250_s26_labs/install/realsense_gazebo_plugin:/home/charvi/comp0250_s26_labs/install/panda_moveit_config:${AMENT_PREFIX_PATH} CMAKE_PREFIX_PATH=/home/charvi/comp0250_s26_labs/install/realsense_gazebo_plugin:/home/charvi/comp0250_s26_labs/install/panda_moveit_config:/opt/ros/humble LD_LIBRARY_PATH=/home/charvi/comp0250_s26_labs/install/realsense_gazebo_plugin/lib:${LD_LIBRARY_PATH} /usr/bin/cmake --install /home/charvi/comp0250_s26_labs/build/rpl_panda_with_rs
[0.575s] INFO:colcon.colcon_core.shell:Creating package descriptor '/home/charvi/comp0250_s26_labs/install/rpl_panda_with_rs/share/rpl_panda_with_rs/package.dsv'
[0.575s] INFO:colcon.colcon_core.shell:Creating package script '/home/charvi/comp0250_s26_labs/install/rpl_panda_with_rs/share/rpl_panda_with_rs/package.sh'
[0.576s] INFO:colcon.colcon_core.shell:Creating package script '/home/charvi/comp0250_s26_labs/install/rpl_panda_with_rs/share/rpl_panda_with_rs/package.bash'
[0.576s] INFO:colcon.colcon_core.shell:Creating package script '/home/charvi/comp0250_s26_labs/install/rpl_panda_with_rs/share/rpl_panda_with_rs/package.zsh'
[0.576s] Level 1:colcon.colcon_core.environment:create_file_with_runtime_dependencies(/home/charvi/comp0250_s26_labs/install/rpl_panda_with_rs/share/colcon-core/packages/rpl_panda_with_rs)
[0.577s] Level 1:colcon.colcon_core.environment:create_environment_scripts_only(rpl_panda_with_rs)
[0.577s] Level 1:colcon.colcon_core.environment:checking '/home/charvi/comp0250_s26_labs/install/rpl_panda_with_rs' for CMake module files
[0.577s] Level 1:colcon.colcon_core.environment:checking '/home/charvi/comp0250_s26_labs/install/rpl_panda_with_rs' for CMake config files
[0.578s] Level 1:colcon.colcon_core.shell:create_environment_hook('rpl_panda_with_rs', 'cmake_prefix_path')
[0.578s] INFO:colcon.colcon_core.shell:Creating environment hook '/home/charvi/comp0250_s26_labs/install/rpl_panda_with_rs/share/rpl_panda_with_rs/hook/cmake_prefix_path.ps1'
[0.578s] INFO:colcon.colcon_core.shell:Creating environment descriptor '/home/charvi/comp0250_s26_labs/install/rpl_panda_with_rs/share/rpl_panda_with_rs/hook/cmake_prefix_path.dsv'
[0.579s] INFO:colcon.colcon_core.shell:Creating environment hook '/home/charvi/comp0250_s26_labs/install/rpl_panda_with_rs/share/rpl_panda_with_rs/hook/cmake_prefix_path.sh'
[0.579s] Level 1:colcon.colcon_core.environment:checking '/home/charvi/comp0250_s26_labs/install/rpl_panda_with_rs/lib'
[0.579s] Level 1:colcon.colcon_core.environment:checking '/home/charvi/comp0250_s26_labs/install/rpl_panda_with_rs/bin'
[0.579s] Level 1:colcon.colcon_core.environment:checking '/home/charvi/comp0250_s26_labs/install/rpl_panda_with_rs/lib/pkgconfig/rpl_panda_with_rs.pc'
[0.579s] Level 1:colcon.colcon_core.environment:checking '/home/charvi/comp0250_s26_labs/install/rpl_panda_with_rs/lib/python3.10/site-packages'
[0.580s] Level 1:colcon.colcon_core.environment:checking '/home/charvi/comp0250_s26_labs/install/rpl_panda_with_rs/bin'
[0.580s] INFO:colcon.colcon_core.shell:Creating package script '/home/charvi/comp0250_s26_labs/install/rpl_panda_with_rs/share/rpl_panda_with_rs/package.ps1'
[0.581s] INFO:colcon.colcon_core.shell:Creating package descriptor '/home/charvi/comp0250_s26_labs/install/rpl_panda_with_rs/share/rpl_panda_with_rs/package.dsv'
[0.581s] INFO:colcon.colcon_core.shell:Creating package script '/home/charvi/comp0250_s26_labs/install/rpl_panda_with_rs/share/rpl_panda_with_rs/package.sh'
[0.581s] INFO:colcon.colcon_core.shell:Creating package script '/home/charvi/comp0250_s26_labs/install/rpl_panda_with_rs/share/rpl_panda_with_rs/package.bash'
[0.582s] INFO:colcon.colcon_core.shell:Creating package script '/home/charvi/comp0250_s26_labs/install/rpl_panda_with_rs/share/rpl_panda_with_rs/package.zsh'
[0.582s] Level 1:colcon.colcon_core.environment:create_file_with_runtime_dependencies(/home/charvi/comp0250_s26_labs/install/rpl_panda_with_rs/share/colcon-core/packages/rpl_panda_with_rs)
[0.804s] DEBUG:colcon.colcon_core.event_handler.log_command:Invoked command in '/home/charvi/comp0250_s26_labs/build/cw1_world_spawner' returned '0': CMAKE_PREFIX_PATH=/opt/ros/humble /usr/bin/cmake --build /home/charvi/comp0250_s26_labs/build/cw1_world_spawner -- -j12 -l12
[0.806s] DEBUG:colcon.colcon_core.event_handler.log_command:Invoking command in '/home/charvi/comp0250_s26_labs/build/cw1_world_spawner': CMAKE_PREFIX_PATH=/opt/ros/humble /usr/bin/cmake --install /home/charvi/comp0250_s26_labs/build/cw1_world_spawner
[0.893s] Level 1:colcon.colcon_core.environment:create_environment_scripts_only(cw1_world_spawner)
[0.894s] Level 1:colcon.colcon_core.environment:checking '/home/charvi/comp0250_s26_labs/install/cw1_world_spawner' for CMake module files
[0.895s] DEBUG:colcon.colcon_core.event_handler.log_command:Invoked command in '/home/charvi/comp0250_s26_labs/build/cw1_world_spawner' returned '0': CMAKE_PREFIX_PATH=/opt/ros/humble /usr/bin/cmake --install /home/charvi/comp0250_s26_labs/build/cw1_world_spawner
[0.895s] Level 1:colcon.colcon_core.environment:checking '/home/charvi/comp0250_s26_labs/install/cw1_world_spawner' for CMake config files
[0.895s] Level 1:colcon.colcon_core.shell:create_environment_hook('cw1_world_spawner', 'cmake_prefix_path')
[0.896s] INFO:colcon.colcon_core.shell:Creating environment hook '/home/charvi/comp0250_s26_labs/install/cw1_world_spawner/share/cw1_world_spawner/hook/cmake_prefix_path.ps1'
[0.896s] INFO:colcon.colcon_core.shell:Creating environment descriptor '/home/charvi/comp0250_s26_labs/install/cw1_world_spawner/share/cw1_world_spawner/hook/cmake_prefix_path.dsv'
[0.896s] INFO:colcon.colcon_core.shell:Creating environment hook '/home/charvi/comp0250_s26_labs/install/cw1_world_spawner/share/cw1_world_spawner/hook/cmake_prefix_path.sh'
[0.897s] Level 1:colcon.colcon_core.environment:checking '/home/charvi/comp0250_s26_labs/install/cw1_world_spawner/lib'
[0.897s] Level 1:colcon.colcon_core.shell:create_environment_hook('cw1_world_spawner', 'ld_library_path_lib')
[0.897s] INFO:colcon.colcon_core.shell:Creating environment hook '/home/charvi/comp0250_s26_labs/install/cw1_world_spawner/share/cw1_world_spawner/hook/ld_library_path_lib.ps1'
[0.897s] INFO:colcon.colcon_core.shell:Creating environment descriptor '/home/charvi/comp0250_s26_labs/install/cw1_world_spawner/share/cw1_world_spawner/hook/ld_library_path_lib.dsv'
[0.898s] INFO:colcon.colcon_core.shell:Creating environment hook '/home/charvi/comp0250_s26_labs/install/cw1_world_spawner/share/cw1_world_spawner/hook/ld_library_path_lib.sh'
[0.898s] Level 1:colcon.colcon_core.environment:checking '/home/charvi/comp0250_s26_labs/install/cw1_world_spawner/bin'
[0.898s] Level 1:colcon.colcon_core.environment:checking '/home/charvi/comp0250_s26_labs/install/cw1_world_spawner/lib/pkgconfig/cw1_world_spawner.pc'
[0.898s] Level 1:colcon.colcon_core.environment:checking '/home/charvi/comp0250_s26_labs/install/cw1_world_spawner/lib/python3.10/site-packages'
[0.899s] Level 1:colcon.colcon_core.environment:checking '/home/charvi/comp0250_s26_labs/install/cw1_world_spawner/bin'
[0.899s] INFO:colcon.colcon_core.shell:Creating package script '/home/charvi/comp0250_s26_labs/install/cw1_world_spawner/share/cw1_world_spawner/package.ps1'
[0.899s] INFO:colcon.colcon_core.shell:Creating package descriptor '/home/charvi/comp0250_s26_labs/install/cw1_world_spawner/share/cw1_world_spawner/package.dsv'
[0.900s] INFO:colcon.colcon_core.shell:Creating package script '/home/charvi/comp0250_s26_labs/install/cw1_world_spawner/share/cw1_world_spawner/package.sh'
[0.900s] INFO:colcon.colcon_core.shell:Creating package script '/home/charvi/comp0250_s26_labs/install/cw1_world_spawner/share/cw1_world_spawner/package.bash'
[0.900s] INFO:colcon.colcon_core.shell:Creating package script '/home/charvi/comp0250_s26_labs/install/cw1_world_spawner/share/cw1_world_spawner/package.zsh'
[0.901s] Level 1:colcon.colcon_core.environment:create_file_with_runtime_dependencies(/home/charvi/comp0250_s26_labs/install/cw1_world_spawner/share/colcon-core/packages/cw1_world_spawner)
[0.901s] Level 1:colcon.colcon_core.environment:create_environment_scripts_only(cw1_world_spawner)
[0.901s] Level 1:colcon.colcon_core.environment:checking '/home/charvi/comp0250_s26_labs/install/cw1_world_spawner' for CMake module files
[0.902s] Level 1:colcon.colcon_core.environment:checking '/home/charvi/comp0250_s26_labs/install/cw1_world_spawner' for CMake config files
[0.902s] Level 1:colcon.colcon_core.shell:create_environment_hook('cw1_world_spawner', 'cmake_prefix_path')
[0.902s] INFO:colcon.colcon_core.shell:Creating environment hook '/home/charvi/comp0250_s26_labs/install/cw1_world_spawner/share/cw1_world_spawner/hook/cmake_prefix_path.ps1'
[0.903s] INFO:colcon.colcon_core.shell:Creating environment descriptor '/home/charvi/comp0250_s26_labs/install/cw1_world_spawner/share/cw1_world_spawner/hook/cmake_prefix_path.dsv'
[0.903s] INFO:colcon.colcon_core.shell:Creating environment hook '/home/charvi/comp0250_s26_labs/install/cw1_world_spawner/share/cw1_world_spawner/hook/cmake_prefix_path.sh'
[0.903s] Level 1:colcon.colcon_core.environment:checking '/home/charvi/comp0250_s26_labs/install/cw1_world_spawner/lib'
[0.904s] Level 1:colcon.colcon_core.shell:create_environment_hook('cw1_world_spawner', 'ld_library_path_lib')
[0.904s] INFO:colcon.colcon_core.shell:Creating environment hook '/home/charvi/comp0250_s26_labs/install/cw1_world_spawner/share/cw1_world_spawner/hook/ld_library_path_lib.ps1'
[0.904s] INFO:colcon.colcon_core.shell:Creating environment descriptor '/home/charvi/comp0250_s26_labs/install/cw1_world_spawner/share/cw1_world_spawner/hook/ld_library_path_lib.dsv'
[0.904s] INFO:colcon.colcon_core.shell:Creating environment hook '/home/charvi/comp0250_s26_labs/install/cw1_world_spawner/share/cw1_world_spawner/hook/ld_library_path_lib.sh'
[0.905s] Level 1:colcon.colcon_core.environment:checking '/home/charvi/comp0250_s26_labs/install/cw1_world_spawner/bin'
[0.905s] Level 1:colcon.colcon_core.environment:checking '/home/charvi/comp0250_s26_labs/install/cw1_world_spawner/lib/pkgconfig/cw1_world_spawner.pc'
[0.905s] Level 1:colcon.colcon_core.environment:checking '/home/charvi/comp0250_s26_labs/install/cw1_world_spawner/lib/python3.10/site-packages'
[0.905s] Level 1:colcon.colcon_core.environment:checking '/home/charvi/comp0250_s26_labs/install/cw1_world_spawner/bin'
[0.906s] INFO:colcon.colcon_core.shell:Creating package script '/home/charvi/comp0250_s26_labs/install/cw1_world_spawner/share/cw1_world_spawner/package.ps1'
[0.906s] INFO:colcon.colcon_core.shell:Creating package descriptor '/home/charvi/comp0250_s26_labs/install/cw1_world_spawner/share/cw1_world_spawner/package.dsv'
[0.906s] INFO:colcon.colcon_core.shell:Creating package script '/home/charvi/comp0250_s26_labs/install/cw1_world_spawner/share/cw1_world_spawner/package.sh'
[0.907s] INFO:colcon.colcon_core.shell:Creating package script '/home/charvi/comp0250_s26_labs/install/cw1_world_spawner/share/cw1_world_spawner/package.bash'
[0.907s] INFO:colcon.colcon_core.shell:Creating package script '/home/charvi/comp0250_s26_labs/install/cw1_world_spawner/share/cw1_world_spawner/package.zsh'
[0.908s] Level 1:colcon.colcon_core.environment:create_file_with_runtime_dependencies(/home/charvi/comp0250_s26_labs/install/cw1_world_spawner/share/colcon-core/packages/cw1_world_spawner)
[0.908s] INFO:colcon.colcon_ros.task.ament_cmake.build:Building ROS package in '/home/charvi/comp0250_s26_labs/courseworks/cw1_team_30' with build type 'ament_cmake'
[0.908s] INFO:colcon.colcon_cmake.task.cmake.build:Building CMake package in '/home/charvi/comp0250_s26_labs/courseworks/cw1_team_30'
[0.908s] INFO:colcon.colcon_core.shell:Skip shell extension 'powershell' for command environment: Not usable outside of PowerShell
[0.908s] DEBUG:colcon.colcon_core.shell:Skip shell extension 'dsv' for command environment
[0.916s] DEBUG:colcon.colcon_core.event_handler.log_command:Invoking command in '/home/charvi/comp0250_s26_labs/build/cw1_team_30': AMENT_PREFIX_PATH=/home/charvi/comp0250_s26_labs/install/cw1_world_spawner:${AMENT_PREFIX_PATH} CMAKE_PREFIX_PATH=/home/charvi/comp0250_s26_labs/install/cw1_world_spawner:/opt/ros/humble LD_LIBRARY_PATH=/home/charvi/comp0250_s26_labs/install/cw1_world_spawner/lib:${LD_LIBRARY_PATH} PYTHONPATH=/home/charvi/comp0250_s26_labs/install/cw1_world_spawner/local/lib/python3.10/dist-packages:${PYTHONPATH} /usr/bin/cmake /home/charvi/comp0250_s26_labs/courseworks/cw1_team_30 -DCMAKE_BUILD_TYPE=Release -DCMAKE_INSTALL_PREFIX=/home/charvi/comp0250_s26_labs/install/cw1_team_30
[10.661s] DEBUG:colcon.colcon_core.event_handler.log_command:Invoked command in '/home/charvi/comp0250_s26_labs/build/cw1_team_30' returned '0': AMENT_PREFIX_PATH=/home/charvi/comp0250_s26_labs/install/cw1_world_spawner:${AMENT_PREFIX_PATH} CMAKE_PREFIX_PATH=/home/charvi/comp0250_s26_labs/install/cw1_world_spawner:/opt/ros/humble LD_LIBRARY_PATH=/home/charvi/comp0250_s26_labs/install/cw1_world_spawner/lib:${LD_LIBRARY_PATH} PYTHONPATH=/home/charvi/comp0250_s26_labs/install/cw1_world_spawner/local/lib/python3.10/dist-packages:${PYTHONPATH} /usr/bin/cmake /home/charvi/comp0250_s26_labs/courseworks/cw1_team_30 -DCMAKE_BUILD_TYPE=Release -DCMAKE_INSTALL_PREFIX=/home/charvi/comp0250_s26_labs/install/cw1_team_30
[10.664s] DEBUG:colcon.colcon_core.event_handler.log_command:Invoking command in '/home/charvi/comp0250_s26_labs/build/cw1_team_30': AMENT_PREFIX_PATH=/home/charvi/comp0250_s26_labs/install/cw1_world_spawner:${AMENT_PREFIX_PATH} CMAKE_PREFIX_PATH=/home/charvi/comp0250_s26_labs/install/cw1_world_spawner:/opt/ros/humble LD_LIBRARY_PATH=/home/charvi/comp0250_s26_labs/install/cw1_world_spawner/lib:${LD_LIBRARY_PATH} PYTHONPATH=/home/charvi/comp0250_s26_labs/install/cw1_world_spawner/local/lib/python3.10/dist-packages:${PYTHONPATH} /usr/bin/cmake --build /home/charvi/comp0250_s26_labs/build/cw1_team_30 -- -j12 -l12
[29.508s] DEBUG:colcon.colcon_core.event_handler.log_command:Invoked command in '/home/charvi/comp0250_s26_labs/build/cw1_team_30' returned '0': AMENT_PREFIX_PATH=/home/charvi/comp0250_s26_labs/install/cw1_world_spawner:${AMENT_PREFIX_PATH} CMAKE_PREFIX_PATH=/home/charvi/comp0250_s26_labs/install/cw1_world_spawner:/opt/ros/humble LD_LIBRARY_PATH=/home/charvi/comp0250_s26_labs/install/cw1_world_spawner/lib:${LD_LIBRARY_PATH} PYTHONPATH=/home/charvi/comp0250_s26_labs/install/cw1_world_spawner/local/lib/python3.10/dist-packages:${PYTHONPATH} /usr/bin/cmake --build /home/charvi/comp0250_s26_labs/build/cw1_team_30 -- -j12 -l12
[29.511s] DEBUG:colcon.colcon_core.event_handler.log_command:Invoking command in '/home/charvi/comp0250_s26_labs/build/cw1_team_30': AMENT_PREFIX_PATH=/home/charvi/comp0250_s26_labs/install/cw1_world_spawner:${AMENT_PREFIX_PATH} CMAKE_PREFIX_PATH=/home/charvi/comp0250_s26_labs/install/cw1_world_spawner:/opt/ros/humble LD_LIBRARY_PATH=/home/charvi/comp0250_s26_labs/install/cw1_world_spawner/lib:${LD_LIBRARY_PATH} PYTHONPATH=/home/charvi/comp0250_s26_labs/install/cw1_world_spawner/local/lib/python3.10/dist-packages:${PYTHONPATH} /usr/bin/cmake --install /home/charvi/comp0250_s26_labs/build/cw1_team_30
[29.615s] Level 1:colcon.colcon_core.environment:create_environment_scripts_only(cw1_team_30)
[29.617s] Level 1:colcon.colcon_core.environment:checking '/home/charvi/comp0250_s26_labs/install/cw1_team_30' for CMake module files
[29.619s] DEBUG:colcon.colcon_core.event_handler.log_command:Invoked command in '/home/charvi/comp0250_s26_labs/build/cw1_team_30' returned '0': AMENT_PREFIX_PATH=/home/charvi/comp0250_s26_labs/install/cw1_world_spawner:${AMENT_PREFIX_PATH} CMAKE_PREFIX_PATH=/home/charvi/comp0250_s26_labs/install/cw1_world_spawner:/opt/ros/humble LD_LIBRARY_PATH=/home/charvi/comp0250_s26_labs/install/cw1_world_spawner/lib:${LD_LIBRARY_PATH} PYTHONPATH=/home/charvi/comp0250_s26_labs/install/cw1_world_spawner/local/lib/python3.10/dist-packages:${PYTHONPATH} /usr/bin/cmake --install /home/charvi/comp0250_s26_labs/build/cw1_team_30
[29.621s] Level 1:colcon.colcon_core.environment:checking '/home/charvi/comp0250_s26_labs/install/cw1_team_30' for CMake config files
[29.622s] Level 1:colcon.colcon_core.shell:create_environment_hook('cw1_team_30', 'cmake_prefix_path')
[29.623s] INFO:colcon.colcon_core.shell:Creating environment hook '/home/charvi/comp0250_s26_labs/install/cw1_team_30/share/cw1_team_30/hook/cmake_prefix_path.ps1'
[29.624s] INFO:colcon.colcon_core.shell:Creating environment descriptor '/home/charvi/comp0250_s26_labs/install/cw1_team_30/share/cw1_team_30/hook/cmake_prefix_path.dsv'
[29.626s] INFO:colcon.colcon_core.shell:Creating environment hook '/home/charvi/comp0250_s26_labs/install/cw1_team_30/share/cw1_team_30/hook/cmake_prefix_path.sh'
[29.627s] Level 1:colcon.colcon_core.environment:checking '/home/charvi/comp0250_s26_labs/install/cw1_team_30/lib'
[29.628s] Level 1:colcon.colcon_core.shell:create_environment_hook('cw1_team_30', 'ld_library_path_lib')
[29.629s] INFO:colcon.colcon_core.shell:Creating environment hook '/home/charvi/comp0250_s26_labs/install/cw1_team_30/share/cw1_team_30/hook/ld_library_path_lib.ps1'
[29.630s] INFO:colcon.colcon_core.shell:Creating environment descriptor '/home/charvi/comp0250_s26_labs/install/cw1_team_30/share/cw1_team_30/hook/ld_library_path_lib.dsv'
[29.631s] INFO:colcon.colcon_core.shell:Creating environment hook '/home/charvi/comp0250_s26_labs/install/cw1_team_30/share/cw1_team_30/hook/ld_library_path_lib.sh'
[29.632s] Level 1:colcon.colcon_core.environment:checking '/home/charvi/comp0250_s26_labs/install/cw1_team_30/bin'
[29.633s] Level 1:colcon.colcon_core.environment:checking '/home/charvi/comp0250_s26_labs/install/cw1_team_30/lib/pkgconfig/cw1_team_30.pc'
[29.633s] Level 1:colcon.colcon_core.environment:checking '/home/charvi/comp0250_s26_labs/install/cw1_team_30/lib/python3.10/site-packages'
[29.635s] Level 1:colcon.colcon_core.environment:checking '/home/charvi/comp0250_s26_labs/install/cw1_team_30/bin'
[29.636s] INFO:colcon.colcon_core.shell:Creating package script '/home/charvi/comp0250_s26_labs/install/cw1_team_30/share/cw1_team_30/package.ps1'
[29.638s] INFO:colcon.colcon_core.shell:Creating package descriptor '/home/charvi/comp0250_s26_labs/install/cw1_team_30/share/cw1_team_30/package.dsv'
[29.639s] INFO:colcon.colcon_core.shell:Creating package script '/home/charvi/comp0250_s26_labs/install/cw1_team_30/share/cw1_team_30/package.sh'
[29.641s] INFO:colcon.colcon_core.shell:Creating package script '/home/charvi/comp0250_s26_labs/install/cw1_team_30/share/cw1_team_30/package.bash'
[29.642s] INFO:colcon.colcon_core.shell:Creating package script '/home/charvi/comp0250_s26_labs/install/cw1_team_30/share/cw1_team_30/package.zsh'
[29.643s] Level 1:colcon.colcon_core.environment:create_file_with_runtime_dependencies(/home/charvi/comp0250_s26_labs/install/cw1_team_30/share/colcon-core/packages/cw1_team_30)
[29.645s] Level 1:colcon.colcon_core.environment:create_environment_scripts_only(cw1_team_30)
[29.646s] Level 1:colcon.colcon_core.environment:checking '/home/charvi/comp0250_s26_labs/install/cw1_team_30' for CMake module files
[29.648s] Level 1:colcon.colcon_core.environment:checking '/home/charvi/comp0250_s26_labs/install/cw1_team_30' for CMake config files
[29.649s] Level 1:colcon.colcon_core.shell:create_environment_hook('cw1_team_30', 'cmake_prefix_path')
[29.650s] INFO:colcon.colcon_core.shell:Creating environment hook '/home/charvi/comp0250_s26_labs/install/cw1_team_30/share/cw1_team_30/hook/cmake_prefix_path.ps1'
[29.652s] INFO:colcon.colcon_core.shell:Creating environment descriptor '/home/charvi/comp0250_s26_labs/install/cw1_team_30/share/cw1_team_30/hook/cmake_prefix_path.dsv'
[29.653s] INFO:colcon.colcon_core.shell:Creating environment hook '/home/charvi/comp0250_s26_labs/install/cw1_team_30/share/cw1_team_30/hook/cmake_prefix_path.sh'
[29.655s] Level 1:colcon.colcon_core.environment:checking '/home/charvi/comp0250_s26_labs/install/cw1_team_30/lib'
[29.655s] Level 1:colcon.colcon_core.shell:create_environment_hook('cw1_team_30', 'ld_library_path_lib')
[29.656s] INFO:colcon.colcon_core.shell:Creating environment hook '/home/charvi/comp0250_s26_labs/install/cw1_team_30/share/cw1_team_30/hook/ld_library_path_lib.ps1'
[29.657s] INFO:colcon.colcon_core.shell:Creating environment descriptor '/home/charvi/comp0250_s26_labs/install/cw1_team_30/share/cw1_team_30/hook/ld_library_path_lib.dsv'
[29.659s] INFO:colcon.colcon_core.shell:Creating environment hook '/home/charvi/comp0250_s26_labs/install/cw1_team_30/share/cw1_team_30/hook/ld_library_path_lib.sh'
[29.660s] Level 1:colcon.colcon_core.environment:checking '/home/charvi/comp0250_s26_labs/install/cw1_team_30/bin'
[29.660s] Level 1:colcon.colcon_core.environment:checking '/home/charvi/comp0250_s26_labs/install/cw1_team_30/lib/pkgconfig/cw1_team_30.pc'
[29.661s] Level 1:colcon.colcon_core.environment:checking '/home/charvi/comp0250_s26_labs/install/cw1_team_30/lib/python3.10/site-packages'
[29.663s] Level 1:colcon.colcon_core.environment:checking '/home/charvi/comp0250_s26_labs/install/cw1_team_30/bin'
[29.664s] INFO:colcon.colcon_core.shell:Creating package script '/home/charvi/comp0250_s26_labs/install/cw1_team_30/share/cw1_team_30/package.ps1'
[29.666s] INFO:colcon.colcon_core.shell:Creating package descriptor '/home/charvi/comp0250_s26_labs/install/cw1_team_30/share/cw1_team_30/package.dsv'
[29.668s] INFO:colcon.colcon_core.shell:Creating package script '/home/charvi/comp0250_s26_labs/install/cw1_team_30/share/cw1_team_30/package.sh'
[29.670s] INFO:colcon.colcon_core.shell:Creating package script '/home/charvi/comp0250_s26_labs/install/cw1_team_30/share/cw1_team_30/package.bash'
[29.671s] INFO:colcon.colcon_core.shell:Creating package script '/home/charvi/comp0250_s26_labs/install/cw1_team_30/share/cw1_team_30/package.zsh'
[29.673s] Level 1:colcon.colcon_core.environment:create_file_with_runtime_dependencies(/home/charvi/comp0250_s26_labs/install/cw1_team_30/share/colcon-core/packages/cw1_team_30)
[29.674s] DEBUG:colcon.colcon_parallel_executor.executor.parallel:closing loop
[29.675s] DEBUG:colcon.colcon_parallel_executor.executor.parallel:loop closed
[29.675s] DEBUG:colcon.colcon_parallel_executor.executor.parallel:run_until_complete finished with '0'
[29.675s] DEBUG:colcon.colcon_core.event_reactor:joining thread
[29.697s] INFO:colcon.colcon_core.plugin_system:Skipping extension 'colcon_notification.desktop_notification.terminal_notifier': Not used on non-Darwin systems
[29.698s] INFO:colcon.colcon_core.plugin_system:Skipping extension 'colcon_notification.desktop_notification.win32': Not used on non-Windows systems
[29.698s] INFO:colcon.colcon_notification.desktop_notification:Sending desktop notification using 'notify2'
[29.738s] DEBUG:colcon.colcon_core.event_reactor:joined thread
[29.739s] INFO:colcon.colcon_core.shell:Creating prefix script '/home/charvi/comp0250_s26_labs/install/local_setup.ps1'
[29.742s] INFO:colcon.colcon_core.shell:Creating prefix util module '/home/charvi/comp0250_s26_labs/install/_local_setup_util_ps1.py'
[29.748s] INFO:colcon.colcon_core.shell:Creating prefix chain script '/home/charvi/comp0250_s26_labs/install/setup.ps1'
[29.751s] INFO:colcon.colcon_core.shell:Creating prefix script '/home/charvi/comp0250_s26_labs/install/local_setup.sh'
[29.753s] INFO:colcon.colcon_core.shell:Creating prefix util module '/home/charvi/comp0250_s26_labs/install/_local_setup_util_sh.py'
[29.755s] INFO:colcon.colcon_core.shell:Creating prefix chain script '/home/charvi/comp0250_s26_labs/install/setup.sh'
[29.759s] INFO:colcon.colcon_core.shell:Creating prefix script '/home/charvi/comp0250_s26_labs/install/local_setup.bash'
[29.761s] INFO:colcon.colcon_core.shell:Creating prefix chain script '/home/charvi/comp0250_s26_labs/install/setup.bash'
[29.764s] INFO:colcon.colcon_core.shell:Creating prefix script '/home/charvi/comp0250_s26_labs/install/local_setup.zsh'
[29.766s] INFO:colcon.colcon_core.shell:Creating prefix chain script '/home/charvi/comp0250_s26_labs/install/setup.zsh'
