[0.044s] Invoking command in '/home/charvi/comp0250_s26_labs/build/cw1_team_30': CMAKE_PREFIX_PATH=/home/charvi/comp0250_s26_labs/install/cw1_world_spawner:/home/charvi/comp0250_s26_labs/install/rpl_panda_with_rs:/home/charvi/comp0250_s26_labs/install/realsense_gazebo_plugin:/home/charvi/comp0250_s26_labs/install/panda_moveit_config:/home/charvi/comp0250_s26_labs/install/panda_description:/home/charvi/comp0250_s26_labs/install/cw1_team_x:/home/charvi/comp0250_s26_labs/install/cw1_team_30:/opt/ros/humble LD_LIBRARY_PATH=/home/charvi/comp0250_s26_labs/install/cw1_world_spawner/lib:/home/charvi/comp0250_s26_labs/install/realsense_gazebo_plugin/lib:/home/charvi/comp0250_s26_labs/install/cw1_team_x/lib:/home/charvi/comp0250_s26_labs/install/cw1_team_30/lib:/usr/lib/x86_64-linux-gnu/gazebo-11/plugins:/opt/ros/humble/opt/rviz_ogre_vendor/lib:/opt/ros/humble/lib/x86_64-linux-gnu:/opt/ros/humble/lib /usr/bin/cmake --build /home/charvi/comp0250_s26_labs/build/cw1_team_30 -- -j12 -l12
[0.284s] [  2%] Built target cw1_team_30__cpp
[0.290s] [ 11%] Built target cw1_team_30__rosidl_generator_c
[0.329s] [ 11%] Built target ament_cmake_python_copy_cw1_team_30
[0.389s] [ 20%] Built target cw1_team_30__rosidl_typesupport_c
[0.397s] [ 28%] Built target cw1_team_30__rosidl_typesupport_cpp
[0.403s] [ 37%] Built target cw1_team_30__rosidl_typesupport_introspection_c
[0.404s] [ 45%] Built target cw1_team_30__rosidl_typesupport_introspection_cpp
[0.409s] [ 54%] Built target cw1_team_30__rosidl_typesupport_fastrtps_cpp
[0.410s] [ 62%] Built target cw1_team_30__rosidl_typesupport_fastrtps_c
[0.474s] [35m[1mConsolidate compiler generated dependencies of target cw1_team_30_cw1_class_lib[0m
[0.494s] [ 62%] Built target cw1_team_30
[0.570s] [ 65%] Built target cw1_team_30__py
[0.582s] [ 68%] [32mBuilding CXX object CMakeFiles/cw1_team_30_cw1_class_lib.dir/src/cw1_class.cpp.o[0m
[0.606s] [ 74%] Built target cw1_team_30__rosidl_generator_py
[0.631s] [ 80%] Built target cw1_team_30__rosidl_typesupport_introspection_c__pyext
[0.632s] [ 91%] Built target cw1_team_30__rosidl_typesupport_c__pyext
[0.632s] [ 91%] Built target cw1_team_30__rosidl_typesupport_fastrtps_c__pyext
[0.805s] running egg_info
[0.827s] writing cw1_team_30.egg-info/PKG-INFO
[0.827s] writing dependency_links to cw1_team_30.egg-info/dependency_links.txt
[0.827s] writing top-level names to cw1_team_30.egg-info/top_level.txt
[0.894s] reading manifest file 'cw1_team_30.egg-info/SOURCES.txt'
[0.895s] writing manifest file 'cw1_team_30.egg-info/SOURCES.txt'
[0.917s] [ 91%] Built target ament_cmake_python_build_cw1_team_30_egg
[21.825s] [ 94%] [32m[1mLinking CXX shared library libcw1_team_30_cw1_class_lib.so[0m
[22.924s] [ 94%] Built target cw1_team_30_cw1_class_lib
[22.961s] [ 97%] [32m[1mLinking CXX executable cw1_solution_node[0m
[23.870s] [100%] Built target cw1_solution_node
[23.881s] Invoked command in '/home/charvi/comp0250_s26_labs/build/cw1_team_30' returned '0': CMAKE_PREFIX_PATH=/home/charvi/comp0250_s26_labs/install/cw1_world_spawner:/home/charvi/comp0250_s26_labs/install/rpl_panda_with_rs:/home/charvi/comp0250_s26_labs/install/realsense_gazebo_plugin:/home/charvi/comp0250_s26_labs/install/panda_moveit_config:/home/charvi/comp0250_s26_labs/install/panda_description:/home/charvi/comp0250_s26_labs/install/cw1_team_x:/home/charvi/comp0250_s26_labs/install/cw1_team_30:/opt/ros/humble LD_LIBRARY_PATH=/home/charvi/comp0250_s26_labs/install/cw1_world_spawner/lib:/home/charvi/comp0250_s26_labs/install/realsense_gazebo_plugin/lib:/home/charvi/comp0250_s26_labs/install/cw1_team_x/lib:/home/charvi/comp0250_s26_labs/install/cw1_team_30/lib:/usr/lib/x86_64-linux-gnu/gazebo-11/plugins:/opt/ros/humble/opt/rviz_ogre_vendor/lib:/opt/ros/humble/lib/x86_64-linux-gnu:/opt/ros/humble/lib /usr/bin/cmake --build /home/charvi/comp0250_s26_labs/build/cw1_team_30 -- -j12 -l12
[23.883s] Invoking command in '/home/charvi/comp0250_s26_labs/build/cw1_team_30': CMAKE_PREFIX_PATH=/home/charvi/comp0250_s26_labs/install/cw1_world_spawner:/home/charvi/comp0250_s26_labs/install/rpl_panda_with_rs:/home/charvi/comp0250_s26_labs/install/realsense_gazebo_plugin:/home/charvi/comp0250_s26_labs/install/panda_moveit_config:/home/charvi/comp0250_s26_labs/install/panda_description:/home/charvi/comp0250_s26_labs/install/cw1_team_x:/home/charvi/comp0250_s26_labs/install/cw1_team_30:/opt/ros/humble LD_LIBRARY_PATH=/home/charvi/comp0250_s26_labs/install/cw1_world_spawner/lib:/home/charvi/comp0250_s26_labs/install/realsense_gazebo_plugin/lib:/home/charvi/comp0250_s26_labs/install/cw1_team_x/lib:/home/charvi/comp0250_s26_labs/install/cw1_team_30/lib:/usr/lib/x86_64-linux-gnu/gazebo-11/plugins:/opt/ros/humble/opt/rviz_ogre_vendor/lib:/opt/ros/humble/lib/x86_64-linux-gnu:/opt/ros/humble/lib /usr/bin/cmake --install /home/charvi/comp0250_s26_labs/build/cw1_team_30
[23.891s] -- Install configuration: "Release"
[23.891s] -- Up-to-date: /home/charvi/comp0250_s26_labs/install/cw1_team_30/share/ament_index/resource_index/rosidl_interfaces/cw1_team_30
[23.891s] -- Up-to-date: /home/charvi/comp0250_s26_labs/install/cw1_team_30/include/cw1_team_30/cw1_team_30
[23.891s] -- Up-to-date: /home/charvi/comp0250_s26_labs/install/cw1_team_30/include/cw1_team_30/cw1_team_30/srv
[23.891s] -- Up-to-date: /home/charvi/comp0250_s26_labs/install/cw1_team_30/include/cw1_team_30/cw1_team_30/srv/example.h
[23.891s] -- Up-to-date: /home/charvi/comp0250_s26_labs/install/cw1_team_30/include/cw1_team_30/cw1_team_30/srv/detail
[23.891s] -- Up-to-date: /home/charvi/comp0250_s26_labs/install/cw1_team_30/include/cw1_team_30/cw1_team_30/srv/detail/example__struct.h
[23.892s] -- Up-to-date: /home/charvi/comp0250_s26_labs/install/cw1_team_30/include/cw1_team_30/cw1_team_30/srv/detail/example__functions.h
[23.892s] -- Up-to-date: /home/charvi/comp0250_s26_labs/install/cw1_team_30/include/cw1_team_30/cw1_team_30/srv/detail/example__type_support.h
[23.892s] -- Up-to-date: /home/charvi/comp0250_s26_labs/install/cw1_team_30/include/cw1_team_30/cw1_team_30/srv/detail/example__functions.c
[23.892s] -- Up-to-date: /home/charvi/comp0250_s26_labs/install/cw1_team_30/include/cw1_team_30/cw1_team_30/msg
[23.892s] -- Up-to-date: /home/charvi/comp0250_s26_labs/install/cw1_team_30/include/cw1_team_30/cw1_team_30/msg/rosidl_generator_c__visibility_control.h
[23.892s] -- Up-to-date: /home/charvi/comp0250_s26_labs/install/cw1_team_30/share/cw1_team_30/environment/library_path.sh
[23.892s] -- Up-to-date: /home/charvi/comp0250_s26_labs/install/cw1_team_30/share/cw1_team_30/environment/library_path.dsv
[23.892s] -- Up-to-date: /home/charvi/comp0250_s26_labs/install/cw1_team_30/lib/libcw1_team_30__rosidl_generator_c.so
[23.892s] -- Up-to-date: /home/charvi/comp0250_s26_labs/install/cw1_team_30/include/cw1_team_30/cw1_team_30
[23.893s] -- Up-to-date: /home/charvi/comp0250_s26_labs/install/cw1_team_30/include/cw1_team_30/cw1_team_30/srv
[23.893s] -- Up-to-date: /home/charvi/comp0250_s26_labs/install/cw1_team_30/include/cw1_team_30/cw1_team_30/srv/detail
[23.893s] -- Up-to-date: /home/charvi/comp0250_s26_labs/install/cw1_team_30/include/cw1_team_30/cw1_team_30/srv/detail/example__rosidl_typesupport_fastrtps_c.h
[23.893s] -- Up-to-date: /home/charvi/comp0250_s26_labs/install/cw1_team_30/include/cw1_team_30/cw1_team_30/msg
[23.893s] -- Up-to-date: /home/charvi/comp0250_s26_labs/install/cw1_team_30/include/cw1_team_30/cw1_team_30/msg/rosidl_typesupport_fastrtps_c__visibility_control.h
[23.893s] -- Up-to-date: /home/charvi/comp0250_s26_labs/install/cw1_team_30/lib/libcw1_team_30__rosidl_typesupport_fastrtps_c.so
[23.893s] -- Up-to-date: /home/charvi/comp0250_s26_labs/install/cw1_team_30/include/cw1_team_30/cw1_team_30
[23.893s] -- Up-to-date: /home/charvi/comp0250_s26_labs/install/cw1_team_30/include/cw1_team_30/cw1_team_30/srv
[23.894s] -- Up-to-date: /home/charvi/comp0250_s26_labs/install/cw1_team_30/include/cw1_team_30/cw1_team_30/srv/detail
[23.894s] -- Up-to-date: /home/charvi/comp0250_s26_labs/install/cw1_team_30/include/cw1_team_30/cw1_team_30/srv/detail/example__type_support.c
[23.894s] -- Up-to-date: /home/charvi/comp0250_s26_labs/install/cw1_team_30/include/cw1_team_30/cw1_team_30/srv/detail/example__rosidl_typesupport_introspection_c.h
[23.894s] -- Up-to-date: /home/charvi/comp0250_s26_labs/install/cw1_team_30/include/cw1_team_30/cw1_team_30/msg
[23.894s] -- Up-to-date: /home/charvi/comp0250_s26_labs/install/cw1_team_30/include/cw1_team_30/cw1_team_30/msg/rosidl_typesupport_introspection_c__visibility_control.h
[23.894s] -- Up-to-date: /home/charvi/comp0250_s26_labs/install/cw1_team_30/lib/libcw1_team_30__rosidl_typesupport_introspection_c.so
[23.894s] -- Up-to-date: /home/charvi/comp0250_s26_labs/install/cw1_team_30/lib/libcw1_team_30__rosidl_typesupport_c.so
[23.894s] -- Up-to-date: /home/charvi/comp0250_s26_labs/install/cw1_team_30/include/cw1_team_30/cw1_team_30
[23.894s] -- Up-to-date: /home/charvi/comp0250_s26_labs/install/cw1_team_30/include/cw1_team_30/cw1_team_30/srv
[23.895s] -- Up-to-date: /home/charvi/comp0250_s26_labs/install/cw1_team_30/include/cw1_team_30/cw1_team_30/srv/example.hpp
[23.895s] -- Up-to-date: /home/charvi/comp0250_s26_labs/install/cw1_team_30/include/cw1_team_30/cw1_team_30/srv/detail
[23.895s] -- Up-to-date: /home/charvi/comp0250_s26_labs/install/cw1_team_30/include/cw1_team_30/cw1_team_30/srv/detail/example__type_support.hpp
[23.895s] -- Up-to-date: /home/charvi/comp0250_s26_labs/install/cw1_team_30/include/cw1_team_30/cw1_team_30/srv/detail/example__struct.hpp
[23.895s] -- Up-to-date: /home/charvi/comp0250_s26_labs/install/cw1_team_30/include/cw1_team_30/cw1_team_30/srv/detail/example__traits.hpp
[23.895s] -- Up-to-date: /home/charvi/comp0250_s26_labs/install/cw1_team_30/include/cw1_team_30/cw1_team_30/srv/detail/example__builder.hpp
[23.895s] -- Up-to-date: /home/charvi/comp0250_s26_labs/install/cw1_team_30/include/cw1_team_30/cw1_team_30/msg
[23.895s] -- Up-to-date: /home/charvi/comp0250_s26_labs/install/cw1_team_30/include/cw1_team_30/cw1_team_30/msg/rosidl_generator_cpp__visibility_control.hpp
[23.895s] -- Up-to-date: /home/charvi/comp0250_s26_labs/install/cw1_team_30/include/cw1_team_30/cw1_team_30
[23.895s] -- Up-to-date: /home/charvi/comp0250_s26_labs/install/cw1_team_30/include/cw1_team_30/cw1_team_30/srv
[23.896s] -- Up-to-date: /home/charvi/comp0250_s26_labs/install/cw1_team_30/include/cw1_team_30/cw1_team_30/srv/detail
[23.896s] -- Up-to-date: /home/charvi/comp0250_s26_labs/install/cw1_team_30/include/cw1_team_30/cw1_team_30/srv/detail/example__rosidl_typesupport_fastrtps_cpp.hpp
[23.896s] -- Up-to-date: /home/charvi/comp0250_s26_labs/install/cw1_team_30/include/cw1_team_30/cw1_team_30/srv/detail/dds_fastrtps
[23.896s] -- Up-to-date: /home/charvi/comp0250_s26_labs/install/cw1_team_30/include/cw1_team_30/cw1_team_30/msg
[23.896s] -- Up-to-date: /home/charvi/comp0250_s26_labs/install/cw1_team_30/include/cw1_team_30/cw1_team_30/msg/rosidl_typesupport_fastrtps_cpp__visibility_control.h
[23.896s] -- Up-to-date: /home/charvi/comp0250_s26_labs/install/cw1_team_30/lib/libcw1_team_30__rosidl_typesupport_fastrtps_cpp.so
[23.896s] -- Up-to-date: /home/charvi/comp0250_s26_labs/install/cw1_team_30/include/cw1_team_30/cw1_team_30
[23.896s] -- Up-to-date: /home/charvi/comp0250_s26_labs/install/cw1_team_30/include/cw1_team_30/cw1_team_30/srv
[23.896s] -- Up-to-date: /home/charvi/comp0250_s26_labs/install/cw1_team_30/include/cw1_team_30/cw1_team_30/srv/detail
[23.896s] -- Up-to-date: /home/charvi/comp0250_s26_labs/install/cw1_team_30/include/cw1_team_30/cw1_team_30/srv/detail/example__type_support.cpp
[23.896s] -- Up-to-date: /home/charvi/comp0250_s26_labs/install/cw1_team_30/include/cw1_team_30/cw1_team_30/srv/detail/example__rosidl_typesupport_introspection_cpp.hpp
[23.897s] -- Up-to-date: /home/charvi/comp0250_s26_labs/install/cw1_team_30/lib/libcw1_team_30__rosidl_typesupport_introspection_cpp.so
[23.897s] -- Up-to-date: /home/charvi/comp0250_s26_labs/install/cw1_team_30/lib/libcw1_team_30__rosidl_typesupport_cpp.so
[23.897s] -- Up-to-date: /home/charvi/comp0250_s26_labs/install/cw1_team_30/share/cw1_team_30/environment/pythonpath.sh
[23.897s] -- Up-to-date: /home/charvi/comp0250_s26_labs/install/cw1_team_30/share/cw1_team_30/environment/pythonpath.dsv
[23.897s] -- Up-to-date: /home/charvi/comp0250_s26_labs/install/cw1_team_30/local/lib/python3.10/dist-packages/cw1_team_30-0.1.0-py3.10.egg-info
[23.897s] -- Installing: /home/charvi/comp0250_s26_labs/install/cw1_team_30/local/lib/python3.10/dist-packages/cw1_team_30-0.1.0-py3.10.egg-info/SOURCES.txt
[23.897s] -- Installing: /home/charvi/comp0250_s26_labs/install/cw1_team_30/local/lib/python3.10/dist-packages/cw1_team_30-0.1.0-py3.10.egg-info/PKG-INFO
[23.897s] -- Installing: /home/charvi/comp0250_s26_labs/install/cw1_team_30/local/lib/python3.10/dist-packages/cw1_team_30-0.1.0-py3.10.egg-info/top_level.txt
[23.897s] -- Installing: /home/charvi/comp0250_s26_labs/install/cw1_team_30/local/lib/python3.10/dist-packages/cw1_team_30-0.1.0-py3.10.egg-info/dependency_links.txt
[23.897s] -- Up-to-date: /home/charvi/comp0250_s26_labs/install/cw1_team_30/local/lib/python3.10/dist-packages/cw1_team_30
[23.897s] -- Up-to-date: /home/charvi/comp0250_s26_labs/install/cw1_team_30/local/lib/python3.10/dist-packages/cw1_team_30/cw1_team_30_s__rosidl_typesupport_c.cpython-310-x86_64-linux-gnu.so
[23.898s] -- Up-to-date: /home/charvi/comp0250_s26_labs/install/cw1_team_30/local/lib/python3.10/dist-packages/cw1_team_30/srv
[23.898s] -- Up-to-date: /home/charvi/comp0250_s26_labs/install/cw1_team_30/local/lib/python3.10/dist-packages/cw1_team_30/srv/_example.py
[23.898s] -- Up-to-date: /home/charvi/comp0250_s26_labs/install/cw1_team_30/local/lib/python3.10/dist-packages/cw1_team_30/srv/__init__.py
[23.898s] -- Up-to-date: /home/charvi/comp0250_s26_labs/install/cw1_team_30/local/lib/python3.10/dist-packages/cw1_team_30/srv/_example_s.c
[23.898s] -- Up-to-date: /home/charvi/comp0250_s26_labs/install/cw1_team_30/local/lib/python3.10/dist-packages/cw1_team_30/_cw1_team_30_s.ep.rosidl_typesupport_fastrtps_c.c
[23.898s] -- Up-to-date: /home/charvi/comp0250_s26_labs/install/cw1_team_30/local/lib/python3.10/dist-packages/cw1_team_30/__init__.py
[23.898s] -- Up-to-date: /home/charvi/comp0250_s26_labs/install/cw1_team_30/local/lib/python3.10/dist-packages/cw1_team_30/cw1_team_30_s__rosidl_typesupport_introspection_c.cpython-310-x86_64-linux-gnu.so
[23.898s] -- Up-to-date: /home/charvi/comp0250_s26_labs/install/cw1_team_30/local/lib/python3.10/dist-packages/cw1_team_30/_cw1_team_30_s.ep.rosidl_typesupport_introspection_c.c
[23.898s] -- Up-to-date: /home/charvi/comp0250_s26_labs/install/cw1_team_30/local/lib/python3.10/dist-packages/cw1_team_30/libcw1_team_30__rosidl_generator_py.so
[23.898s] -- Up-to-date: /home/charvi/comp0250_s26_labs/install/cw1_team_30/local/lib/python3.10/dist-packages/cw1_team_30/cw1_team_30_s__rosidl_typesupport_fastrtps_c.cpython-310-x86_64-linux-gnu.so
[23.898s] -- Up-to-date: /home/charvi/comp0250_s26_labs/install/cw1_team_30/local/lib/python3.10/dist-packages/cw1_team_30/_cw1_team_30_s.ep.rosidl_typesupport_c.c
[23.927s] Listing '/home/charvi/comp0250_s26_labs/install/cw1_team_30/local/lib/python3.10/dist-packages/cw1_team_30'...
[23.927s] Listing '/home/charvi/comp0250_s26_labs/install/cw1_team_30/local/lib/python3.10/dist-packages/cw1_team_30/srv'...
[23.931s] -- Up-to-date: /home/charvi/comp0250_s26_labs/install/cw1_team_30/local/lib/python3.10/dist-packages/cw1_team_30/cw1_team_30_s__rosidl_typesupport_fastrtps_c.cpython-310-x86_64-linux-gnu.so
[23.931s] -- Up-to-date: /home/charvi/comp0250_s26_labs/install/cw1_team_30/local/lib/python3.10/dist-packages/cw1_team_30/cw1_team_30_s__rosidl_typesupport_introspection_c.cpython-310-x86_64-linux-gnu.so
[23.932s] -- Up-to-date: /home/charvi/comp0250_s26_labs/install/cw1_team_30/local/lib/python3.10/dist-packages/cw1_team_30/cw1_team_30_s__rosidl_typesupport_c.cpython-310-x86_64-linux-gnu.so
[23.932s] -- Up-to-date: /home/charvi/comp0250_s26_labs/install/cw1_team_30/lib/libcw1_team_30__rosidl_generator_py.so
[23.932s] -- Up-to-date: /home/charvi/comp0250_s26_labs/install/cw1_team_30/share/cw1_team_30/srv/Example.idl
[23.933s] -- Up-to-date: /home/charvi/comp0250_s26_labs/install/cw1_team_30/share/cw1_team_30/srv/Example.srv
[23.933s] -- Up-to-date: /home/charvi/comp0250_s26_labs/install/cw1_team_30/share/cw1_team_30/srv/Example_Request.msg
[23.933s] -- Up-to-date: /home/charvi/comp0250_s26_labs/install/cw1_team_30/share/cw1_team_30/srv/Example_Response.msg
[23.933s] -- Installing: /home/charvi/comp0250_s26_labs/install/cw1_team_30/lib/libcw1_team_30_cw1_class_lib.so
[23.936s] -- Set runtime path of "/home/charvi/comp0250_s26_labs/install/cw1_team_30/lib/libcw1_team_30_cw1_class_lib.so" to ""
[23.936s] -- Installing: /home/charvi/comp0250_s26_labs/install/cw1_team_30/lib/cw1_team_30/cw1_solution_node
[23.937s] -- Set runtime path of "/home/charvi/comp0250_s26_labs/install/cw1_team_30/lib/cw1_team_30/cw1_solution_node" to ""
[23.937s] -- Up-to-date: /home/charvi/comp0250_s26_labs/install/cw1_team_30/share/cw1_team_30/launch
[23.938s] -- Up-to-date: /home/charvi/comp0250_s26_labs/install/cw1_team_30/share/cw1_team_30/launch/run_solution.launch.py
[23.938s] -- Up-to-date: /home/charvi/comp0250_s26_labs/install/cw1_team_30/share/ament_index/resource_index/package_run_dependencies/cw1_team_30
[23.938s] -- Up-to-date: /home/charvi/comp0250_s26_labs/install/cw1_team_30/share/ament_index/resource_index/parent_prefix_path/cw1_team_30
[23.938s] -- Up-to-date: /home/charvi/comp0250_s26_labs/install/cw1_team_30/share/cw1_team_30/environment/ament_prefix_path.sh
[23.938s] -- Up-to-date: /home/charvi/comp0250_s26_labs/install/cw1_team_30/share/cw1_team_30/environment/ament_prefix_path.dsv
[23.938s] -- Up-to-date: /home/charvi/comp0250_s26_labs/install/cw1_team_30/share/cw1_team_30/environment/path.sh
[23.939s] -- Up-to-date: /home/charvi/comp0250_s26_labs/install/cw1_team_30/share/cw1_team_30/environment/path.dsv
[23.939s] -- Up-to-date: /home/charvi/comp0250_s26_labs/install/cw1_team_30/share/cw1_team_30/local_setup.bash
[23.939s] -- Up-to-date: /home/charvi/comp0250_s26_labs/install/cw1_team_30/share/cw1_team_30/local_setup.sh
[23.939s] -- Up-to-date: /home/charvi/comp0250_s26_labs/install/cw1_team_30/share/cw1_team_30/local_setup.zsh
[23.939s] -- Up-to-date: /home/charvi/comp0250_s26_labs/install/cw1_team_30/share/cw1_team_30/local_setup.dsv
[23.939s] -- Installing: /home/charvi/comp0250_s26_labs/install/cw1_team_30/share/cw1_team_30/package.dsv
[23.940s] -- Up-to-date: /home/charvi/comp0250_s26_labs/install/cw1_team_30/share/ament_index/resource_index/packages/cw1_team_30
[23.940s] -- Up-to-date: /home/charvi/comp0250_s26_labs/install/cw1_team_30/share/cw1_team_30/cmake/export_cw1_team_30__rosidl_generator_cExport.cmake
[23.940s] -- Up-to-date: /home/charvi/comp0250_s26_labs/install/cw1_team_30/share/cw1_team_30/cmake/export_cw1_team_30__rosidl_generator_cExport-release.cmake
[23.940s] -- Up-to-date: /home/charvi/comp0250_s26_labs/install/cw1_team_30/share/cw1_team_30/cmake/export_cw1_team_30__rosidl_typesupport_fastrtps_cExport.cmake
[23.940s] -- Up-to-date: /home/charvi/comp0250_s26_labs/install/cw1_team_30/share/cw1_team_30/cmake/export_cw1_team_30__rosidl_typesupport_fastrtps_cExport-release.cmake
[23.940s] -- Up-to-date: /home/charvi/comp0250_s26_labs/install/cw1_team_30/share/cw1_team_30/cmake/cw1_team_30__rosidl_typesupport_introspection_cExport.cmake
[23.940s] -- Up-to-date: /home/charvi/comp0250_s26_labs/install/cw1_team_30/share/cw1_team_30/cmake/cw1_team_30__rosidl_typesupport_introspection_cExport-release.cmake
[23.940s] -- Up-to-date: /home/charvi/comp0250_s26_labs/install/cw1_team_30/share/cw1_team_30/cmake/cw1_team_30__rosidl_typesupport_cExport.cmake
[23.941s] -- Up-to-date: /home/charvi/comp0250_s26_labs/install/cw1_team_30/share/cw1_team_30/cmake/cw1_team_30__rosidl_typesupport_cExport-release.cmake
[23.941s] -- Up-to-date: /home/charvi/comp0250_s26_labs/install/cw1_team_30/share/cw1_team_30/cmake/export_cw1_team_30__rosidl_generator_cppExport.cmake
[23.941s] -- Up-to-date: /home/charvi/comp0250_s26_labs/install/cw1_team_30/share/cw1_team_30/cmake/export_cw1_team_30__rosidl_typesupport_fastrtps_cppExport.cmake
[23.941s] -- Up-to-date: /home/charvi/comp0250_s26_labs/install/cw1_team_30/share/cw1_team_30/cmake/export_cw1_team_30__rosidl_typesupport_fastrtps_cppExport-release.cmake
[23.941s] -- Up-to-date: /home/charvi/comp0250_s26_labs/install/cw1_team_30/share/cw1_team_30/cmake/cw1_team_30__rosidl_typesupport_introspection_cppExport.cmake
[23.941s] -- Up-to-date: /home/charvi/comp0250_s26_labs/install/cw1_team_30/share/cw1_team_30/cmake/cw1_team_30__rosidl_typesupport_introspection_cppExport-release.cmake
[23.941s] -- Up-to-date: /home/charvi/comp0250_s26_labs/install/cw1_team_30/share/cw1_team_30/cmake/cw1_team_30__rosidl_typesupport_cppExport.cmake
[23.942s] -- Up-to-date: /home/charvi/comp0250_s26_labs/install/cw1_team_30/share/cw1_team_30/cmake/cw1_team_30__rosidl_typesupport_cppExport-release.cmake
[23.942s] -- Up-to-date: /home/charvi/comp0250_s26_labs/install/cw1_team_30/share/cw1_team_30/cmake/export_cw1_team_30__rosidl_generator_pyExport.cmake
[23.942s] -- Up-to-date: /home/charvi/comp0250_s26_labs/install/cw1_team_30/share/cw1_team_30/cmake/export_cw1_team_30__rosidl_generator_pyExport-release.cmake
[23.942s] -- Up-to-date: /home/charvi/comp0250_s26_labs/install/cw1_team_30/share/cw1_team_30/cmake/rosidl_cmake-extras.cmake
[23.942s] -- Up-to-date: /home/charvi/comp0250_s26_labs/install/cw1_team_30/share/cw1_team_30/cmake/ament_cmake_export_dependencies-extras.cmake
[23.943s] -- Up-to-date: /home/charvi/comp0250_s26_labs/install/cw1_team_30/share/cw1_team_30/cmake/ament_cmake_export_include_directories-extras.cmake
[23.943s] -- Up-to-date: /home/charvi/comp0250_s26_labs/install/cw1_team_30/share/cw1_team_30/cmake/ament_cmake_export_libraries-extras.cmake
[23.945s] -- Up-to-date: /home/charvi/comp0250_s26_labs/install/cw1_team_30/share/cw1_team_30/cmake/ament_cmake_export_targets-extras.cmake
[23.945s] -- Up-to-date: /home/charvi/comp0250_s26_labs/install/cw1_team_30/share/cw1_team_30/cmake/rosidl_cmake_export_typesupport_targets-extras.cmake
[23.945s] -- Up-to-date: /home/charvi/comp0250_s26_labs/install/cw1_team_30/share/cw1_team_30/cmake/rosidl_cmake_export_typesupport_libraries-extras.cmake
[23.945s] -- Up-to-date: /home/charvi/comp0250_s26_labs/install/cw1_team_30/share/cw1_team_30/cmake/cw1_team_30Config.cmake
[23.945s] -- Up-to-date: /home/charvi/comp0250_s26_labs/install/cw1_team_30/share/cw1_team_30/cmake/cw1_team_30Config-version.cmake
[23.945s] -- Up-to-date: /home/charvi/comp0250_s26_labs/install/cw1_team_30/share/cw1_team_30/package.xml
[23.945s] Invoked command in '/home/charvi/comp0250_s26_labs/build/cw1_team_30' returned '0': CMAKE_PREFIX_PATH=/home/charvi/comp0250_s26_labs/install/cw1_world_spawner:/home/charvi/comp0250_s26_labs/install/rpl_panda_with_rs:/home/charvi/comp0250_s26_labs/install/realsense_gazebo_plugin:/home/charvi/comp0250_s26_labs/install/panda_moveit_config:/home/charvi/comp0250_s26_labs/install/panda_description:/home/charvi/comp0250_s26_labs/install/cw1_team_x:/home/charvi/comp0250_s26_labs/install/cw1_team_30:/opt/ros/humble LD_LIBRARY_PATH=/home/charvi/comp0250_s26_labs/install/cw1_world_spawner/lib:/home/charvi/comp0250_s26_labs/install/realsense_gazebo_plugin/lib:/home/charvi/comp0250_s26_labs/install/cw1_team_x/lib:/home/charvi/comp0250_s26_labs/install/cw1_team_30/lib:/usr/lib/x86_64-linux-gnu/gazebo-11/plugins:/opt/ros/humble/opt/rviz_ogre_vendor/lib:/opt/ros/humble/lib/x86_64-linux-gnu:/opt/ros/humble/lib /usr/bin/cmake --install /home/charvi/comp0250_s26_labs/build/cw1_team_30
