In file included from [01m[K/opt/ros/humble/include/rclcpp/rclcpp/logging.hpp:24[m[K,
                 from [01m[K/opt/ros/humble/include/rclcpp/rclcpp/client.hpp:40[m[K,
                 from [01m[K/opt/ros/humble/include/rclcpp/rclcpp/callback_group.hpp:24[m[K,
                 from [01m[K/opt/ros/humble/include/rclcpp/rclcpp/any_executable.hpp:20[m[K,
                 from [01m[K/opt/ros/humble/include/rclcpp/rclcpp/memory_strategy.hpp:25[m[K,
                 from [01m[K/opt/ros/humble/include/rclcpp/rclcpp/memory_strategies.hpp:18[m[K,
                 from [01m[K/opt/ros/humble/include/rclcpp/rclcpp/executor_options.hpp:20[m[K,
                 from [01m[K/opt/ros/humble/include/rclcpp/rclcpp/executor.hpp:37[m[K,
                 from [01m[K/opt/ros/humble/include/rclcpp/rclcpp/executors/multi_threaded_executor.hpp:25[m[K,
                 from [01m[K/opt/ros/humble/include/rclcpp/rclcpp/executors.hpp:21[m[K,
                 from [01m[K/opt/ros/humble/include/rclcpp/rclcpp/rclcpp.hpp:155[m[K,
                 from [01m[K/home/charvi/comp0250_s26_labs/courseworks/cw1_team_30/include/cw1_class.h:16[m[K,
                 from [01m[K/home/charvi/comp0250_s26_labs/courseworks/cw1_team_30/src/cw1_class.cpp:6[m[K:
[01m[K/home/charvi/comp0250_s26_labs/courseworks/cw1_team_30/src/cw1_class.cpp:[m[K In member function ‘[01m[Kvoid cw1::t3_callback(std::shared_ptr<cw1_world_spawner::srv::Task3Service_Request_<std::allocator<void> > >, std::shared_ptr<cw1_world_spawner::srv::Task3Service_Response_<std::allocator<void> > >)[m[K’:
[01m[K/home/charvi/comp0250_s26_labs/courseworks/cw1_team_30/src/cw1_class.cpp:615:41:[m[K [01;31m[Kerror: [m[K‘[01m[Kplaced[m[K’ was not declared in this scope
  615 |     "Task 3 done: placed %d/%zu cubes", [01;31m[Kplaced[m[K, cubes.size());
      |                                         [01;31m[K^~~~~~[m[K
[01m[K/home/charvi/comp0250_s26_labs/courseworks/cw1_team_30/src/cw1_class.cpp:615:49:[m[K [01;31m[Kerror: [m[K‘[01m[Kcubes[m[K’ was not declared in this scope
  615 | ask 3 done: placed %d/%zu cubes", placed, [01;31m[Kcubes[m[K.size());
      |                                           [01;31m[K^~~~~[m[K

gmake[2]: *** [CMakeFiles/cw1_team_30_cw1_class_lib.dir/build.make:76: CMakeFiles/cw1_team_30_cw1_class_lib.dir/src/cw1_class.cpp.o] Error 1
gmake[1]: *** [CMakeFiles/Makefile2:595: CMakeFiles/cw1_team_30_cw1_class_lib.dir/all] Error 2
gmake: *** [Makefile:146: all] Error 2
