[0.038s] Invoking command in '/home/charvi/comp0250_s26_labs/build/cw1_team_30': CMAKE_PREFIX_PATH=/home/charvi/comp0250_s26_labs/install/cw1_world_spawner:/home/charvi/comp0250_s26_labs/install/rpl_panda_with_rs:/home/charvi/comp0250_s26_labs/install/realsense_gazebo_plugin:/home/charvi/comp0250_s26_labs/install/panda_moveit_config:/home/charvi/comp0250_s26_labs/install/panda_description:/home/charvi/comp0250_s26_labs/install/cw1_team_x:/home/charvi/comp0250_s26_labs/install/cw1_team_30:/opt/ros/humble LD_LIBRARY_PATH=/home/charvi/comp0250_s26_labs/install/cw1_world_spawner/lib:/home/charvi/comp0250_s26_labs/install/realsense_gazebo_plugin/lib:/home/charvi/comp0250_s26_labs/install/cw1_team_x/lib:/home/charvi/comp0250_s26_labs/install/cw1_team_30/lib:/usr/lib/x86_64-linux-gnu/gazebo-11/plugins:/opt/ros/humble/opt/rviz_ogre_vendor/lib:/opt/ros/humble/lib/x86_64-linux-gnu:/opt/ros/humble/lib /usr/bin/cmake --build /home/charvi/comp0250_s26_labs/build/cw1_team_30 -- -j12 -l12
[0.276s] [  2%] Built target cw1_team_30__cpp
[0.279s] [ 11%] Built target cw1_team_30__rosidl_generator_c
[0.315s] [ 11%] Built target ament_cmake_python_copy_cw1_team_30
[0.376s] [ 20%] Built target cw1_team_30__rosidl_typesupport_cpp
[0.379s] [ 28%] Built target cw1_team_30__rosidl_typesupport_introspection_cpp
[0.383s] [ 37%] Built target cw1_team_30__rosidl_typesupport_fastrtps_cpp
[0.405s] [ 45%] Built target cw1_team_30__rosidl_typesupport_c
[0.410s] [ 54%] Built target cw1_team_30__rosidl_typesupport_introspection_c
[0.420s] [ 62%] Built target cw1_team_30__rosidl_typesupport_fastrtps_c
[0.460s] [35m[1mConsolidate compiler generated dependencies of target cw1_team_30_cw1_class_lib[0m
[0.501s] [ 62%] Built target cw1_team_30
[0.572s] [ 65%] Built target cw1_team_30__py
[0.580s] [ 68%] [32mBuilding CXX object CMakeFiles/cw1_team_30_cw1_class_lib.dir/src/cw1_class.cpp.o[0m
[0.603s] [ 74%] Built target cw1_team_30__rosidl_generator_py
[0.629s] [ 85%] Built target cw1_team_30__rosidl_typesupport_introspection_c__pyext
[0.629s] [ 85%] Built target cw1_team_30__rosidl_typesupport_fastrtps_c__pyext
[0.629s] [ 91%] Built target cw1_team_30__rosidl_typesupport_c__pyext
[0.788s] running egg_info
[0.812s] writing cw1_team_30.egg-info/PKG-INFO
[0.812s] writing dependency_links to cw1_team_30.egg-info/dependency_links.txt
[0.812s] writing top-level names to cw1_team_30.egg-info/top_level.txt
[0.888s] reading manifest file 'cw1_team_30.egg-info/SOURCES.txt'
[0.890s] writing manifest file 'cw1_team_30.egg-info/SOURCES.txt'
[0.918s] [ 91%] Built target ament_cmake_python_build_cw1_team_30_egg
[8.073s] In file included from [01m[K/opt/ros/humble/include/rclcpp/rclcpp/logging.hpp:24[m[K,
[8.073s]                  from [01m[K/opt/ros/humble/include/rclcpp/rclcpp/client.hpp:40[m[K,
[8.073s]                  from [01m[K/opt/ros/humble/include/rclcpp/rclcpp/callback_group.hpp:24[m[K,
[8.073s]                  from [01m[K/opt/ros/humble/include/rclcpp/rclcpp/any_executable.hpp:20[m[K,
[8.073s]                  from [01m[K/opt/ros/humble/include/rclcpp/rclcpp/memory_strategy.hpp:25[m[K,
[8.073s]                  from [01m[K/opt/ros/humble/include/rclcpp/rclcpp/memory_strategies.hpp:18[m[K,
[8.074s]                  from [01m[K/opt/ros/humble/include/rclcpp/rclcpp/executor_options.hpp:20[m[K,
[8.074s]                  from [01m[K/opt/ros/humble/include/rclcpp/rclcpp/executor.hpp:37[m[K,
[8.074s]                  from [01m[K/opt/ros/humble/include/rclcpp/rclcpp/executors/multi_threaded_executor.hpp:25[m[K,
[8.074s]                  from [01m[K/opt/ros/humble/include/rclcpp/rclcpp/executors.hpp:21[m[K,
[8.074s]                  from [01m[K/opt/ros/humble/include/rclcpp/rclcpp/rclcpp.hpp:155[m[K,
[8.074s]                  from [01m[K/home/charvi/comp0250_s26_labs/courseworks/cw1_team_30/include/cw1_class.h:16[m[K,
[8.074s]                  from [01m[K/home/charvi/comp0250_s26_labs/courseworks/cw1_team_30/src/cw1_class.cpp:6[m[K:
[8.074s] [01m[K/home/charvi/comp0250_s26_labs/courseworks/cw1_team_30/src/cw1_class.cpp:[m[K In member function ‘[01m[Kvoid cw1::t3_callback(std::shared_ptr<cw1_world_spawner::srv::Task3Service_Request_<std::allocator<void> > >, std::shared_ptr<cw1_world_spawner::srv::Task3Service_Response_<std::allocator<void> > >)[m[K’:
[8.074s] [01m[K/home/charvi/comp0250_s26_labs/courseworks/cw1_team_30/src/cw1_class.cpp:615:41:[m[K [01;31m[Kerror: [m[K‘[01m[Kplaced[m[K’ was not declared in this scope
[8.074s]   615 |     "Task 3 done: placed %d/%zu cubes", [01;31m[Kplaced[m[K, cubes.size());
[8.074s]       |                                         [01;31m[K^~~~~~[m[K
[8.079s] [01m[K/home/charvi/comp0250_s26_labs/courseworks/cw1_team_30/src/cw1_class.cpp:615:49:[m[K [01;31m[Kerror: [m[K‘[01m[Kcubes[m[K’ was not declared in this scope
[8.079s]   615 | ask 3 done: placed %d/%zu cubes", placed, [01;31m[Kcubes[m[K.size());
[8.079s]       |                                           [01;31m[K^~~~~[m[K
[8.079s] 
[13.398s] gmake[2]: *** [CMakeFiles/cw1_team_30_cw1_class_lib.dir/build.make:76: CMakeFiles/cw1_team_30_cw1_class_lib.dir/src/cw1_class.cpp.o] Error 1
[13.399s] gmake[1]: *** [CMakeFiles/Makefile2:595: CMakeFiles/cw1_team_30_cw1_class_lib.dir/all] Error 2
[13.399s] gmake: *** [Makefile:146: all] Error 2
[13.405s] Invoked command in '/home/charvi/comp0250_s26_labs/build/cw1_team_30' returned '2': CMAKE_PREFIX_PATH=/home/charvi/comp0250_s26_labs/install/cw1_world_spawner:/home/charvi/comp0250_s26_labs/install/rpl_panda_with_rs:/home/charvi/comp0250_s26_labs/install/realsense_gazebo_plugin:/home/charvi/comp0250_s26_labs/install/panda_moveit_config:/home/charvi/comp0250_s26_labs/install/panda_description:/home/charvi/comp0250_s26_labs/install/cw1_team_x:/home/charvi/comp0250_s26_labs/install/cw1_team_30:/opt/ros/humble LD_LIBRARY_PATH=/home/charvi/comp0250_s26_labs/install/cw1_world_spawner/lib:/home/charvi/comp0250_s26_labs/install/realsense_gazebo_plugin/lib:/home/charvi/comp0250_s26_labs/install/cw1_team_x/lib:/home/charvi/comp0250_s26_labs/install/cw1_team_30/lib:/usr/lib/x86_64-linux-gnu/gazebo-11/plugins:/opt/ros/humble/opt/rviz_ogre_vendor/lib:/opt/ros/humble/lib/x86_64-linux-gnu:/opt/ros/humble/lib /usr/bin/cmake --build /home/charvi/comp0250_s26_labs/build/cw1_team_30 -- -j12 -l12
