In file included from [01m[K/home/charvi/comp0250_s26_labs/courseworks/cw1_team_30/src/cw1_class.cpp:6[m[K:
[01m[K/home/charvi/comp0250_s26_labs/courseworks/cw1_team_30/include/cw1_class.h:139:15:[m[K [01;31m[Kerror: [m[K‘[01m[KAllObjectsInScene[m[K’ was not declared in this scope
  139 |   std::vector<[01;31m[KAllObjectsInScene[m[K> detectObjectsInOneScan();
      |               [01;31m[K^~~~~~~~~~~~~~~~~[m[K
[01m[K/home/charvi/comp0250_s26_labs/courseworks/cw1_team_30/include/cw1_class.h:139:32:[m[K [01;31m[Kerror: [m[Ktemplate argument 1 is invalid
  139 |   std::vector<AllObjectsInScene[01;31m[K>[m[K detectObjectsInOneScan();
      |                                [01;31m[K^[m[K
[01m[K/home/charvi/comp0250_s26_labs/courseworks/cw1_team_30/include/cw1_class.h:139:32:[m[K [01;31m[Kerror: [m[Ktemplate argument 2 is invalid
[01m[K/home/charvi/comp0250_s26_labs/courseworks/cw1_team_30/include/cw1_class.h:140:34:[m[K [01;31m[Kerror: [m[K‘[01m[KAllObjectsInScene[m[K’ does not name a type
  140 |   double calculateDistance(const [01;31m[KAllObjectsInScene[m[K & obj1, const AllObjectsInScene & obj2);
      |                                  [01;31m[K^~~~~~~~~~~~~~~~~[m[K
[01m[K/home/charvi/comp0250_s26_labs/courseworks/cw1_team_30/include/cw1_class.h:140:66:[m[K [01;31m[Kerror: [m[K‘[01m[KAllObjectsInScene[m[K’ does not name a type
  140 | nce(const AllObjectsInScene & obj1, const [01;31m[KAllObjectsInScene[m[K & obj2);
      |                                           [01;31m[K^~~~~~~~~~~~~~~~~[m[K

[01m[K/home/charvi/comp0250_s26_labs/courseworks/cw1_team_30/include/cw1_class.h:141:15:[m[K [01;31m[Kerror: [m[K‘[01m[KAllObjectsInScene[m[K’ was not declared in this scope
  141 |   std::vector<[01;31m[KAllObjectsInScene[m[K> mergeDetectionsAcrossScans(const std::vector<AllObjectsInScene> &all_detections);
      |               [01;31m[K^~~~~~~~~~~~~~~~~[m[K
[01m[K/home/charvi/comp0250_s26_labs/courseworks/cw1_team_30/include/cw1_class.h:141:32:[m[K [01;31m[Kerror: [m[Ktemplate argument 1 is invalid
  141 |   std::vector<AllObjectsInScene[01;31m[K>[m[K mergeDetectionsAcrossScans(const std::vector<AllObjectsInScene> &all_detections);
      |                                [01;31m[K^[m[K
[01m[K/home/charvi/comp0250_s26_labs/courseworks/cw1_team_30/include/cw1_class.h:141:32:[m[K [01;31m[Kerror: [m[Ktemplate argument 2 is invalid
[01m[K/home/charvi/comp0250_s26_labs/courseworks/cw1_team_30/include/cw1_class.h:141:79:[m[K [01;31m[Kerror: [m[K‘[01m[KAllObjectsInScene[m[K’ was not declared in this scope
  141 | geDetectionsAcrossScans(const std::vector<[01;31m[KAllObjectsInScene[m[K> &all_detections);
      |                                           [01;31m[K^~~~~~~~~~~~~~~~~[m[K

[01m[K/home/charvi/comp0250_s26_labs/courseworks/cw1_team_30/include/cw1_class.h:141:96:[m[K [01;31m[Kerror: [m[Ktemplate argument 1 is invalid
  141 | sScans(const std::vector<AllObjectsInScene[01;31m[K>[m[K &all_detections);
      |                                           [01;31m[K^[m[K

[01m[K/home/charvi/comp0250_s26_labs/courseworks/cw1_team_30/include/cw1_class.h:141:96:[m[K [01;31m[Kerror: [m[Ktemplate argument 2 is invalid
[01m[K/home/charvi/comp0250_s26_labs/courseworks/cw1_team_30/src/cw1_class.cpp:837:32:[m[K [01;31m[Kerror: [m[Kno declaration matches ‘[01m[Kstd::vector<AllObjectsInScene> cw1::detectObjectsInOneScan()[m[K’
  837 | std::vector<AllObjectsInScene> [01;31m[Kcw1[m[K::detectObjectsInOneScan()
      |                                [01;31m[K^~~[m[K
In file included from [01m[K/home/charvi/comp0250_s26_labs/courseworks/cw1_team_30/src/cw1_class.cpp:6[m[K:
[01m[K/home/charvi/comp0250_s26_labs/courseworks/cw1_team_30/include/cw1_class.h:139:34:[m[K [01;36m[Knote: [m[Kcandidate is: ‘[01m[Kint cw1::detectObjectsInOneScan()[m[K’
  139 |   std::vector<AllObjectsInScene> [01;36m[KdetectObjectsInOneScan[m[K();
      |                                  [01;36m[K^~~~~~~~~~~~~~~~~~~~~~[m[K
In file included from [01m[K/home/charvi/comp0250_s26_labs/courseworks/cw1_team_30/src/cw1_class.cpp:6[m[K:
[01m[K/home/charvi/comp0250_s26_labs/courseworks/cw1_team_30/include/cw1_class.h:40:7:[m[K [01;36m[Knote: [m[K‘[01m[Kclass cw1[m[K’ defined here
   40 | class [01;36m[Kcw1[m[K
      |       [01;36m[K^~~[m[K
[01m[K/home/charvi/comp0250_s26_labs/courseworks/cw1_team_30/src/cw1_class.cpp:873:32:[m[K [01;31m[Kerror: [m[Kno declaration matches ‘[01m[Kstd::vector<AllObjectsInScene> cw1::mergeDetectionsAcrossScans(const std::vector<AllObjectsInScene>&)[m[K’
  873 | std::vector<AllObjectsInScene> [01;31m[Kcw1[m[K::mergeDetectionsAcrossScans(const std::vector<AllObjectsInScene> &all_detections)
      |                                [01;31m[K^~~[m[K
In file included from [01m[K/home/charvi/comp0250_s26_labs/courseworks/cw1_team_30/src/cw1_class.cpp:6[m[K:
[01m[K/home/charvi/comp0250_s26_labs/courseworks/cw1_team_30/include/cw1_class.h:141:34:[m[K [01;36m[Knote: [m[Kcandidate is: ‘[01m[Kint cw1::mergeDetectionsAcrossScans(const int&)[m[K’
  141 |   std::vector<AllObjectsInScene> [01;36m[KmergeDetectionsAcrossScans[m[K(const std::vector<AllObjectsInScene> &all_detections);
      |                                  [01;36m[K^~~~~~~~~~~~~~~~~~~~~~~~~~[m[K
In file included from [01m[K/home/charvi/comp0250_s26_labs/courseworks/cw1_team_30/src/cw1_class.cpp:6[m[K:
[01m[K/home/charvi/comp0250_s26_labs/courseworks/cw1_team_30/include/cw1_class.h:40:7:[m[K [01;36m[Knote: [m[K‘[01m[Kclass cw1[m[K’ defined here
   40 | class [01;36m[Kcw1[m[K
      |       [01;36m[K^~~[m[K
[01m[K/home/charvi/comp0250_s26_labs/courseworks/cw1_team_30/src/cw1_class.cpp:[m[K In member function ‘[01m[Kvoid cw1::t3_callback(std::shared_ptr<cw1_world_spawner::srv::Task3Service_Request_<std::allocator<void> > >, std::shared_ptr<cw1_world_spawner::srv::Task3Service_Response_<std::allocator<void> > >)[m[K’:
[01m[K/home/charvi/comp0250_s26_labs/courseworks/cw1_team_30/src/cw1_class.cpp:932:19:[m[K [01;35m[Kwarning: [m[Kloop variable ‘[01m[Kscan_pos[m[K’ creates a copy from type ‘[01m[Kconst std::pair<double, double>[m[K’ [[01;35m[K]8;;https://gcc.gnu.org/onlinedocs/gcc/Warning-Options.html#index-Wrange-loop-construct-Wrange-loop-construct]8;;[m[K]
  932 |   for (const auto [01;35m[Kscan_pos[m[K : scan_positions) {
      |                   [01;35m[K^~~~~~~~[m[K
[01m[K/home/charvi/comp0250_s26_labs/courseworks/cw1_team_30/src/cw1_class.cpp:932:19:[m[K [01;36m[Knote: [m[Kuse reference type to prevent copying
  932 |   for (const auto [01;36m[Kscan_pos[m[K : scan_positions) {
      |                   [01;36m[K^~~~~~~~[m[K
      |                   [32m[K&[m[K
[01m[K/home/charvi/comp0250_s26_labs/courseworks/cw1_team_30/src/cw1_class.cpp:934:14:[m[K [01;31m[Kerror: [m[K‘[01m[Kconst struct std::pair<double, double>[m[K’ has no member named ‘[01m[Kposition[m[K’
  934 |     scan_pos.[01;31m[Kposition[m[K.x = scan_pos.first;
      |              [01;31m[K^~~~~~~~[m[K
[01m[K/home/charvi/comp0250_s26_labs/courseworks/cw1_team_30/src/cw1_class.cpp:935:14:[m[K [01;31m[Kerror: [m[K‘[01m[Kconst struct std::pair<double, double>[m[K’ has no member named ‘[01m[Kposition[m[K’
  935 |     scan_pos.[01;31m[Kposition[m[K.y = scan_pos.second;
      |              [01;31m[K^~~~~~~~[m[K
[01m[K/home/charvi/comp0250_s26_labs/courseworks/cw1_team_30/src/cw1_class.cpp:936:14:[m[K [01;31m[Kerror: [m[K‘[01m[Kconst struct std::pair<double, double>[m[K’ has no member named ‘[01m[Kposition[m[K’
  936 |     scan_pos.[01;31m[Kposition[m[K.z = 0.60;
      |              [01;31m[K^~~~~~~~[m[K
[01m[K/home/charvi/comp0250_s26_labs/courseworks/cw1_team_30/src/cw1_class.cpp:938:16:[m[K [01;31m[Kerror: [m[Kcannot convert ‘[01m[Kconst std::pair<double, double>[m[K’ to ‘[01m[Kgeometry_msgs::msg::Pose[m[K’ {aka ‘[01m[Kgeometry_msgs::msg::Pose_<std::allocator<void> >[m[K’}
  938 |     moveToPose([01;31m[Kscan_pos[m[K);
      |                [01;31m[K^~~~~~~~[m[K
      |                [01;31m[K|[m[K
      |                [01;31m[Kconst std::pair<double, double>[m[K
[01m[K/home/charvi/comp0250_s26_labs/courseworks/cw1_team_30/src/cw1_class.cpp:234:53:[m[K [01;36m[Knote: [m[K  initializing argument 1 of ‘[01m[Kbool cw1::moveToPose(geometry_msgs::msg::Pose)[m[K’
  234 | moveToPose([01;36m[Kconst geometry_msgs::msg::Pose target_pose[m[K)
      |            [01;36m[K~~~~~~~~~~~~~~~~~~~~~~~~~~~~~~~^~~~~~~~~~~[m[K

In file included from [01m[K/opt/ros/humble/include/rclcpp/rclcpp/logging.hpp:24[m[K,
                 from [01m[K/opt/ros/humble/include/rclcpp/rclcpp/client.hpp:40[m[K,
                 from [01m[K/opt/ros/humble/include/rclcpp/rclcpp/callback_group.hpp:24[m[K,
                 from [01m[K/opt/ros/humble/include/rclcpp/rclcpp/any_executable.hpp:20[m[K,
                 from [01m[K/opt/ros/humble/include/rclcpp/rclcpp/memory_strategy.hpp:25[m[K,
                 from [01m[K/opt/ros/humble/include/rclcpp/rclcpp/memory_strategies.hpp:18[m[K,
                 from [01m[K/opt/ros/humble/include/rclcpp/rclcpp/executor_options.hpp:20[m[K,
                 from [01m[K/opt/ros/humble/include/rclcpp/rclcpp/executor.hpp:37[m[K,
                 from [01m[K/opt/ros/humble/include/rclcpp/rclcpp/executors/multi_threaded_executor.hpp:25[m[K,
                 from [01m[K/opt/ros/humble/include/rclcpp/rclcpp/executors.hpp:21[m[K,
                 from [01m[K/opt/ros/humble/include/rclcpp/rclcpp/rclcpp.hpp:155[m[K,
                 from [01m[K/home/charvi/comp0250_s26_labs/courseworks/cw1_team_30/include/cw1_class.h:16[m[K,
                 from [01m[K/home/charvi/comp0250_s26_labs/courseworks/cw1_team_30/src/cw1_class.cpp:6[m[K:
[01m[K/home/charvi/comp0250_s26_labs/courseworks/cw1_team_30/src/cw1_class.cpp:942:86:[m[K [01;31m[Kerror: [m[Krequest for member ‘[01m[Ksize[m[K’ in ‘[01m[Kdetections[m[K’, which is of non-class type ‘[01m[Kint[m[K’
  942 | tected %zu objects in this scan", detections.[01;31m[Ksize[m[K());
      |                                              [01;31m[K^~~~[m[K

[01m[K/home/charvi/comp0250_s26_labs/courseworks/cw1_team_30/src/cw1_class.cpp:943:60:[m[K [01;31m[Kerror: [m[Krequest for member ‘[01m[Kbegin[m[K’ in ‘[01m[Kdetections[m[K’, which is of non-class type ‘[01m[Kint[m[K’
  943 | s.insert(all_detections.end(), detections.[01;31m[Kbegin[m[K(), detections.end());
      |                                           [01;31m[K^~~~~[m[K

[01m[K/home/charvi/comp0250_s26_labs/courseworks/cw1_team_30/src/cw1_class.cpp:943:80:[m[K [01;31m[Kerror: [m[Krequest for member ‘[01m[Kend[m[K’ in ‘[01m[Kdetections[m[K’, which is of non-class type ‘[01m[Kint[m[K’
  943 | ections.end(), detections.begin(), detections.[01;31m[Kend[m[K());
      |                                               [01;31m[K^~~[m[K

[01m[K/home/charvi/comp0250_s26_labs/courseworks/cw1_team_30/src/cw1_class.cpp:946:54:[m[K [01;31m[Kerror: [m[Kcannot convert ‘[01m[Kstd::vector<AllObjectsInScene>[m[K’ to ‘[01m[Kconst int&[m[K’
  946 | cts_in_scene = mergeDetectionsAcrossScans([01;31m[Kall_detections[m[K);
      |                                           [01;31m[K^~~~~~~~~~~~~~[m[K
      |                                           [01;31m[K|[m[K
      |                                           [01;31m[Kstd::vector<AllObjectsInScene>[m[K

In file included from [01m[K/home/charvi/comp0250_s26_labs/courseworks/cw1_team_30/src/cw1_class.cpp:6[m[K:
[01m[K/home/charvi/comp0250_s26_labs/courseworks/cw1_team_30/include/cw1_class.h:141:99:[m[K [01;36m[Knote: [m[K  initializing argument 1 of ‘[01m[Kint cw1::mergeDetectionsAcrossScans(const int&)[m[K’
  141 | ans([01;36m[Kconst std::vector<AllObjectsInScene> &all_detections[m[K);
      |     [01;36m[K~~~~~~~~~~~~~~~~~~~~~~~~~~~~~~~~~~~~~~^~~~~~~~~~~~~~[m[K

[01m[K/home/charvi/comp0250_s26_labs/courseworks/cw1_team_30/src/cw1_class.cpp:966:34:[m[K [01;31m[Kerror: [m[Kno matching function for call to ‘[01m[Kstd::vector<std::pair<AllObjectsInScene, AllObjectsInScene> >::push_back(<brace-enclosed initializer list>)[m[K’
  966 |       [01;31m[Kcube_basket_pairs.push_back({cube, *best_basket})[m[K;
      |       [01;31m[K~~~~~~~~~~~~~~~~~~~~~~~~~~~^~~~~~~~~~~~~~~~~~~~~~[m[K
In file included from [01m[K/usr/include/c++/11/vector:67[m[K,
                 from [01m[K/usr/include/c++/11/functional:62[m[K,
                 from [01m[K/usr/include/c++/11/pstl/glue_algorithm_defs.h:13[m[K,
                 from [01m[K/usr/include/c++/11/algorithm:74[m[K,
                 from [01m[K/opt/ros/humble/include/rclcpp/rclcpp/executor.hpp:18[m[K,
                 from [01m[K/opt/ros/humble/include/rclcpp/rclcpp/executors/multi_threaded_executor.hpp:25[m[K,
                 from [01m[K/opt/ros/humble/include/rclcpp/rclcpp/executors.hpp:21[m[K,
                 from [01m[K/opt/ros/humble/include/rclcpp/rclcpp/rclcpp.hpp:155[m[K,
                 from [01m[K/home/charvi/comp0250_s26_labs/courseworks/cw1_team_30/include/cw1_class.h:16[m[K,
                 from [01m[K/home/charvi/comp0250_s26_labs/courseworks/cw1_team_30/src/cw1_class.cpp:6[m[K:
[01m[K/usr/include/c++/11/bits/stl_vector.h:1187:7:[m[K [01;36m[Knote: [m[Kcandidate: ‘[01m[Kvoid std::vector<_Tp, _Alloc>::push_back(const value_type&) [with _Tp = std::pair<AllObjectsInScene, AllObjectsInScene>; _Alloc = std::allocator<std::pair<AllObjectsInScene, AllObjectsInScene> >; std::vector<_Tp, _Alloc>::value_type = std::pair<AllObjectsInScene, AllObjectsInScene>][m[K’
 1187 |       [01;36m[Kpush_back[m[K(const value_type& __x)
      |       [01;36m[K^~~~~~~~~[m[K
[01m[K/usr/include/c++/11/bits/stl_vector.h:1187:35:[m[K [01;36m[Knote: [m[K  no known conversion for argument 1 from ‘[01m[K<brace-enclosed initializer list>[m[K’ to ‘[01m[Kconst value_type&[m[K’ {aka ‘[01m[Kconst std::pair<AllObjectsInScene, AllObjectsInScene>&[m[K’}
 1187 |       push_back([01;36m[Kconst value_type& __x[m[K)
      |                 [01;36m[K~~~~~~~~~~~~~~~~~~^~~[m[K
[01m[K/usr/include/c++/11/bits/stl_vector.h:1203:7:[m[K [01;36m[Knote: [m[Kcandidate: ‘[01m[Kvoid std::vector<_Tp, _Alloc>::push_back(std::vector<_Tp, _Alloc>::value_type&&) [with _Tp = std::pair<AllObjectsInScene, AllObjectsInScene>; _Alloc = std::allocator<std::pair<AllObjectsInScene, AllObjectsInScene> >; std::vector<_Tp, _Alloc>::value_type = std::pair<AllObjectsInScene, AllObjectsInScene>][m[K’
 1203 |       [01;36m[Kpush_back[m[K(value_type&& __x)
      |       [01;36m[K^~~~~~~~~[m[K
[01m[K/usr/include/c++/11/bits/stl_vector.h:1203:30:[m[K [01;36m[Knote: [m[K  no known conversion for argument 1 from ‘[01m[K<brace-enclosed initializer list>[m[K’ to ‘[01m[Kstd::vector<std::pair<AllObjectsInScene, AllObjectsInScene> >::value_type&&[m[K’ {aka ‘[01m[Kstd::pair<AllObjectsInScene, AllObjectsInScene>&&[m[K’}
 1203 |       push_back([01;36m[Kvalue_type&& __x[m[K)
      |                 [01;36m[K~~~~~~~~~~~~~^~~[m[K
gmake[2]: *** [CMakeFiles/cw1_team_30_cw1_class_lib.dir/build.make:76: CMakeFiles/cw1_team_30_cw1_class_lib.dir/src/cw1_class.cpp.o] Error 1
gmake[1]: *** [CMakeFiles/Makefile2:595: CMakeFiles/cw1_team_30_cw1_class_lib.dir/all] Error 2
gmake: *** [Makefile:146: all] Error 2
