[0.021s] Invoking command in '/home/charvi/comp0250_s26_labs/build/realsense_gazebo_plugin': CMAKE_PREFIX_PATH=/opt/ros/humble /usr/bin/cmake /home/charvi/comp0250_s26_labs/courseworks/realsense_gazebo_plugin -DCMAKE_BUILD_TYPE=Release -DCMAKE_INSTALL_PREFIX=/home/charvi/comp0250_s26_labs/install/realsense_gazebo_plugin
[0.105s] -- The C compiler identification is GNU 11.4.0
[0.303s] -- The CXX compiler identification is GNU 11.4.0
[0.335s] -- Detecting C compiler ABI info
[0.594s] -- Detecting C compiler ABI info - done
[0.631s] -- Check for working C compiler: /usr/bin/cc - skipped
[0.634s] -- Detecting C compile features
[0.636s] -- Detecting C compile features - done
[0.649s] -- Detecting CXX compiler ABI info
[0.797s] -- Detecting CXX compiler ABI info - done
[0.806s] -- Check for working CXX compiler: /usr/bin/c++ - skipped
[0.807s] -- Detecting CXX compile features
[0.807s] -- Detecting CXX compile features - done
[0.811s] -- Found ament_cmake: 1.3.12 (/opt/ros/humble/share/ament_cmake/cmake)
[1.192s] -- Found Python3: /usr/bin/python3 (found version "3.10.12") found components: Interpreter 
[1.279s] -- Found rclcpp: 16.0.17 (/opt/ros/humble/share/rclcpp/cmake)
[1.322s] -- Found rosidl_generator_c: 3.1.8 (/opt/ros/humble/share/rosidl_generator_c/cmake)
[1.327s] -- Found rosidl_adapter: 3.1.8 (/opt/ros/humble/share/rosidl_adapter/cmake)
[1.336s] -- Found rosidl_generator_cpp: 3.1.8 (/opt/ros/humble/share/rosidl_generator_cpp/cmake)
[1.350s] -- Using all available rosidl_typesupport_c: rosidl_typesupport_fastrtps_c;rosidl_typesupport_introspection_c
[1.367s] -- Using all available rosidl_typesupport_cpp: rosidl_typesupport_fastrtps_cpp;rosidl_typesupport_introspection_cpp
[1.419s] -- Found rmw_implementation_cmake: 6.1.2 (/opt/ros/humble/share/rmw_implementation_cmake/cmake)
[1.423s] -- Found rmw_fastrtps_cpp: 6.2.9 (/opt/ros/humble/share/rmw_fastrtps_cpp/cmake)
[1.520s] -- Found OpenSSL: /usr/lib/x86_64-linux-gnu/libcrypto.so (found version "3.0.2")  
[1.558s] -- Found FastRTPS: /opt/ros/humble/include  
[1.612s] -- Using RMW implementation 'rmw_fastrtps_cpp' as default
[1.626s] -- Looking for pthread.h
[1.744s] -- Looking for pthread.h - found
[1.745s] -- Performing Test CMAKE_HAVE_LIBC_PTHREAD
[1.981s] -- Performing Test CMAKE_HAVE_LIBC_PTHREAD - Success
[1.985s] -- Found Threads: TRUE  
[2.207s] -- Found gazebo_ros: 3.9.0 (/opt/ros/humble/share/gazebo_ros/cmake)
[2.254s] -- Found PkgConfig: /usr/bin/pkg-config (found version "0.29.2") 
[2.260s] -- Checking for module 'bullet>=2.82'
[2.309s] --   Found bullet, version 3.05
[2.703s] -- Found fcl: /usr/include (found suitable version "0.7.0", minimum required is "0.5.0") 
[2.881s] -- Found assimp: /usr/include (found version "5.2.0") 
[2.957s] -- Found DART: /usr/include (Required is at least version "6.6") found components: dart 
[3.074s] -- Found Boost: /usr/lib/x86_64-linux-gnu/cmake/Boost-1.74.0/BoostConfig.cmake (found suitable version "1.74.0", minimum required is "1.40.0") found components: thread system filesystem program_options regex iostreams date_time 
[3.129s] -- Found Protobuf: /usr/lib/x86_64-linux-gnu/libprotobuf.so (found version "3.12.4") 
[3.153s] -- Looking for ignition-math6 -- found version 6.15.1
[3.179s] -- Searching for dependencies of ignition-math6
[3.185s] -- Looking for OGRE...
[3.187s] -- OGRE_PREFIX_WATCH changed.
[3.206s] -- Checking for module 'OGRE'
[3.251s] --   Found OGRE, version 1.9.0
[3.370s] -- Found Ogre Ghadamon (1.9.0)
[3.397s] -- Found OGRE: optimized;/usr/lib/x86_64-linux-gnu/libOgreMain.so;debug;/usr/lib/x86_64-linux-gnu/libOgreMain.so
[3.438s] -- Looking for OGRE_Paging...
[3.459s] -- Found OGRE_Paging: optimized;/usr/lib/x86_64-linux-gnu/libOgrePaging.so;debug;/usr/lib/x86_64-linux-gnu/libOgrePaging.so
[3.460s] -- Looking for OGRE_Terrain...
[3.481s] -- Found OGRE_Terrain: optimized;/usr/lib/x86_64-linux-gnu/libOgreTerrain.so;debug;/usr/lib/x86_64-linux-gnu/libOgreTerrain.so
[3.481s] -- Looking for OGRE_Property...
[3.501s] -- Found OGRE_Property: optimized;/usr/lib/x86_64-linux-gnu/libOgreProperty.so;debug;/usr/lib/x86_64-linux-gnu/libOgreProperty.so
[3.501s] -- Looking for OGRE_RTShaderSystem...
[3.521s] -- Found OGRE_RTShaderSystem: optimized;/usr/lib/x86_64-linux-gnu/libOgreRTShaderSystem.so;debug;/usr/lib/x86_64-linux-gnu/libOgreRTShaderSystem.so
[3.521s] -- Looking for OGRE_Volume...
[3.542s] -- Found OGRE_Volume: optimized;/usr/lib/x86_64-linux-gnu/libOgreVolume.so;debug;/usr/lib/x86_64-linux-gnu/libOgreVolume.so
[3.543s] -- Looking for OGRE_Overlay...
[3.563s] -- Found OGRE_Overlay: optimized;/usr/lib/x86_64-linux-gnu/libOgreOverlay.so;debug;/usr/lib/x86_64-linux-gnu/libOgreOverlay.so
[3.703s] -- Looking for ignition-math6 -- found version 6.15.1
[3.705s] -- Looking for ignition-transport8 -- found version 8.2.1
[3.706s] -- Searching for dependencies of ignition-transport8
[3.722s] -- Found Protobuf: /usr/lib/x86_64-linux-gnu/libprotobuf.so (found suitable version "3.12.4", minimum required is "3") 
[3.733s] -- Config-file not installed for ZeroMQ -- checking for pkg-config
[3.737s] -- Checking for module 'libzmq >= 4'
[3.748s] --   Found libzmq , version 4.3.4
[3.781s] -- Found ZeroMQ: TRUE (Required is at least version "4") 
[3.788s] -- Checking for module 'uuid'
[3.803s] --   Found uuid, version 2.37.2
[3.883s] -- Found UUID: TRUE  
[3.893s] -- Looking for ignition-msgs5 -- found version 5.8.1
[3.895s] -- Searching for dependencies of ignition-msgs5
[3.975s] -- Looking for ignition-math6 -- found version 6.15.1
[3.995s] -- Checking for module 'tinyxml2'
[4.041s] --   Found tinyxml2, version 9.0.0
[4.161s] -- Looking for ignition-msgs5 -- found version 5.8.1
[4.170s] -- Looking for ignition-common3 -- found version 3.14.0
[4.172s] -- Searching for dependencies of ignition-common3
[4.173s] -- Looking for dlfcn.h - found
[4.176s] -- Looking for libdl - found
[4.182s] -- Found DL: TRUE  
[4.225s] -- Found tinyobjloader: /usr/lib/x86_64-linux-gnu/cmake/tinyobjloader/tinyobjloader-config.cmake (found version "2.0.0") 
[4.227s] -- Searching for <ignition-common3> component [graphics]
[4.237s] -- Looking for ignition-common3-graphics -- found version 3.14.0
[4.239s] -- Searching for dependencies of ignition-common3-graphics
[4.240s] -- Looking for ignition-math6 -- found version 6.15.1
[4.252s] -- Looking for ignition-fuel_tools4 -- found version 4.4.0
[4.254s] -- Searching for dependencies of ignition-fuel_tools4
[4.509s] -- Found CURL: /usr/lib/x86_64-linux-gnu/libcurl.so (found version "7.81.0")  
[4.521s] -- Checking for module 'jsoncpp'
[4.534s] --   Found jsoncpp, version 1.9.5
[4.562s] -- Found JSONCPP: TRUE  
[4.567s] -- Checking for module 'libzip'
[4.578s] --   Found libzip, version 1.7.3
[4.610s] -- Found ZIP: TRUE  
[4.610s] -- Looking for ignition-common3 -- found version 3.14.0
[4.611s] -- Looking for ignition-math6 -- found version 6.15.1
[4.611s] -- Looking for ignition-msgs5 -- found version 5.8.1
[4.615s] -- Gazebo version: 11.10
[4.615s] -- Checking for module 'tbb'
[4.628s] --   Found tbb, version 2021.5.0
[4.667s] -- Found image_transport: 3.1.12 (/opt/ros/humble/share/image_transport/cmake)
[4.748s] -- Found point_cloud_transport: 1.0.21 (/opt/ros/humble/share/point_cloud_transport/cmake)
[4.758s] -- Found camera_info_manager: 3.1.12 (/opt/ros/humble/share/camera_info_manager/cmake)
[4.788s] -- Found ament_lint_auto: 0.12.14 (/opt/ros/humble/share/ament_lint_auto/cmake)
[4.854s] -- Configuring done
[4.882s] -- Generating done
[4.887s] -- Build files have been written to: /home/charvi/comp0250_s26_labs/build/realsense_gazebo_plugin
[4.900s] Invoked command in '/home/charvi/comp0250_s26_labs/build/realsense_gazebo_plugin' returned '0': CMAKE_PREFIX_PATH=/opt/ros/humble /usr/bin/cmake /home/charvi/comp0250_s26_labs/courseworks/realsense_gazebo_plugin -DCMAKE_BUILD_TYPE=Release -DCMAKE_INSTALL_PREFIX=/home/charvi/comp0250_s26_labs/install/realsense_gazebo_plugin
[4.902s] Invoking command in '/home/charvi/comp0250_s26_labs/build/realsense_gazebo_plugin': CMAKE_PREFIX_PATH=/opt/ros/humble /usr/bin/cmake --build /home/charvi/comp0250_s26_labs/build/realsense_gazebo_plugin -- -j12 -l12
[4.951s] [ 33%] [32mBuilding CXX object CMakeFiles/realsense_gazebo_plugin.dir/src/RealSensePlugin.cpp.o[0m
[4.951s] [ 66%] [32mBuilding CXX object CMakeFiles/realsense_gazebo_plugin.dir/src/gazebo_ros_realsense.cpp.o[0m
[29.227s] [100%] [32m[1mLinking CXX shared library librealsense_gazebo_plugin.so[0m
[29.703s] [100%] Built target realsense_gazebo_plugin
[29.714s] Invoked command in '/home/charvi/comp0250_s26_labs/build/realsense_gazebo_plugin' returned '0': CMAKE_PREFIX_PATH=/opt/ros/humble /usr/bin/cmake --build /home/charvi/comp0250_s26_labs/build/realsense_gazebo_plugin -- -j12 -l12
[29.715s] Invoking command in '/home/charvi/comp0250_s26_labs/build/realsense_gazebo_plugin': CMAKE_PREFIX_PATH=/opt/ros/humble /usr/bin/cmake --install /home/charvi/comp0250_s26_labs/build/realsense_gazebo_plugin
[29.722s] -- Install configuration: "Release"
[29.722s] -- Installing: /home/charvi/comp0250_s26_labs/install/realsense_gazebo_plugin/lib/librealsense_gazebo_plugin.so
[29.723s] -- Set runtime path of "/home/charvi/comp0250_s26_labs/install/realsense_gazebo_plugin/lib/librealsense_gazebo_plugin.so" to ""
[29.723s] -- Installing: /home/charvi/comp0250_s26_labs/install/realsense_gazebo_plugin/include/
[29.723s] -- Installing: /home/charvi/comp0250_s26_labs/install/realsense_gazebo_plugin/include//realsense_gazebo_plugin
[29.723s] -- Installing: /home/charvi/comp0250_s26_labs/install/realsense_gazebo_plugin/include//realsense_gazebo_plugin/gazebo_ros_realsense.hpp
[29.723s] -- Installing: /home/charvi/comp0250_s26_labs/install/realsense_gazebo_plugin/include//realsense_gazebo_plugin/RealSensePlugin.hpp
[29.723s] -- Installing: /home/charvi/comp0250_s26_labs/install/realsense_gazebo_plugin/share/realsense_gazebo_plugin/models
[29.723s] -- Installing: /home/charvi/comp0250_s26_labs/install/realsense_gazebo_plugin/share/realsense_gazebo_plugin/models/realsense_camera
[29.723s] -- Installing: /home/charvi/comp0250_s26_labs/install/realsense_gazebo_plugin/share/realsense_gazebo_plugin/models/realsense_camera/model.sdf
[29.723s] -- Installing: /home/charvi/comp0250_s26_labs/install/realsense_gazebo_plugin/share/realsense_gazebo_plugin/models/realsense_camera/materials
[29.724s] -- Installing: /home/charvi/comp0250_s26_labs/install/realsense_gazebo_plugin/share/realsense_gazebo_plugin/models/realsense_camera/materials/textures
[29.724s] -- Installing: /home/charvi/comp0250_s26_labs/install/realsense_gazebo_plugin/share/realsense_gazebo_plugin/models/realsense_camera/materials/textures/realsense_diffuse.png
[29.724s] -- Installing: /home/charvi/comp0250_s26_labs/install/realsense_gazebo_plugin/share/realsense_gazebo_plugin/models/realsense_camera/meshes
[29.724s] -- Installing: /home/charvi/comp0250_s26_labs/install/realsense_gazebo_plugin/share/realsense_gazebo_plugin/models/realsense_camera/meshes/realsense.dae
[29.724s] -- Installing: /home/charvi/comp0250_s26_labs/install/realsense_gazebo_plugin/share/realsense_gazebo_plugin/models/realsense_camera/model.config
[29.724s] -- Installing: /home/charvi/comp0250_s26_labs/install/realsense_gazebo_plugin/share/realsense_gazebo_plugin/urdf
[29.724s] -- Installing: /home/charvi/comp0250_s26_labs/install/realsense_gazebo_plugin/share/realsense_gazebo_plugin/urdf/realsense-D435.macro.xacro
[29.724s] -- Installing: /home/charvi/comp0250_s26_labs/install/realsense_gazebo_plugin/share/realsense_gazebo_plugin/urdf/d435_simulation.xacro
[29.724s] -- Installing: /home/charvi/comp0250_s26_labs/install/realsense_gazebo_plugin/share/realsense_gazebo_plugin/urdf/multi_d435_simulation.xacro
[29.725s] -- Installing: /home/charvi/comp0250_s26_labs/install/realsense_gazebo_plugin/share/realsense_gazebo_plugin/worlds
[29.725s] -- Installing: /home/charvi/comp0250_s26_labs/install/realsense_gazebo_plugin/share/realsense_gazebo_plugin/worlds/realsense.world
[29.725s] -- Installing: /home/charvi/comp0250_s26_labs/install/realsense_gazebo_plugin/share/realsense_gazebo_plugin/environment/library_path.sh
[29.725s] -- Installing: /home/charvi/comp0250_s26_labs/install/realsense_gazebo_plugin/share/realsense_gazebo_plugin/environment/library_path.dsv
[29.725s] -- Installing: /home/charvi/comp0250_s26_labs/install/realsense_gazebo_plugin/share/ament_index/resource_index/package_run_dependencies/realsense_gazebo_plugin
[29.725s] -- Installing: /home/charvi/comp0250_s26_labs/install/realsense_gazebo_plugin/share/ament_index/resource_index/parent_prefix_path/realsense_gazebo_plugin
[29.726s] -- Installing: /home/charvi/comp0250_s26_labs/install/realsense_gazebo_plugin/share/realsense_gazebo_plugin/environment/ament_prefix_path.sh
[29.726s] -- Installing: /home/charvi/comp0250_s26_labs/install/realsense_gazebo_plugin/share/realsense_gazebo_plugin/environment/ament_prefix_path.dsv
[29.726s] -- Installing: /home/charvi/comp0250_s26_labs/install/realsense_gazebo_plugin/share/realsense_gazebo_plugin/environment/path.sh
[29.726s] -- Installing: /home/charvi/comp0250_s26_labs/install/realsense_gazebo_plugin/share/realsense_gazebo_plugin/environment/path.dsv
[29.726s] -- Installing: /home/charvi/comp0250_s26_labs/install/realsense_gazebo_plugin/share/realsense_gazebo_plugin/local_setup.bash
[29.726s] -- Installing: /home/charvi/comp0250_s26_labs/install/realsense_gazebo_plugin/share/realsense_gazebo_plugin/local_setup.sh
[29.726s] -- Installing: /home/charvi/comp0250_s26_labs/install/realsense_gazebo_plugin/share/realsense_gazebo_plugin/local_setup.zsh
[29.727s] -- Installing: /home/charvi/comp0250_s26_labs/install/realsense_gazebo_plugin/share/realsense_gazebo_plugin/local_setup.dsv
[29.727s] -- Installing: /home/charvi/comp0250_s26_labs/install/realsense_gazebo_plugin/share/realsense_gazebo_plugin/package.dsv
[29.727s] -- Installing: /home/charvi/comp0250_s26_labs/install/realsense_gazebo_plugin/share/ament_index/resource_index/packages/realsense_gazebo_plugin
[29.727s] -- Installing: /home/charvi/comp0250_s26_labs/install/realsense_gazebo_plugin/share/realsense_gazebo_plugin/cmake/ament_cmake_export_include_directories-extras.cmake
[29.727s] -- Installing: /home/charvi/comp0250_s26_labs/install/realsense_gazebo_plugin/share/realsense_gazebo_plugin/cmake/ament_cmake_export_libraries-extras.cmake
[29.728s] -- Installing: /home/charvi/comp0250_s26_labs/install/realsense_gazebo_plugin/share/realsense_gazebo_plugin/cmake/realsense_gazebo_pluginConfig.cmake
[29.728s] -- Installing: /home/charvi/comp0250_s26_labs/install/realsense_gazebo_plugin/share/realsense_gazebo_plugin/cmake/realsense_gazebo_pluginConfig-version.cmake
[29.728s] -- Installing: /home/charvi/comp0250_s26_labs/install/realsense_gazebo_plugin/share/realsense_gazebo_plugin/package.xml
[29.730s] Invoked command in '/home/charvi/comp0250_s26_labs/build/realsense_gazebo_plugin' returned '0': CMAKE_PREFIX_PATH=/opt/ros/humble /usr/bin/cmake --install /home/charvi/comp0250_s26_labs/build/realsense_gazebo_plugin
