[0.019s] Invoking command in '/home/charvi/comp0250_s26_labs/build/cw1_team_30': CMAKE_PREFIX_PATH=/home/charvi/comp0250_s26_labs/install/cw1_world_spawner:/home/charvi/comp0250_s26_labs/install/rpl_panda_with_rs:/home/charvi/comp0250_s26_labs/install/realsense_gazebo_plugin:/home/charvi/comp0250_s26_labs/install/panda_moveit_config:/home/charvi/comp0250_s26_labs/install/panda_description:/home/charvi/comp0250_s26_labs/install/cw1_team_x:/home/charvi/comp0250_s26_labs/install/cw1_team_30:/opt/ros/humble LD_LIBRARY_PATH=/home/charvi/comp0250_s26_labs/install/cw1_world_spawner/lib:/home/charvi/comp0250_s26_labs/install/realsense_gazebo_plugin/lib:/home/charvi/comp0250_s26_labs/install/cw1_team_x/lib:/home/charvi/comp0250_s26_labs/install/cw1_team_30/lib:/usr/lib/x86_64-linux-gnu/gazebo-11/plugins:/opt/ros/humble/opt/rviz_ogre_vendor/lib:/opt/ros/humble/lib/x86_64-linux-gnu:/opt/ros/humble/lib /usr/bin/cmake --build /home/charvi/comp0250_s26_labs/build/cw1_team_30 -- -j12 -l12
[0.122s] [  8%] Built target cw1_team_30__rosidl_generator_c
[0.127s] [ 11%] Built target cw1_team_30__cpp
[0.154s] [ 11%] Built target ament_cmake_python_copy_cw1_team_30
[0.184s] [ 20%] Built target cw1_team_30__rosidl_typesupport_introspection_c
[0.188s] [ 28%] Built target cw1_team_30__rosidl_typesupport_c
[0.196s] [ 45%] Built target cw1_team_30__rosidl_typesupport_fastrtps_c
[0.196s] [ 45%] Built target cw1_team_30__rosidl_typesupport_fastrtps_cpp
[0.202s] [ 54%] Built target cw1_team_30__rosidl_typesupport_introspection_cpp
[0.218s] [ 62%] Built target cw1_team_30__rosidl_typesupport_cpp
[0.247s] [35m[1mConsolidate compiler generated dependencies of target cw1_team_30_cw1_class_lib[0m
[0.262s] [ 62%] Built target cw1_team_30
[0.284s] [ 65%] [32mBuilding CXX object CMakeFiles/cw1_team_30_cw1_class_lib.dir/src/cw1_class.cpp.o[0m
[0.291s] [ 68%] Built target cw1_team_30__py
[0.330s] [ 74%] Built target cw1_team_30__rosidl_generator_py
[0.368s] [ 80%] Built target cw1_team_30__rosidl_typesupport_fastrtps_c__pyext
[0.371s] [ 85%] Built target cw1_team_30__rosidl_typesupport_introspection_c__pyext
[0.381s] [ 91%] Built target cw1_team_30__rosidl_typesupport_c__pyext
[0.640s] running egg_info
[0.674s] writing cw1_team_30.egg-info/PKG-INFO
[0.676s] writing dependency_links to cw1_team_30.egg-info/dependency_links.txt
[0.677s] writing top-level names to cw1_team_30.egg-info/top_level.txt
[0.808s] reading manifest file 'cw1_team_30.egg-info/SOURCES.txt'
[0.810s] writing manifest file 'cw1_team_30.egg-info/SOURCES.txt'
[0.875s] [ 91%] Built target ament_cmake_python_build_cw1_team_30_egg
[33.279s] gmake[2]: *** [CMakeFiles/cw1_team_30_cw1_class_lib.dir/build.make:76: CMakeFiles/cw1_team_30_cw1_class_lib.dir/src/cw1_class.cpp.o] Interrupt
[33.279s] gmake[1]: *** [CMakeFiles/Makefile2:595: CMakeFiles/cw1_team_30_cw1_class_lib.dir/all] Interrupt
[33.279s] gmake: *** [Makefile:146: all] Interrupt
[33.387s] Invoked command in '/home/charvi/comp0250_s26_labs/build/cw1_team_30' returned '-2': CMAKE_PREFIX_PATH=/home/charvi/comp0250_s26_labs/install/cw1_world_spawner:/home/charvi/comp0250_s26_labs/install/rpl_panda_with_rs:/home/charvi/comp0250_s26_labs/install/realsense_gazebo_plugin:/home/charvi/comp0250_s26_labs/install/panda_moveit_config:/home/charvi/comp0250_s26_labs/install/panda_description:/home/charvi/comp0250_s26_labs/install/cw1_team_x:/home/charvi/comp0250_s26_labs/install/cw1_team_30:/opt/ros/humble LD_LIBRARY_PATH=/home/charvi/comp0250_s26_labs/install/cw1_world_spawner/lib:/home/charvi/comp0250_s26_labs/install/realsense_gazebo_plugin/lib:/home/charvi/comp0250_s26_labs/install/cw1_team_x/lib:/home/charvi/comp0250_s26_labs/install/cw1_team_30/lib:/usr/lib/x86_64-linux-gnu/gazebo-11/plugins:/opt/ros/humble/opt/rviz_ogre_vendor/lib:/opt/ros/humble/lib/x86_64-linux-gnu:/opt/ros/humble/lib /usr/bin/cmake --build /home/charvi/comp0250_s26_labs/build/cw1_team_30 -- -j12 -l12
