[  2%] Built target cw1_team_30__cpp
[ 11%] Built target cw1_team_30__rosidl_generator_c
[ 11%] Built target ament_cmake_python_copy_cw1_team_30
[ 28%] Built target cw1_team_30__rosidl_typesupport_fastrtps_cpp
[ 28%] Built target cw1_team_30__rosidl_typesupport_introspection_cpp
[ 37%] Built target cw1_team_30__rosidl_typesupport_introspection_c
[ 45%] Built target cw1_team_30__rosidl_typesupport_c
[ 54%] Built target cw1_team_30__rosidl_typesupport_fastrtps_c
[ 62%] Built target cw1_team_30__rosidl_typesupport_cpp
[35m[1mConsolidate compiler generated dependencies of target cw1_team_30_cw1_class_lib[0m
[ 62%] Built target cw1_team_30
[ 65%] Built target cw1_team_30__py
[ 68%] [32mBuilding CXX object CMakeFiles/cw1_team_30_cw1_class_lib.dir/src/cw1_class.cpp.o[0m
[ 74%] Built target cw1_team_30__rosidl_generator_py
[ 91%] Built target cw1_team_30__rosidl_typesupport_c__pyext
[ 91%] Built target cw1_team_30__rosidl_typesupport_introspection_c__pyext
[ 91%] Built target cw1_team_30__rosidl_typesupport_fastrtps_c__pyext
running egg_info
writing cw1_team_30.egg-info/PKG-INFO
writing dependency_links to cw1_team_30.egg-info/dependency_links.txt
writing top-level names to cw1_team_30.egg-info/top_level.txt
reading manifest file 'cw1_team_30.egg-info/SOURCES.txt'
writing manifest file 'cw1_team_30.egg-info/SOURCES.txt'
[ 91%] Built target ament_cmake_python_build_cw1_team_30_egg
[01m[K/home/charvi/comp0250_s26_labs/courseworks/cw1_team_30/src/cw1_class.cpp:[m[K In constructor ‘[01m[Kcw1::cw1(const SharedPtr&)[m[K’:
[01m[K/home/charvi/comp0250_s26_labs/courseworks/cw1_team_30/src/cw1_class.cpp:124:13:[m[K [01;31m[Kerror: [m[K‘[01m[KsetPoseReferenceFrame[m[K’ was not declared in this scope
  124 |   arm_group>[01;31m[KsetPoseReferenceFrame[m[K("world");
      |             [01;31m[K^~~~~~~~~~~~~~~~~~~~~[m[K
[01m[K/home/charvi/comp0250_s26_labs/courseworks/cw1_team_30/src/cw1_class.cpp:[m[K In member function ‘[01m[Kgeometry_msgs::msg::Quaternion cw1::makeQuaternionFromRPY(double, double, double)[m[K’:
[01m[K/home/charvi/comp0250_s26_labs/courseworks/cw1_team_30/src/cw1_class.cpp:137:20:[m[K [01;31m[Kerror: [m[Kno matching function for call to ‘[01m[KtoMsg(tf2::Quaternion&)[m[K’
  137 |   return [01;31m[Ktf2::toMsg(q)[m[K;
      |          [01;31m[K~~~~~~~~~~^~~[m[K
In file included from [01m[K/opt/ros/humble/include/tf2_ros/tf2_ros/buffer_interface.hpp:45[m[K,
                 from [01m[K/opt/ros/humble/include/tf2_ros/tf2_ros/buffer.hpp:44[m[K,
                 from [01m[K/opt/ros/humble/include/tf2_ros/tf2_ros/buffer.h:35[m[K,
                 from [01m[K/opt/ros/humble/include/moveit/move_group_interface/move_group_interface.h:62[m[K,
                 from [01m[K/home/charvi/comp0250_s26_labs/courseworks/cw1_team_30/include/cw1_class.h:25[m[K,
                 from [01m[K/home/charvi/comp0250_s26_labs/courseworks/cw1_team_30/src/cw1_class.cpp:6[m[K:
[01m[K/opt/ros/humble/include/tf2/tf2/convert.hpp:129:3:[m[K [01;36m[Knote: [m[Kcandidate: ‘[01m[Ktemplate<class A, class B> B tf2::toMsg(const A&)[m[K’
  129 | B [01;36m[KtoMsg[m[K(const A & a);
      |   [01;36m[K^~~~~[m[K
[01m[K/opt/ros/humble/include/tf2/tf2/convert.hpp:129:3:[m[K [01;36m[Knote: [m[K  template argument deduction/substitution failed:
[01m[K/home/charvi/comp0250_s26_labs/courseworks/cw1_team_30/src/cw1_class.cpp:137:20:[m[K [01;36m[Knote: [m[K  couldn’t deduce template parameter ‘[01m[KB[m[K’
  137 |   return [01;36m[Ktf2::toMsg(q)[m[K;
      |          [01;36m[K~~~~~~~~~~^~~[m[K
[01m[K/home/charvi/comp0250_s26_labs/courseworks/cw1_team_30/src/cw1_class.cpp:[m[K In member function ‘[01m[Kbool cw1::setGripper(double)[m[K’:
[01m[K/home/charvi/comp0250_s26_labs/courseworks/cw1_team_30/src/cw1_class.cpp:204:31:[m[K [01;31m[Kerror: [m[K‘[01m[Kopening_width[m[K’ was not declared in this scope
  204 |   const double finger_joint = [01;31m[Kopening_width[m[K / 2.0;
      |                               [01;31m[K^~~~~~~~~~~~~[m[K
[01m[K/home/charvi/comp0250_s26_labs/courseworks/cw1_team_30/src/cw1_class.cpp:201:29:[m[K [01;35m[Kwarning: [m[Kunused parameter ‘[01m[Kwidth[m[K’ [[01;35m[K]8;;https://gcc.gnu.org/onlinedocs/gcc/Warning-Options.html#index-Wunused-parameter-Wunused-parameter]8;;[m[K]
  201 | bool cw1::setGripper([01;35m[Kdouble width[m[K)
      |                      [01;35m[K~~~~~~~^~~~~[m[K
gmake[2]: *** [CMakeFiles/cw1_team_30_cw1_class_lib.dir/build.make:76: CMakeFiles/cw1_team_30_cw1_class_lib.dir/src/cw1_class.cpp.o] Error 1
gmake[1]: *** [CMakeFiles/Makefile2:595: CMakeFiles/cw1_team_30_cw1_class_lib.dir/all] Error 2
gmake: *** [Makefile:146: all] Error 2
